<?xml version="1.0" encoding="UTF-8"?>
<testsuite name="validation.Test_OrderWrapper" tests="12" skipped="0" failures="1" errors="0" timestamp="2021-07-08T16:55:37" hostname="ubuntu" time="14.38">
  <properties/>
  <testcase name="moveToPoint" classname="validation.Test_OrderWrapper" time="1.024"/>
  <testcase name="setRotationalSpeedTest" classname="validation.Test_OrderWrapper" time="1.022"/>
  <testcase name="setPositionAndOrientationTest" classname="validation.Test_OrderWrapper" time="1.49"/>
  <testcase name="setOrientationTest" classname="validation.Test_OrderWrapper" time="1.172"/>
  <testcase name="configureHookTest" classname="validation.Test_OrderWrapper" time="1.091">
    <failure message="java.lang.IllegalArgumentException: Required argument count (6) is not the actual argument count (7)" type="java.lang.IllegalArgumentException">java.lang.IllegalArgumentException: Required argument count (6) is not the actual argument count (7)
	at lowlevel.order.OrderWithArgument.with(OrderWithArgument.java:29)
	at validation.Test_OrderWrapper.configureHookTest(Test_OrderWrapper.java:191)
	at java.base/jdk.internal.reflect.NativeMethodAccessorImpl.invoke0(Native Method)
	at java.base/jdk.internal.reflect.NativeMethodAccessorImpl.invoke(NativeMethodAccessorImpl.java:62)
	at java.base/jdk.internal.reflect.DelegatingMethodAccessorImpl.invoke(DelegatingMethodAccessorImpl.java:43)
	at java.base/java.lang.reflect.Method.invoke(Method.java:564)
	at org.junit.runners.model.FrameworkMethod$1.runReflectiveCall(FrameworkMethod.java:45)
	at org.junit.internal.runners.model.ReflectiveCallable.run(ReflectiveCallable.java:15)
	at org.junit.runners.model.FrameworkMethod.invokeExplosively(FrameworkMethod.java:42)
	at org.junit.internal.runners.statements.InvokeMethod.evaluate(InvokeMethod.java:20)
	at org.junit.internal.runners.statements.RunBefores.evaluate(RunBefores.java:28)
	at org.junit.internal.runners.statements.RunAfters.evaluate(RunAfters.java:30)
	at org.junit.runners.ParentRunner.runLeaf(ParentRunner.java:263)
	at org.junit.runners.BlockJUnit4ClassRunner.runChild(BlockJUnit4ClassRunner.java:68)
	at org.junit.runners.BlockJUnit4ClassRunner.runChild(BlockJUnit4ClassRunner.java:47)
	at org.junit.runners.ParentRunner$3.run(ParentRunner.java:231)
	at org.junit.runners.ParentRunner$1.schedule(ParentRunner.java:60)
	at org.junit.runners.ParentRunner.runChildren(ParentRunner.java:229)
	at org.junit.runners.ParentRunner.access$000(ParentRunner.java:50)
	at org.junit.runners.ParentRunner$2.evaluate(ParentRunner.java:222)
	at org.junit.runners.ParentRunner.run(ParentRunner.java:300)
	at org.gradle.api.internal.tasks.testing.junit.JUnitTestClassExecutor.runTestClass(JUnitTestClassExecutor.java:110)
	at org.gradle.api.internal.tasks.testing.junit.JUnitTestClassExecutor.execute(JUnitTestClassExecutor.java:58)
	at org.gradle.api.internal.tasks.testing.junit.JUnitTestClassExecutor.execute(JUnitTestClassExecutor.java:38)
	at org.gradle.api.internal.tasks.testing.junit.AbstractJUnitTestClassProcessor.processTestClass(AbstractJUnitTestClassProcessor.java:62)
	at org.gradle.api.internal.tasks.testing.SuiteTestClassProcessor.processTestClass(SuiteTestClassProcessor.java:51)
	at java.base/jdk.internal.reflect.NativeMethodAccessorImpl.invoke0(Native Method)
	at java.base/jdk.internal.reflect.NativeMethodAccessorImpl.invoke(NativeMethodAccessorImpl.java:62)
	at java.base/jdk.internal.reflect.DelegatingMethodAccessorImpl.invoke(DelegatingMethodAccessorImpl.java:43)
	at java.base/java.lang.reflect.Method.invoke(Method.java:564)
	at org.gradle.internal.dispatch.ReflectionDispatch.dispatch(ReflectionDispatch.java:36)
	at org.gradle.internal.dispatch.ReflectionDispatch.dispatch(ReflectionDispatch.java:24)
	at org.gradle.internal.dispatch.ContextClassLoaderDispatch.dispatch(ContextClassLoaderDispatch.java:33)
	at org.gradle.internal.dispatch.ProxyDispatchAdapter$DispatchingInvocationHandler.invoke(ProxyDispatchAdapter.java:94)
	at com.sun.proxy.$Proxy2.processTestClass(Unknown Source)
	at org.gradle.api.internal.tasks.testing.worker.TestWorker.processTestClass(TestWorker.java:119)
	at java.base/jdk.internal.reflect.NativeMethodAccessorImpl.invoke0(Native Method)
	at java.base/jdk.internal.reflect.NativeMethodAccessorImpl.invoke(NativeMethodAccessorImpl.java:62)
	at java.base/jdk.internal.reflect.DelegatingMethodAccessorImpl.invoke(DelegatingMethodAccessorImpl.java:43)
	at java.base/java.lang.reflect.Method.invoke(Method.java:564)
	at org.gradle.internal.dispatch.ReflectionDispatch.dispatch(ReflectionDispatch.java:36)
	at org.gradle.internal.dispatch.ReflectionDispatch.dispatch(ReflectionDispatch.java:24)
	at org.gradle.internal.remote.internal.hub.MessageHubBackedObjectConnection$DispatchWrapper.dispatch(MessageHubBackedObjectConnection.java:182)
	at org.gradle.internal.remote.internal.hub.MessageHubBackedObjectConnection$DispatchWrapper.dispatch(MessageHubBackedObjectConnection.java:164)
	at org.gradle.internal.remote.internal.hub.MessageHub$Handler.run(MessageHub.java:414)
	at org.gradle.internal.concurrent.ExecutorPolicy$CatchAndRecordFailures.onExecute(ExecutorPolicy.java:64)
	at org.gradle.internal.concurrent.ManagedExecutorImpl$1.run(ManagedExecutorImpl.java:48)
	at java.base/java.util.concurrent.ThreadPoolExecutor.runWorker(ThreadPoolExecutor.java:1130)
	at java.base/java.util.concurrent.ThreadPoolExecutor$Worker.run(ThreadPoolExecutor.java:630)
	at org.gradle.internal.concurrent.ThreadFactoryImpl$ManagedThreadRunnable.run(ThreadFactoryImpl.java:56)
	at java.base/java.lang.Thread.run(Thread.java:832)
</failure>
  </testcase>
  <testcase name="enableHookTest" classname="validation.Test_OrderWrapper" time="1.137"/>
  <testcase name="disableHookTest" classname="validation.Test_OrderWrapper" time="0.974"/>
  <testcase name="stopOrderTest" classname="validation.Test_OrderWrapper" time="0.99"/>
  <testcase name="sendActionOrder" classname="validation.Test_OrderWrapper" time="0.929"/>
  <testcase name="moveLenghtwiseOrder" classname="validation.Test_OrderWrapper" time="1.072"/>
  <testcase name="turnTest" classname="validation.Test_OrderWrapper" time="2.435"/>
  <testcase name="setTranslationnalSpeedTest" classname="validation.Test_OrderWrapper" time="0.942"/>
  <system-out><![CDATA[[?[34m16:55:37.309 STDOUT (DEBUG) on Test worker org.gradle.api.internal.tasks.testing.processors.CaptureTestOutputTestResultProcessor.started(CaptureTestOutputTestResultProcessor.java:51)] ?[0m
[?[34m16:55:37.312 DATA_HANDLER (DEBUG) on Test worker utils.HLInstance.module(HLInstance.java:271)] Initialisation du moduleClass OrderWrapper?[0m
[?[34m16:55:37.313 DATA_HANDLER (DEBUG) on Test worker utils.HLInstance.module(HLInstance.java:285)] Mise à jour de la config du moduleClass OrderWrapper après son initialisation.?[0m
[?[34m16:55:37.314 STDOUT (DEBUG) on Test worker pfg.config.Config.loadInto(Config.java:274)] Set private boolean orders.OrderWrapper.symetry to false?[0m
[?[34m16:55:37.316 STDOUT (DEBUG) on Test worker pfg.config.Config.loadInto(Config.java:274)] Set private boolean orders.OrderWrapper.simulation to false?[0m
[?[34m16:55:37.317 STDOUT (DEBUG) on Test worker pfg.config.Config.loadInto(Config.java:274)] Set private boolean orders.OrderWrapper.usingBaliseImage to false?[0m
[?[34m16:55:37.319 DATA_HANDLER (DEBUG) on Test worker utils.HLInstance.module(HLInstance.java:297)] Module OrderWrapper prêt?[0m
[?[34m16:55:37.320 DATA_HANDLER (DEBUG) on Test worker utils.HLInstance.module(HLInstance.java:271)] Initialisation du moduleClass ConnectionManager?[0m
[?[34m16:55:37.321 DATA_HANDLER (DEBUG) on Test worker utils.HLInstance.module(HLInstance.java:285)] Mise à jour de la config du moduleClass ConnectionManager après son initialisation.?[0m
[?[34m16:55:37.324 DATA_HANDLER (DEBUG) on Test worker utils.HLInstance.module(HLInstance.java:297)] Module ConnectionManager prêt?[0m
[?[34m16:55:37.338 COMMUNICATION (DEBUG) on Thread-8 utils.communication.SocketServerInterface$1.run(SocketServerInterface.java:57)] Creating socket waiting connection on port 13550?[0m
[?[34m16:55:37.344 COMMUNICATION (DEBUG) on Thread-8 utils.communication.SocketServerInterface$1.run(SocketServerInterface.java:60)] Receive buffer size on null is 65536?[0m
[?[34m16:55:37.346 COMMUNICATION (DEBUG) on Thread-8 utils.communication.SocketServerInterface$1.run(SocketServerInterface.java:71)] Waiting connection on port 13550?[0m
[?[34m16:55:37.388 COMMUNICATION (DEBUG) on SocketClient(localhost:13550) utils.communication.SocketClientInterface.lambda$init$0(SocketClientInterface.java:51)] Trying to connect to localhost on port 13550?[0m
[?[34m16:55:37.390 COMMUNICATION (DEBUG) on SocketClient(localhost:13550) utils.communication.SocketClientInterface.lambda$init$0(SocketClientInterface.java:53)] Socket created to localhost on port 13550?[0m
[?[34m16:55:37.391 COMMUNICATION (DEBUG) on SocketClient(localhost:13550) utils.communication.SocketClientInterface.lambda$init$0(SocketClientInterface.java:70)] SUCCESS to connect to localhost on port 13550?[0m
[?[34m16:55:37.391 COMMUNICATION (DEBUG) on Thread-8 utils.communication.SocketServerInterface$1.run(SocketServerInterface.java:77)] Connection accepted on port 13550?[0m
[?[34m16:55:37.393 COMMUNICATION (DEBUG) on Thread-8 utils.communication.SocketServerInterface$1.run(SocketServerInterface.java:79)] Connection initialized on port 13550?[0m
[?[34m16:55:37.394 COMMUNICATION (DEBUG) on Thread-8 utils.communication.SocketServerInterface$1.run(SocketServerInterface.java:81)] Initialized connection with a 'ping'?[0m
[?[34m16:55:37.394 COMMUNICATION (DEBUG) on Thread-8 utils.communication.SocketServerInterface$1.run(SocketServerInterface.java:71)] Waiting connection on port 13550?[0m
[?[34m16:55:37.446 ORDERS (DEBUG) on Test worker jdk.internal.reflect.NativeMethodAccessorImpl.invoke0(NativeMethodAccessorImpl.java:-2)] Sent to LL: goto 54 647?[0m
[?[34m16:55:37.470 COMMUNICATION (DEBUG) on Test worker utils.communication.SocketServerInterface.read(SocketServerInterface.java:107)] >> READ: goto 54 647?[0m
[?[34m16:55:38.333 STDOUT (DEBUG) on Test worker org.gradle.api.internal.tasks.testing.processors.CaptureTestOutputTestResultProcessor.completed(CaptureTestOutputTestResultProcessor.java:80)] ?[0m
[?[34m16:55:38.341 STDOUT (DEBUG) on Finalizer utils.Log.close(Log.java:435)] ?[32mFermeture du service de log?[0m
[?[34m16:55:38.351 STDOUT (DEBUG) on Finalizer utils.HLInstance.printMessage(HLInstance.java:357)]     	       _____?[0m
[?[34m16:55:38.354 STDOUT (DEBUG) on Finalizer utils.HLInstance.printMessage(HLInstance.java:357)]               /     \?[0m
[?[34m16:55:38.357 STDOUT (DEBUG) on Finalizer utils.HLInstance.printMessage(HLInstance.java:357)]               vvvvvvv  /|__/|?[0m
[?[34m16:55:38.357 STDOUT (DEBUG) on Finalizer utils.HLInstance.printMessage(HLInstance.java:357)]                  I   /O,O   |?[0m
[?[34m16:55:38.358 STDOUT (DEBUG) on Finalizer utils.HLInstance.printMessage(HLInstance.java:357)]                  I /_____   |      /|/|?[0m
[?[34m16:55:38.359 STDOUT (DEBUG) on Finalizer utils.HLInstance.printMessage(HLInstance.java:357)]                 J|/^ ^ ^ \  |    /00  |    _//|?[0m
[?[34m16:55:38.359 STDOUT (DEBUG) on Finalizer utils.HLInstance.printMessage(HLInstance.java:357)]                  |^ ^ ^ ^ |W|   |/^^\ |   /oo |?[0m
[?[34m16:55:38.362 COMMUNICATION (DEBUG) on Thread-8 utils.communication.SocketServerInterface$1.run(SocketServerInterface.java:71)] Waiting connection on port 13550?[0m
[?[34m16:55:38.360 STDOUT (DEBUG) on Finalizer utils.HLInstance.printMessage(HLInstance.java:357)]                   \m___m__|_|    \m_m_|   \mm_|?[0m
[?[34m16:55:38.366 STDOUT (DEBUG) on Test worker org.gradle.api.internal.tasks.testing.processors.CaptureTestOutputTestResultProcessor.started(CaptureTestOutputTestResultProcessor.java:51)]               /     \?[0m
[?[34m16:55:38.367 STDOUT (DEBUG) on Finalizer utils.HLInstance.printMessage(HLInstance.java:357)] ?[0m
[?[34m16:55:38.368 STDOUT (DEBUG) on Finalizer utils.HLInstance.printMessage(HLInstance.java:357)] ------------------------- TOTORO'S END -------------------------?[0m
[?[34m16:55:38.370 STDOUT (DEBUG) on Test worker utils.HLInstance.printMessage(HLInstance.java:357)] ?[33m                   /*``.           `-:--.`?[0m
[?[34m16:55:38.372 STDOUT (DEBUG) on Test worker utils.HLInstance.printMessage(HLInstance.java:357)] ?[33m                  `.-::::/.        .:::::::y?[0m
[?[34m16:55:38.373 STDOUT (DEBUG) on Test worker utils.HLInstance.printMessage(HLInstance.java:357)] ?[33m                 `::::::::o``````.-::::::/h-?[0m
[?[34m16:55:38.374 STDOUT (DEBUG) on Test worker utils.HLInstance.printMessage(HLInstance.java:357)] ?[33m                 `::::::::::::::::::::::/h.?[0m
[?[34m16:55:38.375 STDOUT (DEBUG) on Test worker utils.HLInstance.printMessage(HLInstance.java:357)] ?[33m                  -::::::://++++//::::::::.?[0m
[?[34m16:55:38.376 STDOUT (DEBUG) on Test worker utils.HLInstance.printMessage(HLInstance.java:357)] ?[33m               `-::::/oso+/:-....--://:::::-.``.---:`?[0m
[?[34m16:55:38.377 STDOUT (DEBUG) on Test worker utils.HLInstance.printMessage(HLInstance.java:357)] ?[33m      ````   .-:::/so/-      ``````  `.:::::::::::::+ ?[34m``````````````````````````````````````````````````````````````````````?[0m
[?[34m16:55:38.380 STDOUT (DEBUG) on Test worker utils.HLInstance.printMessage(HLInstance.java:357)] ?[33m    `-:::::--:::os+.?[34m   `/sssssss`   ./syyyyyys+/y+sssssssssssssssssssssssssssssssssssssssssssssssssssssssssssssssssssssy- `-:::://?[0m
[?[34m16:55:38.381 STDOUT (DEBUG) on Test worker utils.HLInstance.printMessage(HLInstance.java:357)] ?[33m   `-:::::::::+y/`?[34mS   .shhhhhdd:   `/hhhhhhhhhdo:/dddddddddddddddddhhhhhhhdddddddddddddddddddddddddddddddddddddddddddddo`.:////sy.?[0m
[?[34m16:55:38.382 STDOUT (DEBUG) on Test worker utils.HLInstance.printMessage(HLInstance.java:357)] ?[33m   ::::::::::so`?[34m     :yhhhhhmy`   .ohhhhhhhhhhd  `//oooooo+//////+hhhhhhdd+///////+++++++/////////////////+++++++/////-`-////+h+` `?[0m
[?[34m16:55:38.383 STDOUT (DEBUG) on Test worker utils.HLInstance.printMessage(HLInstance.java:357)] ?[33m  `://:::::y/ ?[34mU   `+hhhhhdm+    -yhhhhhdhhhhhm`  `oyyyyyhs     .shhhhhdh-  ``.-:::////:::-.       ``.-::::////::://  `://///o+:::::::-.?[0m
[?[34m16:55:38.384 STDOUT (DEBUG) on Test worker utils.HLInstance.printMessage(HLInstance.java:357)] ?[33m      `::::y/ ?[34m    .shhhhhdh-   `+hhhhhdd+shhhhd- -yhhhhhmo`    /yhhhhhms` .-://+ssso+++/////o   `.:://+ossoo+++o+oy- -/////+ssoo+//////h?[0m
[?[34m16:55:38.384 STDOUT (DEBUG) on Test worker utils.HLInstance.printMessage(HLInstance.java:357)] ?[33m      .:::/y ?[34mU   :yhhhhhms`   .shhhhhdy?[33m::?[34mhhhhhho+hhhhhdd:    `ohhhhhdd/ .:///oyo::-----////oy `-:///oyo:.`      `-``:////oy+-` `:////+h:?[0m
[?[34m16:55:38.385 STDOUT (DEBUG) on Test worker utils.HLInstance.printMessage(HLInstance.java:357)] ?[33m      -:::o: ?[34m  `+hhhhhdm/    :yhhhhddo?[33m:::?[34m+hhhhhhhhhhhms.    -yhhhhhdh. -////yo.`ooooooooooss``:////yo.            -/////yo`   .:////ys.?[0m
[?[34m16:55:38.389 STDOUT (DEBUG) on Test worker utils.HLInstance.printMessage(HLInstance.java:357)] ?[33m   ``.::::+-?[34m S .shhhhhdh-   `+hhhhhdd/?[33m::::?[34m/hhhhhhhhhdd/     /hhhhhhmo` `/////s```..----:+:..  -/////o``````..:.  `:////oh:   `-////+h/?[0m
[?[34m16:55:38.390 STDOUT (DEBUG) on Test worker utils.HLInstance.printMessage(HLInstance.java:357)] ?[33m`.-::::::::+ ?[34m:yhhhhhms`   .shhhhhmy?[33m:::::::?[34mhhhhhhhhdh.    `ohhhhhdd:    :++////:::///+oys`    `/++/////://++yo` .:////ys`   .:////ys.?[0m
[?[34m16:55:38.392 STDOUT (DEBUG) on Test worker utils.HLInstance.printMessage(HLInstance.java:357)] ?[33m-::::::::::/-?[34m/oooooo/     -sssyyyo?[33m:+o/++//?[34mhyssssss+`     .sssssss.      `-/++oooo++//:.        .:/+oooo++/:-   /ooooo:     :ooooo/?[0m
[?[34m16:55:38.393 STDOUT (DEBUG) on Test worker utils.HLInstance.printMessage(HLInstance.java:357)] ?[33m.:::::/o:::::-`               `.--:::os+```.---?[0m
[?[34m16:55:38.394 STDOUT (DEBUG) on Test worker utils.HLInstance.printMessage(HLInstance.java:357)] ?[33m :+ooo/.`::::::-..`````````.--::::+ss:`?[0m
[?[34m16:55:38.395 STDOUT (DEBUG) on Test worker utils.HLInstance.printMessage(HLInstance.java:357)] ?[33m  ``     `-/::::::::::::::::::::::s.?[0m
[?[34m16:55:38.396 STDOUT (DEBUG) on Test worker utils.HLInstance.printMessage(HLInstance.java:357)] ?[33m          `:::::::::::://+::::::::o-?[0m
[?[34m16:55:38.397 STDOUT (DEBUG) on Test worker utils.HLInstance.printMessage(HLInstance.java:357)] ?[33m         `:::::::/h////::.-:::::::y-?[0m
[?[34m16:55:38.398 STDOUT (DEBUG) on Test worker utils.HLInstance.printMessage(HLInstance.java:357)] ?[33m         :::::::ss`        -:/+sso:?[0m
[?[34m16:55:38.400 STDOUT (DEBUG) on Test worker utils.HLInstance.printMessage(HLInstance.java:357)] ?[33m         .:/++sy:          `//*/?[0m
[?[34m16:55:38.401 STDOUT (DEBUG) on Test worker utils.HLInstance.printMessage(HLInstance.java:357)] ______________________________________________________________________________________________________________________________________________?[0m
[?[34m16:55:38.402 STDOUT (DEBUG) on Test worker utils.Log.init(Log.java:292)] ?[32mDémarrage du service de log?[0m
[?[34m16:55:38.403 STDOUT (DEBUG) on Test worker utils.Log.init(Log.java:293)] ?[0m?[0m
Initialisation du compteur...
[?[34m16:55:38.409 STDOUT (DEBUG) on Test worker utils.Log.attemptInitLogOutput(Log.java:413)] Création du fichier de log './../logs/Thu Jul 08 16:55:38 UTC 2021 #50 - everything.log' à '/home/ubuntu/TechTheTiller-HighLevel/logs/Thu Jul 08 16:55:38 UTC 2021 #50 - everything.log'?[0m
[?[34m16:55:38.411 STDOUT (DEBUG) on Test worker utils.Log.attemptInitLogOutput(Log.java:417)] Réussite de la création du fichier de log './../logs/Thu Jul 08 16:55:38 UTC 2021 #50 - everything.log?[0m
[?[34m16:55:38.414 STDOUT (DEBUG) on Test worker utils.Log.attemptInitLogOutput(Log.java:421)] Ouverture du fichier de log './../logs/Thu Jul 08 16:55:38 UTC 2021 #50 - everything.log'?[0m
[?[34m16:55:38.416 STDOUT (DEBUG) on Test worker utils.Log.attemptInitLogOutput(Log.java:413)] Création du fichier de log './../logs/Thu Jul 08 16:55:38 UTC 2021 #50.log' à '/home/ubuntu/TechTheTiller-HighLevel/logs/Thu Jul 08 16:55:38 UTC 2021 #50.log'?[0m
[?[34m16:55:38.417 STDOUT (DEBUG) on Test worker utils.Log.attemptInitLogOutput(Log.java:417)] Réussite de la création du fichier de log './../logs/Thu Jul 08 16:55:38 UTC 2021 #50.log?[0m
[?[34m16:55:38.419 STDOUT (DEBUG) on Test worker utils.Log.attemptInitLogOutput(Log.java:421)] Ouverture du fichier de log './../logs/Thu Jul 08 16:55:38 UTC 2021 #50.log'?[0m
[?[34m16:55:38.420 STDOUT (DEBUG) on Test worker utils.Log.attemptInitLogOutput(Log.java:413)] Création du fichier de log './../logs/Thu Jul 08 16:55:38 UTC 2021 #50 - errors.log' à '/home/ubuntu/TechTheTiller-HighLevel/logs/Thu Jul 08 16:55:38 UTC 2021 #50 - errors.log'?[0m
[?[34m16:55:38.422 STDOUT (DEBUG) on Test worker utils.Log.attemptInitLogOutput(Log.java:417)] Réussite de la création du fichier de log './../logs/Thu Jul 08 16:55:38 UTC 2021 #50 - errors.log?[0m
[?[34m16:55:38.424 STDOUT (DEBUG) on Test worker utils.Log.attemptInitLogOutput(Log.java:421)] Ouverture du fichier de log './../logs/Thu Jul 08 16:55:38 UTC 2021 #50 - errors.log'?[0m
[?[34m16:55:38.450 STDOUT (DEBUG) on Test worker utils.HLInstance.<init>(HLInstance.java:104)] Version : 07e922f on master - [tests]?[0m
[?[34m16:55:38.456 STDOUT (DEBUG) on Test worker utils.HLInstance.<init>(HLInstance.java:112)] System : Linux 5.4.0-1038-raspi aarch64?[0m
[?[34m16:55:38.458 STDOUT (DEBUG) on Test worker utils.HLInstance.<init>(HLInstance.java:114)] Java : Private Build 14.0.2, max memory : 0.5G, available processors : 4?[0m
[?[34m16:55:38.459 STDOUT (DEBUG) on Test worker utils.HLInstance.<init>(HLInstance.java:117)] ?[0m
[?[34m16:55:38.460 STDOUT (DEBUG) on Test worker utils.HLInstance.<init>(HLInstance.java:119)]    Remember, with great power comes great current squared times resistance !
?[0m
[?[34m16:55:38.461 STDOUT (DEBUG) on Test worker utils.HLInstance.<init>(HLInstance.java:122)] Chargement de la config...?[0m
[?[34m16:55:38.465 STDOUT (DEBUG) on Test worker pfg.config.Config.readConfigFile(Config.java:166)] Loading config file : /home/ubuntu/TechTheTiller-HighLevel/T3HL-common/../config/config.txt?[0m
[?[34m16:55:38.485 STDOUT (DEBUG) on Test worker pfg.config.Config.printChangedValues(Config.java:465)] Configuration diff :?[0m
[?[34m16:55:38.486 STDOUT (DEBUG) on Test worker pfg.config.Config.printChangedValues(Config.java:469)]   visualisation = false (default : true)?[0m
[?[34m16:55:38.487 STDOUT (DEBUG) on Test worker pfg.config.Config.printChangedValues(Config.java:469)]   usingBaliseImage = false (default : true)?[0m
[?[34m16:55:38.488 STDOUT (DEBUG) on Test worker pfg.config.Config.printChangedValues(Config.java:469)]   usingPanel = false (default : true)?[0m
[?[34m16:55:38.489 STDOUT (DEBUG) on Test worker pfg.config.Config.printChangedValues(Config.java:469)]   connectToBuddy = false (default : true)?[0m
[?[34m16:55:38.490 STDOUT (DEBUG) on Test worker pfg.config.Config.printChangedValues(Config.java:469)]   buddyRay = 70 (default : 150)?[0m
[?[34m16:55:38.491 STDOUT (DEBUG) on Test worker pfg.config.Config.printChangedValues(Config.java:469)]   ennemyRay = 150 (default : 220)?[0m
[?[34m16:55:38.492 STDOUT (DEBUG) on Test worker pfg.config.Config.printChangedValues(Config.java:469)]   nbrNoeudsX = 30 (default : 45)?[0m
[?[34m16:55:38.493 STDOUT (DEBUG) on Test worker pfg.config.Config.printChangedValues(Config.java:469)]   nbrNoeudsY = 20 (default : 30)?[0m
[?[34m16:55:38.494 STDOUT (DEBUG) on Test worker pfg.config.Config.printChangedValues(Config.java:469)]   nbrNoeudsCircle = 14 (default : 12)?[0m
[?[34m16:55:38.495 DATA_HANDLER (DEBUG) on Test worker utils.HLInstance.module(HLInstance.java:271)] Initialisation du moduleClass OrderWrapper?[0m
[?[34m16:55:38.496 DATA_HANDLER (DEBUG) on Test worker utils.HLInstance.module(HLInstance.java:285)] Mise à jour de la config du moduleClass OrderWrapper après son initialisation.?[0m
[?[34m16:55:38.497 STDOUT (DEBUG) on Test worker pfg.config.Config.loadInto(Config.java:274)] Set private boolean orders.OrderWrapper.symetry to false?[0m
[?[34m16:55:38.499 STDOUT (DEBUG) on Test worker pfg.config.Config.loadInto(Config.java:274)] Set private boolean orders.OrderWrapper.simulation to false?[0m
[?[34m16:55:38.500 STDOUT (DEBUG) on Test worker pfg.config.Config.loadInto(Config.java:274)] Set private boolean orders.OrderWrapper.usingBaliseImage to false?[0m
[?[34m16:55:38.501 DATA_HANDLER (DEBUG) on Test worker utils.HLInstance.module(HLInstance.java:297)] Module OrderWrapper prêt?[0m
[?[34m16:55:38.510 DATA_HANDLER (DEBUG) on Test worker utils.HLInstance.module(HLInstance.java:271)] Initialisation du moduleClass ConnectionManager?[0m
[?[34m16:55:38.511 DATA_HANDLER (DEBUG) on Test worker utils.HLInstance.module(HLInstance.java:285)] Mise à jour de la config du moduleClass ConnectionManager après son initialisation.?[0m
[?[34m16:55:38.512 DATA_HANDLER (DEBUG) on Test worker utils.HLInstance.module(HLInstance.java:297)] Module ConnectionManager prêt?[0m
[?[34m16:55:38.515 COMMUNICATION (DEBUG) on Thread-10 utils.communication.SocketServerInterface$1.run(SocketServerInterface.java:57)] Creating socket waiting connection on port 13550?[0m
[?[34m16:55:38.517 COMMUNICATION (DEBUG) on Thread-10 utils.communication.SocketServerInterface$1.run(SocketServerInterface.java:60)] Receive buffer size on null is 65536?[0m
[?[34m16:55:38.521 COMMUNICATION (DEBUG) on Thread-10 utils.communication.SocketServerInterface$1.run(SocketServerInterface.java:71)] Waiting connection on port 13550?[0m
[?[34m16:55:38.571 COMMUNICATION (DEBUG) on SocketClient(localhost:13550) utils.communication.SocketClientInterface.lambda$init$0(SocketClientInterface.java:51)] Trying to connect to localhost on port 13550?[0m
[?[34m16:55:38.574 COMMUNICATION (DEBUG) on Thread-10 utils.communication.SocketServerInterface$1.run(SocketServerInterface.java:77)] Connection accepted on port 13550?[0m
[?[34m16:55:38.576 COMMUNICATION (DEBUG) on Thread-10 utils.communication.SocketServerInterface$1.run(SocketServerInterface.java:79)] Connection initialized on port 13550?[0m
[?[34m16:55:38.577 COMMUNICATION (DEBUG) on Thread-10 utils.communication.SocketServerInterface$1.run(SocketServerInterface.java:81)] Initialized connection with a 'ping'?[0m
[?[34m16:55:38.581 COMMUNICATION (DEBUG) on Thread-10 utils.communication.SocketServerInterface$1.run(SocketServerInterface.java:71)] Waiting connection on port 13550?[0m
[?[34m16:55:38.583 COMMUNICATION (DEBUG) on SocketClient(localhost:13550) utils.communication.SocketClientInterface.lambda$init$0(SocketClientInterface.java:53)] Socket created to localhost on port 13550?[0m
[?[34m16:55:38.584 COMMUNICATION (DEBUG) on SocketClient(localhost:13550) utils.communication.SocketClientInterface.lambda$init$0(SocketClientInterface.java:70)] SUCCESS to connect to localhost on port 13550?[0m
[?[34m16:55:38.627 ORDERS (DEBUG) on Test worker jdk.internal.reflect.NativeMethodAccessorImpl.invoke0(NativeMethodAccessorImpl.java:-2)] Sent to LL: maxro 3.00000?[0m
[?[34m16:55:38.651 COMMUNICATION (DEBUG) on Test worker utils.communication.SocketServerInterface.read(SocketServerInterface.java:107)] >> READ: maxro 3.00000?[0m
[?[34m16:55:39.378 STDOUT (DEBUG) on Test worker org.gradle.api.internal.tasks.testing.processors.CaptureTestOutputTestResultProcessor.completed(CaptureTestOutputTestResultProcessor.java:80)] ?[0m
[?[34m16:55:39.385 STDOUT (DEBUG) on Finalizer utils.Log.close(Log.java:435)] ?[32mFermeture du service de log?[0m
[?[34m16:55:39.387 STDOUT (DEBUG) on Finalizer utils.HLInstance.printMessage(HLInstance.java:357)]     	       _____?[0m
[?[34m16:55:39.388 STDOUT (DEBUG) on Finalizer utils.HLInstance.printMessage(HLInstance.java:357)]               /     \?[0m
[?[34m16:55:39.388 STDOUT (DEBUG) on Test worker org.gradle.api.internal.tasks.testing.processors.CaptureTestOutputTestResultProcessor.started(CaptureTestOutputTestResultProcessor.java:51)]               /     \?[0m
[?[34m16:55:39.391 STDOUT (DEBUG) on Finalizer utils.HLInstance.printMessage(HLInstance.java:357)]               vvvvvvv  /|__/|?[0m
[?[34m16:55:39.392 STDOUT (DEBUG) on Finalizer utils.HLInstance.printMessage(HLInstance.java:357)]                  I   /O,O   |?[0m
[?[34m16:55:39.393 COMMUNICATION (DEBUG) on Thread-10 utils.communication.SocketServerInterface$1.run(SocketServerInterface.java:71)] Waiting connection on port 13550?[0m
[?[34m16:55:39.393 STDOUT (DEBUG) on Finalizer utils.HLInstance.printMessage(HLInstance.java:357)]                  I /_____   |      /|/|?[0m
[?[34m16:55:39.394 STDOUT (DEBUG) on Finalizer utils.HLInstance.printMessage(HLInstance.java:357)]                 J|/^ ^ ^ \  |    /00  |    _//|?[0m
[?[34m16:55:39.395 STDOUT (DEBUG) on Finalizer utils.HLInstance.printMessage(HLInstance.java:357)]                  |^ ^ ^ ^ |W|   |/^^\ |   /oo |?[0m
[?[34m16:55:39.395 STDOUT (DEBUG) on Finalizer utils.HLInstance.printMessage(HLInstance.java:357)]                   \m___m__|_|    \m_m_|   \mm_|?[0m
[?[34m16:55:39.411 STDOUT (DEBUG) on Test worker utils.HLInstance.printMessage(HLInstance.java:357)] ?[33m                   /*``.           `-:--.`?[0m
[?[34m16:55:39.412 STDOUT (DEBUG) on Test worker utils.HLInstance.printMessage(HLInstance.java:357)] ?[33m                  `.-::::/.        .:::::::y?[0m
[?[34m16:55:39.413 STDOUT (DEBUG) on Test worker utils.HLInstance.printMessage(HLInstance.java:357)] ?[33m                 `::::::::o``````.-::::::/h-?[0m
[?[34m16:55:39.414 STDOUT (DEBUG) on Test worker utils.HLInstance.printMessage(HLInstance.java:357)] ?[33m                 `::::::::::::::::::::::/h.?[0m
[?[34m16:55:39.415 STDOUT (DEBUG) on Test worker utils.HLInstance.printMessage(HLInstance.java:357)] ?[33m                  -::::::://++++//::::::::.?[0m
[?[34m16:55:39.416 STDOUT (DEBUG) on Test worker utils.HLInstance.printMessage(HLInstance.java:357)] ?[33m               `-::::/oso+/:-....--://:::::-.``.---:`?[0m
[?[34m16:55:39.417 STDOUT (DEBUG) on Test worker utils.HLInstance.printMessage(HLInstance.java:357)] ?[33m      ````   .-:::/so/-      ``````  `.:::::::::::::+ ?[34m``````````````````````````````````````````````````````````````````````?[0m
[?[34m16:55:39.418 STDOUT (DEBUG) on Test worker utils.HLInstance.printMessage(HLInstance.java:357)] ?[33m    `-:::::--:::os+.?[34m   `/sssssss`   ./syyyyyys+/y+sssssssssssssssssssssssssssssssssssssssssssssssssssssssssssssssssssssy- `-:::://?[0m
[?[34m16:55:39.419 STDOUT (DEBUG) on Test worker utils.HLInstance.printMessage(HLInstance.java:357)] ?[33m   `-:::::::::+y/`?[34mS   .shhhhhdd:   `/hhhhhhhhhdo:/dddddddddddddddddhhhhhhhdddddddddddddddddddddddddddddddddddddddddddddo`.:////sy.?[0m
[?[34m16:55:39.420 STDOUT (DEBUG) on Test worker utils.HLInstance.printMessage(HLInstance.java:357)] ?[33m   ::::::::::so`?[34m     :yhhhhhmy`   .ohhhhhhhhhhd  `//oooooo+//////+hhhhhhdd+///////+++++++/////////////////+++++++/////-`-////+h+` `?[0m
[?[34m16:55:39.421 STDOUT (DEBUG) on Test worker utils.HLInstance.printMessage(HLInstance.java:357)] ?[33m  `://:::::y/ ?[34mU   `+hhhhhdm+    -yhhhhhdhhhhhm`  `oyyyyyhs     .shhhhhdh-  ``.-:::////:::-.       ``.-::::////::://  `://///o+:::::::-.?[0m
[?[34m16:55:39.422 STDOUT (DEBUG) on Test worker utils.HLInstance.printMessage(HLInstance.java:357)] ?[33m      `::::y/ ?[34m    .shhhhhdh-   `+hhhhhdd+shhhhd- -yhhhhhmo`    /yhhhhhms` .-://+ssso+++/////o   `.:://+ossoo+++o+oy- -/////+ssoo+//////h?[0m
[?[34m16:55:39.423 STDOUT (DEBUG) on Test worker utils.HLInstance.printMessage(HLInstance.java:357)] ?[33m      .:::/y ?[34mU   :yhhhhhms`   .shhhhhdy?[33m::?[34mhhhhhho+hhhhhdd:    `ohhhhhdd/ .:///oyo::-----////oy `-:///oyo:.`      `-``:////oy+-` `:////+h:?[0m
[?[34m16:55:39.438 STDOUT (DEBUG) on Finalizer utils.HLInstance.printMessage(HLInstance.java:357)] ?[33m                   /*``.           `-:--.`
?[0m
[?[34m16:55:39.439 STDOUT (DEBUG) on Finalizer utils.HLInstance.printMessage(HLInstance.java:357)] ------------------------- TOTORO'S END -------------------------?[0m
[?[34m16:55:39.440 STDOUT (DEBUG) on Test worker utils.HLInstance.printMessage(HLInstance.java:357)] ------------------------- TOTORO'S END -------------------------
?[33m      -:::o: ?[34m  `+hhhhhdm/    :yhhhhddo?[33m:::?[34m+hhhhhhhhhhhms.    -yhhhhhdh. -////yo.`ooooooooooss``:////yo.            -/////yo`   .:////ys.?[0m
[?[34m16:55:39.442 STDOUT (DEBUG) on Test worker utils.HLInstance.printMessage(HLInstance.java:357)] ?[33m   ``.::::+-?[34m S .shhhhhdh-   `+hhhhhdd/?[33m::::?[34m/hhhhhhhhhdd/     /hhhhhhmo` `/////s```..----:+:..  -/////o``````..:.  `:////oh:   `-////+h/?[0m
[?[34m16:55:39.443 STDOUT (DEBUG) on Test worker utils.HLInstance.printMessage(HLInstance.java:357)] ?[33m`.-::::::::+ ?[34m:yhhhhhms`   .shhhhhmy?[33m:::::::?[34mhhhhhhhhdh.    `ohhhhhdd:    :++////:::///+oys`    `/++/////://++yo` .:////ys`   .:////ys.?[0m
[?[34m16:55:39.444 STDOUT (DEBUG) on Test worker utils.HLInstance.printMessage(HLInstance.java:357)] ?[33m-::::::::::/-?[34m/oooooo/     -sssyyyo?[33m:+o/++//?[34mhyssssss+`     .sssssss.      `-/++oooo++//:.        .:/+oooo++/:-   /ooooo:     :ooooo/?[0m
[?[34m16:55:39.445 STDOUT (DEBUG) on Test worker utils.HLInstance.printMessage(HLInstance.java:357)] ?[33m.:::::/o:::::-`               `.--:::os+```.---?[0m
[?[34m16:55:39.446 STDOUT (DEBUG) on Test worker utils.HLInstance.printMessage(HLInstance.java:357)] ?[33m :+ooo/.`::::::-..`````````.--::::+ss:`?[0m
[?[34m16:55:39.447 STDOUT (DEBUG) on Test worker utils.HLInstance.printMessage(HLInstance.java:357)] ?[33m  ``     `-/::::::::::::::::::::::s.?[0m
[?[34m16:55:39.448 STDOUT (DEBUG) on Test worker utils.HLInstance.printMessage(HLInstance.java:357)] ?[33m          `:::::::::::://+::::::::o-?[0m
[?[34m16:55:39.449 STDOUT (DEBUG) on Test worker utils.HLInstance.printMessage(HLInstance.java:357)] ?[33m         `:::::::/h////::.-:::::::y-?[0m
[?[34m16:55:39.466 STDOUT (DEBUG) on Test worker utils.HLInstance.printMessage(HLInstance.java:357)] ?[33m         :::::::ss`        -:/+sso:?[0m
[?[34m16:55:39.468 STDOUT (DEBUG) on Test worker utils.HLInstance.printMessage(HLInstance.java:357)] ?[33m         .:/++sy:          `//*/?[0m
[?[34m16:55:39.471 STDOUT (DEBUG) on Test worker utils.HLInstance.printMessage(HLInstance.java:357)] ______________________________________________________________________________________________________________________________________________?[0m
[?[34m16:55:39.472 STDOUT (DEBUG) on Test worker utils.Log.init(Log.java:292)] ?[32mDémarrage du service de log?[0m
[?[34m16:55:39.473 STDOUT (DEBUG) on Test worker utils.Log.init(Log.java:293)] ?[0m?[0m
Initialisation du compteur...
[?[34m16:55:39.491 STDOUT (DEBUG) on Test worker utils.Log.attemptInitLogOutput(Log.java:413)] Création du fichier de log './../logs/Thu Jul 08 16:55:39 UTC 2021 #51 - everything.log' à '/home/ubuntu/TechTheTiller-HighLevel/logs/Thu Jul 08 16:55:39 UTC 2021 #51 - everything.log'?[0m
[?[34m16:55:39.492 STDOUT (DEBUG) on Test worker utils.Log.attemptInitLogOutput(Log.java:417)] Réussite de la création du fichier de log './../logs/Thu Jul 08 16:55:39 UTC 2021 #51 - everything.log?[0m
[?[34m16:55:39.493 STDOUT (DEBUG) on Test worker utils.Log.attemptInitLogOutput(Log.java:421)] Ouverture du fichier de log './../logs/Thu Jul 08 16:55:39 UTC 2021 #51 - everything.log'?[0m
[?[34m16:55:39.499 STDOUT (DEBUG) on Test worker utils.Log.attemptInitLogOutput(Log.java:413)] Création du fichier de log './../logs/Thu Jul 08 16:55:39 UTC 2021 #51.log' à '/home/ubuntu/TechTheTiller-HighLevel/logs/Thu Jul 08 16:55:39 UTC 2021 #51.log'?[0m
[?[34m16:55:39.511 STDOUT (DEBUG) on Test worker utils.Log.attemptInitLogOutput(Log.java:417)] Réussite de la création du fichier de log './../logs/Thu Jul 08 16:55:39 UTC 2021 #51.log?[0m
[?[34m16:55:39.517 STDOUT (DEBUG) on Test worker utils.Log.attemptInitLogOutput(Log.java:421)] Ouverture du fichier de log './../logs/Thu Jul 08 16:55:39 UTC 2021 #51.log'?[0m
[?[34m16:55:39.519 STDOUT (DEBUG) on Test worker utils.Log.attemptInitLogOutput(Log.java:413)] Création du fichier de log './../logs/Thu Jul 08 16:55:39 UTC 2021 #51 - errors.log' à '/home/ubuntu/TechTheTiller-HighLevel/logs/Thu Jul 08 16:55:39 UTC 2021 #51 - errors.log'?[0m
[?[34m16:55:39.521 STDOUT (DEBUG) on Test worker utils.Log.attemptInitLogOutput(Log.java:417)] Réussite de la création du fichier de log './../logs/Thu Jul 08 16:55:39 UTC 2021 #51 - errors.log?[0m
[?[34m16:55:39.524 STDOUT (DEBUG) on Test worker utils.Log.attemptInitLogOutput(Log.java:421)] Ouverture du fichier de log './../logs/Thu Jul 08 16:55:39 UTC 2021 #51 - errors.log'?[0m
[?[34m16:55:39.596 STDOUT (DEBUG) on Test worker utils.HLInstance.<init>(HLInstance.java:104)] Version : 07e922f on master - [tests]?[0m
[?[34m16:55:39.597 STDOUT (DEBUG) on Test worker utils.HLInstance.<init>(HLInstance.java:112)] System : Linux 5.4.0-1038-raspi aarch64?[0m
[?[34m16:55:39.599 STDOUT (DEBUG) on Test worker utils.HLInstance.<init>(HLInstance.java:114)] Java : Private Build 14.0.2, max memory : 0.5G, available processors : 4?[0m
[?[34m16:55:39.611 STDOUT (DEBUG) on Test worker utils.HLInstance.<init>(HLInstance.java:117)] ?[0m
[?[34m16:55:39.612 STDOUT (DEBUG) on Test worker utils.HLInstance.<init>(HLInstance.java:119)]    Remember, with great power comes great current squared times resistance !
?[0m
[?[34m16:55:39.614 STDOUT (DEBUG) on Test worker utils.HLInstance.<init>(HLInstance.java:122)] Chargement de la config...?[0m
[?[34m16:55:39.618 STDOUT (DEBUG) on Test worker pfg.config.Config.readConfigFile(Config.java:166)] Loading config file : /home/ubuntu/TechTheTiller-HighLevel/T3HL-common/../config/config.txt?[0m
[?[34m16:55:39.660 STDOUT (DEBUG) on Test worker pfg.config.Config.printChangedValues(Config.java:465)] Configuration diff :?[0m
[?[34m16:55:39.661 STDOUT (DEBUG) on Test worker pfg.config.Config.printChangedValues(Config.java:469)]   visualisation = false (default : true)?[0m
[?[34m16:55:39.674 STDOUT (DEBUG) on Test worker pfg.config.Config.printChangedValues(Config.java:469)]   usingBaliseImage = false (default : true)?[0m
[?[34m16:55:39.676 STDOUT (DEBUG) on Test worker pfg.config.Config.printChangedValues(Config.java:469)]   usingPanel = false (default : true)?[0m
[?[34m16:55:39.677 STDOUT (DEBUG) on Test worker pfg.config.Config.printChangedValues(Config.java:469)]   connectToBuddy = false (default : true)?[0m
[?[34m16:55:39.679 STDOUT (DEBUG) on Test worker pfg.config.Config.printChangedValues(Config.java:469)]   buddyRay = 70 (default : 150)?[0m
[?[34m16:55:39.680 STDOUT (DEBUG) on Test worker pfg.config.Config.printChangedValues(Config.java:469)]   ennemyRay = 150 (default : 220)?[0m
[?[34m16:55:39.681 STDOUT (DEBUG) on Test worker pfg.config.Config.printChangedValues(Config.java:469)]   nbrNoeudsX = 30 (default : 45)?[0m
[?[34m16:55:39.682 STDOUT (DEBUG) on Test worker pfg.config.Config.printChangedValues(Config.java:469)]   nbrNoeudsY = 20 (default : 30)?[0m
[?[34m16:55:39.683 STDOUT (DEBUG) on Test worker pfg.config.Config.printChangedValues(Config.java:469)]   nbrNoeudsCircle = 14 (default : 12)?[0m
[?[34m16:55:39.684 DATA_HANDLER (DEBUG) on Test worker utils.HLInstance.module(HLInstance.java:271)] Initialisation du moduleClass OrderWrapper?[0m
[?[34m16:55:39.686 DATA_HANDLER (DEBUG) on Test worker utils.HLInstance.module(HLInstance.java:285)] Mise à jour de la config du moduleClass OrderWrapper après son initialisation.?[0m
[?[34m16:55:39.687 STDOUT (DEBUG) on Test worker pfg.config.Config.loadInto(Config.java:274)] Set private boolean orders.OrderWrapper.symetry to false?[0m
[?[34m16:55:39.691 STDOUT (DEBUG) on Test worker pfg.config.Config.loadInto(Config.java:274)] Set private boolean orders.OrderWrapper.simulation to false?[0m
[?[34m16:55:39.695 STDOUT (DEBUG) on Test worker pfg.config.Config.loadInto(Config.java:274)] Set private boolean orders.OrderWrapper.usingBaliseImage to false?[0m
[?[34m16:55:39.699 DATA_HANDLER (DEBUG) on Test worker utils.HLInstance.module(HLInstance.java:297)] Module OrderWrapper prêt?[0m
[?[34m16:55:39.701 DATA_HANDLER (DEBUG) on Test worker utils.HLInstance.module(HLInstance.java:271)] Initialisation du moduleClass ConnectionManager?[0m
[?[34m16:55:39.704 DATA_HANDLER (DEBUG) on Test worker utils.HLInstance.module(HLInstance.java:285)] Mise à jour de la config du moduleClass ConnectionManager après son initialisation.?[0m
[?[34m16:55:39.705 DATA_HANDLER (DEBUG) on Test worker utils.HLInstance.module(HLInstance.java:297)] Module ConnectionManager prêt?[0m
[?[34m16:55:39.719 COMMUNICATION (DEBUG) on Thread-12 utils.communication.SocketServerInterface$1.run(SocketServerInterface.java:57)] Creating socket waiting connection on port 13550?[0m
[?[34m16:55:39.721 COMMUNICATION (DEBUG) on Thread-12 utils.communication.SocketServerInterface$1.run(SocketServerInterface.java:60)] Receive buffer size on null is 65536?[0m
[?[34m16:55:39.735 COMMUNICATION (DEBUG) on Thread-12 utils.communication.SocketServerInterface$1.run(SocketServerInterface.java:71)] Waiting connection on port 13550?[0m
[?[34m16:55:39.783 COMMUNICATION (DEBUG) on SocketClient(localhost:13550) utils.communication.SocketClientInterface.lambda$init$0(SocketClientInterface.java:51)] Trying to connect to localhost on port 13550?[0m
[?[34m16:55:39.799 COMMUNICATION (DEBUG) on Thread-12 utils.communication.SocketServerInterface$1.run(SocketServerInterface.java:77)] Connection accepted on port 13550?[0m
[?[34m16:55:39.800 COMMUNICATION (DEBUG) on Thread-12 utils.communication.SocketServerInterface$1.run(SocketServerInterface.java:79)] Connection initialized on port 13550?[0m
[?[34m16:55:39.802 COMMUNICATION (DEBUG) on Thread-12 utils.communication.SocketServerInterface$1.run(SocketServerInterface.java:81)] Initialized connection with a 'ping'?[0m
[?[34m16:55:39.803 COMMUNICATION (DEBUG) on Thread-12 utils.communication.SocketServerInterface$1.run(SocketServerInterface.java:71)] Waiting connection on port 13550?[0m
[?[34m16:55:39.804 COMMUNICATION (DEBUG) on SocketClient(localhost:13550) utils.communication.SocketClientInterface.lambda$init$0(SocketClientInterface.java:53)] Socket created to localhost on port 13550?[0m
[?[34m16:55:39.818 COMMUNICATION (DEBUG) on SocketClient(localhost:13550) utils.communication.SocketClientInterface.lambda$init$0(SocketClientInterface.java:70)] SUCCESS to connect to localhost on port 13550?[0m
[?[34m16:55:39.833 ORDERS (DEBUG) on Test worker jdk.internal.reflect.NativeMethodAccessorImpl.invoke0(NativeMethodAccessorImpl.java:-2)] Sent to LL: cxyo 2 3 1.57080?[0m
[?[34m16:55:39.859 COMMUNICATION (DEBUG) on Test worker utils.communication.SocketServerInterface.read(SocketServerInterface.java:107)] >> READ: cxyo 2 3 1.57080?[0m
[?[34m16:55:40.877 STDOUT (DEBUG) on Test worker org.gradle.api.internal.tasks.testing.processors.CaptureTestOutputTestResultProcessor.completed(CaptureTestOutputTestResultProcessor.java:80)] ?[0m
[?[34m16:55:40.882 STDOUT (DEBUG) on Test worker org.gradle.api.internal.tasks.testing.processors.CaptureTestOutputTestResultProcessor.started(CaptureTestOutputTestResultProcessor.java:51)] ?[0m
[?[34m16:55:40.884 STDOUT (DEBUG) on Finalizer utils.Log.close(Log.java:435)] ?[32mFermeture du service de log?[0m
[?[34m16:55:40.886 STDOUT (DEBUG) on Finalizer utils.HLInstance.printMessage(HLInstance.java:357)]     	       _____?[0m
[?[34m16:55:40.888 STDOUT (DEBUG) on Finalizer utils.HLInstance.printMessage(HLInstance.java:357)]               /     \?[0m
[?[34m16:55:40.889 STDOUT (DEBUG) on Finalizer utils.HLInstance.printMessage(HLInstance.java:357)]               vvvvvvv  /|__/|?[0m
[?[34m16:55:40.889 STDOUT (DEBUG) on Finalizer utils.HLInstance.printMessage(HLInstance.java:357)]                  I   /O,O   |?[0m
[?[34m16:55:40.890 STDOUT (DEBUG) on Finalizer utils.HLInstance.printMessage(HLInstance.java:357)]                  I /_____   |      /|/|?[0m
[?[34m16:55:40.891 STDOUT (DEBUG) on Finalizer utils.HLInstance.printMessage(HLInstance.java:357)]                 J|/^ ^ ^ \  |    /00  |    _//|?[0m
[?[34m16:55:40.892 STDOUT (DEBUG) on Finalizer utils.HLInstance.printMessage(HLInstance.java:357)]                  |^ ^ ^ ^ |W|   |/^^\ |   /oo |?[0m
[?[34m16:55:40.909 STDOUT (DEBUG) on Test worker utils.HLInstance.printMessage(HLInstance.java:357)] ?[32mFermeture du service de log
?[33m                   /*``.           `-:--.`?[0m
[?[34m16:55:40.910 STDOUT (DEBUG) on Test worker utils.HLInstance.printMessage(HLInstance.java:357)] ?[33m                  `.-::::/.        .:::::::y?[0m
[?[34m16:55:40.909 COMMUNICATION (DEBUG) on Thread-12 utils.communication.SocketServerInterface$1.run(SocketServerInterface.java:71)] Waiting connection on port 13550?[0m
[?[34m16:55:40.911 STDOUT (DEBUG) on Test worker utils.HLInstance.printMessage(HLInstance.java:357)] ?[33m                 `::::::::o``````.-::::::/h-?[0m
[?[34m16:55:40.912 STDOUT (DEBUG) on Finalizer utils.HLInstance.printMessage(HLInstance.java:357)]                   \m___m__|_|    \m_m_|   \mm_|?[0m
[?[34m16:55:40.913 STDOUT (DEBUG) on Finalizer utils.HLInstance.printMessage(HLInstance.java:357)] ?[0m
[?[34m16:55:40.913 STDOUT (DEBUG) on Test worker utils.HLInstance.printMessage(HLInstance.java:357)] ?[33m                 `::::::::::::::::::::::/h.?[0m
[?[34m16:55:40.917 STDOUT (DEBUG) on Finalizer utils.HLInstance.printMessage(HLInstance.java:357)] ------------------------- TOTORO'S END -------------------------?[0m
[?[34m16:55:40.918 STDOUT (DEBUG) on Test worker utils.HLInstance.printMessage(HLInstance.java:357)] ?[33m                  -::::::://++++//::::::::.?[0m
[?[34m16:55:40.923 STDOUT (DEBUG) on Test worker utils.HLInstance.printMessage(HLInstance.java:357)] ?[33m               `-::::/oso+/:-....--://:::::-.``.---:`?[0m
[?[34m16:55:40.929 STDOUT (DEBUG) on Test worker utils.HLInstance.printMessage(HLInstance.java:357)] ?[33m      ````   .-:::/so/-      ``````  `.:::::::::::::+ ?[34m``````````````````````````````````````````````````````````````````````?[0m
[?[34m16:55:40.946 STDOUT (DEBUG) on Test worker utils.HLInstance.printMessage(HLInstance.java:357)] ?[33m    `-:::::--:::os+.?[34m   `/sssssss`   ./syyyyyys+/y+sssssssssssssssssssssssssssssssssssssssssssssssssssssssssssssssssssssy- `-:::://?[0m
[?[34m16:55:40.966 STDOUT (DEBUG) on Test worker utils.HLInstance.printMessage(HLInstance.java:357)] ?[33m   `-:::::::::+y/`?[34mS   .shhhhhdd:   `/hhhhhhhhhdo:/dddddddddddddddddhhhhhhhdddddddddddddddddddddddddddddddddddddddddddddo`.:////sy.?[0m
[?[34m16:55:40.981 STDOUT (DEBUG) on Test worker utils.HLInstance.printMessage(HLInstance.java:357)] ?[33m   ::::::::::so`?[34m     :yhhhhhmy`   .ohhhhhhhhhhd  `//oooooo+//////+hhhhhhdd+///////+++++++/////////////////+++++++/////-`-////+h+` `?[0m
[?[34m16:55:40.992 STDOUT (DEBUG) on Test worker utils.HLInstance.printMessage(HLInstance.java:357)] ?[33m  `://:::::y/ ?[34mU   `+hhhhhdm+    -yhhhhhdhhhhhm`  `oyyyyyhs     .shhhhhdh-  ``.-:::////:::-.       ``.-::::////::://  `://///o+:::::::-.?[0m
[?[34m16:55:40.995 STDOUT (DEBUG) on Test worker utils.HLInstance.printMessage(HLInstance.java:357)] ?[33m      `::::y/ ?[34m    .shhhhhdh-   `+hhhhhdd+shhhhd- -yhhhhhmo`    /yhhhhhms` .-://+ssso+++/////o   `.:://+ossoo+++o+oy- -/////+ssoo+//////h?[0m
[?[34m16:55:40.997 STDOUT (DEBUG) on Test worker utils.HLInstance.printMessage(HLInstance.java:357)] ?[33m      .:::/y ?[34mU   :yhhhhhms`   .shhhhhdy?[33m::?[34mhhhhhho+hhhhhdd:    `ohhhhhdd/ .:///oyo::-----////oy `-:///oyo:.`      `-``:////oy+-` `:////+h:?[0m
[?[34m16:55:41.007 STDOUT (DEBUG) on Test worker utils.HLInstance.printMessage(HLInstance.java:357)] ?[33m      -:::o: ?[34m  `+hhhhhdm/    :yhhhhddo?[33m:::?[34m+hhhhhhhhhhhms.    -yhhhhhdh. -////yo.`ooooooooooss``:////yo.            -/////yo`   .:////ys.?[0m
[?[34m16:55:41.008 STDOUT (DEBUG) on Test worker utils.HLInstance.printMessage(HLInstance.java:357)] ?[33m   ``.::::+-?[34m S .shhhhhdh-   `+hhhhhdd/?[33m::::?[34m/hhhhhhhhhdd/     /hhhhhhmo` `/////s```..----:+:..  -/////o``````..:.  `:////oh:   `-////+h/?[0m
[?[34m16:55:41.012 STDOUT (DEBUG) on Test worker utils.HLInstance.printMessage(HLInstance.java:357)] ?[33m`.-::::::::+ ?[34m:yhhhhhms`   .shhhhhmy?[33m:::::::?[34mhhhhhhhhdh.    `ohhhhhdd:    :++////:::///+oys`    `/++/////://++yo` .:////ys`   .:////ys.?[0m
[?[34m16:55:41.012 STDOUT (DEBUG) on Test worker utils.HLInstance.printMessage(HLInstance.java:357)] ?[33m-::::::::::/-?[34m/oooooo/     -sssyyyo?[33m:+o/++//?[34mhyssssss+`     .sssssss.      `-/++oooo++//:.        .:/+oooo++/:-   /ooooo:     :ooooo/?[0m
[?[34m16:55:41.021 STDOUT (DEBUG) on Test worker utils.HLInstance.printMessage(HLInstance.java:357)] ?[33m.:::::/o:::::-`               `.--:::os+```.---?[0m
[?[34m16:55:41.027 STDOUT (DEBUG) on Test worker utils.HLInstance.printMessage(HLInstance.java:357)] ?[33m :+ooo/.`::::::-..`````````.--::::+ss:`?[0m
[?[34m16:55:41.029 STDOUT (DEBUG) on Test worker utils.HLInstance.printMessage(HLInstance.java:357)] ?[33m  ``     `-/::::::::::::::::::::::s.?[0m
[?[34m16:55:41.031 STDOUT (DEBUG) on Test worker utils.HLInstance.printMessage(HLInstance.java:357)] ?[33m          `:::::::::::://+::::::::o-?[0m
[?[34m16:55:41.032 STDOUT (DEBUG) on Test worker utils.HLInstance.printMessage(HLInstance.java:357)] ?[33m         `:::::::/h////::.-:::::::y-?[0m
[?[34m16:55:41.034 STDOUT (DEBUG) on Test worker utils.HLInstance.printMessage(HLInstance.java:357)] ?[33m         :::::::ss`        -:/+sso:?[0m
[?[34m16:55:41.036 STDOUT (DEBUG) on Test worker utils.HLInstance.printMessage(HLInstance.java:357)] ?[33m         .:/++sy:          `//*/?[0m
[?[34m16:55:41.038 STDOUT (DEBUG) on Test worker utils.HLInstance.printMessage(HLInstance.java:357)] ______________________________________________________________________________________________________________________________________________?[0m
[?[34m16:55:41.040 STDOUT (DEBUG) on Test worker utils.Log.init(Log.java:292)] ?[32mDémarrage du service de log?[0m
[?[34m16:55:41.042 STDOUT (DEBUG) on Test worker utils.Log.init(Log.java:293)] ?[0m?[0m
Initialisation du compteur...
[?[34m16:55:41.047 STDOUT (DEBUG) on Test worker utils.Log.attemptInitLogOutput(Log.java:413)] Création du fichier de log './../logs/Thu Jul 08 16:55:41 UTC 2021 #52 - everything.log' à '/home/ubuntu/TechTheTiller-HighLevel/logs/Thu Jul 08 16:55:41 UTC 2021 #52 - everything.log'?[0m
[?[34m16:55:41.050 STDOUT (DEBUG) on Test worker utils.Log.attemptInitLogOutput(Log.java:417)] Réussite de la création du fichier de log './../logs/Thu Jul 08 16:55:41 UTC 2021 #52 - everything.log?[0m
[?[34m16:55:41.052 STDOUT (DEBUG) on Test worker utils.Log.attemptInitLogOutput(Log.java:421)] Ouverture du fichier de log './../logs/Thu Jul 08 16:55:41 UTC 2021 #52 - everything.log'?[0m
[?[34m16:55:41.055 STDOUT (DEBUG) on Test worker utils.Log.attemptInitLogOutput(Log.java:413)] Création du fichier de log './../logs/Thu Jul 08 16:55:41 UTC 2021 #52.log' à '/home/ubuntu/TechTheTiller-HighLevel/logs/Thu Jul 08 16:55:41 UTC 2021 #52.log'?[0m
[?[34m16:55:41.057 STDOUT (DEBUG) on Test worker utils.Log.attemptInitLogOutput(Log.java:417)] Réussite de la création du fichier de log './../logs/Thu Jul 08 16:55:41 UTC 2021 #52.log?[0m
[?[34m16:55:41.059 STDOUT (DEBUG) on Test worker utils.Log.attemptInitLogOutput(Log.java:421)] Ouverture du fichier de log './../logs/Thu Jul 08 16:55:41 UTC 2021 #52.log'?[0m
[?[34m16:55:41.062 STDOUT (DEBUG) on Test worker utils.Log.attemptInitLogOutput(Log.java:413)] Création du fichier de log './../logs/Thu Jul 08 16:55:41 UTC 2021 #52 - errors.log' à '/home/ubuntu/TechTheTiller-HighLevel/logs/Thu Jul 08 16:55:41 UTC 2021 #52 - errors.log'?[0m
[?[34m16:55:41.064 STDOUT (DEBUG) on Test worker utils.Log.attemptInitLogOutput(Log.java:417)] Réussite de la création du fichier de log './../logs/Thu Jul 08 16:55:41 UTC 2021 #52 - errors.log?[0m
[?[34m16:55:41.066 STDOUT (DEBUG) on Test worker utils.Log.attemptInitLogOutput(Log.java:421)] Ouverture du fichier de log './../logs/Thu Jul 08 16:55:41 UTC 2021 #52 - errors.log'?[0m
[?[34m16:55:41.118 STDOUT (DEBUG) on Test worker utils.HLInstance.<init>(HLInstance.java:104)] Version : 07e922f on master - [tests]?[0m
[?[34m16:55:41.119 STDOUT (DEBUG) on Test worker utils.HLInstance.<init>(HLInstance.java:112)] System : Linux 5.4.0-1038-raspi aarch64?[0m
[?[34m16:55:41.120 STDOUT (DEBUG) on Test worker utils.HLInstance.<init>(HLInstance.java:114)] Java : Private Build 14.0.2, max memory : 0.5G, available processors : 4?[0m
[?[34m16:55:41.121 STDOUT (DEBUG) on Test worker utils.HLInstance.<init>(HLInstance.java:117)] ?[0m
[?[34m16:55:41.121 STDOUT (DEBUG) on Test worker utils.HLInstance.<init>(HLInstance.java:119)]    Remember, with great power comes great current squared times resistance !
?[0m
[?[34m16:55:41.123 STDOUT (DEBUG) on Test worker utils.HLInstance.<init>(HLInstance.java:122)] Chargement de la config...?[0m
[?[34m16:55:41.127 STDOUT (DEBUG) on Test worker pfg.config.Config.readConfigFile(Config.java:166)] Loading config file : /home/ubuntu/TechTheTiller-HighLevel/T3HL-common/../config/config.txt?[0m
[?[34m16:55:41.157 STDOUT (DEBUG) on Test worker pfg.config.Config.printChangedValues(Config.java:465)] Configuration diff :?[0m
[?[34m16:55:41.164 STDOUT (DEBUG) on Test worker pfg.config.Config.printChangedValues(Config.java:469)]   visualisation = false (default : true)?[0m
[?[34m16:55:41.166 STDOUT (DEBUG) on Test worker pfg.config.Config.printChangedValues(Config.java:469)]   usingBaliseImage = false (default : true)?[0m
[?[34m16:55:41.168 STDOUT (DEBUG) on Test worker pfg.config.Config.printChangedValues(Config.java:469)]   usingPanel = false (default : true)?[0m
[?[34m16:55:41.171 STDOUT (DEBUG) on Test worker pfg.config.Config.printChangedValues(Config.java:469)]   connectToBuddy = false (default : true)?[0m
[?[34m16:55:41.173 STDOUT (DEBUG) on Test worker pfg.config.Config.printChangedValues(Config.java:469)]   buddyRay = 70 (default : 150)?[0m
[?[34m16:55:41.176 STDOUT (DEBUG) on Test worker pfg.config.Config.printChangedValues(Config.java:469)]   ennemyRay = 150 (default : 220)?[0m
[?[34m16:55:41.177 STDOUT (DEBUG) on Test worker pfg.config.Config.printChangedValues(Config.java:469)]   nbrNoeudsX = 30 (default : 45)?[0m
[?[34m16:55:41.178 STDOUT (DEBUG) on Test worker pfg.config.Config.printChangedValues(Config.java:469)]   nbrNoeudsY = 20 (default : 30)?[0m
[?[34m16:55:41.179 STDOUT (DEBUG) on Test worker pfg.config.Config.printChangedValues(Config.java:469)]   nbrNoeudsCircle = 14 (default : 12)?[0m
[?[34m16:55:41.180 DATA_HANDLER (DEBUG) on Test worker utils.HLInstance.module(HLInstance.java:271)] Initialisation du moduleClass OrderWrapper?[0m
[?[34m16:55:41.182 DATA_HANDLER (DEBUG) on Test worker utils.HLInstance.module(HLInstance.java:285)] Mise à jour de la config du moduleClass OrderWrapper après son initialisation.?[0m
[?[34m16:55:41.183 STDOUT (DEBUG) on Test worker pfg.config.Config.loadInto(Config.java:274)] Set private boolean orders.OrderWrapper.symetry to false?[0m
[?[34m16:55:41.185 STDOUT (DEBUG) on Test worker pfg.config.Config.loadInto(Config.java:274)] Set private boolean orders.OrderWrapper.simulation to false?[0m
[?[34m16:55:41.186 STDOUT (DEBUG) on Test worker pfg.config.Config.loadInto(Config.java:274)] Set private boolean orders.OrderWrapper.usingBaliseImage to false?[0m
[?[34m16:55:41.188 DATA_HANDLER (DEBUG) on Test worker utils.HLInstance.module(HLInstance.java:297)] Module OrderWrapper prêt?[0m
[?[34m16:55:41.189 DATA_HANDLER (DEBUG) on Test worker utils.HLInstance.module(HLInstance.java:271)] Initialisation du moduleClass ConnectionManager?[0m
[?[34m16:55:41.191 DATA_HANDLER (DEBUG) on Test worker utils.HLInstance.module(HLInstance.java:285)] Mise à jour de la config du moduleClass ConnectionManager après son initialisation.?[0m
[?[34m16:55:41.192 DATA_HANDLER (DEBUG) on Test worker utils.HLInstance.module(HLInstance.java:297)] Module ConnectionManager prêt?[0m
[?[34m16:55:41.194 COMMUNICATION (DEBUG) on Thread-14 utils.communication.SocketServerInterface$1.run(SocketServerInterface.java:57)] Creating socket waiting connection on port 13550?[0m
[?[34m16:55:41.196 COMMUNICATION (DEBUG) on Thread-14 utils.communication.SocketServerInterface$1.run(SocketServerInterface.java:60)] Receive buffer size on null is 65536?[0m
[?[34m16:55:41.197 COMMUNICATION (DEBUG) on Thread-14 utils.communication.SocketServerInterface$1.run(SocketServerInterface.java:71)] Waiting connection on port 13550?[0m
[?[34m16:55:41.245 COMMUNICATION (DEBUG) on SocketClient(localhost:13550) utils.communication.SocketClientInterface.lambda$init$0(SocketClientInterface.java:51)] Trying to connect to localhost on port 13550?[0m
[?[34m16:55:41.249 COMMUNICATION (DEBUG) on SocketClient(localhost:13550) utils.communication.SocketClientInterface.lambda$init$0(SocketClientInterface.java:53)] Socket created to localhost on port 13550?[0m
[?[34m16:55:41.252 COMMUNICATION (DEBUG) on SocketClient(localhost:13550) utils.communication.SocketClientInterface.lambda$init$0(SocketClientInterface.java:70)] SUCCESS to connect to localhost on port 13550?[0m
[?[34m16:55:41.254 COMMUNICATION (DEBUG) on Thread-14 utils.communication.SocketServerInterface$1.run(SocketServerInterface.java:77)] Connection accepted on port 13550?[0m
[?[34m16:55:41.256 COMMUNICATION (DEBUG) on Thread-14 utils.communication.SocketServerInterface$1.run(SocketServerInterface.java:79)] Connection initialized on port 13550?[0m
[?[34m16:55:41.258 COMMUNICATION (DEBUG) on Thread-14 utils.communication.SocketServerInterface$1.run(SocketServerInterface.java:81)] Initialized connection with a 'ping'?[0m
[?[34m16:55:41.260 COMMUNICATION (DEBUG) on Thread-14 utils.communication.SocketServerInterface$1.run(SocketServerInterface.java:71)] Waiting connection on port 13550?[0m
[?[34m16:55:41.296 ORDERS (DEBUG) on Test worker jdk.internal.reflect.NativeMethodAccessorImpl.invoke0(NativeMethodAccessorImpl.java:-2)] Sent to LL: co 3.14159?[0m
[?[34m16:55:41.318 COMMUNICATION (DEBUG) on Test worker utils.communication.SocketServerInterface.read(SocketServerInterface.java:107)] >> READ: co 3.14159?[0m
[?[34m16:55:42.054 STDOUT (DEBUG) on Test worker org.gradle.api.internal.tasks.testing.processors.CaptureTestOutputTestResultProcessor.completed(CaptureTestOutputTestResultProcessor.java:80)] ?[0m
[?[34m16:55:42.060 STDOUT (DEBUG) on Test worker org.gradle.api.internal.tasks.testing.processors.CaptureTestOutputTestResultProcessor.started(CaptureTestOutputTestResultProcessor.java:51)] ?[0m
[?[34m16:55:42.068 COMMUNICATION (DEBUG) on Thread-14 utils.communication.SocketServerInterface$1.run(SocketServerInterface.java:71)] Waiting connection on port 13550?[0m
[?[34m16:55:42.075 STDOUT (DEBUG) on Finalizer utils.Log.close(Log.java:435)] ?[32mFermeture du service de log?[0m
[?[34m16:55:42.076 STDOUT (DEBUG) on Test worker utils.HLInstance.printMessage(HLInstance.java:357)] ?[32mFermeture du service de log
?[33m                   /*``.           `-:--.`?[0m
[?[34m16:55:42.077 STDOUT (DEBUG) on Finalizer utils.HLInstance.printMessage(HLInstance.java:357)]     	       _____?[0m
[?[34m16:55:42.078 STDOUT (DEBUG) on Finalizer utils.HLInstance.printMessage(HLInstance.java:357)]               /     \?[0m
[?[34m16:55:42.079 STDOUT (DEBUG) on Finalizer utils.HLInstance.printMessage(HLInstance.java:357)]               vvvvvvv  /|__/|?[0m
[?[34m16:55:42.079 STDOUT (DEBUG) on Test worker utils.HLInstance.printMessage(HLInstance.java:357)] ?[33m                  `.-::::/.        .:::::::y?[0m
[?[34m16:55:42.082 STDOUT (DEBUG) on Test worker utils.HLInstance.printMessage(HLInstance.java:357)] ?[33m                 `::::::::o``````.-::::::/h-?[0m
[?[34m16:55:42.084 STDOUT (DEBUG) on Finalizer utils.HLInstance.printMessage(HLInstance.java:357)]                  I   /O,O   |?[0m
[?[34m16:55:42.085 STDOUT (DEBUG) on Finalizer utils.HLInstance.printMessage(HLInstance.java:357)]                  I /_____   |      /|/|?[0m
[?[34m16:55:42.086 STDOUT (DEBUG) on Finalizer utils.HLInstance.printMessage(HLInstance.java:357)]                 J|/^ ^ ^ \  |    /00  |    _//|?[0m
[?[34m16:55:42.086 STDOUT (DEBUG) on Finalizer utils.HLInstance.printMessage(HLInstance.java:357)]                  |^ ^ ^ ^ |W|   |/^^\ |   /oo |?[0m
[?[34m16:55:42.088 STDOUT (DEBUG) on Finalizer utils.HLInstance.printMessage(HLInstance.java:357)]                   \m___m__|_|    \m_m_|   \mm_|?[0m
[?[34m16:55:42.090 STDOUT (DEBUG) on Finalizer utils.HLInstance.printMessage(HLInstance.java:357)] ?[0m
[?[34m16:55:42.091 STDOUT (DEBUG) on Finalizer utils.HLInstance.printMessage(HLInstance.java:357)] ------------------------- TOTORO'S END -------------------------?[0m
[?[34m16:55:42.092 STDOUT (DEBUG) on Test worker utils.HLInstance.printMessage(HLInstance.java:357)] ?[33m                 `::::::::::::::::::::::/h.?[0m
[?[34m16:55:42.093 STDOUT (DEBUG) on Test worker utils.HLInstance.printMessage(HLInstance.java:357)] ?[33m                  -::::::://++++//::::::::.?[0m
[?[34m16:55:42.094 STDOUT (DEBUG) on Test worker utils.HLInstance.printMessage(HLInstance.java:357)] ?[33m               `-::::/oso+/:-....--://:::::-.``.---:`?[0m
[?[34m16:55:42.095 STDOUT (DEBUG) on Test worker utils.HLInstance.printMessage(HLInstance.java:357)] ?[33m      ````   .-:::/so/-      ``````  `.:::::::::::::+ ?[34m``````````````````````````````````````````````````````````````````````?[0m
[?[34m16:55:42.096 STDOUT (DEBUG) on Test worker utils.HLInstance.printMessage(HLInstance.java:357)] ?[33m    `-:::::--:::os+.?[34m   `/sssssss`   ./syyyyyys+/y+sssssssssssssssssssssssssssssssssssssssssssssssssssssssssssssssssssssy- `-:::://?[0m
[?[34m16:55:42.098 STDOUT (DEBUG) on Test worker utils.HLInstance.printMessage(HLInstance.java:357)] ?[33m   `-:::::::::+y/`?[34mS   .shhhhhdd:   `/hhhhhhhhhdo:/dddddddddddddddddhhhhhhhdddddddddddddddddddddddddddddddddddddddddddddo`.:////sy.?[0m
[?[34m16:55:42.099 STDOUT (DEBUG) on Test worker utils.HLInstance.printMessage(HLInstance.java:357)] ?[33m   ::::::::::so`?[34m     :yhhhhhmy`   .ohhhhhhhhhhd  `//oooooo+//////+hhhhhhdd+///////+++++++/////////////////+++++++/////-`-////+h+` `?[0m
[?[34m16:55:42.100 STDOUT (DEBUG) on Test worker utils.HLInstance.printMessage(HLInstance.java:357)] ?[33m  `://:::::y/ ?[34mU   `+hhhhhdm+    -yhhhhhdhhhhhm`  `oyyyyyhs     .shhhhhdh-  ``.-:::////:::-.       ``.-::::////::://  `://///o+:::::::-.?[0m
[?[34m16:55:42.100 STDOUT (DEBUG) on Test worker utils.HLInstance.printMessage(HLInstance.java:357)] ?[33m      `::::y/ ?[34m    .shhhhhdh-   `+hhhhhdd+shhhhd- -yhhhhhmo`    /yhhhhhms` .-://+ssso+++/////o   `.:://+ossoo+++o+oy- -/////+ssoo+//////h?[0m
[?[34m16:55:42.101 STDOUT (DEBUG) on Test worker utils.HLInstance.printMessage(HLInstance.java:357)] ?[33m      .:::/y ?[34mU   :yhhhhhms`   .shhhhhdy?[33m::?[34mhhhhhho+hhhhhdd:    `ohhhhhdd/ .:///oyo::-----////oy `-:///oyo:.`      `-``:////oy+-` `:////+h:?[0m
[?[34m16:55:42.103 STDOUT (DEBUG) on Test worker utils.HLInstance.printMessage(HLInstance.java:357)] ?[33m      -:::o: ?[34m  `+hhhhhdm/    :yhhhhddo?[33m:::?[34m+hhhhhhhhhhhms.    -yhhhhhdh. -////yo.`ooooooooooss``:////yo.            -/////yo`   .:////ys.?[0m
[?[34m16:55:42.104 STDOUT (DEBUG) on Test worker utils.HLInstance.printMessage(HLInstance.java:357)] ?[33m   ``.::::+-?[34m S .shhhhhdh-   `+hhhhhdd/?[33m::::?[34m/hhhhhhhhhdd/     /hhhhhhmo` `/////s```..----:+:..  -/////o``````..:.  `:////oh:   `-////+h/?[0m
[?[34m16:55:42.104 STDOUT (DEBUG) on Test worker utils.HLInstance.printMessage(HLInstance.java:357)] ?[33m`.-::::::::+ ?[34m:yhhhhhms`   .shhhhhmy?[33m:::::::?[34mhhhhhhhhdh.    `ohhhhhdd:    :++////:::///+oys`    `/++/////://++yo` .:////ys`   .:////ys.?[0m
[?[34m16:55:42.105 STDOUT (DEBUG) on Test worker utils.HLInstance.printMessage(HLInstance.java:357)] ?[33m-::::::::::/-?[34m/oooooo/     -sssyyyo?[33m:+o/++//?[34mhyssssss+`     .sssssss.      `-/++oooo++//:.        .:/+oooo++/:-   /ooooo:     :ooooo/?[0m
[?[34m16:55:42.106 STDOUT (DEBUG) on Test worker utils.HLInstance.printMessage(HLInstance.java:357)] ?[33m.:::::/o:::::-`               `.--:::os+```.---?[0m
[?[34m16:55:42.107 STDOUT (DEBUG) on Test worker utils.HLInstance.printMessage(HLInstance.java:357)] ?[33m :+ooo/.`::::::-..`````````.--::::+ss:`?[0m
[?[34m16:55:42.108 STDOUT (DEBUG) on Test worker utils.HLInstance.printMessage(HLInstance.java:357)] ?[33m  ``     `-/::::::::::::::::::::::s.?[0m
[?[34m16:55:42.109 STDOUT (DEBUG) on Test worker utils.HLInstance.printMessage(HLInstance.java:357)] ?[33m          `:::::::::::://+::::::::o-?[0m
[?[34m16:55:42.110 STDOUT (DEBUG) on Test worker utils.HLInstance.printMessage(HLInstance.java:357)] ?[33m         `:::::::/h////::.-:::::::y-?[0m
[?[34m16:55:42.111 STDOUT (DEBUG) on Test worker utils.HLInstance.printMessage(HLInstance.java:357)] ?[33m         :::::::ss`        -:/+sso:?[0m
[?[34m16:55:42.112 STDOUT (DEBUG) on Test worker utils.HLInstance.printMessage(HLInstance.java:357)] ?[33m         .:/++sy:          `//*/?[0m
[?[34m16:55:42.113 STDOUT (DEBUG) on Test worker utils.HLInstance.printMessage(HLInstance.java:357)] ______________________________________________________________________________________________________________________________________________?[0m
[?[34m16:55:42.114 STDOUT (DEBUG) on Test worker utils.Log.init(Log.java:292)] ?[32mDémarrage du service de log?[0m
[?[34m16:55:42.115 STDOUT (DEBUG) on Test worker utils.Log.init(Log.java:293)] ?[0m?[0m
Initialisation du compteur...
[?[34m16:55:42.118 STDOUT (DEBUG) on Test worker utils.Log.attemptInitLogOutput(Log.java:413)] Création du fichier de log './../logs/Thu Jul 08 16:55:42 UTC 2021 #53 - everything.log' à '/home/ubuntu/TechTheTiller-HighLevel/logs/Thu Jul 08 16:55:42 UTC 2021 #53 - everything.log'?[0m
[?[34m16:55:42.120 STDOUT (DEBUG) on Test worker utils.Log.attemptInitLogOutput(Log.java:417)] Réussite de la création du fichier de log './../logs/Thu Jul 08 16:55:42 UTC 2021 #53 - everything.log?[0m
[?[34m16:55:42.121 STDOUT (DEBUG) on Test worker utils.Log.attemptInitLogOutput(Log.java:421)] Ouverture du fichier de log './../logs/Thu Jul 08 16:55:42 UTC 2021 #53 - everything.log'?[0m
[?[34m16:55:42.124 STDOUT (DEBUG) on Test worker utils.Log.attemptInitLogOutput(Log.java:413)] Création du fichier de log './../logs/Thu Jul 08 16:55:42 UTC 2021 #53.log' à '/home/ubuntu/TechTheTiller-HighLevel/logs/Thu Jul 08 16:55:42 UTC 2021 #53.log'?[0m
[?[34m16:55:42.127 STDOUT (DEBUG) on Test worker utils.Log.attemptInitLogOutput(Log.java:417)] Réussite de la création du fichier de log './../logs/Thu Jul 08 16:55:42 UTC 2021 #53.log?[0m
[?[34m16:55:42.129 STDOUT (DEBUG) on Test worker utils.Log.attemptInitLogOutput(Log.java:421)] Ouverture du fichier de log './../logs/Thu Jul 08 16:55:42 UTC 2021 #53.log'?[0m
[?[34m16:55:42.130 STDOUT (DEBUG) on Test worker utils.Log.attemptInitLogOutput(Log.java:413)] Création du fichier de log './../logs/Thu Jul 08 16:55:42 UTC 2021 #53 - errors.log' à '/home/ubuntu/TechTheTiller-HighLevel/logs/Thu Jul 08 16:55:42 UTC 2021 #53 - errors.log'?[0m
[?[34m16:55:42.132 STDOUT (DEBUG) on Test worker utils.Log.attemptInitLogOutput(Log.java:417)] Réussite de la création du fichier de log './../logs/Thu Jul 08 16:55:42 UTC 2021 #53 - errors.log?[0m
[?[34m16:55:42.133 STDOUT (DEBUG) on Test worker utils.Log.attemptInitLogOutput(Log.java:421)] Ouverture du fichier de log './../logs/Thu Jul 08 16:55:42 UTC 2021 #53 - errors.log'?[0m
[?[34m16:55:42.185 STDOUT (DEBUG) on Test worker utils.HLInstance.<init>(HLInstance.java:104)] Version : 07e922f on master - [tests]?[0m
[?[34m16:55:42.190 STDOUT (DEBUG) on Test worker utils.HLInstance.<init>(HLInstance.java:112)] System : Linux 5.4.0-1038-raspi aarch64?[0m
[?[34m16:55:42.194 STDOUT (DEBUG) on Test worker utils.HLInstance.<init>(HLInstance.java:114)] Java : Private Build 14.0.2, max memory : 0.5G, available processors : 4?[0m
[?[34m16:55:42.198 STDOUT (DEBUG) on Test worker utils.HLInstance.<init>(HLInstance.java:117)] ?[0m
[?[34m16:55:42.202 STDOUT (DEBUG) on Test worker utils.HLInstance.<init>(HLInstance.java:119)]    Remember, with great power comes great current squared times resistance !
?[0m
[?[34m16:55:42.206 STDOUT (DEBUG) on Test worker utils.HLInstance.<init>(HLInstance.java:122)] Chargement de la config...?[0m
[?[34m16:55:42.215 STDOUT (DEBUG) on Test worker pfg.config.Config.readConfigFile(Config.java:166)] Loading config file : /home/ubuntu/TechTheTiller-HighLevel/T3HL-common/../config/config.txt?[0m
[?[34m16:55:42.238 STDOUT (DEBUG) on Test worker pfg.config.Config.printChangedValues(Config.java:465)] Configuration diff :?[0m
[?[34m16:55:42.246 STDOUT (DEBUG) on Test worker pfg.config.Config.printChangedValues(Config.java:469)]   visualisation = false (default : true)?[0m
[?[34m16:55:42.248 STDOUT (DEBUG) on Test worker pfg.config.Config.printChangedValues(Config.java:469)]   usingBaliseImage = false (default : true)?[0m
[?[34m16:55:42.249 STDOUT (DEBUG) on Test worker pfg.config.Config.printChangedValues(Config.java:469)]   usingPanel = false (default : true)?[0m
[?[34m16:55:42.250 STDOUT (DEBUG) on Test worker pfg.config.Config.printChangedValues(Config.java:469)]   connectToBuddy = false (default : true)?[0m
[?[34m16:55:42.252 STDOUT (DEBUG) on Test worker pfg.config.Config.printChangedValues(Config.java:469)]   buddyRay = 70 (default : 150)?[0m
[?[34m16:55:42.254 STDOUT (DEBUG) on Test worker pfg.config.Config.printChangedValues(Config.java:469)]   ennemyRay = 150 (default : 220)?[0m
[?[34m16:55:42.256 STDOUT (DEBUG) on Test worker pfg.config.Config.printChangedValues(Config.java:469)]   nbrNoeudsX = 30 (default : 45)?[0m
[?[34m16:55:42.275 STDOUT (DEBUG) on Test worker pfg.config.Config.printChangedValues(Config.java:469)]   nbrNoeudsY = 20 (default : 30)?[0m
[?[34m16:55:42.277 STDOUT (DEBUG) on Test worker pfg.config.Config.printChangedValues(Config.java:469)]   nbrNoeudsCircle = 14 (default : 12)?[0m
[?[34m16:55:42.279 DATA_HANDLER (DEBUG) on Test worker utils.HLInstance.module(HLInstance.java:271)] Initialisation du moduleClass OrderWrapper?[0m
[?[34m16:55:42.280 DATA_HANDLER (DEBUG) on Test worker utils.HLInstance.module(HLInstance.java:285)] Mise à jour de la config du moduleClass OrderWrapper après son initialisation.?[0m
[?[34m16:55:42.281 STDOUT (DEBUG) on Test worker pfg.config.Config.loadInto(Config.java:274)] Set private boolean orders.OrderWrapper.symetry to false?[0m
[?[34m16:55:42.283 STDOUT (DEBUG) on Test worker pfg.config.Config.loadInto(Config.java:274)] Set private boolean orders.OrderWrapper.simulation to false?[0m
[?[34m16:55:42.284 STDOUT (DEBUG) on Test worker pfg.config.Config.loadInto(Config.java:274)] Set private boolean orders.OrderWrapper.usingBaliseImage to false?[0m
[?[34m16:55:42.285 DATA_HANDLER (DEBUG) on Test worker utils.HLInstance.module(HLInstance.java:297)] Module OrderWrapper prêt?[0m
[?[34m16:55:42.286 DATA_HANDLER (DEBUG) on Test worker utils.HLInstance.module(HLInstance.java:271)] Initialisation du moduleClass ConnectionManager?[0m
[?[34m16:55:42.287 DATA_HANDLER (DEBUG) on Test worker utils.HLInstance.module(HLInstance.java:285)] Mise à jour de la config du moduleClass ConnectionManager après son initialisation.?[0m
[?[34m16:55:42.289 DATA_HANDLER (DEBUG) on Test worker utils.HLInstance.module(HLInstance.java:297)] Module ConnectionManager prêt?[0m
[?[34m16:55:42.304 COMMUNICATION (DEBUG) on Thread-16 utils.communication.SocketServerInterface$1.run(SocketServerInterface.java:57)] Creating socket waiting connection on port 13550?[0m
[?[34m16:55:42.305 COMMUNICATION (DEBUG) on Thread-16 utils.communication.SocketServerInterface$1.run(SocketServerInterface.java:60)] Receive buffer size on null is 65536?[0m
[?[34m16:55:42.307 COMMUNICATION (DEBUG) on Thread-16 utils.communication.SocketServerInterface$1.run(SocketServerInterface.java:71)] Waiting connection on port 13550?[0m
[?[34m16:55:42.359 COMMUNICATION (DEBUG) on SocketClient(localhost:13550) utils.communication.SocketClientInterface.lambda$init$0(SocketClientInterface.java:51)] Trying to connect to localhost on port 13550?[0m
[?[34m16:55:42.361 COMMUNICATION (DEBUG) on SocketClient(localhost:13550) utils.communication.SocketClientInterface.lambda$init$0(SocketClientInterface.java:53)] Socket created to localhost on port 13550?[0m
[?[34m16:55:42.362 COMMUNICATION (DEBUG) on Thread-16 utils.communication.SocketServerInterface$1.run(SocketServerInterface.java:77)] Connection accepted on port 13550?[0m
[?[34m16:55:42.363 COMMUNICATION (DEBUG) on SocketClient(localhost:13550) utils.communication.SocketClientInterface.lambda$init$0(SocketClientInterface.java:70)] SUCCESS to connect to localhost on port 13550?[0m
[?[34m16:55:42.365 COMMUNICATION (DEBUG) on Thread-16 utils.communication.SocketServerInterface$1.run(SocketServerInterface.java:79)] Connection initialized on port 13550?[0m
[?[34m16:55:42.367 COMMUNICATION (DEBUG) on Thread-16 utils.communication.SocketServerInterface$1.run(SocketServerInterface.java:81)] Initialized connection with a 'ping'?[0m
[?[34m16:55:42.368 COMMUNICATION (DEBUG) on Thread-16 utils.communication.SocketServerInterface$1.run(SocketServerInterface.java:71)] Waiting connection on port 13550?[0m
[?[34m16:55:42.458 ORDERS (DEBUG) on Test worker jdk.internal.reflect.NativeMethodAccessorImpl.invoke0(NativeMethodAccessorImpl.java:-2)] Sent to LL: nh 0 2 3 2 3.14159 2.00000 valve RIGHT on?[0m
[?[34m16:55:42.480 COMMUNICATION (DEBUG) on Test worker utils.communication.SocketServerInterface.read(SocketServerInterface.java:107)] >> READ: nh 0 2 3 2 3.14159 2.00000 valve RIGHT on?[0m
[?[34m16:55:43.152 STDOUT (DEBUG) on Test worker org.gradle.api.internal.tasks.testing.processors.CaptureTestOutputTestResultProcessor.completed(CaptureTestOutputTestResultProcessor.java:80)] ?[0m
[?[34m16:55:43.154 STDOUT (DEBUG) on Test worker org.gradle.api.internal.tasks.testing.processors.CaptureTestOutputTestResultProcessor.started(CaptureTestOutputTestResultProcessor.java:51)] ?[0m
[?[34m16:55:43.163 STDOUT (DEBUG) on Finalizer utils.Log.close(Log.java:435)] ?[32mFermeture du service de log?[0m
[?[34m16:55:43.163 STDOUT (DEBUG) on Finalizer utils.HLInstance.printMessage(HLInstance.java:357)]     	       _____?[0m
[?[34m16:55:43.164 STDOUT (DEBUG) on Finalizer utils.HLInstance.printMessage(HLInstance.java:357)]               /     \?[0m
[?[34m16:55:43.165 STDOUT (DEBUG) on Finalizer utils.HLInstance.printMessage(HLInstance.java:357)]               vvvvvvv  /|__/|?[0m
[?[34m16:55:43.165 STDOUT (DEBUG) on Finalizer utils.HLInstance.printMessage(HLInstance.java:357)]                  I   /O,O   |?[0m
[?[34m16:55:43.166 STDOUT (DEBUG) on Finalizer utils.HLInstance.printMessage(HLInstance.java:357)]                  I /_____   |      /|/|?[0m
[?[34m16:55:43.167 STDOUT (DEBUG) on Finalizer utils.HLInstance.printMessage(HLInstance.java:357)]                 J|/^ ^ ^ \  |    /00  |    _//|?[0m
[?[34m16:55:43.168 STDOUT (DEBUG) on Finalizer utils.HLInstance.printMessage(HLInstance.java:357)]                  |^ ^ ^ ^ |W|   |/^^\ |   /oo |?[0m
[?[34m16:55:43.169 STDOUT (DEBUG) on Finalizer utils.HLInstance.printMessage(HLInstance.java:357)]                   \m___m__|_|    \m_m_|   \mm_|?[0m
[?[34m16:55:43.169 STDOUT (DEBUG) on Finalizer utils.HLInstance.printMessage(HLInstance.java:357)] ?[0m
[?[34m16:55:43.170 STDOUT (DEBUG) on Finalizer utils.HLInstance.printMessage(HLInstance.java:357)] ------------------------- TOTORO'S END -------------------------?[0m
[?[34m16:55:43.176 STDOUT (DEBUG) on Test worker utils.HLInstance.printMessage(HLInstance.java:357)] ?[33m                   /*``.           `-:--.`?[0m
[?[34m16:55:43.180 STDOUT (DEBUG) on Test worker utils.HLInstance.printMessage(HLInstance.java:357)] ?[33m                  `.-::::/.        .:::::::y?[0m
[?[34m16:55:43.181 STDOUT (DEBUG) on Test worker utils.HLInstance.printMessage(HLInstance.java:357)] ?[33m                 `::::::::o``````.-::::::/h-?[0m
[?[34m16:55:43.183 COMMUNICATION (DEBUG) on Thread-16 utils.communication.SocketServerInterface$1.run(SocketServerInterface.java:71)] Waiting connection on port 13550?[0m
[?[34m16:55:43.182 STDOUT (DEBUG) on Test worker utils.HLInstance.printMessage(HLInstance.java:357)] ?[33m                 `::::::::::::::::::::::/h.?[0m
[?[34m16:55:43.202 STDOUT (DEBUG) on Test worker utils.HLInstance.printMessage(HLInstance.java:357)] ?[33m                  -::::::://++++//::::::::.?[0m
[?[34m16:55:43.203 STDOUT (DEBUG) on Test worker utils.HLInstance.printMessage(HLInstance.java:357)] ?[33m               `-::::/oso+/:-....--://:::::-.``.---:`?[0m
[?[34m16:55:43.204 STDOUT (DEBUG) on Test worker utils.HLInstance.printMessage(HLInstance.java:357)] ?[33m      ````   .-:::/so/-      ``````  `.:::::::::::::+ ?[34m``````````````````````````````````````````````````````````````````````?[0m
[?[34m16:55:43.211 STDOUT (DEBUG) on Test worker utils.HLInstance.printMessage(HLInstance.java:357)] ?[33m    `-:::::--:::os+.?[34m   `/sssssss`   ./syyyyyys+/y+sssssssssssssssssssssssssssssssssssssssssssssssssssssssssssssssssssssy- `-:::://?[0m
[?[34m16:55:43.220 STDOUT (DEBUG) on Test worker utils.HLInstance.printMessage(HLInstance.java:357)] ?[33m   `-:::::::::+y/`?[34mS   .shhhhhdd:   `/hhhhhhhhhdo:/dddddddddddddddddhhhhhhhdddddddddddddddddddddddddddddddddddddddddddddo`.:////sy.?[0m
[?[34m16:55:43.221 STDOUT (DEBUG) on Test worker utils.HLInstance.printMessage(HLInstance.java:357)] ?[33m   ::::::::::so`?[34m     :yhhhhhmy`   .ohhhhhhhhhhd  `//oooooo+//////+hhhhhhdd+///////+++++++/////////////////+++++++/////-`-////+h+` `?[0m
[?[34m16:55:43.222 STDOUT (DEBUG) on Test worker utils.HLInstance.printMessage(HLInstance.java:357)] ?[33m  `://:::::y/ ?[34mU   `+hhhhhdm+    -yhhhhhdhhhhhm`  `oyyyyyhs     .shhhhhdh-  ``.-:::////:::-.       ``.-::::////::://  `://///o+:::::::-.?[0m
[?[34m16:55:43.223 STDOUT (DEBUG) on Test worker utils.HLInstance.printMessage(HLInstance.java:357)] ?[33m      `::::y/ ?[34m    .shhhhhdh-   `+hhhhhdd+shhhhd- -yhhhhhmo`    /yhhhhhms` .-://+ssso+++/////o   `.:://+ossoo+++o+oy- -/////+ssoo+//////h?[0m
[?[34m16:55:43.243 STDOUT (DEBUG) on Test worker utils.HLInstance.printMessage(HLInstance.java:357)] ?[33m      .:::/y ?[34mU   :yhhhhhms`   .shhhhhdy?[33m::?[34mhhhhhho+hhhhhdd:    `ohhhhhdd/ .:///oyo::-----////oy `-:///oyo:.`      `-``:////oy+-` `:////+h:?[0m
[?[34m16:55:43.244 STDOUT (DEBUG) on Test worker utils.HLInstance.printMessage(HLInstance.java:357)] ?[33m      -:::o: ?[34m  `+hhhhhdm/    :yhhhhddo?[33m:::?[34m+hhhhhhhhhhhms.    -yhhhhhdh. -////yo.`ooooooooooss``:////yo.            -/////yo`   .:////ys.?[0m
[?[34m16:55:43.245 STDOUT (DEBUG) on Test worker utils.HLInstance.printMessage(HLInstance.java:357)] ?[33m   ``.::::+-?[34m S .shhhhhdh-   `+hhhhhdd/?[33m::::?[34m/hhhhhhhhhdd/     /hhhhhhmo` `/////s```..----:+:..  -/////o``````..:.  `:////oh:   `-////+h/?[0m
[?[34m16:55:43.245 STDOUT (DEBUG) on Test worker utils.HLInstance.printMessage(HLInstance.java:357)] ?[33m`.-::::::::+ ?[34m:yhhhhhms`   .shhhhhmy?[33m:::::::?[34mhhhhhhhhdh.    `ohhhhhdd:    :++////:::///+oys`    `/++/////://++yo` .:////ys`   .:////ys.?[0m
[?[34m16:55:43.246 STDOUT (DEBUG) on Test worker utils.HLInstance.printMessage(HLInstance.java:357)] ?[33m-::::::::::/-?[34m/oooooo/     -sssyyyo?[33m:+o/++//?[34mhyssssss+`     .sssssss.      `-/++oooo++//:.        .:/+oooo++/:-   /ooooo:     :ooooo/?[0m
[?[34m16:55:43.255 STDOUT (DEBUG) on Test worker utils.HLInstance.printMessage(HLInstance.java:357)] ?[33m.:::::/o:::::-`               `.--:::os+```.---?[0m
[?[34m16:55:43.258 STDOUT (DEBUG) on Test worker utils.HLInstance.printMessage(HLInstance.java:357)] ?[33m :+ooo/.`::::::-..`````````.--::::+ss:`?[0m
[?[34m16:55:43.260 STDOUT (DEBUG) on Test worker utils.HLInstance.printMessage(HLInstance.java:357)] ?[33m  ``     `-/::::::::::::::::::::::s.?[0m
[?[34m16:55:43.262 STDOUT (DEBUG) on Test worker utils.HLInstance.printMessage(HLInstance.java:357)] ?[33m          `:::::::::::://+::::::::o-?[0m
[?[34m16:55:43.263 STDOUT (DEBUG) on Test worker utils.HLInstance.printMessage(HLInstance.java:357)] ?[33m         `:::::::/h////::.-:::::::y-?[0m
[?[34m16:55:43.265 STDOUT (DEBUG) on Test worker utils.HLInstance.printMessage(HLInstance.java:357)] ?[33m         :::::::ss`        -:/+sso:?[0m
[?[34m16:55:43.267 STDOUT (DEBUG) on Test worker utils.HLInstance.printMessage(HLInstance.java:357)] ?[33m         .:/++sy:          `//*/?[0m
[?[34m16:55:43.268 STDOUT (DEBUG) on Test worker utils.HLInstance.printMessage(HLInstance.java:357)] ______________________________________________________________________________________________________________________________________________?[0m
[?[34m16:55:43.270 STDOUT (DEBUG) on Test worker utils.Log.init(Log.java:292)] ?[32mDémarrage du service de log?[0m
[?[34m16:55:43.271 STDOUT (DEBUG) on Test worker utils.Log.init(Log.java:293)] ?[0m?[0m
Initialisation du compteur...
[?[34m16:55:43.276 STDOUT (DEBUG) on Test worker utils.Log.attemptInitLogOutput(Log.java:413)] Création du fichier de log './../logs/Thu Jul 08 16:55:43 UTC 2021 #54 - everything.log' à '/home/ubuntu/TechTheTiller-HighLevel/logs/Thu Jul 08 16:55:43 UTC 2021 #54 - everything.log'?[0m
[?[34m16:55:43.279 STDOUT (DEBUG) on Test worker utils.Log.attemptInitLogOutput(Log.java:417)] Réussite de la création du fichier de log './../logs/Thu Jul 08 16:55:43 UTC 2021 #54 - everything.log?[0m
[?[34m16:55:43.281 STDOUT (DEBUG) on Test worker utils.Log.attemptInitLogOutput(Log.java:421)] Ouverture du fichier de log './../logs/Thu Jul 08 16:55:43 UTC 2021 #54 - everything.log'?[0m
[?[34m16:55:43.283 STDOUT (DEBUG) on Test worker utils.Log.attemptInitLogOutput(Log.java:413)] Création du fichier de log './../logs/Thu Jul 08 16:55:43 UTC 2021 #54.log' à '/home/ubuntu/TechTheTiller-HighLevel/logs/Thu Jul 08 16:55:43 UTC 2021 #54.log'?[0m
[?[34m16:55:43.284 STDOUT (DEBUG) on Test worker utils.Log.attemptInitLogOutput(Log.java:417)] Réussite de la création du fichier de log './../logs/Thu Jul 08 16:55:43 UTC 2021 #54.log?[0m
[?[34m16:55:43.287 STDOUT (DEBUG) on Test worker utils.Log.attemptInitLogOutput(Log.java:421)] Ouverture du fichier de log './../logs/Thu Jul 08 16:55:43 UTC 2021 #54.log'?[0m
[?[34m16:55:43.289 STDOUT (DEBUG) on Test worker utils.Log.attemptInitLogOutput(Log.java:413)] Création du fichier de log './../logs/Thu Jul 08 16:55:43 UTC 2021 #54 - errors.log' à '/home/ubuntu/TechTheTiller-HighLevel/logs/Thu Jul 08 16:55:43 UTC 2021 #54 - errors.log'?[0m
[?[34m16:55:43.292 STDOUT (DEBUG) on Test worker utils.Log.attemptInitLogOutput(Log.java:417)] Réussite de la création du fichier de log './../logs/Thu Jul 08 16:55:43 UTC 2021 #54 - errors.log?[0m
[?[34m16:55:43.295 STDOUT (DEBUG) on Test worker utils.Log.attemptInitLogOutput(Log.java:421)] Ouverture du fichier de log './../logs/Thu Jul 08 16:55:43 UTC 2021 #54 - errors.log'?[0m
[?[34m16:55:43.336 STDOUT (DEBUG) on Test worker utils.HLInstance.<init>(HLInstance.java:104)] Version : 07e922f on master - [tests]?[0m
[?[34m16:55:43.337 STDOUT (DEBUG) on Test worker utils.HLInstance.<init>(HLInstance.java:112)] System : Linux 5.4.0-1038-raspi aarch64?[0m
[?[34m16:55:43.338 STDOUT (DEBUG) on Test worker utils.HLInstance.<init>(HLInstance.java:114)] Java : Private Build 14.0.2, max memory : 0.5G, available processors : 4?[0m
[?[34m16:55:43.339 STDOUT (DEBUG) on Test worker utils.HLInstance.<init>(HLInstance.java:117)] ?[0m
[?[34m16:55:43.340 STDOUT (DEBUG) on Test worker utils.HLInstance.<init>(HLInstance.java:119)]    Remember, with great power comes great current squared times resistance !
?[0m
[?[34m16:55:43.341 STDOUT (DEBUG) on Test worker utils.HLInstance.<init>(HLInstance.java:122)] Chargement de la config...?[0m
[?[34m16:55:43.347 STDOUT (DEBUG) on Test worker pfg.config.Config.readConfigFile(Config.java:166)] Loading config file : /home/ubuntu/TechTheTiller-HighLevel/T3HL-common/../config/config.txt?[0m
[?[34m16:55:43.367 STDOUT (DEBUG) on Test worker pfg.config.Config.printChangedValues(Config.java:465)] Configuration diff :?[0m
[?[34m16:55:43.368 STDOUT (DEBUG) on Test worker pfg.config.Config.printChangedValues(Config.java:469)]   visualisation = false (default : true)?[0m
[?[34m16:55:43.371 STDOUT (DEBUG) on Test worker pfg.config.Config.printChangedValues(Config.java:469)]   usingBaliseImage = false (default : true)?[0m
[?[34m16:55:43.373 STDOUT (DEBUG) on Test worker pfg.config.Config.printChangedValues(Config.java:469)]   usingPanel = false (default : true)?[0m
[?[34m16:55:43.375 STDOUT (DEBUG) on Test worker pfg.config.Config.printChangedValues(Config.java:469)]   connectToBuddy = false (default : true)?[0m
[?[34m16:55:43.376 STDOUT (DEBUG) on Test worker pfg.config.Config.printChangedValues(Config.java:469)]   buddyRay = 70 (default : 150)?[0m
[?[34m16:55:43.380 STDOUT (DEBUG) on Test worker pfg.config.Config.printChangedValues(Config.java:469)]   ennemyRay = 150 (default : 220)?[0m
[?[34m16:55:43.382 STDOUT (DEBUG) on Test worker pfg.config.Config.printChangedValues(Config.java:469)]   nbrNoeudsX = 30 (default : 45)?[0m
[?[34m16:55:43.384 STDOUT (DEBUG) on Test worker pfg.config.Config.printChangedValues(Config.java:469)]   nbrNoeudsY = 20 (default : 30)?[0m
[?[34m16:55:43.385 STDOUT (DEBUG) on Test worker pfg.config.Config.printChangedValues(Config.java:469)]   nbrNoeudsCircle = 14 (default : 12)?[0m
[?[34m16:55:43.388 DATA_HANDLER (DEBUG) on Test worker utils.HLInstance.module(HLInstance.java:271)] Initialisation du moduleClass OrderWrapper?[0m
[?[34m16:55:43.389 DATA_HANDLER (DEBUG) on Test worker utils.HLInstance.module(HLInstance.java:285)] Mise à jour de la config du moduleClass OrderWrapper après son initialisation.?[0m
[?[34m16:55:43.391 STDOUT (DEBUG) on Test worker pfg.config.Config.loadInto(Config.java:274)] Set private boolean orders.OrderWrapper.symetry to false?[0m
[?[34m16:55:43.392 STDOUT (DEBUG) on Test worker pfg.config.Config.loadInto(Config.java:274)] Set private boolean orders.OrderWrapper.simulation to false?[0m
[?[34m16:55:43.393 STDOUT (DEBUG) on Test worker pfg.config.Config.loadInto(Config.java:274)] Set private boolean orders.OrderWrapper.usingBaliseImage to false?[0m
[?[34m16:55:43.395 DATA_HANDLER (DEBUG) on Test worker utils.HLInstance.module(HLInstance.java:297)] Module OrderWrapper prêt?[0m
[?[34m16:55:43.396 DATA_HANDLER (DEBUG) on Test worker utils.HLInstance.module(HLInstance.java:271)] Initialisation du moduleClass ConnectionManager?[0m
[?[34m16:55:43.397 DATA_HANDLER (DEBUG) on Test worker utils.HLInstance.module(HLInstance.java:285)] Mise à jour de la config du moduleClass ConnectionManager après son initialisation.?[0m
[?[34m16:55:43.398 DATA_HANDLER (DEBUG) on Test worker utils.HLInstance.module(HLInstance.java:297)] Module ConnectionManager prêt?[0m
[?[34m16:55:43.400 COMMUNICATION (DEBUG) on Thread-18 utils.communication.SocketServerInterface$1.run(SocketServerInterface.java:57)] Creating socket waiting connection on port 13550?[0m
[?[34m16:55:43.402 COMMUNICATION (DEBUG) on Thread-18 utils.communication.SocketServerInterface$1.run(SocketServerInterface.java:60)] Receive buffer size on null is 65536?[0m
[?[34m16:55:43.403 COMMUNICATION (DEBUG) on Thread-18 utils.communication.SocketServerInterface$1.run(SocketServerInterface.java:71)] Waiting connection on port 13550?[0m
[?[34m16:55:43.451 COMMUNICATION (DEBUG) on SocketClient(localhost:13550) utils.communication.SocketClientInterface.lambda$init$0(SocketClientInterface.java:51)] Trying to connect to localhost on port 13550?[0m
[?[34m16:55:43.453 COMMUNICATION (DEBUG) on SocketClient(localhost:13550) utils.communication.SocketClientInterface.lambda$init$0(SocketClientInterface.java:53)] Socket created to localhost on port 13550?[0m
[?[34m16:55:43.453 COMMUNICATION (DEBUG) on Thread-18 utils.communication.SocketServerInterface$1.run(SocketServerInterface.java:77)] Connection accepted on port 13550?[0m
[?[34m16:55:43.454 COMMUNICATION (DEBUG) on SocketClient(localhost:13550) utils.communication.SocketClientInterface.lambda$init$0(SocketClientInterface.java:70)] SUCCESS to connect to localhost on port 13550?[0m
[?[34m16:55:43.454 COMMUNICATION (DEBUG) on Thread-18 utils.communication.SocketServerInterface$1.run(SocketServerInterface.java:79)] Connection initialized on port 13550?[0m
[?[34m16:55:43.455 COMMUNICATION (DEBUG) on Thread-18 utils.communication.SocketServerInterface$1.run(SocketServerInterface.java:81)] Initialized connection with a 'ping'?[0m
[?[34m16:55:43.456 COMMUNICATION (DEBUG) on Thread-18 utils.communication.SocketServerInterface$1.run(SocketServerInterface.java:71)] Waiting connection on port 13550?[0m
[?[34m16:55:43.503 ORDERS (DEBUG) on Test worker jdk.internal.reflect.NativeMethodAccessorImpl.invoke0(NativeMethodAccessorImpl.java:-2)] Sent to LL: eh 1?[0m
[?[34m16:55:43.525 COMMUNICATION (DEBUG) on Test worker utils.communication.SocketServerInterface.read(SocketServerInterface.java:107)] >> READ: eh 1?[0m
[?[34m16:55:44.292 STDOUT (DEBUG) on Finalizer utils.Log.close(Log.java:435)] ?[32mFermeture du service de log?[0m
[?[34m16:55:44.292 STDOUT (DEBUG) on Finalizer utils.HLInstance.printMessage(HLInstance.java:357)]     	       _____?[0m
[?[34m16:55:44.293 STDOUT (DEBUG) on Finalizer utils.HLInstance.printMessage(HLInstance.java:357)]               /     \?[0m
[?[34m16:55:44.293 STDOUT (DEBUG) on Finalizer utils.HLInstance.printMessage(HLInstance.java:357)]               vvvvvvv  /|__/|?[0m
[?[34m16:55:44.294 STDOUT (DEBUG) on Test worker org.gradle.api.internal.tasks.testing.processors.CaptureTestOutputTestResultProcessor.completed(CaptureTestOutputTestResultProcessor.java:80)]               vvvvvvv  /|__/|?[0m
[?[34m16:55:44.298 STDOUT (DEBUG) on Finalizer utils.HLInstance.printMessage(HLInstance.java:357)]                  I   /O,O   |?[0m
[?[34m16:55:44.299 STDOUT (DEBUG) on Finalizer utils.HLInstance.printMessage(HLInstance.java:357)]                  I /_____   |      /|/|?[0m
[?[34m16:55:44.299 COMMUNICATION (DEBUG) on Thread-18 utils.communication.SocketServerInterface$1.run(SocketServerInterface.java:71)] Waiting connection on port 13550?[0m
[?[34m16:55:44.300 STDOUT (DEBUG) on Finalizer utils.HLInstance.printMessage(HLInstance.java:357)]                 J|/^ ^ ^ \  |    /00  |    _//|?[0m
[?[34m16:55:44.300 STDOUT (DEBUG) on Finalizer utils.HLInstance.printMessage(HLInstance.java:357)]                  |^ ^ ^ ^ |W|   |/^^\ |   /oo |?[0m
[?[34m16:55:44.300 STDOUT (DEBUG) on Finalizer utils.HLInstance.printMessage(HLInstance.java:357)]                   \m___m__|_|    \m_m_|   \mm_|?[0m
[?[34m16:55:44.301 STDOUT (DEBUG) on Finalizer utils.HLInstance.printMessage(HLInstance.java:357)] ?[0m
[?[34m16:55:44.302 STDOUT (DEBUG) on Finalizer utils.HLInstance.printMessage(HLInstance.java:357)] ------------------------- TOTORO'S END -------------------------?[0m
[?[34m16:55:44.305 STDOUT (DEBUG) on Test worker org.gradle.api.internal.tasks.testing.processors.CaptureTestOutputTestResultProcessor.started(CaptureTestOutputTestResultProcessor.java:51)]                  |^ ^ ^ ^ |W|   |/^^\ |   /oo |?[0m
[?[34m16:55:44.308 STDOUT (DEBUG) on Test worker utils.HLInstance.printMessage(HLInstance.java:357)] ?[33m                   /*``.           `-:--.`?[0m
[?[34m16:55:44.308 STDOUT (DEBUG) on Test worker utils.HLInstance.printMessage(HLInstance.java:357)] ?[33m                  `.-::::/.        .:::::::y?[0m
[?[34m16:55:44.309 STDOUT (DEBUG) on Test worker utils.HLInstance.printMessage(HLInstance.java:357)] ?[33m                 `::::::::o``````.-::::::/h-?[0m
[?[34m16:55:44.310 STDOUT (DEBUG) on Test worker utils.HLInstance.printMessage(HLInstance.java:357)] ?[33m                 `::::::::::::::::::::::/h.?[0m
[?[34m16:55:44.311 STDOUT (DEBUG) on Test worker utils.HLInstance.printMessage(HLInstance.java:357)] ?[33m                  -::::::://++++//::::::::.?[0m
[?[34m16:55:44.312 STDOUT (DEBUG) on Test worker utils.HLInstance.printMessage(HLInstance.java:357)] ?[33m               `-::::/oso+/:-....--://:::::-.``.---:`?[0m
[?[34m16:55:44.313 STDOUT (DEBUG) on Test worker utils.HLInstance.printMessage(HLInstance.java:357)] ?[33m      ````   .-:::/so/-      ``````  `.:::::::::::::+ ?[34m``````````````````````````````````````````````````````````````````````?[0m
[?[34m16:55:44.313 STDOUT (DEBUG) on Test worker utils.HLInstance.printMessage(HLInstance.java:357)] ?[33m    `-:::::--:::os+.?[34m   `/sssssss`   ./syyyyyys+/y+sssssssssssssssssssssssssssssssssssssssssssssssssssssssssssssssssssssy- `-:::://?[0m
[?[34m16:55:44.315 STDOUT (DEBUG) on Test worker utils.HLInstance.printMessage(HLInstance.java:357)] ?[33m   `-:::::::::+y/`?[34mS   .shhhhhdd:   `/hhhhhhhhhdo:/dddddddddddddddddhhhhhhhdddddddddddddddddddddddddddddddddddddddddddddo`.:////sy.?[0m
[?[34m16:55:44.315 STDOUT (DEBUG) on Test worker utils.HLInstance.printMessage(HLInstance.java:357)] ?[33m   ::::::::::so`?[34m     :yhhhhhmy`   .ohhhhhhhhhhd  `//oooooo+//////+hhhhhhdd+///////+++++++/////////////////+++++++/////-`-////+h+` `?[0m
[?[34m16:55:44.319 STDOUT (DEBUG) on Test worker utils.HLInstance.printMessage(HLInstance.java:357)] ?[33m  `://:::::y/ ?[34mU   `+hhhhhdm+    -yhhhhhdhhhhhm`  `oyyyyyhs     .shhhhhdh-  ``.-:::////:::-.       ``.-::::////::://  `://///o+:::::::-.?[0m
[?[34m16:55:44.320 STDOUT (DEBUG) on Test worker utils.HLInstance.printMessage(HLInstance.java:357)] ?[33m      `::::y/ ?[34m    .shhhhhdh-   `+hhhhhdd+shhhhd- -yhhhhhmo`    /yhhhhhms` .-://+ssso+++/////o   `.:://+ossoo+++o+oy- -/////+ssoo+//////h?[0m
[?[34m16:55:44.320 STDOUT (DEBUG) on Test worker utils.HLInstance.printMessage(HLInstance.java:357)] ?[33m      .:::/y ?[34mU   :yhhhhhms`   .shhhhhdy?[33m::?[34mhhhhhho+hhhhhdd:    `ohhhhhdd/ .:///oyo::-----////oy `-:///oyo:.`      `-``:////oy+-` `:////+h:?[0m
[?[34m16:55:44.321 STDOUT (DEBUG) on Test worker utils.HLInstance.printMessage(HLInstance.java:357)] ?[33m      -:::o: ?[34m  `+hhhhhdm/    :yhhhhddo?[33m:::?[34m+hhhhhhhhhhhms.    -yhhhhhdh. -////yo.`ooooooooooss``:////yo.            -/////yo`   .:////ys.?[0m
[?[34m16:55:44.322 STDOUT (DEBUG) on Test worker utils.HLInstance.printMessage(HLInstance.java:357)] ?[33m   ``.::::+-?[34m S .shhhhhdh-   `+hhhhhdd/?[33m::::?[34m/hhhhhhhhhdd/     /hhhhhhmo` `/////s```..----:+:..  -/////o``````..:.  `:////oh:   `-////+h/?[0m
[?[34m16:55:44.323 STDOUT (DEBUG) on Test worker utils.HLInstance.printMessage(HLInstance.java:357)] ?[33m`.-::::::::+ ?[34m:yhhhhhms`   .shhhhhmy?[33m:::::::?[34mhhhhhhhhdh.    `ohhhhhdd:    :++////:::///+oys`    `/++/////://++yo` .:////ys`   .:////ys.?[0m
[?[34m16:55:44.323 STDOUT (DEBUG) on Test worker utils.HLInstance.printMessage(HLInstance.java:357)] ?[33m-::::::::::/-?[34m/oooooo/     -sssyyyo?[33m:+o/++//?[34mhyssssss+`     .sssssss.      `-/++oooo++//:.        .:/+oooo++/:-   /ooooo:     :ooooo/?[0m
[?[34m16:55:44.324 STDOUT (DEBUG) on Test worker utils.HLInstance.printMessage(HLInstance.java:357)] ?[33m.:::::/o:::::-`               `.--:::os+```.---?[0m
[?[34m16:55:44.325 STDOUT (DEBUG) on Test worker utils.HLInstance.printMessage(HLInstance.java:357)] ?[33m :+ooo/.`::::::-..`````````.--::::+ss:`?[0m
[?[34m16:55:44.325 STDOUT (DEBUG) on Test worker utils.HLInstance.printMessage(HLInstance.java:357)] ?[33m  ``     `-/::::::::::::::::::::::s.?[0m
[?[34m16:55:44.326 STDOUT (DEBUG) on Test worker utils.HLInstance.printMessage(HLInstance.java:357)] ?[33m          `:::::::::::://+::::::::o-?[0m
[?[34m16:55:44.326 STDOUT (DEBUG) on Test worker utils.HLInstance.printMessage(HLInstance.java:357)] ?[33m         `:::::::/h////::.-:::::::y-?[0m
[?[34m16:55:44.327 STDOUT (DEBUG) on Test worker utils.HLInstance.printMessage(HLInstance.java:357)] ?[33m         :::::::ss`        -:/+sso:?[0m
[?[34m16:55:44.327 STDOUT (DEBUG) on Test worker utils.HLInstance.printMessage(HLInstance.java:357)] ?[33m         .:/++sy:          `//*/?[0m
[?[34m16:55:44.328 STDOUT (DEBUG) on Test worker utils.HLInstance.printMessage(HLInstance.java:357)] ______________________________________________________________________________________________________________________________________________?[0m
[?[34m16:55:44.329 STDOUT (DEBUG) on Test worker utils.Log.init(Log.java:292)] ?[32mDémarrage du service de log?[0m
[?[34m16:55:44.330 STDOUT (DEBUG) on Test worker utils.Log.init(Log.java:293)] ?[0m?[0m
Initialisation du compteur...
[?[34m16:55:44.338 STDOUT (DEBUG) on Test worker utils.Log.attemptInitLogOutput(Log.java:413)] Création du fichier de log './../logs/Thu Jul 08 16:55:44 UTC 2021 #55 - everything.log' à '/home/ubuntu/TechTheTiller-HighLevel/logs/Thu Jul 08 16:55:44 UTC 2021 #55 - everything.log'?[0m
[?[34m16:55:44.339 STDOUT (DEBUG) on Test worker utils.Log.attemptInitLogOutput(Log.java:417)] Réussite de la création du fichier de log './../logs/Thu Jul 08 16:55:44 UTC 2021 #55 - everything.log?[0m
[?[34m16:55:44.340 STDOUT (DEBUG) on Test worker utils.Log.attemptInitLogOutput(Log.java:421)] Ouverture du fichier de log './../logs/Thu Jul 08 16:55:44 UTC 2021 #55 - everything.log'?[0m
[?[34m16:55:44.341 STDOUT (DEBUG) on Test worker utils.Log.attemptInitLogOutput(Log.java:413)] Création du fichier de log './../logs/Thu Jul 08 16:55:44 UTC 2021 #55.log' à '/home/ubuntu/TechTheTiller-HighLevel/logs/Thu Jul 08 16:55:44 UTC 2021 #55.log'?[0m
[?[34m16:55:44.343 STDOUT (DEBUG) on Test worker utils.Log.attemptInitLogOutput(Log.java:417)] Réussite de la création du fichier de log './../logs/Thu Jul 08 16:55:44 UTC 2021 #55.log?[0m
[?[34m16:55:44.345 STDOUT (DEBUG) on Test worker utils.Log.attemptInitLogOutput(Log.java:421)] Ouverture du fichier de log './../logs/Thu Jul 08 16:55:44 UTC 2021 #55.log'?[0m
[?[34m16:55:44.346 STDOUT (DEBUG) on Test worker utils.Log.attemptInitLogOutput(Log.java:413)] Création du fichier de log './../logs/Thu Jul 08 16:55:44 UTC 2021 #55 - errors.log' à '/home/ubuntu/TechTheTiller-HighLevel/logs/Thu Jul 08 16:55:44 UTC 2021 #55 - errors.log'?[0m
[?[34m16:55:44.347 STDOUT (DEBUG) on Test worker utils.Log.attemptInitLogOutput(Log.java:417)] Réussite de la création du fichier de log './../logs/Thu Jul 08 16:55:44 UTC 2021 #55 - errors.log?[0m
[?[34m16:55:44.348 STDOUT (DEBUG) on Test worker utils.Log.attemptInitLogOutput(Log.java:421)] Ouverture du fichier de log './../logs/Thu Jul 08 16:55:44 UTC 2021 #55 - errors.log'?[0m
[?[34m16:55:44.372 STDOUT (DEBUG) on Test worker utils.HLInstance.<init>(HLInstance.java:104)] Version : 07e922f on master - [tests]?[0m
[?[34m16:55:44.373 STDOUT (DEBUG) on Test worker utils.HLInstance.<init>(HLInstance.java:112)] System : Linux 5.4.0-1038-raspi aarch64?[0m
[?[34m16:55:44.374 STDOUT (DEBUG) on Test worker utils.HLInstance.<init>(HLInstance.java:114)] Java : Private Build 14.0.2, max memory : 0.5G, available processors : 4?[0m
[?[34m16:55:44.376 STDOUT (DEBUG) on Test worker utils.HLInstance.<init>(HLInstance.java:117)] ?[0m
[?[34m16:55:44.377 STDOUT (DEBUG) on Test worker utils.HLInstance.<init>(HLInstance.java:119)]    Remember, with great power comes great current squared times resistance !
?[0m
[?[34m16:55:44.378 STDOUT (DEBUG) on Test worker utils.HLInstance.<init>(HLInstance.java:122)] Chargement de la config...?[0m
[?[34m16:55:44.382 STDOUT (DEBUG) on Test worker pfg.config.Config.readConfigFile(Config.java:166)] Loading config file : /home/ubuntu/TechTheTiller-HighLevel/T3HL-common/../config/config.txt?[0m
[?[34m16:55:44.393 STDOUT (DEBUG) on Test worker pfg.config.Config.printChangedValues(Config.java:465)] Configuration diff :?[0m
[?[34m16:55:44.394 STDOUT (DEBUG) on Test worker pfg.config.Config.printChangedValues(Config.java:469)]   visualisation = false (default : true)?[0m
[?[34m16:55:44.395 STDOUT (DEBUG) on Test worker pfg.config.Config.printChangedValues(Config.java:469)]   usingBaliseImage = false (default : true)?[0m
[?[34m16:55:44.396 STDOUT (DEBUG) on Test worker pfg.config.Config.printChangedValues(Config.java:469)]   usingPanel = false (default : true)?[0m
[?[34m16:55:44.396 STDOUT (DEBUG) on Test worker pfg.config.Config.printChangedValues(Config.java:469)]   connectToBuddy = false (default : true)?[0m
[?[34m16:55:44.397 STDOUT (DEBUG) on Test worker pfg.config.Config.printChangedValues(Config.java:469)]   buddyRay = 70 (default : 150)?[0m
[?[34m16:55:44.398 STDOUT (DEBUG) on Test worker pfg.config.Config.printChangedValues(Config.java:469)]   ennemyRay = 150 (default : 220)?[0m
[?[34m16:55:44.398 STDOUT (DEBUG) on Test worker pfg.config.Config.printChangedValues(Config.java:469)]   nbrNoeudsX = 30 (default : 45)?[0m
[?[34m16:55:44.399 STDOUT (DEBUG) on Test worker pfg.config.Config.printChangedValues(Config.java:469)]   nbrNoeudsY = 20 (default : 30)?[0m
[?[34m16:55:44.400 STDOUT (DEBUG) on Test worker pfg.config.Config.printChangedValues(Config.java:469)]   nbrNoeudsCircle = 14 (default : 12)?[0m
[?[34m16:55:44.401 DATA_HANDLER (DEBUG) on Test worker utils.HLInstance.module(HLInstance.java:271)] Initialisation du moduleClass OrderWrapper?[0m
[?[34m16:55:44.402 DATA_HANDLER (DEBUG) on Test worker utils.HLInstance.module(HLInstance.java:285)] Mise à jour de la config du moduleClass OrderWrapper après son initialisation.?[0m
[?[34m16:55:44.403 STDOUT (DEBUG) on Test worker pfg.config.Config.loadInto(Config.java:274)] Set private boolean orders.OrderWrapper.symetry to false?[0m
[?[34m16:55:44.404 STDOUT (DEBUG) on Test worker pfg.config.Config.loadInto(Config.java:274)] Set private boolean orders.OrderWrapper.simulation to false?[0m
[?[34m16:55:44.406 STDOUT (DEBUG) on Test worker pfg.config.Config.loadInto(Config.java:274)] Set private boolean orders.OrderWrapper.usingBaliseImage to false?[0m
[?[34m16:55:44.406 DATA_HANDLER (DEBUG) on Test worker utils.HLInstance.module(HLInstance.java:297)] Module OrderWrapper prêt?[0m
[?[34m16:55:44.408 DATA_HANDLER (DEBUG) on Test worker utils.HLInstance.module(HLInstance.java:271)] Initialisation du moduleClass ConnectionManager?[0m
[?[34m16:55:44.408 DATA_HANDLER (DEBUG) on Test worker utils.HLInstance.module(HLInstance.java:285)] Mise à jour de la config du moduleClass ConnectionManager après son initialisation.?[0m
[?[34m16:55:44.409 DATA_HANDLER (DEBUG) on Test worker utils.HLInstance.module(HLInstance.java:297)] Module ConnectionManager prêt?[0m
[?[34m16:55:44.411 COMMUNICATION (DEBUG) on Thread-20 utils.communication.SocketServerInterface$1.run(SocketServerInterface.java:57)] Creating socket waiting connection on port 13550?[0m
[?[34m16:55:44.413 COMMUNICATION (DEBUG) on Thread-20 utils.communication.SocketServerInterface$1.run(SocketServerInterface.java:60)] Receive buffer size on null is 65536?[0m
[?[34m16:55:44.414 COMMUNICATION (DEBUG) on Thread-20 utils.communication.SocketServerInterface$1.run(SocketServerInterface.java:71)] Waiting connection on port 13550?[0m
[?[34m16:55:44.462 COMMUNICATION (DEBUG) on SocketClient(localhost:13550) utils.communication.SocketClientInterface.lambda$init$0(SocketClientInterface.java:51)] Trying to connect to localhost on port 13550?[0m
[?[34m16:55:44.464 COMMUNICATION (DEBUG) on SocketClient(localhost:13550) utils.communication.SocketClientInterface.lambda$init$0(SocketClientInterface.java:53)] Socket created to localhost on port 13550?[0m
[?[34m16:55:44.464 COMMUNICATION (DEBUG) on Thread-20 utils.communication.SocketServerInterface$1.run(SocketServerInterface.java:77)] Connection accepted on port 13550?[0m
[?[34m16:55:44.465 COMMUNICATION (DEBUG) on SocketClient(localhost:13550) utils.communication.SocketClientInterface.lambda$init$0(SocketClientInterface.java:70)] SUCCESS to connect to localhost on port 13550?[0m
[?[34m16:55:44.466 COMMUNICATION (DEBUG) on Thread-20 utils.communication.SocketServerInterface$1.run(SocketServerInterface.java:79)] Connection initialized on port 13550?[0m
[?[34m16:55:44.467 COMMUNICATION (DEBUG) on Thread-20 utils.communication.SocketServerInterface$1.run(SocketServerInterface.java:81)] Initialized connection with a 'ping'?[0m
[?[34m16:55:44.468 COMMUNICATION (DEBUG) on Thread-20 utils.communication.SocketServerInterface$1.run(SocketServerInterface.java:71)] Waiting connection on port 13550?[0m
[?[34m16:55:44.513 ORDERS (DEBUG) on Test worker jdk.internal.reflect.NativeMethodAccessorImpl.invoke0(NativeMethodAccessorImpl.java:-2)] Sent to LL: dh 1?[0m
[?[34m16:55:44.534 COMMUNICATION (DEBUG) on Test worker utils.communication.SocketServerInterface.read(SocketServerInterface.java:107)] >> READ: dh 1?[0m
[?[34m16:55:45.274 STDOUT (DEBUG) on Test worker org.gradle.api.internal.tasks.testing.processors.CaptureTestOutputTestResultProcessor.completed(CaptureTestOutputTestResultProcessor.java:80)] ?[0m
[?[34m16:55:45.281 STDOUT (DEBUG) on Finalizer utils.Log.close(Log.java:435)] ?[32mFermeture du service de log?[0m
[?[34m16:55:45.282 STDOUT (DEBUG) on Finalizer utils.HLInstance.printMessage(HLInstance.java:357)]     	       _____?[0m
[?[34m16:55:45.283 STDOUT (DEBUG) on Finalizer utils.HLInstance.printMessage(HLInstance.java:357)]               /     \?[0m
[?[34m16:55:45.284 STDOUT (DEBUG) on Finalizer utils.HLInstance.printMessage(HLInstance.java:357)]               vvvvvvv  /|__/|?[0m
[?[34m16:55:45.284 STDOUT (DEBUG) on Finalizer utils.HLInstance.printMessage(HLInstance.java:357)]                  I   /O,O   |?[0m
[?[34m16:55:45.285 STDOUT (DEBUG) on Test worker org.gradle.api.internal.tasks.testing.processors.CaptureTestOutputTestResultProcessor.started(CaptureTestOutputTestResultProcessor.java:51)]     	       _____?[0m
[?[34m16:55:45.285 STDOUT (DEBUG) on Finalizer utils.HLInstance.printMessage(HLInstance.java:357)]                  I /_____   |      /|/|?[0m
[?[34m16:55:45.286 STDOUT (DEBUG) on Finalizer utils.HLInstance.printMessage(HLInstance.java:357)]                 J|/^ ^ ^ \  |    /00  |    _//|?[0m
[?[34m16:55:45.287 COMMUNICATION (DEBUG) on Thread-20 utils.communication.SocketServerInterface$1.run(SocketServerInterface.java:71)] Waiting connection on port 13550?[0m
[?[34m16:55:45.289 STDOUT (DEBUG) on Test worker utils.HLInstance.printMessage(HLInstance.java:357)]                 J|/^ ^ ^ \  |    /00  |    _//|
?[33m                   /*``.           `-:--.`?[0m
[?[34m16:55:45.290 STDOUT (DEBUG) on Test worker utils.HLInstance.printMessage(HLInstance.java:357)] ?[33m                  `.-::::/.        .:::::::y?[0m
[?[34m16:55:45.291 STDOUT (DEBUG) on Test worker utils.HLInstance.printMessage(HLInstance.java:357)] ?[33m                 `::::::::o``````.-::::::/h-?[0m
[?[34m16:55:45.292 STDOUT (DEBUG) on Test worker utils.HLInstance.printMessage(HLInstance.java:357)] ?[33m                 `::::::::::::::::::::::/h.?[0m
[?[34m16:55:45.293 STDOUT (DEBUG) on Finalizer utils.HLInstance.printMessage(HLInstance.java:357)]                  |^ ^ ^ ^ |W|   |/^^\ |   /oo |?[0m
[?[34m16:55:45.294 STDOUT (DEBUG) on Test worker utils.HLInstance.printMessage(HLInstance.java:357)] ?[33m                  -::::::://++++//::::::::.?[0m
[?[34m16:55:45.295 STDOUT (DEBUG) on Finalizer utils.HLInstance.printMessage(HLInstance.java:357)]                   \m___m__|_|    \m_m_|   \mm_|?[0m
[?[34m16:55:45.296 STDOUT (DEBUG) on Test worker utils.HLInstance.printMessage(HLInstance.java:357)] ?[33m               `-::::/oso+/:-....--://:::::-.``.---:`?[0m
[?[34m16:55:45.298 STDOUT (DEBUG) on Finalizer utils.HLInstance.printMessage(HLInstance.java:357)] ?[0m
[?[34m16:55:45.299 STDOUT (DEBUG) on Finalizer utils.HLInstance.printMessage(HLInstance.java:357)] ------------------------- TOTORO'S END -------------------------?[0m
[?[34m16:55:45.300 STDOUT (DEBUG) on Test worker utils.HLInstance.printMessage(HLInstance.java:357)] ?[33m      ````   .-:::/so/-      ``````  `.:::::::::::::+ ?[34m``````````````````````````````````````````````````````````````````````?[0m
[?[34m16:55:45.301 STDOUT (DEBUG) on Test worker utils.HLInstance.printMessage(HLInstance.java:357)] ?[33m    `-:::::--:::os+.?[34m   `/sssssss`   ./syyyyyys+/y+sssssssssssssssssssssssssssssssssssssssssssssssssssssssssssssssssssssy- `-:::://?[0m
[?[34m16:55:45.302 STDOUT (DEBUG) on Test worker utils.HLInstance.printMessage(HLInstance.java:357)] ?[33m   `-:::::::::+y/`?[34mS   .shhhhhdd:   `/hhhhhhhhhdo:/dddddddddddddddddhhhhhhhdddddddddddddddddddddddddddddddddddddddddddddo`.:////sy.?[0m
[?[34m16:55:45.303 STDOUT (DEBUG) on Test worker utils.HLInstance.printMessage(HLInstance.java:357)] ?[33m   ::::::::::so`?[34m     :yhhhhhmy`   .ohhhhhhhhhhd  `//oooooo+//////+hhhhhhdd+///////+++++++/////////////////+++++++/////-`-////+h+` `?[0m
[?[34m16:55:45.304 STDOUT (DEBUG) on Test worker utils.HLInstance.printMessage(HLInstance.java:357)] ?[33m  `://:::::y/ ?[34mU   `+hhhhhdm+    -yhhhhhdhhhhhm`  `oyyyyyhs     .shhhhhdh-  ``.-:::////:::-.       ``.-::::////::://  `://///o+:::::::-.?[0m
[?[34m16:55:45.305 STDOUT (DEBUG) on Test worker utils.HLInstance.printMessage(HLInstance.java:357)] ?[33m      `::::y/ ?[34m    .shhhhhdh-   `+hhhhhdd+shhhhd- -yhhhhhmo`    /yhhhhhms` .-://+ssso+++/////o   `.:://+ossoo+++o+oy- -/////+ssoo+//////h?[0m
[?[34m16:55:45.306 STDOUT (DEBUG) on Test worker utils.HLInstance.printMessage(HLInstance.java:357)] ?[33m      .:::/y ?[34mU   :yhhhhhms`   .shhhhhdy?[33m::?[34mhhhhhho+hhhhhdd:    `ohhhhhdd/ .:///oyo::-----////oy `-:///oyo:.`      `-``:////oy+-` `:////+h:?[0m
[?[34m16:55:45.308 STDOUT (DEBUG) on Test worker utils.HLInstance.printMessage(HLInstance.java:357)] ?[33m      -:::o: ?[34m  `+hhhhhdm/    :yhhhhddo?[33m:::?[34m+hhhhhhhhhhhms.    -yhhhhhdh. -////yo.`ooooooooooss``:////yo.            -/////yo`   .:////ys.?[0m
[?[34m16:55:45.315 STDOUT (DEBUG) on Test worker utils.HLInstance.printMessage(HLInstance.java:357)] ?[33m   ``.::::+-?[34m S .shhhhhdh-   `+hhhhhdd/?[33m::::?[34m/hhhhhhhhhdd/     /hhhhhhmo` `/////s```..----:+:..  -/////o``````..:.  `:////oh:   `-////+h/?[0m
[?[34m16:55:45.316 STDOUT (DEBUG) on Test worker utils.HLInstance.printMessage(HLInstance.java:357)] ?[33m`.-::::::::+ ?[34m:yhhhhhms`   .shhhhhmy?[33m:::::::?[34mhhhhhhhhdh.    `ohhhhhdd:    :++////:::///+oys`    `/++/////://++yo` .:////ys`   .:////ys.?[0m
[?[34m16:55:45.317 STDOUT (DEBUG) on Test worker utils.HLInstance.printMessage(HLInstance.java:357)] ?[33m-::::::::::/-?[34m/oooooo/     -sssyyyo?[33m:+o/++//?[34mhyssssss+`     .sssssss.      `-/++oooo++//:.        .:/+oooo++/:-   /ooooo:     :ooooo/?[0m
[?[34m16:55:45.318 STDOUT (DEBUG) on Test worker utils.HLInstance.printMessage(HLInstance.java:357)] ?[33m.:::::/o:::::-`               `.--:::os+```.---?[0m
[?[34m16:55:45.320 STDOUT (DEBUG) on Test worker utils.HLInstance.printMessage(HLInstance.java:357)] ?[33m :+ooo/.`::::::-..`````````.--::::+ss:`?[0m
[?[34m16:55:45.321 STDOUT (DEBUG) on Test worker utils.HLInstance.printMessage(HLInstance.java:357)] ?[33m  ``     `-/::::::::::::::::::::::s.?[0m
[?[34m16:55:45.322 STDOUT (DEBUG) on Test worker utils.HLInstance.printMessage(HLInstance.java:357)] ?[33m          `:::::::::::://+::::::::o-?[0m
[?[34m16:55:45.324 STDOUT (DEBUG) on Test worker utils.HLInstance.printMessage(HLInstance.java:357)] ?[33m         `:::::::/h////::.-:::::::y-?[0m
[?[34m16:55:45.325 STDOUT (DEBUG) on Test worker utils.HLInstance.printMessage(HLInstance.java:357)] ?[33m         :::::::ss`        -:/+sso:?[0m
[?[34m16:55:45.326 STDOUT (DEBUG) on Test worker utils.HLInstance.printMessage(HLInstance.java:357)] ?[33m         .:/++sy:          `//*/?[0m
[?[34m16:55:45.327 STDOUT (DEBUG) on Test worker utils.HLInstance.printMessage(HLInstance.java:357)] ______________________________________________________________________________________________________________________________________________?[0m
[?[34m16:55:45.329 STDOUT (DEBUG) on Test worker utils.Log.init(Log.java:292)] ?[32mDémarrage du service de log?[0m
[?[34m16:55:45.330 STDOUT (DEBUG) on Test worker utils.Log.init(Log.java:293)] ?[0m?[0m
Initialisation du compteur...
[?[34m16:55:45.333 STDOUT (DEBUG) on Test worker utils.Log.attemptInitLogOutput(Log.java:413)] Création du fichier de log './../logs/Thu Jul 08 16:55:45 UTC 2021 #56 - everything.log' à '/home/ubuntu/TechTheTiller-HighLevel/logs/Thu Jul 08 16:55:45 UTC 2021 #56 - everything.log'?[0m
[?[34m16:55:45.339 STDOUT (DEBUG) on Test worker utils.Log.attemptInitLogOutput(Log.java:417)] Réussite de la création du fichier de log './../logs/Thu Jul 08 16:55:45 UTC 2021 #56 - everything.log?[0m
[?[34m16:55:45.341 STDOUT (DEBUG) on Test worker utils.Log.attemptInitLogOutput(Log.java:421)] Ouverture du fichier de log './../logs/Thu Jul 08 16:55:45 UTC 2021 #56 - everything.log'?[0m
[?[34m16:55:45.343 STDOUT (DEBUG) on Test worker utils.Log.attemptInitLogOutput(Log.java:413)] Création du fichier de log './../logs/Thu Jul 08 16:55:45 UTC 2021 #56.log' à '/home/ubuntu/TechTheTiller-HighLevel/logs/Thu Jul 08 16:55:45 UTC 2021 #56.log'?[0m
[?[34m16:55:45.345 STDOUT (DEBUG) on Test worker utils.Log.attemptInitLogOutput(Log.java:417)] Réussite de la création du fichier de log './../logs/Thu Jul 08 16:55:45 UTC 2021 #56.log?[0m
[?[34m16:55:45.346 STDOUT (DEBUG) on Test worker utils.Log.attemptInitLogOutput(Log.java:421)] Ouverture du fichier de log './../logs/Thu Jul 08 16:55:45 UTC 2021 #56.log'?[0m
[?[34m16:55:45.347 STDOUT (DEBUG) on Test worker utils.Log.attemptInitLogOutput(Log.java:413)] Création du fichier de log './../logs/Thu Jul 08 16:55:45 UTC 2021 #56 - errors.log' à '/home/ubuntu/TechTheTiller-HighLevel/logs/Thu Jul 08 16:55:45 UTC 2021 #56 - errors.log'?[0m
[?[34m16:55:45.348 STDOUT (DEBUG) on Test worker utils.Log.attemptInitLogOutput(Log.java:417)] Réussite de la création du fichier de log './../logs/Thu Jul 08 16:55:45 UTC 2021 #56 - errors.log?[0m
[?[34m16:55:45.349 STDOUT (DEBUG) on Test worker utils.Log.attemptInitLogOutput(Log.java:421)] Ouverture du fichier de log './../logs/Thu Jul 08 16:55:45 UTC 2021 #56 - errors.log'?[0m
[?[34m16:55:45.380 STDOUT (DEBUG) on Test worker utils.HLInstance.<init>(HLInstance.java:104)] Version : 07e922f on master - [tests]?[0m
[?[34m16:55:45.382 STDOUT (DEBUG) on Test worker utils.HLInstance.<init>(HLInstance.java:112)] System : Linux 5.4.0-1038-raspi aarch64?[0m
[?[34m16:55:45.383 STDOUT (DEBUG) on Test worker utils.HLInstance.<init>(HLInstance.java:114)] Java : Private Build 14.0.2, max memory : 0.5G, available processors : 4?[0m
[?[34m16:55:45.384 STDOUT (DEBUG) on Test worker utils.HLInstance.<init>(HLInstance.java:117)] ?[0m
[?[34m16:55:45.384 STDOUT (DEBUG) on Test worker utils.HLInstance.<init>(HLInstance.java:119)]    Remember, with great power comes great current squared times resistance !
?[0m
[?[34m16:55:45.385 STDOUT (DEBUG) on Test worker utils.HLInstance.<init>(HLInstance.java:122)] Chargement de la config...?[0m
[?[34m16:55:45.388 STDOUT (DEBUG) on Test worker pfg.config.Config.readConfigFile(Config.java:166)] Loading config file : /home/ubuntu/TechTheTiller-HighLevel/T3HL-common/../config/config.txt?[0m
[?[34m16:55:45.398 STDOUT (DEBUG) on Test worker pfg.config.Config.printChangedValues(Config.java:465)] Configuration diff :?[0m
[?[34m16:55:45.399 STDOUT (DEBUG) on Test worker pfg.config.Config.printChangedValues(Config.java:469)]   visualisation = false (default : true)?[0m
[?[34m16:55:45.400 STDOUT (DEBUG) on Test worker pfg.config.Config.printChangedValues(Config.java:469)]   usingBaliseImage = false (default : true)?[0m
[?[34m16:55:45.401 STDOUT (DEBUG) on Test worker pfg.config.Config.printChangedValues(Config.java:469)]   usingPanel = false (default : true)?[0m
[?[34m16:55:45.402 STDOUT (DEBUG) on Test worker pfg.config.Config.printChangedValues(Config.java:469)]   connectToBuddy = false (default : true)?[0m
[?[34m16:55:45.404 STDOUT (DEBUG) on Test worker pfg.config.Config.printChangedValues(Config.java:469)]   buddyRay = 70 (default : 150)?[0m
[?[34m16:55:45.405 STDOUT (DEBUG) on Test worker pfg.config.Config.printChangedValues(Config.java:469)]   ennemyRay = 150 (default : 220)?[0m
[?[34m16:55:45.406 STDOUT (DEBUG) on Test worker pfg.config.Config.printChangedValues(Config.java:469)]   nbrNoeudsX = 30 (default : 45)?[0m
[?[34m16:55:45.407 STDOUT (DEBUG) on Test worker pfg.config.Config.printChangedValues(Config.java:469)]   nbrNoeudsY = 20 (default : 30)?[0m
[?[34m16:55:45.408 STDOUT (DEBUG) on Test worker pfg.config.Config.printChangedValues(Config.java:469)]   nbrNoeudsCircle = 14 (default : 12)?[0m
[?[34m16:55:45.409 DATA_HANDLER (DEBUG) on Test worker utils.HLInstance.module(HLInstance.java:271)] Initialisation du moduleClass OrderWrapper?[0m
[?[34m16:55:45.411 DATA_HANDLER (DEBUG) on Test worker utils.HLInstance.module(HLInstance.java:285)] Mise à jour de la config du moduleClass OrderWrapper après son initialisation.?[0m
[?[34m16:55:45.417 STDOUT (DEBUG) on Test worker pfg.config.Config.loadInto(Config.java:274)] Set private boolean orders.OrderWrapper.symetry to false?[0m
[?[34m16:55:45.417 STDOUT (DEBUG) on Test worker pfg.config.Config.loadInto(Config.java:274)] Set private boolean orders.OrderWrapper.simulation to false?[0m
[?[34m16:55:45.418 STDOUT (DEBUG) on Test worker pfg.config.Config.loadInto(Config.java:274)] Set private boolean orders.OrderWrapper.usingBaliseImage to false?[0m
[?[34m16:55:45.420 DATA_HANDLER (DEBUG) on Test worker utils.HLInstance.module(HLInstance.java:297)] Module OrderWrapper prêt?[0m
[?[34m16:55:45.421 DATA_HANDLER (DEBUG) on Test worker utils.HLInstance.module(HLInstance.java:271)] Initialisation du moduleClass ConnectionManager?[0m
[?[34m16:55:45.422 DATA_HANDLER (DEBUG) on Test worker utils.HLInstance.module(HLInstance.java:285)] Mise à jour de la config du moduleClass ConnectionManager après son initialisation.?[0m
[?[34m16:55:45.424 DATA_HANDLER (DEBUG) on Test worker utils.HLInstance.module(HLInstance.java:297)] Module ConnectionManager prêt?[0m
[?[34m16:55:45.427 COMMUNICATION (DEBUG) on Thread-22 utils.communication.SocketServerInterface$1.run(SocketServerInterface.java:57)] Creating socket waiting connection on port 13550?[0m
[?[34m16:55:45.429 COMMUNICATION (DEBUG) on Thread-22 utils.communication.SocketServerInterface$1.run(SocketServerInterface.java:60)] Receive buffer size on null is 65536?[0m
[?[34m16:55:45.431 COMMUNICATION (DEBUG) on Thread-22 utils.communication.SocketServerInterface$1.run(SocketServerInterface.java:71)] Waiting connection on port 13550?[0m
[?[34m16:55:45.478 COMMUNICATION (DEBUG) on SocketClient(localhost:13550) utils.communication.SocketClientInterface.lambda$init$0(SocketClientInterface.java:51)] Trying to connect to localhost on port 13550?[0m
[?[34m16:55:45.479 COMMUNICATION (DEBUG) on SocketClient(localhost:13550) utils.communication.SocketClientInterface.lambda$init$0(SocketClientInterface.java:53)] Socket created to localhost on port 13550?[0m
[?[34m16:55:45.480 COMMUNICATION (DEBUG) on Thread-22 utils.communication.SocketServerInterface$1.run(SocketServerInterface.java:77)] Connection accepted on port 13550?[0m
[?[34m16:55:45.481 COMMUNICATION (DEBUG) on SocketClient(localhost:13550) utils.communication.SocketClientInterface.lambda$init$0(SocketClientInterface.java:70)] SUCCESS to connect to localhost on port 13550?[0m
[?[34m16:55:45.481 COMMUNICATION (DEBUG) on Thread-22 utils.communication.SocketServerInterface$1.run(SocketServerInterface.java:79)] Connection initialized on port 13550?[0m
[?[34m16:55:45.483 COMMUNICATION (DEBUG) on Thread-22 utils.communication.SocketServerInterface$1.run(SocketServerInterface.java:81)] Initialized connection with a 'ping'?[0m
[?[34m16:55:45.483 COMMUNICATION (DEBUG) on Thread-22 utils.communication.SocketServerInterface$1.run(SocketServerInterface.java:71)] Waiting connection on port 13550?[0m
[?[34m16:55:45.528 ORDERS (DEBUG) on Test worker orders.OrderWrapper.immobilise(OrderWrapper.java:188)] Sent to LL: stop?[0m
[?[34m16:55:45.550 COMMUNICATION (DEBUG) on Test worker utils.communication.SocketServerInterface.read(SocketServerInterface.java:107)] >> READ: stop?[0m
[?[34m16:55:46.272 STDOUT (DEBUG) on Test worker org.gradle.api.internal.tasks.testing.processors.CaptureTestOutputTestResultProcessor.completed(CaptureTestOutputTestResultProcessor.java:80)] ?[0m
[?[34m16:55:46.274 STDOUT (DEBUG) on Test worker org.gradle.api.internal.tasks.testing.processors.CaptureTestOutputTestResultProcessor.started(CaptureTestOutputTestResultProcessor.java:51)] ?[0m
[?[34m16:55:46.284 STDOUT (DEBUG) on Finalizer utils.Log.close(Log.java:435)] ?[32mFermeture du service de log?[0m
[?[34m16:55:46.285 STDOUT (DEBUG) on Finalizer utils.HLInstance.printMessage(HLInstance.java:357)]     	       _____?[0m
[?[34m16:55:46.286 STDOUT (DEBUG) on Finalizer utils.HLInstance.printMessage(HLInstance.java:357)]               /     \?[0m
[?[34m16:55:46.286 STDOUT (DEBUG) on Finalizer utils.HLInstance.printMessage(HLInstance.java:357)]               vvvvvvv  /|__/|?[0m
[?[34m16:55:46.287 STDOUT (DEBUG) on Finalizer utils.HLInstance.printMessage(HLInstance.java:357)]                  I   /O,O   |?[0m
[?[34m16:55:46.290 STDOUT (DEBUG) on Finalizer utils.HLInstance.printMessage(HLInstance.java:357)]                  I /_____   |      /|/|?[0m
[?[34m16:55:46.291 STDOUT (DEBUG) on Finalizer utils.HLInstance.printMessage(HLInstance.java:357)]                 J|/^ ^ ^ \  |    /00  |    _//|?[0m
[?[34m16:55:46.291 STDOUT (DEBUG) on Finalizer utils.HLInstance.printMessage(HLInstance.java:357)]                  |^ ^ ^ ^ |W|   |/^^\ |   /oo |?[0m
[?[34m16:55:46.292 STDOUT (DEBUG) on Finalizer utils.HLInstance.printMessage(HLInstance.java:357)]                   \m___m__|_|    \m_m_|   \mm_|?[0m
[?[34m16:55:46.292 COMMUNICATION (DEBUG) on Thread-22 utils.communication.SocketServerInterface$1.run(SocketServerInterface.java:71)] Waiting connection on port 13550?[0m
[?[34m16:55:46.292 STDOUT (DEBUG) on Finalizer utils.HLInstance.printMessage(HLInstance.java:357)] ?[0m
[?[34m16:55:46.293 STDOUT (DEBUG) on Finalizer utils.HLInstance.printMessage(HLInstance.java:357)] ------------------------- TOTORO'S END -------------------------?[0m
[?[34m16:55:46.294 STDOUT (DEBUG) on Test worker utils.HLInstance.printMessage(HLInstance.java:357)]                  I   /O,O   |
?[33m                   /*``.           `-:--.`?[0m
[?[34m16:55:46.296 STDOUT (DEBUG) on Test worker utils.HLInstance.printMessage(HLInstance.java:357)] ?[33m                  `.-::::/.        .:::::::y?[0m
[?[34m16:55:46.296 STDOUT (DEBUG) on Test worker utils.HLInstance.printMessage(HLInstance.java:357)] ?[33m                 `::::::::o``````.-::::::/h-?[0m
[?[34m16:55:46.297 STDOUT (DEBUG) on Test worker utils.HLInstance.printMessage(HLInstance.java:357)] ?[33m                 `::::::::::::::::::::::/h.?[0m
[?[34m16:55:46.298 STDOUT (DEBUG) on Test worker utils.HLInstance.printMessage(HLInstance.java:357)] ?[33m                  -::::::://++++//::::::::.?[0m
[?[34m16:55:46.299 STDOUT (DEBUG) on Test worker utils.HLInstance.printMessage(HLInstance.java:357)] ?[33m               `-::::/oso+/:-....--://:::::-.``.---:`?[0m
[?[34m16:55:46.299 STDOUT (DEBUG) on Test worker utils.HLInstance.printMessage(HLInstance.java:357)] ?[33m      ````   .-:::/so/-      ``````  `.:::::::::::::+ ?[34m``````````````````````````````````````````````````````````````````````?[0m
[?[34m16:55:46.303 STDOUT (DEBUG) on Test worker utils.HLInstance.printMessage(HLInstance.java:357)] ?[33m    `-:::::--:::os+.?[34m   `/sssssss`   ./syyyyyys+/y+sssssssssssssssssssssssssssssssssssssssssssssssssssssssssssssssssssssy- `-:::://?[0m
[?[34m16:55:46.305 STDOUT (DEBUG) on Test worker utils.HLInstance.printMessage(HLInstance.java:357)] ?[33m   `-:::::::::+y/`?[34mS   .shhhhhdd:   `/hhhhhhhhhdo:/dddddddddddddddddhhhhhhhdddddddddddddddddddddddddddddddddddddddddddddo`.:////sy.?[0m
[?[34m16:55:46.307 STDOUT (DEBUG) on Test worker utils.HLInstance.printMessage(HLInstance.java:357)] ?[33m   ::::::::::so`?[34m     :yhhhhhmy`   .ohhhhhhhhhhd  `//oooooo+//////+hhhhhhdd+///////+++++++/////////////////+++++++/////-`-////+h+` `?[0m
[?[34m16:55:46.308 STDOUT (DEBUG) on Test worker utils.HLInstance.printMessage(HLInstance.java:357)] ?[33m  `://:::::y/ ?[34mU   `+hhhhhdm+    -yhhhhhdhhhhhm`  `oyyyyyhs     .shhhhhdh-  ``.-:::////:::-.       ``.-::::////::://  `://///o+:::::::-.?[0m
[?[34m16:55:46.309 STDOUT (DEBUG) on Test worker utils.HLInstance.printMessage(HLInstance.java:357)] ?[33m      `::::y/ ?[34m    .shhhhhdh-   `+hhhhhdd+shhhhd- -yhhhhhmo`    /yhhhhhms` .-://+ssso+++/////o   `.:://+ossoo+++o+oy- -/////+ssoo+//////h?[0m
[?[34m16:55:46.311 STDOUT (DEBUG) on Test worker utils.HLInstance.printMessage(HLInstance.java:357)] ?[33m      .:::/y ?[34mU   :yhhhhhms`   .shhhhhdy?[33m::?[34mhhhhhho+hhhhhdd:    `ohhhhhdd/ .:///oyo::-----////oy `-:///oyo:.`      `-``:////oy+-` `:////+h:?[0m
[?[34m16:55:46.313 STDOUT (DEBUG) on Test worker utils.HLInstance.printMessage(HLInstance.java:357)] ?[33m      -:::o: ?[34m  `+hhhhhdm/    :yhhhhddo?[33m:::?[34m+hhhhhhhhhhhms.    -yhhhhhdh. -////yo.`ooooooooooss``:////yo.            -/////yo`   .:////ys.?[0m
[?[34m16:55:46.314 STDOUT (DEBUG) on Test worker utils.HLInstance.printMessage(HLInstance.java:357)] ?[33m   ``.::::+-?[34m S .shhhhhdh-   `+hhhhhdd/?[33m::::?[34m/hhhhhhhhhdd/     /hhhhhhmo` `/////s```..----:+:..  -/////o``````..:.  `:////oh:   `-////+h/?[0m
[?[34m16:55:46.316 STDOUT (DEBUG) on Test worker utils.HLInstance.printMessage(HLInstance.java:357)] ?[33m`.-::::::::+ ?[34m:yhhhhhms`   .shhhhhmy?[33m:::::::?[34mhhhhhhhhdh.    `ohhhhhdd:    :++////:::///+oys`    `/++/////://++yo` .:////ys`   .:////ys.?[0m
[?[34m16:55:46.317 STDOUT (DEBUG) on Test worker utils.HLInstance.printMessage(HLInstance.java:357)] ?[33m-::::::::::/-?[34m/oooooo/     -sssyyyo?[33m:+o/++//?[34mhyssssss+`     .sssssss.      `-/++oooo++//:.        .:/+oooo++/:-   /ooooo:     :ooooo/?[0m
[?[34m16:55:46.319 STDOUT (DEBUG) on Test worker utils.HLInstance.printMessage(HLInstance.java:357)] ?[33m.:::::/o:::::-`               `.--:::os+```.---?[0m
[?[34m16:55:46.320 STDOUT (DEBUG) on Test worker utils.HLInstance.printMessage(HLInstance.java:357)] ?[33m :+ooo/.`::::::-..`````````.--::::+ss:`?[0m
[?[34m16:55:46.321 STDOUT (DEBUG) on Test worker utils.HLInstance.printMessage(HLInstance.java:357)] ?[33m  ``     `-/::::::::::::::::::::::s.?[0m
[?[34m16:55:46.322 STDOUT (DEBUG) on Test worker utils.HLInstance.printMessage(HLInstance.java:357)] ?[33m          `:::::::::::://+::::::::o-?[0m
[?[34m16:55:46.323 STDOUT (DEBUG) on Test worker utils.HLInstance.printMessage(HLInstance.java:357)] ?[33m         `:::::::/h////::.-:::::::y-?[0m
[?[34m16:55:46.324 STDOUT (DEBUG) on Test worker utils.HLInstance.printMessage(HLInstance.java:357)] ?[33m         :::::::ss`        -:/+sso:?[0m
[?[34m16:55:46.325 STDOUT (DEBUG) on Test worker utils.HLInstance.printMessage(HLInstance.java:357)] ?[33m         .:/++sy:          `//*/?[0m
[?[34m16:55:46.326 STDOUT (DEBUG) on Test worker utils.HLInstance.printMessage(HLInstance.java:357)] ______________________________________________________________________________________________________________________________________________?[0m
[?[34m16:55:46.327 STDOUT (DEBUG) on Test worker utils.Log.init(Log.java:292)] ?[32mDémarrage du service de log?[0m
[?[34m16:55:46.327 STDOUT (DEBUG) on Test worker utils.Log.init(Log.java:293)] ?[0m?[0m
Initialisation du compteur...
[?[34m16:55:46.333 STDOUT (DEBUG) on Test worker utils.Log.attemptInitLogOutput(Log.java:413)] Création du fichier de log './../logs/Thu Jul 08 16:55:46 UTC 2021 #57 - everything.log' à '/home/ubuntu/TechTheTiller-HighLevel/logs/Thu Jul 08 16:55:46 UTC 2021 #57 - everything.log'?[0m
[?[34m16:55:46.334 STDOUT (DEBUG) on Test worker utils.Log.attemptInitLogOutput(Log.java:417)] Réussite de la création du fichier de log './../logs/Thu Jul 08 16:55:46 UTC 2021 #57 - everything.log?[0m
[?[34m16:55:46.336 STDOUT (DEBUG) on Test worker utils.Log.attemptInitLogOutput(Log.java:421)] Ouverture du fichier de log './../logs/Thu Jul 08 16:55:46 UTC 2021 #57 - everything.log'?[0m
[?[34m16:55:46.337 STDOUT (DEBUG) on Test worker utils.Log.attemptInitLogOutput(Log.java:413)] Création du fichier de log './../logs/Thu Jul 08 16:55:46 UTC 2021 #57.log' à '/home/ubuntu/TechTheTiller-HighLevel/logs/Thu Jul 08 16:55:46 UTC 2021 #57.log'?[0m
[?[34m16:55:46.338 STDOUT (DEBUG) on Test worker utils.Log.attemptInitLogOutput(Log.java:417)] Réussite de la création du fichier de log './../logs/Thu Jul 08 16:55:46 UTC 2021 #57.log?[0m
[?[34m16:55:46.339 STDOUT (DEBUG) on Test worker utils.Log.attemptInitLogOutput(Log.java:421)] Ouverture du fichier de log './../logs/Thu Jul 08 16:55:46 UTC 2021 #57.log'?[0m
[?[34m16:55:46.341 STDOUT (DEBUG) on Test worker utils.Log.attemptInitLogOutput(Log.java:413)] Création du fichier de log './../logs/Thu Jul 08 16:55:46 UTC 2021 #57 - errors.log' à '/home/ubuntu/TechTheTiller-HighLevel/logs/Thu Jul 08 16:55:46 UTC 2021 #57 - errors.log'?[0m
[?[34m16:55:46.342 STDOUT (DEBUG) on Test worker utils.Log.attemptInitLogOutput(Log.java:417)] Réussite de la création du fichier de log './../logs/Thu Jul 08 16:55:46 UTC 2021 #57 - errors.log?[0m
[?[34m16:55:46.343 STDOUT (DEBUG) on Test worker utils.Log.attemptInitLogOutput(Log.java:421)] Ouverture du fichier de log './../logs/Thu Jul 08 16:55:46 UTC 2021 #57 - errors.log'?[0m
[?[34m16:55:46.369 STDOUT (DEBUG) on Test worker utils.HLInstance.<init>(HLInstance.java:104)] Version : 07e922f on master - [tests]?[0m
[?[34m16:55:46.370 STDOUT (DEBUG) on Test worker utils.HLInstance.<init>(HLInstance.java:112)] System : Linux 5.4.0-1038-raspi aarch64?[0m
[?[34m16:55:46.371 STDOUT (DEBUG) on Test worker utils.HLInstance.<init>(HLInstance.java:114)] Java : Private Build 14.0.2, max memory : 0.5G, available processors : 4?[0m
[?[34m16:55:46.372 STDOUT (DEBUG) on Test worker utils.HLInstance.<init>(HLInstance.java:117)] ?[0m
[?[34m16:55:46.373 STDOUT (DEBUG) on Test worker utils.HLInstance.<init>(HLInstance.java:119)]    Remember, with great power comes great current squared times resistance !
?[0m
[?[34m16:55:46.374 STDOUT (DEBUG) on Test worker utils.HLInstance.<init>(HLInstance.java:122)] Chargement de la config...?[0m
[?[34m16:55:46.377 STDOUT (DEBUG) on Test worker pfg.config.Config.readConfigFile(Config.java:166)] Loading config file : /home/ubuntu/TechTheTiller-HighLevel/T3HL-common/../config/config.txt?[0m
[?[34m16:55:46.391 STDOUT (DEBUG) on Test worker pfg.config.Config.printChangedValues(Config.java:465)] Configuration diff :?[0m
[?[34m16:55:46.392 STDOUT (DEBUG) on Test worker pfg.config.Config.printChangedValues(Config.java:469)]   visualisation = false (default : true)?[0m
[?[34m16:55:46.394 STDOUT (DEBUG) on Test worker pfg.config.Config.printChangedValues(Config.java:469)]   usingBaliseImage = false (default : true)?[0m
[?[34m16:55:46.395 STDOUT (DEBUG) on Test worker pfg.config.Config.printChangedValues(Config.java:469)]   usingPanel = false (default : true)?[0m
[?[34m16:55:46.396 STDOUT (DEBUG) on Test worker pfg.config.Config.printChangedValues(Config.java:469)]   connectToBuddy = false (default : true)?[0m
[?[34m16:55:46.398 STDOUT (DEBUG) on Test worker pfg.config.Config.printChangedValues(Config.java:469)]   buddyRay = 70 (default : 150)?[0m
[?[34m16:55:46.399 STDOUT (DEBUG) on Test worker pfg.config.Config.printChangedValues(Config.java:469)]   ennemyRay = 150 (default : 220)?[0m
[?[34m16:55:46.400 STDOUT (DEBUG) on Test worker pfg.config.Config.printChangedValues(Config.java:469)]   nbrNoeudsX = 30 (default : 45)?[0m
[?[34m16:55:46.401 STDOUT (DEBUG) on Test worker pfg.config.Config.printChangedValues(Config.java:469)]   nbrNoeudsY = 20 (default : 30)?[0m
[?[34m16:55:46.403 STDOUT (DEBUG) on Test worker pfg.config.Config.printChangedValues(Config.java:469)]   nbrNoeudsCircle = 14 (default : 12)?[0m
[?[34m16:55:46.404 DATA_HANDLER (DEBUG) on Test worker utils.HLInstance.module(HLInstance.java:271)] Initialisation du moduleClass OrderWrapper?[0m
[?[34m16:55:46.404 DATA_HANDLER (DEBUG) on Test worker utils.HLInstance.module(HLInstance.java:285)] Mise à jour de la config du moduleClass OrderWrapper après son initialisation.?[0m
[?[34m16:55:46.405 STDOUT (DEBUG) on Test worker pfg.config.Config.loadInto(Config.java:274)] Set private boolean orders.OrderWrapper.symetry to false?[0m
[?[34m16:55:46.406 STDOUT (DEBUG) on Test worker pfg.config.Config.loadInto(Config.java:274)] Set private boolean orders.OrderWrapper.simulation to false?[0m
[?[34m16:55:46.407 STDOUT (DEBUG) on Test worker pfg.config.Config.loadInto(Config.java:274)] Set private boolean orders.OrderWrapper.usingBaliseImage to false?[0m
[?[34m16:55:46.409 DATA_HANDLER (DEBUG) on Test worker utils.HLInstance.module(HLInstance.java:297)] Module OrderWrapper prêt?[0m
[?[34m16:55:46.409 DATA_HANDLER (DEBUG) on Test worker utils.HLInstance.module(HLInstance.java:271)] Initialisation du moduleClass ConnectionManager?[0m
[?[34m16:55:46.410 DATA_HANDLER (DEBUG) on Test worker utils.HLInstance.module(HLInstance.java:285)] Mise à jour de la config du moduleClass ConnectionManager après son initialisation.?[0m
[?[34m16:55:46.411 DATA_HANDLER (DEBUG) on Test worker utils.HLInstance.module(HLInstance.java:297)] Module ConnectionManager prêt?[0m
[?[34m16:55:46.413 COMMUNICATION (DEBUG) on Thread-24 utils.communication.SocketServerInterface$1.run(SocketServerInterface.java:57)] Creating socket waiting connection on port 13550?[0m
[?[34m16:55:46.414 COMMUNICATION (DEBUG) on Thread-24 utils.communication.SocketServerInterface$1.run(SocketServerInterface.java:60)] Receive buffer size on null is 65536?[0m
[?[34m16:55:46.416 COMMUNICATION (DEBUG) on Thread-24 utils.communication.SocketServerInterface$1.run(SocketServerInterface.java:71)] Waiting connection on port 13550?[0m
[?[34m16:55:46.464 COMMUNICATION (DEBUG) on SocketClient(localhost:13550) utils.communication.SocketClientInterface.lambda$init$0(SocketClientInterface.java:51)] Trying to connect to localhost on port 13550?[0m
[?[34m16:55:46.465 COMMUNICATION (DEBUG) on SocketClient(localhost:13550) utils.communication.SocketClientInterface.lambda$init$0(SocketClientInterface.java:53)] Socket created to localhost on port 13550?[0m
[?[34m16:55:46.466 COMMUNICATION (DEBUG) on Thread-24 utils.communication.SocketServerInterface$1.run(SocketServerInterface.java:77)] Connection accepted on port 13550?[0m
[?[34m16:55:46.467 COMMUNICATION (DEBUG) on SocketClient(localhost:13550) utils.communication.SocketClientInterface.lambda$init$0(SocketClientInterface.java:70)] SUCCESS to connect to localhost on port 13550?[0m
[?[34m16:55:46.468 COMMUNICATION (DEBUG) on Thread-24 utils.communication.SocketServerInterface$1.run(SocketServerInterface.java:79)] Connection initialized on port 13550?[0m
[?[34m16:55:46.471 COMMUNICATION (DEBUG) on Thread-24 utils.communication.SocketServerInterface$1.run(SocketServerInterface.java:81)] Initialized connection with a 'ping'?[0m
[?[34m16:55:46.472 COMMUNICATION (DEBUG) on Thread-24 utils.communication.SocketServerInterface$1.run(SocketServerInterface.java:71)] Waiting connection on port 13550?[0m
[?[34m16:55:46.514 ORDERS (DEBUG) on Test worker validation.Test_OrderWrapper.sendActionOrder(Test_OrderWrapper.java:89)] Sent to LL: valve RIGHT on?[0m
[?[34m16:55:46.535 COMMUNICATION (DEBUG) on Test worker utils.communication.SocketServerInterface.read(SocketServerInterface.java:107)] >> READ: valve RIGHT on?[0m
[?[34m16:55:47.203 STDOUT (DEBUG) on Finalizer utils.Log.close(Log.java:435)] ?[32mFermeture du service de log?[0m
[?[34m16:55:47.204 STDOUT (DEBUG) on Finalizer utils.HLInstance.printMessage(HLInstance.java:357)]     	       _____?[0m
[?[34m16:55:47.204 STDOUT (DEBUG) on Finalizer utils.HLInstance.printMessage(HLInstance.java:357)]               /     \?[0m
[?[34m16:55:47.205 STDOUT (DEBUG) on Finalizer utils.HLInstance.printMessage(HLInstance.java:357)]               vvvvvvv  /|__/|?[0m
[?[34m16:55:47.205 STDOUT (DEBUG) on Finalizer utils.HLInstance.printMessage(HLInstance.java:357)]                  I   /O,O   |?[0m
[?[34m16:55:47.206 STDOUT (DEBUG) on Finalizer utils.HLInstance.printMessage(HLInstance.java:357)]                  I /_____   |      /|/|?[0m
[?[34m16:55:47.207 STDOUT (DEBUG) on Finalizer utils.HLInstance.printMessage(HLInstance.java:357)]                 J|/^ ^ ^ \  |    /00  |    _//|?[0m
[?[34m16:55:47.210 STDOUT (DEBUG) on Finalizer utils.HLInstance.printMessage(HLInstance.java:357)]                  |^ ^ ^ ^ |W|   |/^^\ |   /oo |?[0m
[?[34m16:55:47.211 STDOUT (DEBUG) on Finalizer utils.HLInstance.printMessage(HLInstance.java:357)]                   \m___m__|_|    \m_m_|   \mm_|?[0m
[?[34m16:55:47.213 STDOUT (DEBUG) on Test worker org.gradle.api.internal.tasks.testing.processors.CaptureTestOutputTestResultProcessor.completed(CaptureTestOutputTestResultProcessor.java:80)]                   \m___m__|_|    \m_m_|   \mm_|?[0m
[?[34m16:55:47.216 STDOUT (DEBUG) on Finalizer utils.HLInstance.printMessage(HLInstance.java:357)] ?[0m
[?[34m16:55:47.217 STDOUT (DEBUG) on Finalizer utils.HLInstance.printMessage(HLInstance.java:357)] ------------------------- TOTORO'S END -------------------------?[0m
[?[34m16:55:47.226 STDOUT (DEBUG) on Test worker org.gradle.api.internal.tasks.testing.processors.CaptureTestOutputTestResultProcessor.started(CaptureTestOutputTestResultProcessor.java:51)] ?[0m
[?[34m16:55:47.232 COMMUNICATION (DEBUG) on Thread-24 utils.communication.SocketServerInterface$1.run(SocketServerInterface.java:71)] Waiting connection on port 13550?[0m
[?[34m16:55:47.236 STDOUT (DEBUG) on Test worker utils.HLInstance.printMessage(HLInstance.java:357)] ?[33m                   /*``.           `-:--.`?[0m
[?[34m16:55:47.240 STDOUT (DEBUG) on Test worker utils.HLInstance.printMessage(HLInstance.java:357)] ?[33m                  `.-::::/.        .:::::::y?[0m
[?[34m16:55:47.241 STDOUT (DEBUG) on Test worker utils.HLInstance.printMessage(HLInstance.java:357)] ?[33m                 `::::::::o``````.-::::::/h-?[0m
[?[34m16:55:47.244 STDOUT (DEBUG) on Test worker utils.HLInstance.printMessage(HLInstance.java:357)] ?[33m                 `::::::::::::::::::::::/h.?[0m
[?[34m16:55:47.246 STDOUT (DEBUG) on Test worker utils.HLInstance.printMessage(HLInstance.java:357)] ?[33m                  -::::::://++++//::::::::.?[0m
[?[34m16:55:47.248 STDOUT (DEBUG) on Test worker utils.HLInstance.printMessage(HLInstance.java:357)] ?[33m               `-::::/oso+/:-....--://:::::-.``.---:`?[0m
[?[34m16:55:47.249 STDOUT (DEBUG) on Test worker utils.HLInstance.printMessage(HLInstance.java:357)] ?[33m      ````   .-:::/so/-      ``````  `.:::::::::::::+ ?[34m``````````````````````````````````````````````````````````````````````?[0m
[?[34m16:55:47.252 STDOUT (DEBUG) on Test worker utils.HLInstance.printMessage(HLInstance.java:357)] ?[33m    `-:::::--:::os+.?[34m   `/sssssss`   ./syyyyyys+/y+sssssssssssssssssssssssssssssssssssssssssssssssssssssssssssssssssssssy- `-:::://?[0m
[?[34m16:55:47.254 STDOUT (DEBUG) on Test worker utils.HLInstance.printMessage(HLInstance.java:357)] ?[33m   `-:::::::::+y/`?[34mS   .shhhhhdd:   `/hhhhhhhhhdo:/dddddddddddddddddhhhhhhhdddddddddddddddddddddddddddddddddddddddddddddo`.:////sy.?[0m
[?[34m16:55:47.256 STDOUT (DEBUG) on Test worker utils.HLInstance.printMessage(HLInstance.java:357)] ?[33m   ::::::::::so`?[34m     :yhhhhhmy`   .ohhhhhhhhhhd  `//oooooo+//////+hhhhhhdd+///////+++++++/////////////////+++++++/////-`-////+h+` `?[0m
[?[34m16:55:47.259 STDOUT (DEBUG) on Test worker utils.HLInstance.printMessage(HLInstance.java:357)] ?[33m  `://:::::y/ ?[34mU   `+hhhhhdm+    -yhhhhhdhhhhhm`  `oyyyyyhs     .shhhhhdh-  ``.-:::////:::-.       ``.-::::////::://  `://///o+:::::::-.?[0m
[?[34m16:55:47.262 STDOUT (DEBUG) on Test worker utils.HLInstance.printMessage(HLInstance.java:357)] ?[33m      `::::y/ ?[34m    .shhhhhdh-   `+hhhhhdd+shhhhd- -yhhhhhmo`    /yhhhhhms` .-://+ssso+++/////o   `.:://+ossoo+++o+oy- -/////+ssoo+//////h?[0m
[?[34m16:55:47.264 STDOUT (DEBUG) on Test worker utils.HLInstance.printMessage(HLInstance.java:357)] ?[33m      .:::/y ?[34mU   :yhhhhhms`   .shhhhhdy?[33m::?[34mhhhhhho+hhhhhdd:    `ohhhhhdd/ .:///oyo::-----////oy `-:///oyo:.`      `-``:////oy+-` `:////+h:?[0m
[?[34m16:55:47.266 STDOUT (DEBUG) on Test worker utils.HLInstance.printMessage(HLInstance.java:357)] ?[33m      -:::o: ?[34m  `+hhhhhdm/    :yhhhhddo?[33m:::?[34m+hhhhhhhhhhhms.    -yhhhhhdh. -////yo.`ooooooooooss``:////yo.            -/////yo`   .:////ys.?[0m
[?[34m16:55:47.268 STDOUT (DEBUG) on Test worker utils.HLInstance.printMessage(HLInstance.java:357)] ?[33m   ``.::::+-?[34m S .shhhhhdh-   `+hhhhhdd/?[33m::::?[34m/hhhhhhhhhdd/     /hhhhhhmo` `/////s```..----:+:..  -/////o``````..:.  `:////oh:   `-////+h/?[0m
[?[34m16:55:47.271 STDOUT (DEBUG) on Test worker utils.HLInstance.printMessage(HLInstance.java:357)] ?[33m`.-::::::::+ ?[34m:yhhhhhms`   .shhhhhmy?[33m:::::::?[34mhhhhhhhhdh.    `ohhhhhdd:    :++////:::///+oys`    `/++/////://++yo` .:////ys`   .:////ys.?[0m
[?[34m16:55:47.274 STDOUT (DEBUG) on Test worker utils.HLInstance.printMessage(HLInstance.java:357)] ?[33m-::::::::::/-?[34m/oooooo/     -sssyyyo?[33m:+o/++//?[34mhyssssss+`     .sssssss.      `-/++oooo++//:.        .:/+oooo++/:-   /ooooo:     :ooooo/?[0m
[?[34m16:55:47.277 STDOUT (DEBUG) on Test worker utils.HLInstance.printMessage(HLInstance.java:357)] ?[33m.:::::/o:::::-`               `.--:::os+```.---?[0m
[?[34m16:55:47.279 STDOUT (DEBUG) on Test worker utils.HLInstance.printMessage(HLInstance.java:357)] ?[33m :+ooo/.`::::::-..`````````.--::::+ss:`?[0m
[?[34m16:55:47.282 STDOUT (DEBUG) on Test worker utils.HLInstance.printMessage(HLInstance.java:357)] ?[33m  ``     `-/::::::::::::::::::::::s.?[0m
[?[34m16:55:47.284 STDOUT (DEBUG) on Test worker utils.HLInstance.printMessage(HLInstance.java:357)] ?[33m          `:::::::::::://+::::::::o-?[0m
[?[34m16:55:47.287 STDOUT (DEBUG) on Test worker utils.HLInstance.printMessage(HLInstance.java:357)] ?[33m         `:::::::/h////::.-:::::::y-?[0m
[?[34m16:55:47.289 STDOUT (DEBUG) on Test worker utils.HLInstance.printMessage(HLInstance.java:357)] ?[33m         :::::::ss`        -:/+sso:?[0m
[?[34m16:55:47.292 STDOUT (DEBUG) on Test worker utils.HLInstance.printMessage(HLInstance.java:357)] ?[33m         .:/++sy:          `//*/?[0m
[?[34m16:55:47.294 STDOUT (DEBUG) on Test worker utils.HLInstance.printMessage(HLInstance.java:357)] ______________________________________________________________________________________________________________________________________________?[0m
[?[34m16:55:47.297 STDOUT (DEBUG) on Test worker utils.Log.init(Log.java:292)] ?[32mDémarrage du service de log?[0m
[?[34m16:55:47.300 STDOUT (DEBUG) on Test worker utils.Log.init(Log.java:293)] ?[0m?[0m
Initialisation du compteur...
[?[34m16:55:47.309 STDOUT (DEBUG) on Test worker utils.Log.attemptInitLogOutput(Log.java:413)] Création du fichier de log './../logs/Thu Jul 08 16:55:47 UTC 2021 #58 - everything.log' à '/home/ubuntu/TechTheTiller-HighLevel/logs/Thu Jul 08 16:55:47 UTC 2021 #58 - everything.log'?[0m
[?[34m16:55:47.313 STDOUT (DEBUG) on Test worker utils.Log.attemptInitLogOutput(Log.java:417)] Réussite de la création du fichier de log './../logs/Thu Jul 08 16:55:47 UTC 2021 #58 - everything.log?[0m
[?[34m16:55:47.316 STDOUT (DEBUG) on Test worker utils.Log.attemptInitLogOutput(Log.java:421)] Ouverture du fichier de log './../logs/Thu Jul 08 16:55:47 UTC 2021 #58 - everything.log'?[0m
[?[34m16:55:47.322 STDOUT (DEBUG) on Test worker utils.Log.attemptInitLogOutput(Log.java:413)] Création du fichier de log './../logs/Thu Jul 08 16:55:47 UTC 2021 #58.log' à '/home/ubuntu/TechTheTiller-HighLevel/logs/Thu Jul 08 16:55:47 UTC 2021 #58.log'?[0m
[?[34m16:55:47.326 STDOUT (DEBUG) on Test worker utils.Log.attemptInitLogOutput(Log.java:417)] Réussite de la création du fichier de log './../logs/Thu Jul 08 16:55:47 UTC 2021 #58.log?[0m
[?[34m16:55:47.330 STDOUT (DEBUG) on Test worker utils.Log.attemptInitLogOutput(Log.java:421)] Ouverture du fichier de log './../logs/Thu Jul 08 16:55:47 UTC 2021 #58.log'?[0m
[?[34m16:55:47.335 STDOUT (DEBUG) on Test worker utils.Log.attemptInitLogOutput(Log.java:413)] Création du fichier de log './../logs/Thu Jul 08 16:55:47 UTC 2021 #58 - errors.log' à '/home/ubuntu/TechTheTiller-HighLevel/logs/Thu Jul 08 16:55:47 UTC 2021 #58 - errors.log'?[0m
[?[34m16:55:47.338 STDOUT (DEBUG) on Test worker utils.Log.attemptInitLogOutput(Log.java:417)] Réussite de la création du fichier de log './../logs/Thu Jul 08 16:55:47 UTC 2021 #58 - errors.log?[0m
[?[34m16:55:47.342 STDOUT (DEBUG) on Test worker utils.Log.attemptInitLogOutput(Log.java:421)] Ouverture du fichier de log './../logs/Thu Jul 08 16:55:47 UTC 2021 #58 - errors.log'?[0m
[?[34m16:55:47.381 STDOUT (DEBUG) on Test worker utils.HLInstance.<init>(HLInstance.java:104)] Version : 07e922f on master - [tests]?[0m
[?[34m16:55:47.382 STDOUT (DEBUG) on Test worker utils.HLInstance.<init>(HLInstance.java:112)] System : Linux 5.4.0-1038-raspi aarch64?[0m
[?[34m16:55:47.383 STDOUT (DEBUG) on Test worker utils.HLInstance.<init>(HLInstance.java:114)] Java : Private Build 14.0.2, max memory : 0.5G, available processors : 4?[0m
[?[34m16:55:47.384 STDOUT (DEBUG) on Test worker utils.HLInstance.<init>(HLInstance.java:117)] ?[0m
[?[34m16:55:47.385 STDOUT (DEBUG) on Test worker utils.HLInstance.<init>(HLInstance.java:119)]    Remember, with great power comes great current squared times resistance !
?[0m
[?[34m16:55:47.386 STDOUT (DEBUG) on Test worker utils.HLInstance.<init>(HLInstance.java:122)] Chargement de la config...?[0m
[?[34m16:55:47.389 STDOUT (DEBUG) on Test worker pfg.config.Config.readConfigFile(Config.java:166)] Loading config file : /home/ubuntu/TechTheTiller-HighLevel/T3HL-common/../config/config.txt?[0m
[?[34m16:55:47.400 STDOUT (DEBUG) on Test worker pfg.config.Config.printChangedValues(Config.java:465)] Configuration diff :?[0m
[?[34m16:55:47.400 STDOUT (DEBUG) on Test worker pfg.config.Config.printChangedValues(Config.java:469)]   visualisation = false (default : true)?[0m
[?[34m16:55:47.401 STDOUT (DEBUG) on Test worker pfg.config.Config.printChangedValues(Config.java:469)]   usingBaliseImage = false (default : true)?[0m
[?[34m16:55:47.403 STDOUT (DEBUG) on Test worker pfg.config.Config.printChangedValues(Config.java:469)]   usingPanel = false (default : true)?[0m
[?[34m16:55:47.442 STDOUT (DEBUG) on Test worker pfg.config.Config.printChangedValues(Config.java:469)]   connectToBuddy = false (default : true)?[0m
[?[34m16:55:47.443 STDOUT (DEBUG) on Test worker pfg.config.Config.printChangedValues(Config.java:469)]   buddyRay = 70 (default : 150)?[0m
[?[34m16:55:47.445 STDOUT (DEBUG) on Test worker pfg.config.Config.printChangedValues(Config.java:469)]   ennemyRay = 150 (default : 220)?[0m
[?[34m16:55:47.446 STDOUT (DEBUG) on Test worker pfg.config.Config.printChangedValues(Config.java:469)]   nbrNoeudsX = 30 (default : 45)?[0m
[?[34m16:55:47.447 STDOUT (DEBUG) on Test worker pfg.config.Config.printChangedValues(Config.java:469)]   nbrNoeudsY = 20 (default : 30)?[0m
[?[34m16:55:47.447 STDOUT (DEBUG) on Test worker pfg.config.Config.printChangedValues(Config.java:469)]   nbrNoeudsCircle = 14 (default : 12)?[0m
[?[34m16:55:47.456 DATA_HANDLER (DEBUG) on Test worker utils.HLInstance.module(HLInstance.java:271)] Initialisation du moduleClass OrderWrapper?[0m
[?[34m16:55:47.460 DATA_HANDLER (DEBUG) on Test worker utils.HLInstance.module(HLInstance.java:285)] Mise à jour de la config du moduleClass OrderWrapper après son initialisation.?[0m
[?[34m16:55:47.461 STDOUT (DEBUG) on Test worker pfg.config.Config.loadInto(Config.java:274)] Set private boolean orders.OrderWrapper.symetry to false?[0m
[?[34m16:55:47.463 STDOUT (DEBUG) on Test worker pfg.config.Config.loadInto(Config.java:274)] Set private boolean orders.OrderWrapper.simulation to false?[0m
[?[34m16:55:47.464 STDOUT (DEBUG) on Test worker pfg.config.Config.loadInto(Config.java:274)] Set private boolean orders.OrderWrapper.usingBaliseImage to false?[0m
[?[34m16:55:47.465 DATA_HANDLER (DEBUG) on Test worker utils.HLInstance.module(HLInstance.java:297)] Module OrderWrapper prêt?[0m
[?[34m16:55:47.466 DATA_HANDLER (DEBUG) on Test worker utils.HLInstance.module(HLInstance.java:271)] Initialisation du moduleClass ConnectionManager?[0m
[?[34m16:55:47.466 DATA_HANDLER (DEBUG) on Test worker utils.HLInstance.module(HLInstance.java:285)] Mise à jour de la config du moduleClass ConnectionManager après son initialisation.?[0m
[?[34m16:55:47.467 DATA_HANDLER (DEBUG) on Test worker utils.HLInstance.module(HLInstance.java:297)] Module ConnectionManager prêt?[0m
[?[34m16:55:47.468 COMMUNICATION (DEBUG) on Thread-26 utils.communication.SocketServerInterface$1.run(SocketServerInterface.java:57)] Creating socket waiting connection on port 13550?[0m
[?[34m16:55:47.469 COMMUNICATION (DEBUG) on Thread-26 utils.communication.SocketServerInterface$1.run(SocketServerInterface.java:60)] Receive buffer size on null is 65536?[0m
[?[34m16:55:47.471 COMMUNICATION (DEBUG) on Thread-26 utils.communication.SocketServerInterface$1.run(SocketServerInterface.java:71)] Waiting connection on port 13550?[0m
[?[34m16:55:47.519 COMMUNICATION (DEBUG) on SocketClient(localhost:13550) utils.communication.SocketClientInterface.lambda$init$0(SocketClientInterface.java:51)] Trying to connect to localhost on port 13550?[0m
[?[34m16:55:47.521 COMMUNICATION (DEBUG) on Thread-26 utils.communication.SocketServerInterface$1.run(SocketServerInterface.java:77)] Connection accepted on port 13550?[0m
[?[34m16:55:47.522 COMMUNICATION (DEBUG) on Thread-26 utils.communication.SocketServerInterface$1.run(SocketServerInterface.java:79)] Connection initialized on port 13550?[0m
[?[34m16:55:47.523 COMMUNICATION (DEBUG) on Thread-26 utils.communication.SocketServerInterface$1.run(SocketServerInterface.java:81)] Initialized connection with a 'ping'?[0m
[?[34m16:55:47.524 COMMUNICATION (DEBUG) on Thread-26 utils.communication.SocketServerInterface$1.run(SocketServerInterface.java:71)] Waiting connection on port 13550?[0m
[?[34m16:55:47.525 COMMUNICATION (DEBUG) on SocketClient(localhost:13550) utils.communication.SocketClientInterface.lambda$init$0(SocketClientInterface.java:53)] Socket created to localhost on port 13550?[0m
[?[34m16:55:47.526 COMMUNICATION (DEBUG) on SocketClient(localhost:13550) utils.communication.SocketClientInterface.lambda$init$0(SocketClientInterface.java:70)] SUCCESS to connect to localhost on port 13550?[0m
[?[34m16:55:47.570 ORDERS (DEBUG) on Test worker jdk.internal.reflect.NativeMethodAccessorImpl.invoke0(NativeMethodAccessorImpl.java:-2)] Sent to LL: d 15 false?[0m
[?[34m16:55:47.591 COMMUNICATION (DEBUG) on Test worker utils.communication.SocketServerInterface.read(SocketServerInterface.java:107)] >> READ: d 15 false?[0m
[?[34m16:55:48.295 STDOUT (DEBUG) on Finalizer utils.Log.close(Log.java:435)] ?[32mFermeture du service de log?[0m
[?[34m16:55:48.296 STDOUT (DEBUG) on Finalizer utils.HLInstance.printMessage(HLInstance.java:357)]     	       _____?[0m
[?[34m16:55:48.296 STDOUT (DEBUG) on Finalizer utils.HLInstance.printMessage(HLInstance.java:357)]               /     \?[0m
[?[34m16:55:48.297 STDOUT (DEBUG) on Finalizer utils.HLInstance.printMessage(HLInstance.java:357)]               vvvvvvv  /|__/|?[0m
[?[34m16:55:48.298 STDOUT (DEBUG) on Finalizer utils.HLInstance.printMessage(HLInstance.java:357)]                  I   /O,O   |?[0m
[?[34m16:55:48.299 STDOUT (DEBUG) on Test worker org.gradle.api.internal.tasks.testing.processors.CaptureTestOutputTestResultProcessor.completed(CaptureTestOutputTestResultProcessor.java:80)]               /     \?[0m
[?[34m16:55:48.303 COMMUNICATION (DEBUG) on Thread-26 utils.communication.SocketServerInterface$1.run(SocketServerInterface.java:71)] Waiting connection on port 13550?[0m
[?[34m16:55:48.300 STDOUT (DEBUG) on Finalizer utils.HLInstance.printMessage(HLInstance.java:357)]                  I /_____   |      /|/|?[0m
[?[34m16:55:48.308 STDOUT (DEBUG) on Test worker org.gradle.api.internal.tasks.testing.processors.CaptureTestOutputTestResultProcessor.started(CaptureTestOutputTestResultProcessor.java:51)] ?[0m
[?[34m16:55:48.309 STDOUT (DEBUG) on Finalizer utils.HLInstance.printMessage(HLInstance.java:357)]                 J|/^ ^ ^ \  |    /00  |    _//|?[0m
[?[34m16:55:48.310 STDOUT (DEBUG) on Finalizer utils.HLInstance.printMessage(HLInstance.java:357)]                  |^ ^ ^ ^ |W|   |/^^\ |   /oo |?[0m
[?[34m16:55:48.311 STDOUT (DEBUG) on Finalizer utils.HLInstance.printMessage(HLInstance.java:357)]                   \m___m__|_|    \m_m_|   \mm_|?[0m
[?[34m16:55:48.311 STDOUT (DEBUG) on Finalizer utils.HLInstance.printMessage(HLInstance.java:357)] ?[0m
[?[34m16:55:48.312 STDOUT (DEBUG) on Finalizer utils.HLInstance.printMessage(HLInstance.java:357)] ------------------------- TOTORO'S END -------------------------?[0m
[?[34m16:55:48.315 STDOUT (DEBUG) on Test worker utils.HLInstance.printMessage(HLInstance.java:357)] ?[33m                   /*``.           `-:--.`?[0m
[?[34m16:55:48.316 STDOUT (DEBUG) on Test worker utils.HLInstance.printMessage(HLInstance.java:357)] ?[33m                  `.-::::/.        .:::::::y?[0m
[?[34m16:55:48.318 STDOUT (DEBUG) on Test worker utils.HLInstance.printMessage(HLInstance.java:357)] ?[33m                 `::::::::o``````.-::::::/h-?[0m
[?[34m16:55:48.319 STDOUT (DEBUG) on Test worker utils.HLInstance.printMessage(HLInstance.java:357)] ?[33m                 `::::::::::::::::::::::/h.?[0m
[?[34m16:55:48.321 STDOUT (DEBUG) on Test worker utils.HLInstance.printMessage(HLInstance.java:357)] ?[33m                  -::::::://++++//::::::::.?[0m
[?[34m16:55:48.321 STDOUT (DEBUG) on Test worker utils.HLInstance.printMessage(HLInstance.java:357)] ?[33m               `-::::/oso+/:-....--://:::::-.``.---:`?[0m
[?[34m16:55:48.326 STDOUT (DEBUG) on Test worker utils.HLInstance.printMessage(HLInstance.java:357)] ?[33m      ````   .-:::/so/-      ``````  `.:::::::::::::+ ?[34m``````````````````````````````````````````````````````````````````````?[0m
[?[34m16:55:48.330 STDOUT (DEBUG) on Test worker utils.HLInstance.printMessage(HLInstance.java:357)] ?[33m    `-:::::--:::os+.?[34m   `/sssssss`   ./syyyyyys+/y+sssssssssssssssssssssssssssssssssssssssssssssssssssssssssssssssssssssy- `-:::://?[0m
[?[34m16:55:48.332 STDOUT (DEBUG) on Test worker utils.HLInstance.printMessage(HLInstance.java:357)] ?[33m   `-:::::::::+y/`?[34mS   .shhhhhdd:   `/hhhhhhhhhdo:/dddddddddddddddddhhhhhhhdddddddddddddddddddddddddddddddddddddddddddddo`.:////sy.?[0m
[?[34m16:55:48.333 STDOUT (DEBUG) on Test worker utils.HLInstance.printMessage(HLInstance.java:357)] ?[33m   ::::::::::so`?[34m     :yhhhhhmy`   .ohhhhhhhhhhd  `//oooooo+//////+hhhhhhdd+///////+++++++/////////////////+++++++/////-`-////+h+` `?[0m
[?[34m16:55:48.334 STDOUT (DEBUG) on Test worker utils.HLInstance.printMessage(HLInstance.java:357)] ?[33m  `://:::::y/ ?[34mU   `+hhhhhdm+    -yhhhhhdhhhhhm`  `oyyyyyhs     .shhhhhdh-  ``.-:::////:::-.       ``.-::::////::://  `://///o+:::::::-.?[0m
[?[34m16:55:48.335 STDOUT (DEBUG) on Test worker utils.HLInstance.printMessage(HLInstance.java:357)] ?[33m      `::::y/ ?[34m    .shhhhhdh-   `+hhhhhdd+shhhhd- -yhhhhhmo`    /yhhhhhms` .-://+ssso+++/////o   `.:://+ossoo+++o+oy- -/////+ssoo+//////h?[0m
[?[34m16:55:48.336 STDOUT (DEBUG) on Test worker utils.HLInstance.printMessage(HLInstance.java:357)] ?[33m      .:::/y ?[34mU   :yhhhhhms`   .shhhhhdy?[33m::?[34mhhhhhho+hhhhhdd:    `ohhhhhdd/ .:///oyo::-----////oy `-:///oyo:.`      `-``:////oy+-` `:////+h:?[0m
[?[34m16:55:48.337 STDOUT (DEBUG) on Test worker utils.HLInstance.printMessage(HLInstance.java:357)] ?[33m      -:::o: ?[34m  `+hhhhhdm/    :yhhhhddo?[33m:::?[34m+hhhhhhhhhhhms.    -yhhhhhdh. -////yo.`ooooooooooss``:////yo.            -/////yo`   .:////ys.?[0m
[?[34m16:55:48.339 STDOUT (DEBUG) on Test worker utils.HLInstance.printMessage(HLInstance.java:357)] ?[33m   ``.::::+-?[34m S .shhhhhdh-   `+hhhhhdd/?[33m::::?[34m/hhhhhhhhhdd/     /hhhhhhmo` `/////s```..----:+:..  -/////o``````..:.  `:////oh:   `-////+h/?[0m
[?[34m16:55:48.341 STDOUT (DEBUG) on Test worker utils.HLInstance.printMessage(HLInstance.java:357)] ?[33m`.-::::::::+ ?[34m:yhhhhhms`   .shhhhhmy?[33m:::::::?[34mhhhhhhhhdh.    `ohhhhhdd:    :++////:::///+oys`    `/++/////://++yo` .:////ys`   .:////ys.?[0m
[?[34m16:55:48.344 STDOUT (DEBUG) on Test worker utils.HLInstance.printMessage(HLInstance.java:357)] ?[33m-::::::::::/-?[34m/oooooo/     -sssyyyo?[33m:+o/++//?[34mhyssssss+`     .sssssss.      `-/++oooo++//:.        .:/+oooo++/:-   /ooooo:     :ooooo/?[0m
[?[34m16:55:48.344 STDOUT (DEBUG) on Test worker utils.HLInstance.printMessage(HLInstance.java:357)] ?[33m.:::::/o:::::-`               `.--:::os+```.---?[0m
[?[34m16:55:48.345 STDOUT (DEBUG) on Test worker utils.HLInstance.printMessage(HLInstance.java:357)] ?[33m :+ooo/.`::::::-..`````````.--::::+ss:`?[0m
[?[34m16:55:48.346 STDOUT (DEBUG) on Test worker utils.HLInstance.printMessage(HLInstance.java:357)] ?[33m  ``     `-/::::::::::::::::::::::s.?[0m
[?[34m16:55:48.347 STDOUT (DEBUG) on Test worker utils.HLInstance.printMessage(HLInstance.java:357)] ?[33m          `:::::::::::://+::::::::o-?[0m
[?[34m16:55:48.348 STDOUT (DEBUG) on Test worker utils.HLInstance.printMessage(HLInstance.java:357)] ?[33m         `:::::::/h////::.-:::::::y-?[0m
[?[34m16:55:48.349 STDOUT (DEBUG) on Test worker utils.HLInstance.printMessage(HLInstance.java:357)] ?[33m         :::::::ss`        -:/+sso:?[0m
[?[34m16:55:48.349 STDOUT (DEBUG) on Test worker utils.HLInstance.printMessage(HLInstance.java:357)] ?[33m         .:/++sy:          `//*/?[0m
[?[34m16:55:48.350 STDOUT (DEBUG) on Test worker utils.HLInstance.printMessage(HLInstance.java:357)] ______________________________________________________________________________________________________________________________________________?[0m
[?[34m16:55:48.351 STDOUT (DEBUG) on Test worker utils.Log.init(Log.java:292)] ?[32mDémarrage du service de log?[0m
[?[34m16:55:48.352 STDOUT (DEBUG) on Test worker utils.Log.init(Log.java:293)] ?[0m?[0m
Initialisation du compteur...
[?[34m16:55:48.365 STDOUT (DEBUG) on Test worker utils.Log.attemptInitLogOutput(Log.java:413)] Création du fichier de log './../logs/Thu Jul 08 16:55:48 UTC 2021 #59 - everything.log' à '/home/ubuntu/TechTheTiller-HighLevel/logs/Thu Jul 08 16:55:48 UTC 2021 #59 - everything.log'?[0m
[?[34m16:55:48.367 STDOUT (DEBUG) on Test worker utils.Log.attemptInitLogOutput(Log.java:417)] Réussite de la création du fichier de log './../logs/Thu Jul 08 16:55:48 UTC 2021 #59 - everything.log?[0m
[?[34m16:55:48.369 STDOUT (DEBUG) on Test worker utils.Log.attemptInitLogOutput(Log.java:421)] Ouverture du fichier de log './../logs/Thu Jul 08 16:55:48 UTC 2021 #59 - everything.log'?[0m
[?[34m16:55:48.370 STDOUT (DEBUG) on Test worker utils.Log.attemptInitLogOutput(Log.java:413)] Création du fichier de log './../logs/Thu Jul 08 16:55:48 UTC 2021 #59.log' à '/home/ubuntu/TechTheTiller-HighLevel/logs/Thu Jul 08 16:55:48 UTC 2021 #59.log'?[0m
[?[34m16:55:48.372 STDOUT (DEBUG) on Test worker utils.Log.attemptInitLogOutput(Log.java:417)] Réussite de la création du fichier de log './../logs/Thu Jul 08 16:55:48 UTC 2021 #59.log?[0m
[?[34m16:55:48.387 STDOUT (DEBUG) on Test worker utils.Log.attemptInitLogOutput(Log.java:421)] Ouverture du fichier de log './../logs/Thu Jul 08 16:55:48 UTC 2021 #59.log'?[0m
[?[34m16:55:48.391 STDOUT (DEBUG) on Test worker utils.Log.attemptInitLogOutput(Log.java:413)] Création du fichier de log './../logs/Thu Jul 08 16:55:48 UTC 2021 #59 - errors.log' à '/home/ubuntu/TechTheTiller-HighLevel/logs/Thu Jul 08 16:55:48 UTC 2021 #59 - errors.log'?[0m
[?[34m16:55:48.395 STDOUT (DEBUG) on Test worker utils.Log.attemptInitLogOutput(Log.java:417)] Réussite de la création du fichier de log './../logs/Thu Jul 08 16:55:48 UTC 2021 #59 - errors.log?[0m
[?[34m16:55:48.398 STDOUT (DEBUG) on Test worker utils.Log.attemptInitLogOutput(Log.java:421)] Ouverture du fichier de log './../logs/Thu Jul 08 16:55:48 UTC 2021 #59 - errors.log'?[0m
[?[34m16:55:48.422 STDOUT (DEBUG) on Test worker utils.HLInstance.<init>(HLInstance.java:104)] Version : 07e922f on master - [tests]?[0m
[?[34m16:55:48.423 STDOUT (DEBUG) on Test worker utils.HLInstance.<init>(HLInstance.java:112)] System : Linux 5.4.0-1038-raspi aarch64?[0m
[?[34m16:55:48.424 STDOUT (DEBUG) on Test worker utils.HLInstance.<init>(HLInstance.java:114)] Java : Private Build 14.0.2, max memory : 0.5G, available processors : 4?[0m
[?[34m16:55:48.425 STDOUT (DEBUG) on Test worker utils.HLInstance.<init>(HLInstance.java:117)] ?[0m
[?[34m16:55:48.425 STDOUT (DEBUG) on Test worker utils.HLInstance.<init>(HLInstance.java:119)]    Remember, with great power comes great current squared times resistance !
?[0m
[?[34m16:55:48.426 STDOUT (DEBUG) on Test worker utils.HLInstance.<init>(HLInstance.java:122)] Chargement de la config...?[0m
[?[34m16:55:48.430 STDOUT (DEBUG) on Test worker pfg.config.Config.readConfigFile(Config.java:166)] Loading config file : /home/ubuntu/TechTheTiller-HighLevel/T3HL-common/../config/config.txt?[0m
[?[34m16:55:48.442 STDOUT (DEBUG) on Test worker pfg.config.Config.printChangedValues(Config.java:465)] Configuration diff :?[0m
[?[34m16:55:48.443 STDOUT (DEBUG) on Test worker pfg.config.Config.printChangedValues(Config.java:469)]   visualisation = false (default : true)?[0m
[?[34m16:55:48.445 STDOUT (DEBUG) on Test worker pfg.config.Config.printChangedValues(Config.java:469)]   usingBaliseImage = false (default : true)?[0m
[?[34m16:55:48.446 STDOUT (DEBUG) on Test worker pfg.config.Config.printChangedValues(Config.java:469)]   usingPanel = false (default : true)?[0m
[?[34m16:55:48.447 STDOUT (DEBUG) on Test worker pfg.config.Config.printChangedValues(Config.java:469)]   connectToBuddy = false (default : true)?[0m
[?[34m16:55:48.448 STDOUT (DEBUG) on Test worker pfg.config.Config.printChangedValues(Config.java:469)]   buddyRay = 70 (default : 150)?[0m
[?[34m16:55:48.448 STDOUT (DEBUG) on Test worker pfg.config.Config.printChangedValues(Config.java:469)]   ennemyRay = 150 (default : 220)?[0m
[?[34m16:55:48.450 STDOUT (DEBUG) on Test worker pfg.config.Config.printChangedValues(Config.java:469)]   nbrNoeudsX = 30 (default : 45)?[0m
[?[34m16:55:48.451 STDOUT (DEBUG) on Test worker pfg.config.Config.printChangedValues(Config.java:469)]   nbrNoeudsY = 20 (default : 30)?[0m
[?[34m16:55:48.452 STDOUT (DEBUG) on Test worker pfg.config.Config.printChangedValues(Config.java:469)]   nbrNoeudsCircle = 14 (default : 12)?[0m
[?[34m16:55:48.453 DATA_HANDLER (DEBUG) on Test worker utils.HLInstance.module(HLInstance.java:271)] Initialisation du moduleClass OrderWrapper?[0m
[?[34m16:55:48.454 DATA_HANDLER (DEBUG) on Test worker utils.HLInstance.module(HLInstance.java:285)] Mise à jour de la config du moduleClass OrderWrapper après son initialisation.?[0m
[?[34m16:55:48.456 STDOUT (DEBUG) on Test worker pfg.config.Config.loadInto(Config.java:274)] Set private boolean orders.OrderWrapper.symetry to false?[0m
[?[34m16:55:48.458 STDOUT (DEBUG) on Test worker pfg.config.Config.loadInto(Config.java:274)] Set private boolean orders.OrderWrapper.simulation to false?[0m
[?[34m16:55:48.462 STDOUT (DEBUG) on Test worker pfg.config.Config.loadInto(Config.java:274)] Set private boolean orders.OrderWrapper.usingBaliseImage to false?[0m
[?[34m16:55:48.463 DATA_HANDLER (DEBUG) on Test worker utils.HLInstance.module(HLInstance.java:297)] Module OrderWrapper prêt?[0m
[?[34m16:55:48.464 DATA_HANDLER (DEBUG) on Test worker utils.HLInstance.module(HLInstance.java:271)] Initialisation du moduleClass ConnectionManager?[0m
[?[34m16:55:48.465 DATA_HANDLER (DEBUG) on Test worker utils.HLInstance.module(HLInstance.java:285)] Mise à jour de la config du moduleClass ConnectionManager après son initialisation.?[0m
[?[34m16:55:48.466 DATA_HANDLER (DEBUG) on Test worker utils.HLInstance.module(HLInstance.java:297)] Module ConnectionManager prêt?[0m
[?[34m16:55:48.472 COMMUNICATION (DEBUG) on Thread-28 utils.communication.SocketServerInterface$1.run(SocketServerInterface.java:57)] Creating socket waiting connection on port 13550?[0m
[?[34m16:55:48.473 COMMUNICATION (DEBUG) on Thread-28 utils.communication.SocketServerInterface$1.run(SocketServerInterface.java:60)] Receive buffer size on null is 65536?[0m
[?[34m16:55:48.474 COMMUNICATION (DEBUG) on Thread-28 utils.communication.SocketServerInterface$1.run(SocketServerInterface.java:71)] Waiting connection on port 13550?[0m
[?[34m16:55:48.523 COMMUNICATION (DEBUG) on SocketClient(localhost:13550) utils.communication.SocketClientInterface.lambda$init$0(SocketClientInterface.java:51)] Trying to connect to localhost on port 13550?[0m
[?[34m16:55:48.525 COMMUNICATION (DEBUG) on SocketClient(localhost:13550) utils.communication.SocketClientInterface.lambda$init$0(SocketClientInterface.java:53)] Socket created to localhost on port 13550?[0m
[?[34m16:55:48.525 COMMUNICATION (DEBUG) on Thread-28 utils.communication.SocketServerInterface$1.run(SocketServerInterface.java:77)] Connection accepted on port 13550?[0m
[?[34m16:55:48.526 COMMUNICATION (DEBUG) on Thread-28 utils.communication.SocketServerInterface$1.run(SocketServerInterface.java:79)] Connection initialized on port 13550?[0m
[?[34m16:55:48.528 COMMUNICATION (DEBUG) on SocketClient(localhost:13550) utils.communication.SocketClientInterface.lambda$init$0(SocketClientInterface.java:70)] SUCCESS to connect to localhost on port 13550?[0m
[?[34m16:55:48.529 COMMUNICATION (DEBUG) on Thread-28 utils.communication.SocketServerInterface$1.run(SocketServerInterface.java:81)] Initialized connection with a 'ping'?[0m
[?[34m16:55:48.529 COMMUNICATION (DEBUG) on Thread-28 utils.communication.SocketServerInterface$1.run(SocketServerInterface.java:71)] Waiting connection on port 13550?[0m
[?[34m16:55:48.573 ORDERS (DEBUG) on Test worker jdk.internal.reflect.NativeMethodAccessorImpl.invoke0(NativeMethodAccessorImpl.java:-2)] Sent to LL: t 3.14159?[0m
[?[34m16:55:50.095 COMMUNICATION (DEBUG) on Test worker utils.communication.SocketServerInterface.read(SocketServerInterface.java:107)] >> READ: t 3.14159?[0m
[?[34m16:55:50.739 STDOUT (DEBUG) on Finalizer utils.Log.close(Log.java:435)] ?[32mFermeture du service de log?[0m
[?[34m16:55:50.741 COMMUNICATION (DEBUG) on Thread-28 utils.communication.SocketServerInterface$1.run(SocketServerInterface.java:71)] Waiting connection on port 13550?[0m
[?[34m16:55:50.741 STDOUT (DEBUG) on Test worker org.gradle.api.internal.tasks.testing.processors.CaptureTestOutputTestResultProcessor.completed(CaptureTestOutputTestResultProcessor.java:80)] ?[0m
[?[34m16:55:50.742 STDOUT (DEBUG) on Finalizer utils.HLInstance.printMessage(HLInstance.java:357)]     	       _____?[0m
[?[34m16:55:50.742 STDOUT (DEBUG) on Finalizer utils.HLInstance.printMessage(HLInstance.java:357)]               /     \?[0m
[?[34m16:55:50.742 STDOUT (DEBUG) on Finalizer utils.HLInstance.printMessage(HLInstance.java:357)]               vvvvvvv  /|__/|?[0m
[?[34m16:55:50.743 STDOUT (DEBUG) on Finalizer utils.HLInstance.printMessage(HLInstance.java:357)]                  I   /O,O   |?[0m
[?[34m16:55:50.743 STDOUT (DEBUG) on Finalizer utils.HLInstance.printMessage(HLInstance.java:357)]                  I /_____   |      /|/|?[0m
[?[34m16:55:50.743 STDOUT (DEBUG) on Finalizer utils.HLInstance.printMessage(HLInstance.java:357)]                 J|/^ ^ ^ \  |    /00  |    _//|?[0m
[?[34m16:55:50.743 STDOUT (DEBUG) on Finalizer utils.HLInstance.printMessage(HLInstance.java:357)]                  |^ ^ ^ ^ |W|   |/^^\ |   /oo |?[0m
[?[34m16:55:50.744 STDOUT (DEBUG) on Finalizer utils.HLInstance.printMessage(HLInstance.java:357)]                   \m___m__|_|    \m_m_|   \mm_|?[0m
[?[34m16:55:50.744 STDOUT (DEBUG) on Finalizer utils.HLInstance.printMessage(HLInstance.java:357)] ?[0m
[?[34m16:55:50.745 STDOUT (DEBUG) on Finalizer utils.HLInstance.printMessage(HLInstance.java:357)] ------------------------- TOTORO'S END -------------------------?[0m
[?[34m16:55:50.747 STDOUT (DEBUG) on Test worker org.gradle.api.internal.tasks.testing.processors.CaptureTestOutputTestResultProcessor.started(CaptureTestOutputTestResultProcessor.java:51)] ?[0m
[?[34m16:55:50.750 STDOUT (DEBUG) on Test worker utils.HLInstance.printMessage(HLInstance.java:357)] ?[33m                   /*``.           `-:--.`?[0m
[?[34m16:55:50.751 STDOUT (DEBUG) on Test worker utils.HLInstance.printMessage(HLInstance.java:357)] ?[33m                  `.-::::/.        .:::::::y?[0m
[?[34m16:55:50.752 STDOUT (DEBUG) on Test worker utils.HLInstance.printMessage(HLInstance.java:357)] ?[33m                 `::::::::o``````.-::::::/h-?[0m
[?[34m16:55:50.752 STDOUT (DEBUG) on Test worker utils.HLInstance.printMessage(HLInstance.java:357)] ?[33m                 `::::::::::::::::::::::/h.?[0m
[?[34m16:55:50.753 STDOUT (DEBUG) on Test worker utils.HLInstance.printMessage(HLInstance.java:357)] ?[33m                  -::::::://++++//::::::::.?[0m
[?[34m16:55:50.754 STDOUT (DEBUG) on Test worker utils.HLInstance.printMessage(HLInstance.java:357)] ?[33m               `-::::/oso+/:-....--://:::::-.``.---:`?[0m
[?[34m16:55:50.755 STDOUT (DEBUG) on Test worker utils.HLInstance.printMessage(HLInstance.java:357)] ?[33m      ````   .-:::/so/-      ``````  `.:::::::::::::+ ?[34m``````````````````````````````````````````````````````````````````````?[0m
[?[34m16:55:50.756 STDOUT (DEBUG) on Test worker utils.HLInstance.printMessage(HLInstance.java:357)] ?[33m    `-:::::--:::os+.?[34m   `/sssssss`   ./syyyyyys+/y+sssssssssssssssssssssssssssssssssssssssssssssssssssssssssssssssssssssy- `-:::://?[0m
[?[34m16:55:50.770 STDOUT (DEBUG) on Test worker utils.HLInstance.printMessage(HLInstance.java:357)] ?[33m   `-:::::::::+y/`?[34mS   .shhhhhdd:   `/hhhhhhhhhdo:/dddddddddddddddddhhhhhhhdddddddddddddddddddddddddddddddddddddddddddddo`.:////sy.?[0m
[?[34m16:55:50.770 STDOUT (DEBUG) on Test worker utils.HLInstance.printMessage(HLInstance.java:357)] ?[33m   ::::::::::so`?[34m     :yhhhhhmy`   .ohhhhhhhhhhd  `//oooooo+//////+hhhhhhdd+///////+++++++/////////////////+++++++/////-`-////+h+` `?[0m
[?[34m16:55:50.771 STDOUT (DEBUG) on Test worker utils.HLInstance.printMessage(HLInstance.java:357)] ?[33m  `://:::::y/ ?[34mU   `+hhhhhdm+    -yhhhhhdhhhhhm`  `oyyyyyhs     .shhhhhdh-  ``.-:::////:::-.       ``.-::::////::://  `://///o+:::::::-.?[0m
[?[34m16:55:50.772 STDOUT (DEBUG) on Test worker utils.HLInstance.printMessage(HLInstance.java:357)] ?[33m      `::::y/ ?[34m    .shhhhhdh-   `+hhhhhdd+shhhhd- -yhhhhhmo`    /yhhhhhms` .-://+ssso+++/////o   `.:://+ossoo+++o+oy- -/////+ssoo+//////h?[0m
[?[34m16:55:50.772 STDOUT (DEBUG) on Test worker utils.HLInstance.printMessage(HLInstance.java:357)] ?[33m      .:::/y ?[34mU   :yhhhhhms`   .shhhhhdy?[33m::?[34mhhhhhho+hhhhhdd:    `ohhhhhdd/ .:///oyo::-----////oy `-:///oyo:.`      `-``:////oy+-` `:////+h:?[0m
[?[34m16:55:50.773 STDOUT (DEBUG) on Test worker utils.HLInstance.printMessage(HLInstance.java:357)] ?[33m      -:::o: ?[34m  `+hhhhhdm/    :yhhhhddo?[33m:::?[34m+hhhhhhhhhhhms.    -yhhhhhdh. -////yo.`ooooooooooss``:////yo.            -/////yo`   .:////ys.?[0m
[?[34m16:55:50.774 STDOUT (DEBUG) on Test worker utils.HLInstance.printMessage(HLInstance.java:357)] ?[33m   ``.::::+-?[34m S .shhhhhdh-   `+hhhhhdd/?[33m::::?[34m/hhhhhhhhhdd/     /hhhhhhmo` `/////s```..----:+:..  -/////o``````..:.  `:////oh:   `-////+h/?[0m
[?[34m16:55:50.775 STDOUT (DEBUG) on Test worker utils.HLInstance.printMessage(HLInstance.java:357)] ?[33m`.-::::::::+ ?[34m:yhhhhhms`   .shhhhhmy?[33m:::::::?[34mhhhhhhhhdh.    `ohhhhhdd:    :++////:::///+oys`    `/++/////://++yo` .:////ys`   .:////ys.?[0m
[?[34m16:55:50.775 STDOUT (DEBUG) on Test worker utils.HLInstance.printMessage(HLInstance.java:357)] ?[33m-::::::::::/-?[34m/oooooo/     -sssyyyo?[33m:+o/++//?[34mhyssssss+`     .sssssss.      `-/++oooo++//:.        .:/+oooo++/:-   /ooooo:     :ooooo/?[0m
[?[34m16:55:50.776 STDOUT (DEBUG) on Test worker utils.HLInstance.printMessage(HLInstance.java:357)] ?[33m.:::::/o:::::-`               `.--:::os+```.---?[0m
[?[34m16:55:50.777 STDOUT (DEBUG) on Test worker utils.HLInstance.printMessage(HLInstance.java:357)] ?[33m :+ooo/.`::::::-..`````````.--::::+ss:`?[0m
[?[34m16:55:50.778 STDOUT (DEBUG) on Test worker utils.HLInstance.printMessage(HLInstance.java:357)] ?[33m  ``     `-/::::::::::::::::::::::s.?[0m
[?[34m16:55:50.778 STDOUT (DEBUG) on Test worker utils.HLInstance.printMessage(HLInstance.java:357)] ?[33m          `:::::::::::://+::::::::o-?[0m
[?[34m16:55:50.779 STDOUT (DEBUG) on Test worker utils.HLInstance.printMessage(HLInstance.java:357)] ?[33m         `:::::::/h////::.-:::::::y-?[0m
[?[34m16:55:50.780 STDOUT (DEBUG) on Test worker utils.HLInstance.printMessage(HLInstance.java:357)] ?[33m         :::::::ss`        -:/+sso:?[0m
[?[34m16:55:50.781 STDOUT (DEBUG) on Test worker utils.HLInstance.printMessage(HLInstance.java:357)] ?[33m         .:/++sy:          `//*/?[0m
[?[34m16:55:50.781 STDOUT (DEBUG) on Test worker utils.HLInstance.printMessage(HLInstance.java:357)] ______________________________________________________________________________________________________________________________________________?[0m
[?[34m16:55:50.782 STDOUT (DEBUG) on Test worker utils.Log.init(Log.java:292)] ?[32mDémarrage du service de log?[0m
[?[34m16:55:50.783 STDOUT (DEBUG) on Test worker utils.Log.init(Log.java:293)] ?[0m?[0m
Initialisation du compteur...
[?[34m16:55:50.786 STDOUT (DEBUG) on Test worker utils.Log.attemptInitLogOutput(Log.java:413)] Création du fichier de log './../logs/Thu Jul 08 16:55:50 UTC 2021 #60 - everything.log' à '/home/ubuntu/TechTheTiller-HighLevel/logs/Thu Jul 08 16:55:50 UTC 2021 #60 - everything.log'?[0m
[?[34m16:55:50.787 STDOUT (DEBUG) on Test worker utils.Log.attemptInitLogOutput(Log.java:417)] Réussite de la création du fichier de log './../logs/Thu Jul 08 16:55:50 UTC 2021 #60 - everything.log?[0m
[?[34m16:55:50.788 STDOUT (DEBUG) on Test worker utils.Log.attemptInitLogOutput(Log.java:421)] Ouverture du fichier de log './../logs/Thu Jul 08 16:55:50 UTC 2021 #60 - everything.log'?[0m
[?[34m16:55:50.789 STDOUT (DEBUG) on Test worker utils.Log.attemptInitLogOutput(Log.java:413)] Création du fichier de log './../logs/Thu Jul 08 16:55:50 UTC 2021 #60.log' à '/home/ubuntu/TechTheTiller-HighLevel/logs/Thu Jul 08 16:55:50 UTC 2021 #60.log'?[0m
[?[34m16:55:50.790 STDOUT (DEBUG) on Test worker utils.Log.attemptInitLogOutput(Log.java:417)] Réussite de la création du fichier de log './../logs/Thu Jul 08 16:55:50 UTC 2021 #60.log?[0m
[?[34m16:55:50.791 STDOUT (DEBUG) on Test worker utils.Log.attemptInitLogOutput(Log.java:421)] Ouverture du fichier de log './../logs/Thu Jul 08 16:55:50 UTC 2021 #60.log'?[0m
[?[34m16:55:50.793 STDOUT (DEBUG) on Test worker utils.Log.attemptInitLogOutput(Log.java:413)] Création du fichier de log './../logs/Thu Jul 08 16:55:50 UTC 2021 #60 - errors.log' à '/home/ubuntu/TechTheTiller-HighLevel/logs/Thu Jul 08 16:55:50 UTC 2021 #60 - errors.log'?[0m
[?[34m16:55:50.794 STDOUT (DEBUG) on Test worker utils.Log.attemptInitLogOutput(Log.java:417)] Réussite de la création du fichier de log './../logs/Thu Jul 08 16:55:50 UTC 2021 #60 - errors.log?[0m
[?[34m16:55:50.795 STDOUT (DEBUG) on Test worker utils.Log.attemptInitLogOutput(Log.java:421)] Ouverture du fichier de log './../logs/Thu Jul 08 16:55:50 UTC 2021 #60 - errors.log'?[0m
[?[34m16:55:50.815 STDOUT (DEBUG) on Test worker utils.HLInstance.<init>(HLInstance.java:104)] Version : 07e922f on master - [tests]?[0m
[?[34m16:55:50.816 STDOUT (DEBUG) on Test worker utils.HLInstance.<init>(HLInstance.java:112)] System : Linux 5.4.0-1038-raspi aarch64?[0m
[?[34m16:55:50.818 STDOUT (DEBUG) on Test worker utils.HLInstance.<init>(HLInstance.java:114)] Java : Private Build 14.0.2, max memory : 0.5G, available processors : 4?[0m
[?[34m16:55:50.818 STDOUT (DEBUG) on Test worker utils.HLInstance.<init>(HLInstance.java:117)] ?[0m
[?[34m16:55:50.819 STDOUT (DEBUG) on Test worker utils.HLInstance.<init>(HLInstance.java:119)]    Remember, with great power comes great current squared times resistance !
?[0m
[?[34m16:55:50.820 STDOUT (DEBUG) on Test worker utils.HLInstance.<init>(HLInstance.java:122)] Chargement de la config...?[0m
[?[34m16:55:50.823 STDOUT (DEBUG) on Test worker pfg.config.Config.readConfigFile(Config.java:166)] Loading config file : /home/ubuntu/TechTheTiller-HighLevel/T3HL-common/../config/config.txt?[0m
[?[34m16:55:50.832 STDOUT (DEBUG) on Test worker pfg.config.Config.printChangedValues(Config.java:465)] Configuration diff :?[0m
[?[34m16:55:50.833 STDOUT (DEBUG) on Test worker pfg.config.Config.printChangedValues(Config.java:469)]   visualisation = false (default : true)?[0m
[?[34m16:55:50.834 STDOUT (DEBUG) on Test worker pfg.config.Config.printChangedValues(Config.java:469)]   usingBaliseImage = false (default : true)?[0m
[?[34m16:55:50.835 STDOUT (DEBUG) on Test worker pfg.config.Config.printChangedValues(Config.java:469)]   usingPanel = false (default : true)?[0m
[?[34m16:55:50.836 STDOUT (DEBUG) on Test worker pfg.config.Config.printChangedValues(Config.java:469)]   connectToBuddy = false (default : true)?[0m
[?[34m16:55:50.836 STDOUT (DEBUG) on Test worker pfg.config.Config.printChangedValues(Config.java:469)]   buddyRay = 70 (default : 150)?[0m
[?[34m16:55:50.837 STDOUT (DEBUG) on Test worker pfg.config.Config.printChangedValues(Config.java:469)]   ennemyRay = 150 (default : 220)?[0m
[?[34m16:55:50.838 STDOUT (DEBUG) on Test worker pfg.config.Config.printChangedValues(Config.java:469)]   nbrNoeudsX = 30 (default : 45)?[0m
[?[34m16:55:50.839 STDOUT (DEBUG) on Test worker pfg.config.Config.printChangedValues(Config.java:469)]   nbrNoeudsY = 20 (default : 30)?[0m
[?[34m16:55:50.840 STDOUT (DEBUG) on Test worker pfg.config.Config.printChangedValues(Config.java:469)]   nbrNoeudsCircle = 14 (default : 12)?[0m
[?[34m16:55:50.841 DATA_HANDLER (DEBUG) on Test worker utils.HLInstance.module(HLInstance.java:271)] Initialisation du moduleClass OrderWrapper?[0m
[?[34m16:55:50.842 DATA_HANDLER (DEBUG) on Test worker utils.HLInstance.module(HLInstance.java:285)] Mise à jour de la config du moduleClass OrderWrapper après son initialisation.?[0m
[?[34m16:55:50.843 STDOUT (DEBUG) on Test worker pfg.config.Config.loadInto(Config.java:274)] Set private boolean orders.OrderWrapper.symetry to false?[0m
[?[34m16:55:50.844 STDOUT (DEBUG) on Test worker pfg.config.Config.loadInto(Config.java:274)] Set private boolean orders.OrderWrapper.simulation to false?[0m
[?[34m16:55:50.845 STDOUT (DEBUG) on Test worker pfg.config.Config.loadInto(Config.java:274)] Set private boolean orders.OrderWrapper.usingBaliseImage to false?[0m
[?[34m16:55:50.845 DATA_HANDLER (DEBUG) on Test worker utils.HLInstance.module(HLInstance.java:297)] Module OrderWrapper prêt?[0m
[?[34m16:55:50.846 DATA_HANDLER (DEBUG) on Test worker utils.HLInstance.module(HLInstance.java:271)] Initialisation du moduleClass ConnectionManager?[0m
[?[34m16:55:50.847 DATA_HANDLER (DEBUG) on Test worker utils.HLInstance.module(HLInstance.java:285)] Mise à jour de la config du moduleClass ConnectionManager après son initialisation.?[0m
[?[34m16:55:50.848 DATA_HANDLER (DEBUG) on Test worker utils.HLInstance.module(HLInstance.java:297)] Module ConnectionManager prêt?[0m
[?[34m16:55:50.850 COMMUNICATION (DEBUG) on Thread-30 utils.communication.SocketServerInterface$1.run(SocketServerInterface.java:57)] Creating socket waiting connection on port 13550?[0m
[?[34m16:55:50.859 COMMUNICATION (DEBUG) on Thread-30 utils.communication.SocketServerInterface$1.run(SocketServerInterface.java:60)] Receive buffer size on null is 65536?[0m
[?[34m16:55:50.860 COMMUNICATION (DEBUG) on Thread-30 utils.communication.SocketServerInterface$1.run(SocketServerInterface.java:71)] Waiting connection on port 13550?[0m
[?[34m16:55:50.902 COMMUNICATION (DEBUG) on SocketClient(localhost:13550) utils.communication.SocketClientInterface.lambda$init$0(SocketClientInterface.java:51)] Trying to connect to localhost on port 13550?[0m
[?[34m16:55:50.903 COMMUNICATION (DEBUG) on SocketClient(localhost:13550) utils.communication.SocketClientInterface.lambda$init$0(SocketClientInterface.java:53)] Socket created to localhost on port 13550?[0m
[?[34m16:55:50.904 COMMUNICATION (DEBUG) on Thread-30 utils.communication.SocketServerInterface$1.run(SocketServerInterface.java:77)] Connection accepted on port 13550?[0m
[?[34m16:55:50.906 COMMUNICATION (DEBUG) on SocketClient(localhost:13550) utils.communication.SocketClientInterface.lambda$init$0(SocketClientInterface.java:70)] SUCCESS to connect to localhost on port 13550?[0m
[?[34m16:55:50.906 COMMUNICATION (DEBUG) on Thread-30 utils.communication.SocketServerInterface$1.run(SocketServerInterface.java:79)] Connection initialized on port 13550?[0m
[?[34m16:55:50.908 COMMUNICATION (DEBUG) on Thread-30 utils.communication.SocketServerInterface$1.run(SocketServerInterface.java:81)] Initialized connection with a 'ping'?[0m
[?[34m16:55:50.909 COMMUNICATION (DEBUG) on Thread-30 utils.communication.SocketServerInterface$1.run(SocketServerInterface.java:71)] Waiting connection on port 13550?[0m
[?[34m16:55:50.952 ORDERS (DEBUG) on Test worker jdk.internal.reflect.NativeMethodAccessorImpl.invoke0(NativeMethodAccessorImpl.java:-2)] Sent to LL: maxtr 2.00000?[0m
[?[34m16:55:50.973 COMMUNICATION (DEBUG) on Test worker utils.communication.SocketServerInterface.read(SocketServerInterface.java:107)] >> READ: maxtr 2.00000?[0m
[?[34m16:55:51.689 STDOUT (DEBUG) on Finalizer utils.Log.close(Log.java:435)] ?[32mFermeture du service de log?[0m
[?[34m16:55:51.690 STDOUT (DEBUG) on Finalizer utils.HLInstance.printMessage(HLInstance.java:357)]     	       _____?[0m
[?[34m16:55:51.690 STDOUT (DEBUG) on Finalizer utils.HLInstance.printMessage(HLInstance.java:357)]               /     \?[0m
[?[34m16:55:51.691 STDOUT (DEBUG) on Finalizer utils.HLInstance.printMessage(HLInstance.java:357)]               vvvvvvv  /|__/|?[0m
[?[34m16:55:51.692 STDOUT (DEBUG) on Finalizer utils.HLInstance.printMessage(HLInstance.java:357)]                  I   /O,O   |?[0m
[?[34m16:55:51.692 STDOUT (DEBUG) on Finalizer utils.HLInstance.printMessage(HLInstance.java:357)]                  I /_____   |      /|/|?[0m
[?[34m16:55:51.693 STDOUT (DEBUG) on Finalizer utils.HLInstance.printMessage(HLInstance.java:357)]                 J|/^ ^ ^ \  |    /00  |    _//|?[0m
[?[34m16:55:51.693 STDOUT (DEBUG) on Finalizer utils.HLInstance.printMessage(HLInstance.java:357)]                  |^ ^ ^ ^ |W|   |/^^\ |   /oo |?[0m
[?[34m16:55:51.694 STDOUT (DEBUG) on Finalizer utils.HLInstance.printMessage(HLInstance.java:357)]                   \m___m__|_|    \m_m_|   \mm_|?[0m
[?[34m16:55:51.694 STDOUT (DEBUG) on Finalizer utils.HLInstance.printMessage(HLInstance.java:357)] ?[0m
[?[34m16:55:51.695 STDOUT (DEBUG) on Finalizer utils.HLInstance.printMessage(HLInstance.java:357)] ------------------------- TOTORO'S END -------------------------?[0m
[?[34m16:55:51.697 STDOUT (DEBUG) on Test worker org.gradle.api.internal.tasks.testing.processors.CaptureTestOutputTestResultProcessor.completed(CaptureTestOutputTestResultProcessor.java:80)] ------------------------- TOTORO'S END -------------------------?[0m
[?[34m16:55:51.705 COMMUNICATION (DEBUG) on Thread-30 utils.communication.SocketServerInterface$1.run(SocketServerInterface.java:71)] Waiting connection on port 13550?[0m
[?[34m16:55:51.716 STDOUT (DEBUG) on Test worker org.gradle.api.internal.tasks.testing.processors.CaptureTestOutputTestResultProcessor.completed(CaptureTestOutputTestResultProcessor.java:80)] ?[0m
]]></system-out>
  <system-err><![CDATA[[?[31m16:55:37.310 STDERR (CRITICAL) on Test worker] ?[0m
[?[31m16:55:37.455 AI (CRITICAL) on AIModule ai.goap.Agent.updateIdleState(Agent.java:113)] Tentative de planification alors qu'il n'y a pas de but donné!?[0m
[?[31m16:55:37.762 AI (CRITICAL) on AIModule ai.goap.Agent.updateIdleState(Agent.java:113)] Tentative de planification alors qu'il n'y a pas de but donné!?[0m
[?[31m16:55:38.333 STDERR (CRITICAL) on Thread-8] java.net.SocketException: Socket closed?[0m
[?[31m16:55:38.334 STDERR (CRITICAL) on Thread-8] 	at java.base/sun.nio.ch.NioSocketImpl.endAccept(NioSocketImpl.java:689)?[0m
[?[31m16:55:38.335 STDERR (CRITICAL) on Thread-8] 	at java.base/sun.nio.ch.NioSocketImpl.accept(NioSocketImpl.java:762)?[0m
[?[31m16:55:38.335 STDERR (CRITICAL) on Thread-8] 	at java.base/java.net.ServerSocket.implAccept(ServerSocket.java:684)?[0m
[?[31m16:55:38.334 AI (CRITICAL) on AIModule ai.goap.Agent.updateIdleState(Agent.java:113)] Tentative de planification alors qu'il n'y a pas de but donné!?[0m
[?[31m16:55:38.336 STDERR (CRITICAL) on Thread-8] 	at java.base/java.net.ServerSocket.platformImplAccept(ServerSocket.java:650)?[0m
[?[31m16:55:38.353 STDERR (CRITICAL) on Thread-8] 	at java.base/java.net.ServerSocket.implAccept(ServerSocket.java:626)?[0m
[?[31m16:55:38.353 STDERR (CRITICAL) on Thread-8] 	at java.base/java.net.ServerSocket.implAccept(ServerSocket.java:583)?[0m
[?[31m16:55:38.354 STDERR (CRITICAL) on Thread-8] 	at java.base/java.net.ServerSocket.accept(ServerSocket.java:540)?[0m
[?[31m16:55:38.355 STDERR (CRITICAL) on Test worker] 	at java.base/java.net.ServerSocket.platformImplAccept(ServerSocket.java:650)?[0m
[?[31m16:55:38.360 STDERR (CRITICAL) on Thread-8] 	at utils.communication.SocketServerInterface$1.run(SocketServerInterface.java:72)?[0m
[?[31m16:55:38.361 COMMUNICATION (CRITICAL) on Thread-8 utils.communication.SocketServerInterface$1.run(SocketServerInterface.java:88)] Socket error: Socket closed?[0m
[?[31m16:55:38.362 STDERR (CRITICAL) on Thread-8] java.net.SocketException: Socket is closed?[0m
[?[31m16:55:38.364 STDERR (CRITICAL) on Thread-8] 	at java.base/java.net.ServerSocket.accept(ServerSocket.java:536)?[0m
[?[31m16:55:38.369 STDERR (CRITICAL) on Test worker] 	at java.base/java.net.ServerSocket.accept(ServerSocket.java:536)?[0m
[?[31m16:55:38.378 STDERR (CRITICAL) on Thread-8] 	at utils.communication.SocketServerInterface$1.run(SocketServerInterface.java:72)?[0m
[?[31m16:55:38.378 COMMUNICATION (CRITICAL) on Thread-8 utils.communication.SocketServerInterface$1.run(SocketServerInterface.java:88)] Socket error: Socket is closed?[0m
[?[31m16:55:38.478 STDERR (CRITICAL) on Test worker] Unknown key : RECALAGE_ACC, also tried recalageAcc?[0m
[?[31m16:55:38.479 STDERR (CRITICAL) on Test worker] Unknown key : SECOURS, also tried secours?[0m
[?[31m16:55:38.480 STDERR (CRITICAL) on Test worker] Unknown key : RECALAGE_MECA_ACC, also tried recalageMecaAcc?[0m
[?[31m16:55:38.484 STDERR (CRITICAL) on Test worker] Unknown key : MILIEU_ECUEIL_PRIVE_XBLEU, also tried milieuEcueilPriveXbleu?[0m
[?[31m16:55:38.548 AI (CRITICAL) on AIModule ai.goap.Agent.updateIdleState(Agent.java:113)] Tentative de planification alors qu'il n'y a pas de but donné!?[0m
[?[31m16:55:39.379 STDERR (CRITICAL) on Thread-10] java.net.SocketException: Socket closed?[0m
[?[31m16:55:39.154 AI (CRITICAL) on AIModule ai.goap.Agent.updateIdleState(Agent.java:113)] Tentative de planification alors qu'il n'y a pas de but donné!?[0m
[?[31m16:55:39.381 STDERR (CRITICAL) on Thread-10] 	at java.base/sun.nio.ch.NioSocketImpl.endAccept(NioSocketImpl.java:689)?[0m
[?[31m16:55:39.381 STDERR (CRITICAL) on Thread-10] 	at java.base/sun.nio.ch.NioSocketImpl.accept(NioSocketImpl.java:762)?[0m
[?[31m16:55:39.382 STDERR (CRITICAL) on Thread-10] 	at java.base/java.net.ServerSocket.implAccept(ServerSocket.java:684)?[0m
[?[31m16:55:39.383 STDERR (CRITICAL) on Thread-10] 	at java.base/java.net.ServerSocket.platformImplAccept(ServerSocket.java:650)?[0m
[?[31m16:55:39.384 STDERR (CRITICAL) on Thread-10] 	at java.base/java.net.ServerSocket.implAccept(ServerSocket.java:626)?[0m
[?[31m16:55:39.385 STDERR (CRITICAL) on Thread-10] 	at java.base/java.net.ServerSocket.implAccept(ServerSocket.java:583)?[0m
[?[31m16:55:39.386 STDERR (CRITICAL) on Test worker] 	at java.base/java.net.ServerSocket.implAccept(ServerSocket.java:583)?[0m
[?[31m16:55:39.388 STDERR (CRITICAL) on Thread-10] 	at java.base/java.net.ServerSocket.accept(ServerSocket.java:540)?[0m
[?[31m16:55:39.389 STDERR (CRITICAL) on Test worker] ?[0m
[?[31m16:55:39.392 STDERR (CRITICAL) on Thread-10] 	at utils.communication.SocketServerInterface$1.run(SocketServerInterface.java:72)?[0m
[?[31m16:55:39.392 COMMUNICATION (CRITICAL) on Thread-10 utils.communication.SocketServerInterface$1.run(SocketServerInterface.java:88)] Socket error: Socket closed?[0m
[?[31m16:55:39.393 STDERR (CRITICAL) on Thread-10] java.net.SocketException: Socket is closed?[0m
[?[31m16:55:39.394 STDERR (CRITICAL) on Thread-10] 	at java.base/java.net.ServerSocket.accept(ServerSocket.java:536)?[0m
[?[31m16:55:39.394 STDERR (CRITICAL) on Thread-10] 	at utils.communication.SocketServerInterface$1.run(SocketServerInterface.java:72)?[0m
[?[31m16:55:39.395 COMMUNICATION (CRITICAL) on Thread-10 utils.communication.SocketServerInterface$1.run(SocketServerInterface.java:88)] Socket error: Socket is closed?[0m
[?[31m16:55:39.581 AI (CRITICAL) on AIModule ai.goap.Agent.updateIdleState(Agent.java:113)] Tentative de planification alors qu'il n'y a pas de but donné!?[0m
[?[31m16:55:39.647 STDERR (CRITICAL) on Test worker] Unknown key : RECALAGE_ACC, also tried recalageAcc?[0m
[?[31m16:55:39.649 STDERR (CRITICAL) on Test worker] Unknown key : SECOURS, also tried secours?[0m
[?[31m16:55:39.651 STDERR (CRITICAL) on Test worker] Unknown key : RECALAGE_MECA_ACC, also tried recalageMecaAcc?[0m
[?[31m16:55:39.654 STDERR (CRITICAL) on Test worker] Unknown key : MILIEU_ECUEIL_PRIVE_XBLEU, also tried milieuEcueilPriveXbleu?[0m
[?[31m16:55:39.788 AI (CRITICAL) on AIModule ai.goap.Agent.updateIdleState(Agent.java:113)] Tentative de planification alors qu'il n'y a pas de but donné!?[0m
[?[31m16:55:40.878 STDERR (CRITICAL) on Thread-12] java.net.SocketException: Socket closed?[0m
[?[31m16:55:40.877 AI (CRITICAL) on AIModule ai.goap.Agent.updateIdleState(Agent.java:113)] Tentative de planification alors qu'il n'y a pas de but donné!?[0m
[?[31m16:55:40.879 STDERR (CRITICAL) on Test worker] 	at java.base/sun.nio.ch.NioSocketImpl.endAccept(NioSocketImpl.java:689)?[0m
[?[31m16:55:40.883 STDERR (CRITICAL) on Test worker] ?[0m
[?[31m16:55:40.886 STDERR (CRITICAL) on Thread-12] 	at java.base/sun.nio.ch.NioSocketImpl.endAccept(NioSocketImpl.java:689)?[0m
[?[31m16:55:40.892 STDERR (CRITICAL) on Thread-12] 	at java.base/sun.nio.ch.NioSocketImpl.accept(NioSocketImpl.java:762)?[0m
[?[31m16:55:40.893 STDERR (CRITICAL) on Thread-12] 	at java.base/java.net.ServerSocket.implAccept(ServerSocket.java:684)?[0m
[?[31m16:55:40.896 STDERR (CRITICAL) on Thread-12] 	at java.base/java.net.ServerSocket.platformImplAccept(ServerSocket.java:650)?[0m
[?[31m16:55:40.897 STDERR (CRITICAL) on Thread-12] 	at java.base/java.net.ServerSocket.implAccept(ServerSocket.java:626)?[0m
[?[31m16:55:40.898 STDERR (CRITICAL) on Thread-12] 	at java.base/java.net.ServerSocket.implAccept(ServerSocket.java:583)?[0m
[?[31m16:55:40.905 STDERR (CRITICAL) on Thread-12] 	at java.base/java.net.ServerSocket.accept(ServerSocket.java:540)?[0m
[?[31m16:55:40.906 STDERR (CRITICAL) on Thread-12] 	at utils.communication.SocketServerInterface$1.run(SocketServerInterface.java:72)?[0m
[?[31m16:55:40.907 COMMUNICATION (CRITICAL) on Thread-12 utils.communication.SocketServerInterface$1.run(SocketServerInterface.java:88)] Socket error: Socket closed?[0m
[?[31m16:55:40.914 STDERR (CRITICAL) on Thread-12] java.net.SocketException: Socket is closed?[0m
[?[31m16:55:40.916 STDERR (CRITICAL) on Thread-12] 	at java.base/java.net.ServerSocket.accept(ServerSocket.java:536)?[0m
[?[31m16:55:40.917 STDERR (CRITICAL) on Thread-12] 	at utils.communication.SocketServerInterface$1.run(SocketServerInterface.java:72)?[0m
[?[31m16:55:40.927 COMMUNICATION (CRITICAL) on Thread-12 utils.communication.SocketServerInterface$1.run(SocketServerInterface.java:88)] Socket error: Socket is closed?[0m
[?[31m16:55:41.081 AI (CRITICAL) on AIModule ai.goap.Agent.updateIdleState(Agent.java:113)] Tentative de planification alors qu'il n'y a pas de but donné!?[0m
[?[31m16:55:41.132 STDERR (CRITICAL) on Test worker] Unknown key : RECALAGE_ACC, also tried recalageAcc?[0m
[?[31m16:55:41.151 STDERR (CRITICAL) on Test worker] Unknown key : SECOURS, also tried secours?[0m
[?[31m16:55:41.152 STDERR (CRITICAL) on Test worker] Unknown key : RECALAGE_MECA_ACC, also tried recalageMecaAcc?[0m
[?[31m16:55:41.155 STDERR (CRITICAL) on Test worker] Unknown key : MILIEU_ECUEIL_PRIVE_XBLEU, also tried milieuEcueilPriveXbleu?[0m
[?[31m16:55:41.281 AI (CRITICAL) on AIModule ai.goap.Agent.updateIdleState(Agent.java:113)] Tentative de planification alors qu'il n'y a pas de but donné!?[0m
[?[31m16:55:41.558 AI (CRITICAL) on AIModule ai.goap.Agent.updateIdleState(Agent.java:113)] Tentative de planification alors qu'il n'y a pas de but donné!?[0m
[?[31m16:55:41.559 STDERR (CRITICAL) on Thread-14] java.net.SocketException: Socket closed?[0m
[?[31m16:55:42.058 STDERR (CRITICAL) on Test worker] java.net.SocketException: Socket closed?[0m
[?[31m16:55:42.061 STDERR (CRITICAL) on Test worker] ?[0m
[?[31m16:55:42.064 STDERR (CRITICAL) on Thread-14] 	at java.base/sun.nio.ch.NioSocketImpl.endAccept(NioSocketImpl.java:689)?[0m
[?[31m16:55:42.065 STDERR (CRITICAL) on Thread-14] 	at java.base/sun.nio.ch.NioSocketImpl.accept(NioSocketImpl.java:762)?[0m
[?[31m16:55:42.065 STDERR (CRITICAL) on Thread-14] 	at java.base/java.net.ServerSocket.implAccept(ServerSocket.java:684)?[0m
[?[31m16:55:42.066 STDERR (CRITICAL) on Thread-14] 	at java.base/java.net.ServerSocket.platformImplAccept(ServerSocket.java:650)?[0m
[?[31m16:55:42.066 STDERR (CRITICAL) on Thread-14] 	at java.base/java.net.ServerSocket.implAccept(ServerSocket.java:626)?[0m
[?[31m16:55:42.067 STDERR (CRITICAL) on Thread-14] 	at java.base/java.net.ServerSocket.implAccept(ServerSocket.java:583)?[0m
[?[31m16:55:42.067 STDERR (CRITICAL) on Thread-14] 	at java.base/java.net.ServerSocket.accept(ServerSocket.java:540)?[0m
[?[31m16:55:42.067 STDERR (CRITICAL) on Thread-14] 	at utils.communication.SocketServerInterface$1.run(SocketServerInterface.java:72)?[0m
[?[31m16:55:42.068 COMMUNICATION (CRITICAL) on Thread-14 utils.communication.SocketServerInterface$1.run(SocketServerInterface.java:88)] Socket error: Socket closed?[0m
[?[31m16:55:42.069 STDERR (CRITICAL) on Thread-14] java.net.SocketException: Socket is closed?[0m
[?[31m16:55:42.069 STDERR (CRITICAL) on Thread-14] 	at java.base/java.net.ServerSocket.accept(ServerSocket.java:536)?[0m
[?[31m16:55:42.070 STDERR (CRITICAL) on Thread-14] 	at utils.communication.SocketServerInterface$1.run(SocketServerInterface.java:72)?[0m
[?[31m16:55:42.070 COMMUNICATION (CRITICAL) on Thread-14 utils.communication.SocketServerInterface$1.run(SocketServerInterface.java:88)] Socket error: Socket is closed?[0m
[?[31m16:55:42.227 STDERR (CRITICAL) on Test worker] Unknown key : RECALAGE_ACC, also tried recalageAcc?[0m
[?[31m16:55:42.232 STDERR (CRITICAL) on Test worker] Unknown key : SECOURS, also tried secours?[0m
[?[31m16:55:42.235 STDERR (CRITICAL) on Test worker] Unknown key : RECALAGE_MECA_ACC, also tried recalageMecaAcc?[0m
[?[31m16:55:42.237 STDERR (CRITICAL) on Test worker] Unknown key : MILIEU_ECUEIL_PRIVE_XBLEU, also tried milieuEcueilPriveXbleu?[0m
[?[31m16:55:42.256 AI (CRITICAL) on AIModule ai.goap.Agent.updateIdleState(Agent.java:113)] Tentative de planification alors qu'il n'y a pas de but donné!?[0m
[?[31m16:55:43.151 AI (CRITICAL) on AIModule ai.goap.Agent.updateIdleState(Agent.java:113)] Tentative de planification alors qu'il n'y a pas de but donné!?[0m
[?[31m16:55:43.153 STDERR (CRITICAL) on Test worker] ?[0m
[?[31m16:55:43.155 STDERR (CRITICAL) on Test worker] ?[0m
[?[31m16:55:43.168 STDERR (CRITICAL) on Thread-16] java.net.SocketException: Socket closed?[0m
[?[31m16:55:43.169 STDERR (CRITICAL) on Thread-16] 	at java.base/sun.nio.ch.NioSocketImpl.endAccept(NioSocketImpl.java:689)?[0m
[?[31m16:55:43.169 STDERR (CRITICAL) on Thread-16] 	at java.base/sun.nio.ch.NioSocketImpl.accept(NioSocketImpl.java:762)?[0m
[?[31m16:55:43.170 STDERR (CRITICAL) on Thread-16] 	at java.base/java.net.ServerSocket.implAccept(ServerSocket.java:684)?[0m
[?[31m16:55:43.171 STDERR (CRITICAL) on Thread-16] 	at java.base/java.net.ServerSocket.platformImplAccept(ServerSocket.java:650)?[0m
[?[31m16:55:43.171 STDERR (CRITICAL) on Thread-16] 	at java.base/java.net.ServerSocket.implAccept(ServerSocket.java:626)?[0m
[?[31m16:55:43.172 STDERR (CRITICAL) on Thread-16] 	at java.base/java.net.ServerSocket.implAccept(ServerSocket.java:583)?[0m
[?[31m16:55:43.173 STDERR (CRITICAL) on Thread-16] 	at java.base/java.net.ServerSocket.accept(ServerSocket.java:540)?[0m
[?[31m16:55:43.173 STDERR (CRITICAL) on Thread-16] 	at utils.communication.SocketServerInterface$1.run(SocketServerInterface.java:72)?[0m
[?[31m16:55:43.174 COMMUNICATION (CRITICAL) on Thread-16 utils.communication.SocketServerInterface$1.run(SocketServerInterface.java:88)] Socket error: Socket closed?[0m
[?[31m16:55:43.190 STDERR (CRITICAL) on Thread-16] java.net.SocketException: Socket is closed?[0m
[?[31m16:55:43.191 STDERR (CRITICAL) on Thread-16] 	at java.base/java.net.ServerSocket.accept(ServerSocket.java:536)?[0m
[?[31m16:55:43.200 STDERR (CRITICAL) on Thread-16] 	at utils.communication.SocketServerInterface$1.run(SocketServerInterface.java:72)?[0m
[?[31m16:55:43.200 COMMUNICATION (CRITICAL) on Thread-16 utils.communication.SocketServerInterface$1.run(SocketServerInterface.java:88)] Socket error: Socket is closed?[0m
[?[31m16:55:43.352 AI (CRITICAL) on AIModule ai.goap.Agent.updateIdleState(Agent.java:113)] Tentative de planification alors qu'il n'y a pas de but donné!?[0m
[?[31m16:55:43.358 STDERR (CRITICAL) on Test worker] Unknown key : RECALAGE_ACC, also tried recalageAcc?[0m
[?[31m16:55:43.360 STDERR (CRITICAL) on Test worker] Unknown key : SECOURS, also tried secours?[0m
[?[31m16:55:43.364 STDERR (CRITICAL) on Test worker] Unknown key : RECALAGE_MECA_ACC, also tried recalageMecaAcc?[0m
[?[31m16:55:43.366 STDERR (CRITICAL) on Test worker] Unknown key : MILIEU_ECUEIL_PRIVE_XBLEU, also tried milieuEcueilPriveXbleu?[0m
[?[31m16:55:43.791 STDERR (CRITICAL) on Thread-18] java.net.SocketException: Socket closed?[0m
[?[31m16:55:43.790 AI (CRITICAL) on AIModule ai.goap.Agent.updateIdleState(Agent.java:113)] Tentative de planification alors qu'il n'y a pas de but donné!?[0m
[?[31m16:55:44.292 STDERR (CRITICAL) on Thread-18] 	at java.base/sun.nio.ch.NioSocketImpl.endAccept(NioSocketImpl.java:689)?[0m
[?[31m16:55:44.293 STDERR (CRITICAL) on Thread-18] 	at java.base/sun.nio.ch.NioSocketImpl.accept(NioSocketImpl.java:762)?[0m
[?[31m16:55:44.293 STDERR (CRITICAL) on Thread-18] 	at java.base/java.net.ServerSocket.implAccept(ServerSocket.java:684)?[0m
[?[31m16:55:44.293 STDERR (CRITICAL) on Thread-18] 	at java.base/java.net.ServerSocket.platformImplAccept(ServerSocket.java:650)?[0m
[?[31m16:55:44.294 STDERR (CRITICAL) on Thread-18] 	at java.base/java.net.ServerSocket.implAccept(ServerSocket.java:626)?[0m
[?[31m16:55:44.294 STDERR (CRITICAL) on Thread-18] 	at java.base/java.net.ServerSocket.implAccept(ServerSocket.java:583)?[0m
[?[31m16:55:44.295 STDERR (CRITICAL) on Thread-18] 	at java.base/java.net.ServerSocket.accept(ServerSocket.java:540)?[0m
[?[31m16:55:44.298 STDERR (CRITICAL) on Thread-18] 	at utils.communication.SocketServerInterface$1.run(SocketServerInterface.java:72)?[0m
[?[31m16:55:44.299 COMMUNICATION (CRITICAL) on Thread-18 utils.communication.SocketServerInterface$1.run(SocketServerInterface.java:88)] Socket error: Socket closed?[0m
[?[31m16:55:44.299 STDERR (CRITICAL) on Test worker] 	at java.base/java.net.ServerSocket.accept(ServerSocket.java:540)?[0m
[?[31m16:55:44.300 STDERR (CRITICAL) on Thread-18] java.net.SocketException: Socket is closed?[0m
[?[31m16:55:44.300 STDERR (CRITICAL) on Thread-18] 	at java.base/java.net.ServerSocket.accept(ServerSocket.java:536)?[0m
[?[31m16:55:44.303 STDERR (CRITICAL) on Thread-18] 	at utils.communication.SocketServerInterface$1.run(SocketServerInterface.java:72)?[0m
[?[31m16:55:44.303 COMMUNICATION (CRITICAL) on Thread-18 utils.communication.SocketServerInterface$1.run(SocketServerInterface.java:88)] Socket error: Socket is closed?[0m
[?[31m16:55:44.306 STDERR (CRITICAL) on Test worker] ?[0m
[?[31m16:55:44.386 STDERR (CRITICAL) on Test worker] Unknown key : RECALAGE_ACC, also tried recalageAcc?[0m
[?[31m16:55:44.387 STDERR (CRITICAL) on Test worker] Unknown key : SECOURS, also tried secours?[0m
[?[31m16:55:44.388 STDERR (CRITICAL) on Test worker] Unknown key : RECALAGE_MECA_ACC, also tried recalageMecaAcc?[0m
[?[31m16:55:44.390 STDERR (CRITICAL) on Test worker] Unknown key : MILIEU_ECUEIL_PRIVE_XBLEU, also tried milieuEcueilPriveXbleu?[0m
[?[31m16:55:44.492 AI (CRITICAL) on AIModule ai.goap.Agent.updateIdleState(Agent.java:113)] Tentative de planification alors qu'il n'y a pas de but donné!?[0m
[?[31m16:55:44.783 AI (CRITICAL) on AIModule ai.goap.Agent.updateIdleState(Agent.java:113)] Tentative de planification alors qu'il n'y a pas de but donné!?[0m
[?[31m16:55:45.042 STDERR (CRITICAL) on Thread-20] java.net.SocketException: Socket closed?[0m
[?[31m16:55:45.275 STDERR (CRITICAL) on Thread-20] 	at java.base/sun.nio.ch.NioSocketImpl.endAccept(NioSocketImpl.java:689)?[0m
[?[31m16:55:45.275 AI (CRITICAL) on AIModule ai.goap.Agent.updateIdleState(Agent.java:113)] Tentative de planification alors qu'il n'y a pas de but donné!?[0m
[?[31m16:55:45.276 STDERR (CRITICAL) on Thread-20] 	at java.base/sun.nio.ch.NioSocketImpl.accept(NioSocketImpl.java:762)?[0m
[?[31m16:55:45.277 STDERR (CRITICAL) on Thread-20] 	at java.base/java.net.ServerSocket.implAccept(ServerSocket.java:684)?[0m
[?[31m16:55:45.278 STDERR (CRITICAL) on Thread-20] 	at java.base/java.net.ServerSocket.platformImplAccept(ServerSocket.java:650)?[0m
[?[31m16:55:45.279 STDERR (CRITICAL) on Thread-20] 	at java.base/java.net.ServerSocket.implAccept(ServerSocket.java:626)?[0m
[?[31m16:55:45.280 STDERR (CRITICAL) on Thread-20] 	at java.base/java.net.ServerSocket.implAccept(ServerSocket.java:583)?[0m
[?[31m16:55:45.281 STDERR (CRITICAL) on Test worker] ?[0m
[?[31m16:55:45.282 STDERR (CRITICAL) on Thread-20] 	at java.base/java.net.ServerSocket.accept(ServerSocket.java:540)?[0m
[?[31m16:55:45.284 STDERR (CRITICAL) on Thread-20] 	at utils.communication.SocketServerInterface$1.run(SocketServerInterface.java:72)?[0m
[?[31m16:55:45.286 COMMUNICATION (CRITICAL) on Thread-20 utils.communication.SocketServerInterface$1.run(SocketServerInterface.java:88)] Socket error: Socket closed?[0m
[?[31m16:55:45.287 STDERR (CRITICAL) on Test worker] 	at utils.communication.SocketServerInterface$1.run(SocketServerInterface.java:72)?[0m
[?[31m16:55:45.290 STDERR (CRITICAL) on Thread-20] java.net.SocketException: Socket is closed?[0m
[?[31m16:55:45.291 STDERR (CRITICAL) on Thread-20] 	at java.base/java.net.ServerSocket.accept(ServerSocket.java:536)?[0m
[?[31m16:55:45.292 STDERR (CRITICAL) on Thread-20] 	at utils.communication.SocketServerInterface$1.run(SocketServerInterface.java:72)?[0m
[?[31m16:55:45.294 COMMUNICATION (CRITICAL) on Thread-20 utils.communication.SocketServerInterface$1.run(SocketServerInterface.java:88)] Socket error: Socket is closed?[0m
[?[31m16:55:45.393 STDERR (CRITICAL) on Test worker] Unknown key : RECALAGE_ACC, also tried recalageAcc?[0m
[?[31m16:55:45.393 STDERR (CRITICAL) on Test worker] Unknown key : SECOURS, also tried secours?[0m
[?[31m16:55:45.395 STDERR (CRITICAL) on Test worker] Unknown key : RECALAGE_MECA_ACC, also tried recalageMecaAcc?[0m
[?[31m16:55:45.396 STDERR (CRITICAL) on Test worker] Unknown key : MILIEU_ECUEIL_PRIVE_XBLEU, also tried milieuEcueilPriveXbleu?[0m
[?[31m16:55:45.477 AI (CRITICAL) on AIModule ai.goap.Agent.updateIdleState(Agent.java:113)] Tentative de planification alors qu'il n'y a pas de but donné!?[0m
[?[31m16:55:45.762 AI (CRITICAL) on AIModule ai.goap.Agent.updateIdleState(Agent.java:113)] Tentative de planification alors qu'il n'y a pas de but donné!?[0m
[?[31m16:55:46.272 STDERR (CRITICAL) on Thread-22] java.net.SocketException: Socket closed?[0m
[?[31m16:55:46.272 AI (CRITICAL) on AIModule ai.goap.Agent.updateIdleState(Agent.java:113)] Tentative de planification alors qu'il n'y a pas de but donné!?[0m
[?[31m16:55:46.273 STDERR (CRITICAL) on Test worker] java.net.SocketException: Socket closed?[0m
[?[31m16:55:46.275 STDERR (CRITICAL) on Test worker] ?[0m
[?[31m16:55:46.285 STDERR (CRITICAL) on Thread-22] 	at java.base/sun.nio.ch.NioSocketImpl.endAccept(NioSocketImpl.java:689)?[0m
[?[31m16:55:46.285 STDERR (CRITICAL) on Thread-22] 	at java.base/sun.nio.ch.NioSocketImpl.accept(NioSocketImpl.java:762)?[0m
[?[31m16:55:46.285 STDERR (CRITICAL) on Thread-22] 	at java.base/java.net.ServerSocket.implAccept(ServerSocket.java:684)?[0m
[?[31m16:55:46.286 STDERR (CRITICAL) on Thread-22] 	at java.base/java.net.ServerSocket.platformImplAccept(ServerSocket.java:650)?[0m
[?[31m16:55:46.287 STDERR (CRITICAL) on Thread-22] 	at java.base/java.net.ServerSocket.implAccept(ServerSocket.java:626)?[0m
[?[31m16:55:46.290 STDERR (CRITICAL) on Thread-22] 	at java.base/java.net.ServerSocket.implAccept(ServerSocket.java:583)?[0m
[?[31m16:55:46.291 STDERR (CRITICAL) on Thread-22] 	at java.base/java.net.ServerSocket.accept(ServerSocket.java:540)?[0m
[?[31m16:55:46.291 STDERR (CRITICAL) on Thread-22] 	at utils.communication.SocketServerInterface$1.run(SocketServerInterface.java:72)?[0m
[?[31m16:55:46.292 COMMUNICATION (CRITICAL) on Thread-22 utils.communication.SocketServerInterface$1.run(SocketServerInterface.java:88)] Socket error: Socket closed?[0m
[?[31m16:55:46.293 STDERR (CRITICAL) on Thread-22] java.net.SocketException: Socket is closed?[0m
[?[31m16:55:46.293 STDERR (CRITICAL) on Thread-22] 	at java.base/java.net.ServerSocket.accept(ServerSocket.java:536)?[0m
[?[31m16:55:46.294 STDERR (CRITICAL) on Thread-22] 	at utils.communication.SocketServerInterface$1.run(SocketServerInterface.java:72)?[0m
[?[31m16:55:46.294 COMMUNICATION (CRITICAL) on Thread-22 utils.communication.SocketServerInterface$1.run(SocketServerInterface.java:88)] Socket error: Socket is closed?[0m
[?[31m16:55:46.383 STDERR (CRITICAL) on Test worker] Unknown key : RECALAGE_ACC, also tried recalageAcc?[0m
[?[31m16:55:46.385 STDERR (CRITICAL) on Test worker] Unknown key : SECOURS, also tried secours?[0m
[?[31m16:55:46.386 STDERR (CRITICAL) on Test worker] Unknown key : RECALAGE_MECA_ACC, also tried recalageMecaAcc?[0m
[?[31m16:55:46.388 STDERR (CRITICAL) on Test worker] Unknown key : MILIEU_ECUEIL_PRIVE_XBLEU, also tried milieuEcueilPriveXbleu?[0m
[?[31m16:55:46.473 AI (CRITICAL) on AIModule ai.goap.Agent.updateIdleState(Agent.java:113)] Tentative de planification alors qu'il n'y a pas de but donné!?[0m
[?[31m16:55:46.751 AI (CRITICAL) on AIModule ai.goap.Agent.updateIdleState(Agent.java:113)] Tentative de planification alors qu'il n'y a pas de but donné!?[0m
[?[31m16:55:47.205 STDERR (CRITICAL) on Thread-24] java.net.SocketException: Socket closed?[0m
[?[31m16:55:47.218 STDERR (CRITICAL) on Test worker] ?[0m
[?[31m16:55:47.223 STDERR (CRITICAL) on Thread-24] 	at java.base/sun.nio.ch.NioSocketImpl.endAccept(NioSocketImpl.java:689)?[0m
[?[31m16:55:47.224 STDERR (CRITICAL) on Thread-24] 	at java.base/sun.nio.ch.NioSocketImpl.accept(NioSocketImpl.java:762)?[0m
[?[31m16:55:47.225 STDERR (CRITICAL) on Thread-24] 	at java.base/java.net.ServerSocket.implAccept(ServerSocket.java:684)?[0m
[?[31m16:55:47.226 STDERR (CRITICAL) on Thread-24] 	at java.base/java.net.ServerSocket.platformImplAccept(ServerSocket.java:650)?[0m
[?[31m16:55:47.226 STDERR (CRITICAL) on Thread-24] 	at java.base/java.net.ServerSocket.implAccept(ServerSocket.java:626)?[0m
[?[31m16:55:47.227 STDERR (CRITICAL) on Thread-24] 	at java.base/java.net.ServerSocket.implAccept(ServerSocket.java:583)?[0m
[?[31m16:55:47.228 STDERR (CRITICAL) on Thread-24] 	at java.base/java.net.ServerSocket.accept(ServerSocket.java:540)?[0m
[?[31m16:55:47.228 STDERR (CRITICAL) on Thread-24] 	at utils.communication.SocketServerInterface$1.run(SocketServerInterface.java:72)?[0m
[?[31m16:55:47.229 COMMUNICATION (CRITICAL) on Thread-24 utils.communication.SocketServerInterface$1.run(SocketServerInterface.java:88)] Socket error: Socket closed?[0m
[?[31m16:55:47.229 STDERR (CRITICAL) on Test worker] 	at utils.communication.SocketServerInterface$1.run(SocketServerInterface.java:72)?[0m
[?[31m16:55:47.234 STDERR (CRITICAL) on Thread-24] java.net.SocketException: Socket is closed?[0m
[?[31m16:55:47.235 STDERR (CRITICAL) on Thread-24] 	at java.base/java.net.ServerSocket.accept(ServerSocket.java:536)?[0m
[?[31m16:55:47.236 STDERR (CRITICAL) on Thread-24] 	at utils.communication.SocketServerInterface$1.run(SocketServerInterface.java:72)?[0m
[?[31m16:55:47.237 COMMUNICATION (CRITICAL) on Thread-24 utils.communication.SocketServerInterface$1.run(SocketServerInterface.java:88)] Socket error: Socket is closed?[0m
[?[31m16:55:47.395 STDERR (CRITICAL) on Test worker] Unknown key : RECALAGE_ACC, also tried recalageAcc?[0m
[?[31m16:55:47.396 STDERR (CRITICAL) on Test worker] Unknown key : SECOURS, also tried secours?[0m
[?[31m16:55:47.397 STDERR (CRITICAL) on Test worker] Unknown key : RECALAGE_MECA_ACC, also tried recalageMecaAcc?[0m
[?[31m16:55:47.398 STDERR (CRITICAL) on Test worker] Unknown key : MILIEU_ECUEIL_PRIVE_XBLEU, also tried milieuEcueilPriveXbleu?[0m
[?[31m16:55:47.403 AI (CRITICAL) on AIModule ai.goap.Agent.updateIdleState(Agent.java:113)] Tentative de planification alors qu'il n'y a pas de but donné!?[0m
[?[31m16:55:47.805 AI (CRITICAL) on AIModule ai.goap.Agent.updateIdleState(Agent.java:113)] Tentative de planification alors qu'il n'y a pas de but donné!?[0m
[?[31m16:55:47.806 STDERR (CRITICAL) on Thread-26] java.net.SocketException: Socket closed?[0m
[?[31m16:55:47.807 STDERR (CRITICAL) on Thread-26] 	at java.base/sun.nio.ch.NioSocketImpl.endAccept(NioSocketImpl.java:689)?[0m
[?[31m16:55:47.808 STDERR (CRITICAL) on Thread-26] 	at java.base/sun.nio.ch.NioSocketImpl.accept(NioSocketImpl.java:762)?[0m
[?[31m16:55:48.295 STDERR (CRITICAL) on Thread-26] 	at java.base/java.net.ServerSocket.implAccept(ServerSocket.java:684)?[0m
[?[31m16:55:48.295 STDERR (CRITICAL) on Thread-26] 	at java.base/java.net.ServerSocket.platformImplAccept(ServerSocket.java:650)?[0m
[?[31m16:55:48.296 STDERR (CRITICAL) on Thread-26] 	at java.base/java.net.ServerSocket.implAccept(ServerSocket.java:626)?[0m
[?[31m16:55:48.295 AI (CRITICAL) on AIModule ai.goap.Agent.updateIdleState(Agent.java:113)] Tentative de planification alors qu'il n'y a pas de but donné!?[0m
[?[31m16:55:48.298 STDERR (CRITICAL) on Thread-26] 	at java.base/java.net.ServerSocket.implAccept(ServerSocket.java:583)?[0m
[?[31m16:55:48.301 STDERR (CRITICAL) on Thread-26] 	at java.base/java.net.ServerSocket.accept(ServerSocket.java:540)?[0m
[?[31m16:55:48.301 STDERR (CRITICAL) on Thread-26] 	at utils.communication.SocketServerInterface$1.run(SocketServerInterface.java:72)?[0m
[?[31m16:55:48.302 COMMUNICATION (CRITICAL) on Thread-26 utils.communication.SocketServerInterface$1.run(SocketServerInterface.java:88)] Socket error: Socket closed?[0m
[?[31m16:55:48.303 STDERR (CRITICAL) on Test worker] 	at java.base/java.net.ServerSocket.implAccept(ServerSocket.java:583)?[0m
[?[31m16:55:48.312 STDERR (CRITICAL) on Thread-26] java.net.SocketException: Socket is closed?[0m
[?[31m16:55:48.314 STDERR (CRITICAL) on Test worker] java.net.SocketException: Socket is closed?[0m
[?[31m16:55:48.320 STDERR (CRITICAL) on Thread-26] 	at java.base/java.net.ServerSocket.accept(ServerSocket.java:536)?[0m
[?[31m16:55:48.321 STDERR (CRITICAL) on Thread-26] 	at utils.communication.SocketServerInterface$1.run(SocketServerInterface.java:72)?[0m
[?[31m16:55:48.321 COMMUNICATION (CRITICAL) on Thread-26 utils.communication.SocketServerInterface$1.run(SocketServerInterface.java:88)] Socket error: Socket is closed?[0m
[?[31m16:55:48.436 STDERR (CRITICAL) on Test worker] Unknown key : RECALAGE_ACC, also tried recalageAcc?[0m
[?[31m16:55:48.438 STDERR (CRITICAL) on Test worker] Unknown key : SECOURS, also tried secours?[0m
[?[31m16:55:48.439 STDERR (CRITICAL) on Test worker] Unknown key : RECALAGE_MECA_ACC, also tried recalageMecaAcc?[0m
[?[31m16:55:48.441 STDERR (CRITICAL) on Test worker] Unknown key : MILIEU_ECUEIL_PRIVE_XBLEU, also tried milieuEcueilPriveXbleu?[0m
[?[31m16:55:48.500 AI (CRITICAL) on AIModule ai.goap.Agent.updateIdleState(Agent.java:113)] Tentative de planification alors qu'il n'y a pas de but donné!?[0m
[?[31m16:55:48.702 AI (CRITICAL) on AIModule ai.goap.Agent.updateIdleState(Agent.java:113)] Tentative de planification alors qu'il n'y a pas de but donné!?[0m
[?[31m16:55:48.904 AI (CRITICAL) on AIModule ai.goap.Agent.updateIdleState(Agent.java:113)] Tentative de planification alors qu'il n'y a pas de but donné!?[0m
[?[31m16:55:49.105 AI (CRITICAL) on AIModule ai.goap.Agent.updateIdleState(Agent.java:113)] Tentative de planification alors qu'il n'y a pas de but donné!?[0m
[?[31m16:55:49.307 AI (CRITICAL) on AIModule ai.goap.Agent.updateIdleState(Agent.java:113)] Tentative de planification alors qu'il n'y a pas de but donné!?[0m
[?[31m16:55:49.507 AI (CRITICAL) on AIModule ai.goap.Agent.updateIdleState(Agent.java:113)] Tentative de planification alors qu'il n'y a pas de but donné!?[0m
[?[31m16:55:49.708 AI (CRITICAL) on AIModule ai.goap.Agent.updateIdleState(Agent.java:113)] Tentative de planification alors qu'il n'y a pas de but donné!?[0m
[?[31m16:55:49.909 AI (CRITICAL) on AIModule ai.goap.Agent.updateIdleState(Agent.java:113)] Tentative de planification alors qu'il n'y a pas de but donné!?[0m
[?[31m16:55:50.310 AI (CRITICAL) on AIModule ai.goap.Agent.updateIdleState(Agent.java:113)] Tentative de planification alors qu'il n'y a pas de but donné!?[0m
[?[31m16:55:50.311 STDERR (CRITICAL) on Thread-28] java.net.SocketException: Socket closed?[0m
[?[31m16:55:50.312 STDERR (CRITICAL) on Thread-28] 	at java.base/sun.nio.ch.NioSocketImpl.endAccept(NioSocketImpl.java:689)?[0m
[?[31m16:55:50.522 STDERR (CRITICAL) on Thread-28] 	at java.base/sun.nio.ch.NioSocketImpl.accept(NioSocketImpl.java:762)?[0m
[?[31m16:55:50.522 AI (CRITICAL) on AIModule ai.goap.Agent.updateIdleState(Agent.java:113)] Tentative de planification alors qu'il n'y a pas de but donné!?[0m
[?[31m16:55:50.737 STDERR (CRITICAL) on Thread-28] 	at java.base/java.net.ServerSocket.implAccept(ServerSocket.java:684)?[0m
[?[31m16:55:50.738 STDERR (CRITICAL) on Thread-28] 	at java.base/java.net.ServerSocket.platformImplAccept(ServerSocket.java:650)?[0m
[?[31m16:55:50.738 STDERR (CRITICAL) on Thread-28] 	at java.base/java.net.ServerSocket.implAccept(ServerSocket.java:626)?[0m
[?[31m16:55:50.739 STDERR (CRITICAL) on Thread-28] 	at java.base/java.net.ServerSocket.implAccept(ServerSocket.java:583)?[0m
[?[31m16:55:50.739 STDERR (CRITICAL) on Thread-28] 	at java.base/java.net.ServerSocket.accept(ServerSocket.java:540)?[0m
[?[31m16:55:50.740 STDERR (CRITICAL) on Thread-28] 	at utils.communication.SocketServerInterface$1.run(SocketServerInterface.java:72)?[0m
[?[31m16:55:50.740 COMMUNICATION (CRITICAL) on Thread-28 utils.communication.SocketServerInterface$1.run(SocketServerInterface.java:88)] Socket error: Socket closed?[0m
[?[31m16:55:50.741 STDERR (CRITICAL) on Thread-28] java.net.SocketException: Socket is closed?[0m
[?[31m16:55:50.742 STDERR (CRITICAL) on Thread-28] 	at java.base/java.net.ServerSocket.accept(ServerSocket.java:536)?[0m
[?[31m16:55:50.742 STDERR (CRITICAL) on Thread-28] 	at utils.communication.SocketServerInterface$1.run(SocketServerInterface.java:72)?[0m
[?[31m16:55:50.742 COMMUNICATION (CRITICAL) on Thread-28 utils.communication.SocketServerInterface$1.run(SocketServerInterface.java:88)] Socket error: Socket is closed?[0m
[?[31m16:55:50.746 STDERR (CRITICAL) on Test worker] ?[0m
[?[31m16:55:50.748 STDERR (CRITICAL) on Test worker] ?[0m
[?[31m16:55:50.828 STDERR (CRITICAL) on Test worker] Unknown key : RECALAGE_ACC, also tried recalageAcc?[0m
[?[31m16:55:50.828 STDERR (CRITICAL) on Test worker] Unknown key : SECOURS, also tried secours?[0m
[?[31m16:55:50.829 STDERR (CRITICAL) on Test worker] Unknown key : RECALAGE_MECA_ACC, also tried recalageMecaAcc?[0m
[?[31m16:55:50.831 STDERR (CRITICAL) on Test worker] Unknown key : MILIEU_ECUEIL_PRIVE_XBLEU, also tried milieuEcueilPriveXbleu?[0m
[?[31m16:55:50.937 AI (CRITICAL) on AIModule ai.goap.Agent.updateIdleState(Agent.java:113)] Tentative de planification alors qu'il n'y a pas de but donné!?[0m
[?[31m16:55:51.205 AI (CRITICAL) on AIModule ai.goap.Agent.updateIdleState(Agent.java:113)] Tentative de planification alors qu'il n'y a pas de but donné!?[0m
[?[31m16:55:51.206 STDERR (CRITICAL) on Thread-30] java.net.SocketException: Socket closed?[0m
[?[31m16:55:51.207 STDERR (CRITICAL) on Thread-30] 	at java.base/sun.nio.ch.NioSocketImpl.endAccept(NioSocketImpl.java:689)?[0m
[?[31m16:55:51.208 STDERR (CRITICAL) on Thread-30] 	at java.base/sun.nio.ch.NioSocketImpl.accept(NioSocketImpl.java:762)?[0m
[?[31m16:55:51.208 STDERR (CRITICAL) on Thread-30] 	at java.base/java.net.ServerSocket.implAccept(ServerSocket.java:684)?[0m
[?[31m16:55:51.208 STDERR (CRITICAL) on Thread-30] 	at java.base/java.net.ServerSocket.platformImplAccept(ServerSocket.java:650)?[0m
[?[31m16:55:51.209 STDERR (CRITICAL) on Thread-30] 	at java.base/java.net.ServerSocket.implAccept(ServerSocket.java:626)?[0m
[?[31m16:55:51.209 STDERR (CRITICAL) on Thread-30] 	at java.base/java.net.ServerSocket.implAccept(ServerSocket.java:583)?[0m
[?[31m16:55:51.688 AI (CRITICAL) on AIModule ai.goap.Agent.updateIdleState(Agent.java:113)] Tentative de planification alors qu'il n'y a pas de but donné!?[0m
[?[31m16:55:51.689 STDERR (CRITICAL) on Thread-30] 	at java.base/java.net.ServerSocket.accept(ServerSocket.java:540)?[0m
[?[31m16:55:51.692 STDERR (CRITICAL) on Thread-30] 	at utils.communication.SocketServerInterface$1.run(SocketServerInterface.java:72)?[0m
[?[31m16:55:51.697 COMMUNICATION (CRITICAL) on Thread-30 utils.communication.SocketServerInterface$1.run(SocketServerInterface.java:88)] Socket error: Socket closed?[0m
[?[31m16:55:51.703 STDERR (CRITICAL) on Test worker] ?[0m
[?[31m16:55:51.713 STDERR (CRITICAL) on Thread-30] java.net.SocketException: Socket is closed?[0m
[?[31m16:55:51.716 STDERR (CRITICAL) on Thread-30] 	at java.base/java.net.ServerSocket.accept(ServerSocket.java:536)?[0m
[?[31m16:55:51.718 STDERR (CRITICAL) on Thread-30] 	at utils.communication.SocketServerInterface$1.run(SocketServerInterface.java:72)?[0m
[?[31m16:55:51.721 COMMUNICATION (CRITICAL) on Thread-30 utils.communication.SocketServerInterface$1.run(SocketServerInterface.java:88)] Socket error: Socket is closed?[0m
[?[31m16:55:51.721 STDERR (CRITICAL) on Test worker] 	at utils.communication.SocketServerInterface$1.run(SocketServerInterface.java:72)?[0m
]]></system-err>
</testsuite>
