<?xml version="1.0" encoding="UTF-8"?>
<testsuite name="unitaires.Test_Log" tests="3" skipped="3" failures="0" errors="0" timestamp="2021-07-08T16:55:28" hostname="ubuntu" time="0.005">
  <properties/>
  <testcase name="testLogDebug" classname="unitaires.Test_Log" time="0.0">
    <skipped/>
  </testcase>
  <testcase name="testLogChannel" classname="unitaires.Test_Log" time="0.0">
    <skipped/>
  </testcase>
  <testcase name="testLogCritical" classname="unitaires.Test_Log" time="0.0">
    <skipped/>
  </testcase>
  <system-out><![CDATA[]]></system-out>
  <system-err><![CDATA[]]></system-err>
</testsuite>
