<?xml version="1.0" encoding="UTF-8"?>
<testsuite name="unitaires.Test_Communication" tests="1" skipped="0" failures="1" errors="0" timestamp="2021-06-09T12:23:16" hostname="tsimafei-ZenBook-14-UX410UFR" time="0.194">
  <properties/>
  <testcase name="testBidirectionnal" classname="unitaires.Test_Communication" time="0.194">
    <failure message="java.lang.AssertionError" type="java.lang.AssertionError">java.lang.AssertionError
	at org.junit.Assert.fail(Assert.java:92)
	at org.junit.Assert.assertTrue(Assert.java:43)
	at org.junit.Assert.assertFalse(Assert.java:68)
	at org.junit.Assert.assertFalse(Assert.java:79)
	at unitaires.Test_Communication.testBidirectionnal(Test_Communication.java:85)
	at java.base/jdk.internal.reflect.NativeMethodAccessorImpl.invoke0(Native Method)
	at java.base/jdk.internal.reflect.NativeMethodAccessorImpl.invoke(NativeMethodAccessorImpl.java:62)
	at java.base/jdk.internal.reflect.DelegatingMethodAccessorImpl.invoke(DelegatingMethodAccessorImpl.java:43)
	at java.base/java.lang.reflect.Method.invoke(Method.java:564)
	at org.junit.runners.model.FrameworkMethod$1.runReflectiveCall(FrameworkMethod.java:45)
	at org.junit.internal.runners.model.ReflectiveCallable.run(ReflectiveCallable.java:15)
	at org.junit.runners.model.FrameworkMethod.invokeExplosively(FrameworkMethod.java:42)
	at org.junit.internal.runners.statements.InvokeMethod.evaluate(InvokeMethod.java:20)
	at org.junit.internal.runners.statements.RunBefores.evaluate(RunBefores.java:28)
	at org.junit.internal.runners.statements.RunAfters.evaluate(RunAfters.java:30)
	at org.junit.runners.ParentRunner.runLeaf(ParentRunner.java:263)
	at org.junit.runners.BlockJUnit4ClassRunner.runChild(BlockJUnit4ClassRunner.java:68)
	at org.junit.runners.BlockJUnit4ClassRunner.runChild(BlockJUnit4ClassRunner.java:47)
	at org.junit.runners.ParentRunner$3.run(ParentRunner.java:231)
	at org.junit.runners.ParentRunner$1.schedule(ParentRunner.java:60)
	at org.junit.runners.ParentRunner.runChildren(ParentRunner.java:229)
	at org.junit.runners.ParentRunner.access$000(ParentRunner.java:50)
	at org.junit.runners.ParentRunner$2.evaluate(ParentRunner.java:222)
	at org.junit.runners.ParentRunner.run(ParentRunner.java:300)
	at org.gradle.api.internal.tasks.testing.junit.JUnitTestClassExecutor.runTestClass(JUnitTestClassExecutor.java:110)
	at org.gradle.api.internal.tasks.testing.junit.JUnitTestClassExecutor.execute(JUnitTestClassExecutor.java:58)
	at org.gradle.api.internal.tasks.testing.junit.JUnitTestClassExecutor.execute(JUnitTestClassExecutor.java:38)
	at org.gradle.api.internal.tasks.testing.junit.AbstractJUnitTestClassProcessor.processTestClass(AbstractJUnitTestClassProcessor.java:62)
	at org.gradle.api.internal.tasks.testing.SuiteTestClassProcessor.processTestClass(SuiteTestClassProcessor.java:51)
	at java.base/jdk.internal.reflect.NativeMethodAccessorImpl.invoke0(Native Method)
	at java.base/jdk.internal.reflect.NativeMethodAccessorImpl.invoke(NativeMethodAccessorImpl.java:62)
	at java.base/jdk.internal.reflect.DelegatingMethodAccessorImpl.invoke(DelegatingMethodAccessorImpl.java:43)
	at java.base/java.lang.reflect.Method.invoke(Method.java:564)
	at org.gradle.internal.dispatch.ReflectionDispatch.dispatch(ReflectionDispatch.java:36)
	at org.gradle.internal.dispatch.ReflectionDispatch.dispatch(ReflectionDispatch.java:24)
	at org.gradle.internal.dispatch.ContextClassLoaderDispatch.dispatch(ContextClassLoaderDispatch.java:33)
	at org.gradle.internal.dispatch.ProxyDispatchAdapter$DispatchingInvocationHandler.invoke(ProxyDispatchAdapter.java:94)
	at com.sun.proxy.$Proxy2.processTestClass(Unknown Source)
	at org.gradle.api.internal.tasks.testing.worker.TestWorker.processTestClass(TestWorker.java:118)
	at java.base/jdk.internal.reflect.NativeMethodAccessorImpl.invoke0(Native Method)
	at java.base/jdk.internal.reflect.NativeMethodAccessorImpl.invoke(NativeMethodAccessorImpl.java:62)
	at java.base/jdk.internal.reflect.DelegatingMethodAccessorImpl.invoke(DelegatingMethodAccessorImpl.java:43)
	at java.base/java.lang.reflect.Method.invoke(Method.java:564)
	at org.gradle.internal.dispatch.ReflectionDispatch.dispatch(ReflectionDispatch.java:36)
	at org.gradle.internal.dispatch.ReflectionDispatch.dispatch(ReflectionDispatch.java:24)
	at org.gradle.internal.remote.internal.hub.MessageHubBackedObjectConnection$DispatchWrapper.dispatch(MessageHubBackedObjectConnection.java:182)
	at org.gradle.internal.remote.internal.hub.MessageHubBackedObjectConnection$DispatchWrapper.dispatch(MessageHubBackedObjectConnection.java:164)
	at org.gradle.internal.remote.internal.hub.MessageHub$Handler.run(MessageHub.java:412)
	at org.gradle.internal.concurrent.ExecutorPolicy$CatchAndRecordFailures.onExecute(ExecutorPolicy.java:64)
	at org.gradle.internal.concurrent.ManagedExecutorImpl$1.run(ManagedExecutorImpl.java:48)
	at java.base/java.util.concurrent.ThreadPoolExecutor.runWorker(ThreadPoolExecutor.java:1130)
	at java.base/java.util.concurrent.ThreadPoolExecutor$Worker.run(ThreadPoolExecutor.java:630)
	at org.gradle.internal.concurrent.ThreadFactoryImpl$ManagedThreadRunnable.run(ThreadFactoryImpl.java:56)
	at java.base/java.lang.Thread.run(Thread.java:832)
</failure>
  </testcase>
  <system-out><![CDATA[[?[34m14:23:16.465 STDOUT (DEBUG) on Finalizer utils.HLInstance.printMessage(HLInstance.java:357)] ------------------------- TOTORO'S END -------------------------?[0m
[?[34m14:23:16.466 STDOUT (DEBUG) on Test worker org.gradle.api.internal.tasks.testing.processors.CaptureTestOutputTestResultProcessor.started(CaptureTestOutputTestResultProcessor.java:51)] ?[0m
[?[34m14:23:16.466 STDOUT (DEBUG) on Test worker utils.HLInstance.printMessage(HLInstance.java:357)] ?[33m                   /*``.           `-:--.`?[0m
[?[34m14:23:16.466 STDOUT (DEBUG) on Test worker utils.HLInstance.printMessage(HLInstance.java:357)] ?[33m                  `.-::::/.        .:::::::y?[0m
[?[34m14:23:16.466 STDOUT (DEBUG) on Test worker utils.HLInstance.printMessage(HLInstance.java:357)] ?[33m                 `::::::::o``````.-::::::/h-?[0m
[?[34m14:23:16.467 STDOUT (DEBUG) on Test worker utils.HLInstance.printMessage(HLInstance.java:357)] ?[33m                 `::::::::::::::::::::::/h.?[0m
[?[34m14:23:16.467 STDOUT (DEBUG) on Test worker utils.HLInstance.printMessage(HLInstance.java:357)] ?[33m                  -::::::://++++//::::::::.?[0m
[?[34m14:23:16.467 STDOUT (DEBUG) on Test worker utils.HLInstance.printMessage(HLInstance.java:357)] ?[33m               `-::::/oso+/:-....--://:::::-.``.---:`?[0m
[?[34m14:23:16.467 STDOUT (DEBUG) on Test worker utils.HLInstance.printMessage(HLInstance.java:357)] ?[33m      ````   .-:::/so/-      ``````  `.:::::::::::::+ ?[34m``````````````````````````````````````````````````````````````````````?[0m
[?[34m14:23:16.467 STDOUT (DEBUG) on Test worker utils.HLInstance.printMessage(HLInstance.java:357)] ?[33m    `-:::::--:::os+.?[34m   `/sssssss`   ./syyyyyys+/y+sssssssssssssssssssssssssssssssssssssssssssssssssssssssssssssssssssssy- `-:::://?[0m
[?[34m14:23:16.467 STDOUT (DEBUG) on Test worker utils.HLInstance.printMessage(HLInstance.java:357)] ?[33m   `-:::::::::+y/`?[34mS   .shhhhhdd:   `/hhhhhhhhhdo:/dddddddddddddddddhhhhhhhdddddddddddddddddddddddddddddddddddddddddddddo`.:////sy.?[0m
[?[34m14:23:16.467 STDOUT (DEBUG) on Test worker utils.HLInstance.printMessage(HLInstance.java:357)] ?[33m   ::::::::::so`?[34m     :yhhhhhmy`   .ohhhhhhhhhhd  `//oooooo+//////+hhhhhhdd+///////+++++++/////////////////+++++++/////-`-////+h+` `?[0m
[?[34m14:23:16.467 STDOUT (DEBUG) on Test worker utils.HLInstance.printMessage(HLInstance.java:357)] ?[33m  `://:::::y/ ?[34mU   `+hhhhhdm+    -yhhhhhdhhhhhm`  `oyyyyyhs     .shhhhhdh-  ``.-:::////:::-.       ``.-::::////::://  `://///o+:::::::-.?[0m
[?[34m14:23:16.467 STDOUT (DEBUG) on Test worker utils.HLInstance.printMessage(HLInstance.java:357)] ?[33m      `::::y/ ?[34m    .shhhhhdh-   `+hhhhhdd+shhhhd- -yhhhhhmo`    /yhhhhhms` .-://+ssso+++/////o   `.:://+ossoo+++o+oy- -/////+ssoo+//////h?[0m
[?[34m14:23:16.467 STDOUT (DEBUG) on Test worker utils.HLInstance.printMessage(HLInstance.java:357)] ?[33m      .:::/y ?[34mU   :yhhhhhms`   .shhhhhdy?[33m::?[34mhhhhhho+hhhhhdd:    `ohhhhhdd/ .:///oyo::-----////oy `-:///oyo:.`      `-``:////oy+-` `:////+h:?[0m
[?[34m14:23:16.467 STDOUT (DEBUG) on Test worker utils.HLInstance.printMessage(HLInstance.java:357)] ?[33m      -:::o: ?[34m  `+hhhhhdm/    :yhhhhddo?[33m:::?[34m+hhhhhhhhhhhms.    -yhhhhhdh. -////yo.`ooooooooooss``:////yo.            -/////yo`   .:////ys.?[0m
[?[34m14:23:16.467 STDOUT (DEBUG) on Test worker utils.HLInstance.printMessage(HLInstance.java:357)] ?[33m   ``.::::+-?[34m S .shhhhhdh-   `+hhhhhdd/?[33m::::?[34m/hhhhhhhhhdd/     /hhhhhhmo` `/////s```..----:+:..  -/////o``````..:.  `:////oh:   `-////+h/?[0m
[?[34m14:23:16.467 STDOUT (DEBUG) on Test worker utils.HLInstance.printMessage(HLInstance.java:357)] ?[33m`.-::::::::+ ?[34m:yhhhhhms`   .shhhhhmy?[33m:::::::?[34mhhhhhhhhdh.    `ohhhhhdd:    :++////:::///+oys`    `/++/////://++yo` .:////ys`   .:////ys.?[0m
[?[34m14:23:16.468 STDOUT (DEBUG) on Test worker utils.HLInstance.printMessage(HLInstance.java:357)] ?[33m-::::::::::/-?[34m/oooooo/     -sssyyyo?[33m:+o/++//?[34mhyssssss+`     .sssssss.      `-/++oooo++//:.        .:/+oooo++/:-   /ooooo:     :ooooo/?[0m
[?[34m14:23:16.468 STDOUT (DEBUG) on Test worker utils.HLInstance.printMessage(HLInstance.java:357)] ?[33m.:::::/o:::::-`               `.--:::os+```.---?[0m
[?[34m14:23:16.468 STDOUT (DEBUG) on Test worker utils.HLInstance.printMessage(HLInstance.java:357)] ?[33m :+ooo/.`::::::-..`````````.--::::+ss:`?[0m
[?[34m14:23:16.468 STDOUT (DEBUG) on Test worker utils.HLInstance.printMessage(HLInstance.java:357)] ?[33m  ``     `-/::::::::::::::::::::::s.?[0m
[?[34m14:23:16.468 STDOUT (DEBUG) on Test worker utils.HLInstance.printMessage(HLInstance.java:357)] ?[33m          `:::::::::::://+::::::::o-?[0m
[?[34m14:23:16.468 STDOUT (DEBUG) on Test worker utils.HLInstance.printMessage(HLInstance.java:357)] ?[33m         `:::::::/h////::.-:::::::y-?[0m
[?[34m14:23:16.468 STDOUT (DEBUG) on Test worker utils.HLInstance.printMessage(HLInstance.java:357)] ?[33m         :::::::ss`        -:/+sso:?[0m
[?[34m14:23:16.468 STDOUT (DEBUG) on Test worker utils.HLInstance.printMessage(HLInstance.java:357)] ?[33m         .:/++sy:          `//*/?[0m
[?[34m14:23:16.468 STDOUT (DEBUG) on Test worker utils.HLInstance.printMessage(HLInstance.java:357)] ______________________________________________________________________________________________________________________________________________?[0m
[?[34m14:23:16.468 STDOUT (DEBUG) on Test worker utils.Log.init(Log.java:292)] ?[32mDémarrage du service de log?[0m
[?[34m14:23:16.468 STDOUT (DEBUG) on Test worker utils.Log.init(Log.java:293)] ?[0m?[0m
Initialisation du compteur...
[?[34m14:23:16.469 STDOUT (DEBUG) on Test worker utils.Log.attemptInitLogOutput(Log.java:413)] Création du fichier de log './../logs/Wed Jun 09 14:23:16 CEST 2021 #249 - everything.log' à '/home/tsimafei/TechTheTiller-HighLevel/logs/Wed Jun 09 14:23:16 CEST 2021 #249 - everything.log'?[0m
[?[34m14:23:16.469 STDOUT (DEBUG) on Test worker utils.Log.attemptInitLogOutput(Log.java:417)] Réussite de la création du fichier de log './../logs/Wed Jun 09 14:23:16 CEST 2021 #249 - everything.log?[0m
[?[34m14:23:16.469 STDOUT (DEBUG) on Test worker utils.Log.attemptInitLogOutput(Log.java:421)] Ouverture du fichier de log './../logs/Wed Jun 09 14:23:16 CEST 2021 #249 - everything.log'?[0m
[?[34m14:23:16.469 STDOUT (DEBUG) on Test worker utils.Log.attemptInitLogOutput(Log.java:413)] Création du fichier de log './../logs/Wed Jun 09 14:23:16 CEST 2021 #249.log' à '/home/tsimafei/TechTheTiller-HighLevel/logs/Wed Jun 09 14:23:16 CEST 2021 #249.log'?[0m
[?[34m14:23:16.469 STDOUT (DEBUG) on Test worker utils.Log.attemptInitLogOutput(Log.java:417)] Réussite de la création du fichier de log './../logs/Wed Jun 09 14:23:16 CEST 2021 #249.log?[0m
[?[34m14:23:16.469 STDOUT (DEBUG) on Test worker utils.Log.attemptInitLogOutput(Log.java:421)] Ouverture du fichier de log './../logs/Wed Jun 09 14:23:16 CEST 2021 #249.log'?[0m
[?[34m14:23:16.469 STDOUT (DEBUG) on Test worker utils.Log.attemptInitLogOutput(Log.java:413)] Création du fichier de log './../logs/Wed Jun 09 14:23:16 CEST 2021 #249 - errors.log' à '/home/tsimafei/TechTheTiller-HighLevel/logs/Wed Jun 09 14:23:16 CEST 2021 #249 - errors.log'?[0m
[?[34m14:23:16.470 STDOUT (DEBUG) on Test worker utils.Log.attemptInitLogOutput(Log.java:417)] Réussite de la création du fichier de log './../logs/Wed Jun 09 14:23:16 CEST 2021 #249 - errors.log?[0m
[?[34m14:23:16.470 STDOUT (DEBUG) on Test worker utils.Log.attemptInitLogOutput(Log.java:421)] Ouverture du fichier de log './../logs/Wed Jun 09 14:23:16 CEST 2021 #249 - errors.log'?[0m
[?[34m14:23:16.473 STDOUT (DEBUG) on Test worker utils.HLInstance.<init>(HLInstance.java:104)] Version : 7ce4239 on dev_lolo - [Update ScriptLoisSlave.java]?[0m
[?[34m14:23:16.473 STDOUT (DEBUG) on Test worker utils.HLInstance.<init>(HLInstance.java:112)] System : Linux 5.8.0-53-generic amd64?[0m
[?[34m14:23:16.473 STDOUT (DEBUG) on Test worker utils.HLInstance.<init>(HLInstance.java:114)] Java : Oracle Corporation 14.0.2, max memory : 0.5G, available processors : 8?[0m
[?[34m14:23:16.473 STDOUT (DEBUG) on Test worker utils.HLInstance.<init>(HLInstance.java:117)] ?[0m
[?[34m14:23:16.473 STDOUT (DEBUG) on Test worker utils.HLInstance.<init>(HLInstance.java:119)]    Remember, with great power comes great current squared times resistance !
?[0m
[?[34m14:23:16.474 STDOUT (DEBUG) on Test worker utils.HLInstance.<init>(HLInstance.java:122)] Chargement de la config...?[0m
[?[34m14:23:16.474 STDOUT (DEBUG) on Test worker pfg.config.Config.readConfigFile(Config.java:166)] Loading config file : /home/tsimafei/TechTheTiller-HighLevel/T3HL-common/../config/config.txt?[0m
[?[34m14:23:16.476 STDOUT (DEBUG) on Test worker pfg.config.Config.printChangedValues(Config.java:465)] Configuration diff :?[0m
[?[34m14:23:16.476 STDOUT (DEBUG) on Test worker pfg.config.Config.printChangedValues(Config.java:469)]   visualisation = false (default : true)?[0m
[?[34m14:23:16.476 STDOUT (DEBUG) on Test worker pfg.config.Config.printChangedValues(Config.java:469)]   usingBaliseImage = false (default : true)?[0m
[?[34m14:23:16.476 STDOUT (DEBUG) on Test worker pfg.config.Config.printChangedValues(Config.java:469)]   usingPanel = false (default : true)?[0m
[?[34m14:23:16.476 STDOUT (DEBUG) on Test worker pfg.config.Config.printChangedValues(Config.java:469)]   connectToBuddy = false (default : true)?[0m
[?[34m14:23:16.476 STDOUT (DEBUG) on Test worker pfg.config.Config.printChangedValues(Config.java:469)]   modeMonthlery = true (default : false)?[0m
[?[34m14:23:16.476 STDOUT (DEBUG) on Test worker pfg.config.Config.printChangedValues(Config.java:469)]   buddyRay = 70 (default : 150)?[0m
[?[34m14:23:16.476 STDOUT (DEBUG) on Test worker pfg.config.Config.printChangedValues(Config.java:469)]   ennemyRay = 150 (default : 220)?[0m
[?[34m14:23:16.476 STDOUT (DEBUG) on Test worker pfg.config.Config.printChangedValues(Config.java:469)]   nbrNoeudsX = 30 (default : 45)?[0m
[?[34m14:23:16.477 STDOUT (DEBUG) on Test worker pfg.config.Config.printChangedValues(Config.java:469)]   nbrNoeudsY = 20 (default : 30)?[0m
[?[34m14:23:16.477 STDOUT (DEBUG) on Test worker pfg.config.Config.printChangedValues(Config.java:469)]   nbrNoeudsCircle = 14 (default : 12)?[0m
[?[34m14:23:16.477 STDOUT (DEBUG) on Test worker utils.Log.init(Log.java:292)] ?[32mDémarrage du service de log?[0m
[?[34m14:23:16.477 STDOUT (DEBUG) on Test worker utils.Log.init(Log.java:293)] ?[0m?[0m
Initialisation du compteur...
[?[34m14:23:16.477 STDOUT (DEBUG) on Test worker utils.Log.attemptInitLogOutput(Log.java:413)] Création du fichier de log './../logs/Wed Jun 09 14:23:16 CEST 2021 #250 - everything.log' à '/home/tsimafei/TechTheTiller-HighLevel/logs/Wed Jun 09 14:23:16 CEST 2021 #250 - everything.log'?[0m
[?[34m14:23:16.477 STDOUT (DEBUG) on Test worker utils.Log.attemptInitLogOutput(Log.java:417)] Réussite de la création du fichier de log './../logs/Wed Jun 09 14:23:16 CEST 2021 #250 - everything.log?[0m
[?[34m14:23:16.477 STDOUT (DEBUG) on Test worker utils.Log.attemptInitLogOutput(Log.java:421)] Ouverture du fichier de log './../logs/Wed Jun 09 14:23:16 CEST 2021 #250 - everything.log'?[0m
[?[34m14:23:16.478 STDOUT (DEBUG) on Test worker utils.Log.attemptInitLogOutput(Log.java:413)] Création du fichier de log './../logs/Wed Jun 09 14:23:16 CEST 2021 #250.log' à '/home/tsimafei/TechTheTiller-HighLevel/logs/Wed Jun 09 14:23:16 CEST 2021 #250.log'?[0m
[?[34m14:23:16.478 STDOUT (DEBUG) on Test worker utils.Log.attemptInitLogOutput(Log.java:417)] Réussite de la création du fichier de log './../logs/Wed Jun 09 14:23:16 CEST 2021 #250.log?[0m
[?[34m14:23:16.478 STDOUT (DEBUG) on Test worker utils.Log.attemptInitLogOutput(Log.java:421)] Ouverture du fichier de log './../logs/Wed Jun 09 14:23:16 CEST 2021 #250.log'?[0m
[?[34m14:23:16.478 STDOUT (DEBUG) on Test worker utils.Log.attemptInitLogOutput(Log.java:413)] Création du fichier de log './../logs/Wed Jun 09 14:23:16 CEST 2021 #250 - errors.log' à '/home/tsimafei/TechTheTiller-HighLevel/logs/Wed Jun 09 14:23:16 CEST 2021 #250 - errors.log'?[0m
[?[34m14:23:16.478 STDOUT (DEBUG) on Test worker utils.Log.attemptInitLogOutput(Log.java:417)] Réussite de la création du fichier de log './../logs/Wed Jun 09 14:23:16 CEST 2021 #250 - errors.log?[0m
[?[34m14:23:16.478 STDOUT (DEBUG) on Test worker utils.Log.attemptInitLogOutput(Log.java:421)] Ouverture du fichier de log './../logs/Wed Jun 09 14:23:16 CEST 2021 #250 - errors.log'?[0m
[?[34m14:23:16.478 COMMUNICATION (DEBUG) on Thread-35 utils.communication.SocketServerInterface$1.run(SocketServerInterface.java:55)] Creating socket waiting connection on port 10200?[0m
[?[34m14:23:16.479 COMMUNICATION (DEBUG) on Thread-35 utils.communication.SocketServerInterface$1.run(SocketServerInterface.java:58)] Receive buffer size on null is 65536?[0m
[?[34m14:23:16.479 COMMUNICATION (DEBUG) on SocketClient(localhost:10200) utils.communication.SocketClientInterface.lambda$init$0(SocketClientInterface.java:51)] Trying to connect to localhost on port 10200?[0m
[?[34m14:23:16.479 COMMUNICATION (DEBUG) on Thread-35 utils.communication.SocketServerInterface$1.run(SocketServerInterface.java:69)] Waiting connection on port 10200?[0m
[?[34m14:23:16.479 COMMUNICATION (DEBUG) on SocketClient(localhost:10200) utils.communication.SocketClientInterface.lambda$init$0(SocketClientInterface.java:53)] Socket created to localhost on port 10200?[0m
[?[34m14:23:16.479 COMMUNICATION (DEBUG) on Thread-35 utils.communication.SocketServerInterface$1.run(SocketServerInterface.java:75)] Connection accepted on port 10200?[0m
[?[34m14:23:16.479 COMMUNICATION (DEBUG) on SocketClient(localhost:10200) utils.communication.SocketClientInterface.lambda$init$0(SocketClientInterface.java:70)] SUCCESS to connect to localhost on port 10200?[0m
[?[34m14:23:16.479 COMMUNICATION (DEBUG) on Thread-35 utils.communication.SocketServerInterface$1.run(SocketServerInterface.java:77)] Connection initialized on port 10200?[0m
[?[34m14:23:16.479 COMMUNICATION (DEBUG) on Thread-35 utils.communication.SocketServerInterface$1.run(SocketServerInterface.java:79)] Initialized connection with a 'ping'?[0m
[?[34m14:23:16.479 COMMUNICATION (DEBUG) on Thread-35 utils.communication.SocketServerInterface$1.run(SocketServerInterface.java:69)] Waiting connection on port 10200?[0m
[?[34m14:23:16.629 COMMUNICATION (DEBUG) on Test worker utils.communication.SocketServerInterface.read(SocketServerInterface.java:105)] >> READ: R1?[0m
[?[34m14:23:16.659 STDOUT (DEBUG) on Finalizer utils.Log.close(Log.java:435)] ?[32mFermeture du service de log?[0m
[?[34m14:23:16.660 STDOUT (DEBUG) on Test worker org.gradle.api.internal.tasks.testing.processors.CaptureTestOutputTestResultProcessor.completed(CaptureTestOutputTestResultProcessor.java:80)] ?[0m
[?[34m14:23:16.660 STDOUT (DEBUG) on Finalizer utils.HLInstance.printMessage(HLInstance.java:357)]     	       _____?[0m
[?[34m14:23:16.660 STDOUT (DEBUG) on Finalizer utils.HLInstance.printMessage(HLInstance.java:357)]               /     \?[0m
[?[34m14:23:16.660 STDOUT (DEBUG) on Finalizer utils.HLInstance.printMessage(HLInstance.java:357)]               vvvvvvv  /|__/|?[0m
[?[34m14:23:16.660 STDOUT (DEBUG) on Finalizer utils.HLInstance.printMessage(HLInstance.java:357)]                  I   /O,O   |?[0m
[?[34m14:23:16.660 STDOUT (DEBUG) on Finalizer utils.HLInstance.printMessage(HLInstance.java:357)]                  I /_____   |      /|/|?[0m
[?[34m14:23:16.660 STDOUT (DEBUG) on Finalizer utils.HLInstance.printMessage(HLInstance.java:357)]                 J|/^ ^ ^ \  |    /00  |    _//|?[0m
[?[34m14:23:16.660 STDOUT (DEBUG) on Test worker org.gradle.api.internal.tasks.testing.processors.CaptureTestOutputTestResultProcessor.completed(CaptureTestOutputTestResultProcessor.java:80)]                  I   /O,O   |?[0m
[?[34m14:23:16.660 STDOUT (DEBUG) on Finalizer utils.HLInstance.printMessage(HLInstance.java:357)]                  |^ ^ ^ ^ |W|   |/^^\ |   /oo |?[0m
]]></system-out>
  <system-err><![CDATA[[?[31m14:23:16.465 STDERR (CRITICAL) on Thread-33] java.net.SocketException: Socket is closed?[0m
[?[31m14:23:16.465 STDERR (CRITICAL) on Thread-33] 	at java.base/java.net.ServerSocket.accept(ServerSocket.java:536)?[0m
[?[31m14:23:16.465 STDERR (CRITICAL) on Thread-33] 	at utils.communication.SocketServerInterface$1.run(SocketServerInterface.java:70)?[0m
[?[31m14:23:16.465 COMMUNICATION (CRITICAL) on Thread-33 utils.communication.SocketServerInterface$1.run(SocketServerInterface.java:86)] Socket error: Socket is closed?[0m
[?[31m14:23:16.466 STDERR (CRITICAL) on Test worker] ?[0m
[?[31m14:23:16.475 STDERR (CRITICAL) on Test worker] Unknown key : RECALAGE_ACC, also tried recalageAcc?[0m
[?[31m14:23:16.475 STDERR (CRITICAL) on Test worker] Unknown key : SECOURS, also tried secours?[0m
[?[31m14:23:16.475 STDERR (CRITICAL) on Test worker] Unknown key : RECALAGE_MECA_ACC, also tried recalageMecaAcc?[0m
[?[31m14:23:16.475 STDERR (CRITICAL) on Test worker] Unknown key : MILIEU_ECUEIL_PRIVE_XBLEU, also tried milieuEcueilPriveXbleu?[0m
[?[31m14:23:16.659 STDERR (CRITICAL) on Thread-35] java.net.SocketException: Socket closed?[0m
[?[31m14:23:16.660 STDERR (CRITICAL) on Thread-35] 	at java.base/sun.nio.ch.NioSocketImpl.endAccept(NioSocketImpl.java:689)?[0m
[?[31m14:23:16.660 STDERR (CRITICAL) on Thread-35] 	at java.base/sun.nio.ch.NioSocketImpl.accept(NioSocketImpl.java:762)?[0m
[?[31m14:23:16.660 STDERR (CRITICAL) on Thread-35] 	at java.base/java.net.ServerSocket.implAccept(ServerSocket.java:684)?[0m
[?[31m14:23:16.660 STDERR (CRITICAL) on Test worker] 	at java.base/java.net.ServerSocket.implAccept(ServerSocket.java:684)?[0m
[?[31m14:23:16.660 STDERR (CRITICAL) on Thread-35] 	at java.base/java.net.ServerSocket.platformImplAccept(ServerSocket.java:650)?[0m
[?[31m14:23:16.660 STDERR (CRITICAL) on Thread-35] 	at java.base/java.net.ServerSocket.implAccept(ServerSocket.java:626)?[0m
[?[31m14:23:16.660 STDERR (CRITICAL) on Thread-35] 	at java.base/java.net.ServerSocket.implAccept(ServerSocket.java:583)?[0m
[?[31m14:23:16.660 STDERR (CRITICAL) on Thread-35] 	at java.base/java.net.ServerSocket.accept(ServerSocket.java:540)?[0m
[?[31m14:23:16.660 STDERR (CRITICAL) on Test worker] 	at java.base/java.net.ServerSocket.accept(ServerSocket.java:540)?[0m
]]></system-err>
</testsuite>
