<?xml version="1.0" encoding="UTF-8"?>
<testsuite name="embedded.Test_AIModule" tests="1" skipped="0" failures="0" errors="0" timestamp="2021-07-08T16:55:33" hostname="ubuntu" time="3.329">
  <properties/>
  <testcase name="init" classname="embedded.Test_AIModule" time="3.329"/>
  <system-out><![CDATA[[?[34m16:55:33.710 STDOUT (DEBUG) on Test worker org.gradle.api.internal.tasks.testing.processors.CaptureTestOutputTestResultProcessor.started(CaptureTestOutputTestResultProcessor.java:51)] ?[0m
[?[34m16:55:33.784 DATA_HANDLER (DEBUG) on Test worker utils.HLInstance.module(HLInstance.java:271)] Initialisation du moduleClass Table?[0m
[?[34m16:55:33.789 DATA_HANDLER (DEBUG) on Test worker utils.HLInstance.module(HLInstance.java:285)] Mise à jour de la config du moduleClass Table après son initialisation.?[0m
[?[34m16:55:33.804 STDOUT (DEBUG) on Test worker pfg.config.Config.loadInto(Config.java:274)] Set private boolean data.Table.symetry to false?[0m
[?[34m16:55:33.821 STDOUT (DEBUG) on Test worker pfg.config.Config.loadInto(Config.java:274)] Set private int data.Table.length to 3000?[0m
[?[34m16:55:33.840 STDOUT (DEBUG) on Test worker pfg.config.Config.loadInto(Config.java:274)] Set private int data.Table.height to 2000?[0m
[?[34m16:55:33.842 STDOUT (DEBUG) on Test worker pfg.config.Config.loadInto(Config.java:274)] Set private int data.Table.robotRay to 190?[0m
[?[34m16:55:33.844 STDOUT (DEBUG) on Test worker pfg.config.Config.loadInto(Config.java:274)] Set private int data.Table.buddyRay to 70?[0m
[?[34m16:55:33.846 STDOUT (DEBUG) on Test worker pfg.config.Config.loadInto(Config.java:274)] Set private int data.Table.ennemyRay to 150?[0m
[?[34m16:55:33.848 STDOUT (DEBUG) on Test worker pfg.config.Config.loadInto(Config.java:274)] Set private int data.Table.compareThreshold to 5?[0m
[?[34m16:55:33.853 STDOUT (DEBUG) on Test worker pfg.config.Config.loadInto(Config.java:274)] Set private boolean data.Table.openTheGate to false?[0m
[?[34m16:55:33.855 DATA_HANDLER (DEBUG) on Test worker utils.HLInstance.module(HLInstance.java:297)] Module Table prêt?[0m
[?[34m16:55:33.858 DATA_HANDLER (DEBUG) on Test worker utils.HLInstance.module(HLInstance.java:271)] Initialisation du moduleClass Graphe?[0m
[?[34m16:55:33.889 DATA_HANDLER (DEBUG) on Test worker utils.HLInstance.module(HLInstance.java:285)] Mise à jour de la config du moduleClass Graphe après son initialisation.?[0m
[?[34m16:55:33.900 STDOUT (DEBUG) on Test worker pfg.config.Config.loadInto(Config.java:274)] Set private int data.Graphe.nodeCircleNbr to 14?[0m
[?[34m16:55:33.904 STDOUT (DEBUG) on Test worker pfg.config.Config.loadInto(Config.java:274)] Set private double data.Graphe.spaceCircleParameter to 1.2?[0m
[?[34m16:55:33.924 STDOUT (DEBUG) on Test worker pfg.config.Config.loadInto(Config.java:274)] Set private int data.Graphe.nodeXNbr to 30?[0m
[?[34m16:55:33.940 STDOUT (DEBUG) on Test worker pfg.config.Config.loadInto(Config.java:274)] Set private int data.Graphe.nodeYNbr to 20?[0m
[?[34m16:55:33.942 STDOUT (DEBUG) on Test worker pfg.config.Config.loadInto(Config.java:274)] Set private int data.Graphe.partitioningX to 25?[0m
[?[34m16:55:33.948 STDOUT (DEBUG) on Test worker pfg.config.Config.loadInto(Config.java:274)] Set private int data.Graphe.partitioningY to 25?[0m
[?[34m16:55:35.675 DATA_HANDLER (DEBUG) on Test worker utils.HLInstance.module(HLInstance.java:297)] Module Graphe prêt?[0m
[?[34m16:55:35.687 DATA_HANDLER (DEBUG) on Test worker utils.HLInstance.module(HLInstance.java:271)] Initialisation du moduleClass Pathfinder?[0m
[?[34m16:55:35.691 DATA_HANDLER (DEBUG) on Test worker utils.HLInstance.module(HLInstance.java:285)] Mise à jour de la config du moduleClass Pathfinder après son initialisation.?[0m
[?[34m16:55:35.692 DATA_HANDLER (DEBUG) on Test worker utils.HLInstance.module(HLInstance.java:297)] Module Pathfinder prêt?[0m
[?[34m16:55:35.698 DATA_HANDLER (DEBUG) on Test worker utils.HLInstance.module(HLInstance.java:271)] Initialisation du moduleClass OrderWrapper?[0m
[?[34m16:55:35.699 DATA_HANDLER (DEBUG) on Test worker utils.HLInstance.module(HLInstance.java:285)] Mise à jour de la config du moduleClass OrderWrapper après son initialisation.?[0m
[?[34m16:55:35.703 STDOUT (DEBUG) on Test worker pfg.config.Config.loadInto(Config.java:274)] Set private boolean orders.OrderWrapper.symetry to false?[0m
[?[34m16:55:35.706 STDOUT (DEBUG) on Test worker pfg.config.Config.loadInto(Config.java:274)] Set private boolean orders.OrderWrapper.simulation to false?[0m
[?[34m16:55:35.707 STDOUT (DEBUG) on Test worker pfg.config.Config.loadInto(Config.java:274)] Set private boolean orders.OrderWrapper.usingBaliseImage to false?[0m
[?[34m16:55:35.713 DATA_HANDLER (DEBUG) on Test worker utils.HLInstance.module(HLInstance.java:297)] Module OrderWrapper prêt?[0m
[?[34m16:55:35.714 DATA_HANDLER (DEBUG) on Test worker utils.HLInstance.module(HLInstance.java:271)] Initialisation du moduleClass PathFollower?[0m
[?[34m16:55:35.716 DATA_HANDLER (DEBUG) on Test worker utils.HLInstance.module(HLInstance.java:285)] Mise à jour de la config du moduleClass PathFollower après son initialisation.?[0m
[?[34m16:55:35.718 STDOUT (DEBUG) on Test worker pfg.config.Config.loadInto(Config.java:274)] Set private long locomotion.PathFollower.locomotionLoopDelay to 20?[0m
[?[34m16:55:35.720 STDOUT (DEBUG) on Test worker pfg.config.Config.loadInto(Config.java:274)] Set private int locomotion.PathFollower.locomotionDistanceCheck to 200?[0m
[?[34m16:55:35.722 STDOUT (DEBUG) on Test worker pfg.config.Config.loadInto(Config.java:274)] Set private int locomotion.PathFollower.locomotionRadiusCheck to 200?[0m
[?[34m16:55:35.724 STDOUT (DEBUG) on Test worker pfg.config.Config.loadInto(Config.java:274)] Set private long locomotion.PathFollower.locomotionObstructedTimeout to 2000?[0m
[?[34m16:55:35.726 STDOUT (DEBUG) on Test worker pfg.config.Config.loadInto(Config.java:274)] Set private boolean locomotion.PathFollower.simulation to false?[0m
[?[34m16:55:35.734 DATA_HANDLER (DEBUG) on Test worker utils.HLInstance.module(HLInstance.java:297)] Module PathFollower prêt?[0m
[?[34m16:55:35.735 DATA_HANDLER (DEBUG) on Test worker utils.HLInstance.module(HLInstance.java:271)] Initialisation du moduleClass Locomotion?[0m
[?[34m16:55:35.739 DATA_HANDLER (DEBUG) on Test worker utils.HLInstance.module(HLInstance.java:285)] Mise à jour de la config du moduleClass Locomotion après son initialisation.?[0m
[?[34m16:55:35.741 STDOUT (DEBUG) on Test worker pfg.config.Config.loadInto(Config.java:274)] Set private int locomotion.Locomotion.vectorComparisonThreshold to 5?[0m
[?[34m16:55:35.743 STDOUT (DEBUG) on Test worker pfg.config.Config.loadInto(Config.java:274)] Set private long locomotion.Locomotion.locomotionObstructedTimeout to 2000?[0m
[?[34m16:55:35.744 DATA_HANDLER (DEBUG) on Test worker utils.HLInstance.module(HLInstance.java:297)] Module Locomotion prêt?[0m
[?[34m16:55:35.744 DATA_HANDLER (DEBUG) on Test worker utils.HLInstance.module(HLInstance.java:271)] Initialisation du moduleClass AIModule?[0m
[?[34m16:55:35.749 DATA_HANDLER (DEBUG) on Test worker utils.HLInstance.module(HLInstance.java:285)] Mise à jour de la config du moduleClass AIModule après son initialisation.?[0m
[?[34m16:55:35.750 STDOUT (DEBUG) on Test worker pfg.config.Config.loadInto(Config.java:274)] Set private int data.Graphe.nodeCircleNbr to 14?[0m
[?[34m16:55:35.752 STDOUT (DEBUG) on Test worker pfg.config.Config.loadInto(Config.java:274)] Set private double data.Graphe.spaceCircleParameter to 1.2?[0m
[?[34m16:55:35.753 STDOUT (DEBUG) on Test worker pfg.config.Config.loadInto(Config.java:274)] Set private int data.Graphe.nodeXNbr to 30?[0m
[?[34m16:55:35.754 STDOUT (DEBUG) on Test worker pfg.config.Config.loadInto(Config.java:274)] Set private int data.Graphe.nodeYNbr to 20?[0m
[?[34m16:55:35.755 STDOUT (DEBUG) on Test worker pfg.config.Config.loadInto(Config.java:274)] Set private int data.Graphe.partitioningX to 25?[0m
[?[34m16:55:35.757 STDOUT (DEBUG) on Test worker pfg.config.Config.loadInto(Config.java:274)] Set private int data.Graphe.partitioningY to 25?[0m
[?[34m16:55:35.758 DATA_HANDLER (DEBUG) on Test worker utils.HLInstance.module(HLInstance.java:297)] Module AIModule prêt?[0m
[?[34m16:55:35.764 AI (DEBUG) on AIModule ai.AIModule.run(AIModule.java:69)] Starting AI service?[0m
[?[34m16:55:37.036 STDOUT (DEBUG) on Test worker org.gradle.api.internal.tasks.testing.processors.CaptureTestOutputTestResultProcessor.completed(CaptureTestOutputTestResultProcessor.java:80)] ?[0m
[?[34m16:55:37.049 STDOUT (DEBUG) on Test worker org.gradle.api.internal.tasks.testing.processors.CaptureTestOutputTestResultProcessor.completed(CaptureTestOutputTestResultProcessor.java:80)] ?[0m
]]></system-out>
  <system-err><![CDATA[[?[31m16:55:33.717 STDERR (CRITICAL) on Test worker] ?[0m
[?[31m16:55:35.767 AI (CRITICAL) on AIModule ai.goap.Agent.updateIdleState(Agent.java:113)] Tentative de planification alors qu'il n'y a pas de but donné!?[0m
[?[31m16:55:35.969 AI (CRITICAL) on AIModule ai.goap.Agent.updateIdleState(Agent.java:113)] Tentative de planification alors qu'il n'y a pas de but donné!?[0m
[?[31m16:55:36.171 AI (CRITICAL) on AIModule ai.goap.Agent.updateIdleState(Agent.java:113)] Tentative de planification alors qu'il n'y a pas de but donné!?[0m
[?[31m16:55:36.372 AI (CRITICAL) on AIModule ai.goap.Agent.updateIdleState(Agent.java:113)] Tentative de planification alors qu'il n'y a pas de but donné!?[0m
[?[31m16:55:36.573 AI (CRITICAL) on AIModule ai.goap.Agent.updateIdleState(Agent.java:113)] Tentative de planification alors qu'il n'y a pas de but donné!?[0m
[?[31m16:55:37.036 STDERR (CRITICAL) on AIModule] java.lang.InterruptedException: sleep interrupted?[0m
[?[31m16:55:37.040 STDERR (CRITICAL) on AIModule] 	at java.base/java.lang.Thread.sleep(Native Method)?[0m
[?[31m16:55:37.042 STDERR (CRITICAL) on Test worker] 	at java.base/java.lang.Thread.sleep(Native Method)?[0m
[?[31m16:55:37.047 STDERR (CRITICAL) on AIModule] 	at ai.AIModule.run(AIModule.java:74)?[0m
[?[31m16:55:37.051 AI (CRITICAL) on AIModule ai.goap.Agent.updateIdleState(Agent.java:113)] Tentative de planification alors qu'il n'y a pas de but donné!?[0m
[?[31m16:55:37.054 STDERR (CRITICAL) on Test worker] ?[0m
]]></system-err>
</testsuite>
