<?xml version="1.0" encoding="UTF-8"?>
<testsuite name="embedded.Test_AIModule" tests="1" skipped="0" failures="0" errors="0" timestamp="2021-06-09T12:23:17" hostname="tsimafei-ZenBook-14-UX410UFR" time="1.174">
  <properties/>
  <testcase name="init" classname="embedded.Test_AIModule" time="1.174"/>
  <system-out><![CDATA[[?[34m14:23:17.695 STDOUT (DEBUG) on Test worker org.gradle.api.internal.tasks.testing.processors.CaptureTestOutputTestResultProcessor.started(CaptureTestOutputTestResultProcessor.java:51)] ?[0m
[?[34m14:23:17.697 DATA_HANDLER (DEBUG) on Test worker utils.HLInstance.module(HLInstance.java:271)] Initialisation du moduleClass Table?[0m
[?[34m14:23:17.698 DATA_HANDLER (DEBUG) on Test worker utils.HLInstance.module(HLInstance.java:285)] Mise à jour de la config du moduleClass Table après son initialisation.?[0m
[?[34m14:23:17.698 STDOUT (DEBUG) on Test worker pfg.config.Config.loadInto(Config.java:274)] Set private boolean data.Table.symetry to false?[0m
[?[34m14:23:17.698 STDOUT (DEBUG) on Test worker pfg.config.Config.loadInto(Config.java:274)] Set private int data.Table.length to 3000?[0m
[?[34m14:23:17.698 STDOUT (DEBUG) on Test worker pfg.config.Config.loadInto(Config.java:274)] Set private int data.Table.height to 2000?[0m
[?[34m14:23:17.699 STDOUT (DEBUG) on Test worker pfg.config.Config.loadInto(Config.java:274)] Set private int data.Table.robotRay to 190?[0m
[?[34m14:23:17.699 STDOUT (DEBUG) on Test worker pfg.config.Config.loadInto(Config.java:274)] Set private int data.Table.buddyRay to 70?[0m
[?[34m14:23:17.699 STDOUT (DEBUG) on Test worker pfg.config.Config.loadInto(Config.java:274)] Set private int data.Table.ennemyRay to 150?[0m
[?[34m14:23:17.699 STDOUT (DEBUG) on Test worker pfg.config.Config.loadInto(Config.java:274)] Set private int data.Table.compareThreshold to 5?[0m
[?[34m14:23:17.699 STDOUT (DEBUG) on Test worker pfg.config.Config.loadInto(Config.java:274)] Set private boolean data.Table.openTheGate to false?[0m
[?[34m14:23:17.699 DATA_HANDLER (DEBUG) on Test worker utils.HLInstance.module(HLInstance.java:297)] Module Table prêt?[0m
[?[34m14:23:17.699 DATA_HANDLER (DEBUG) on Test worker utils.HLInstance.module(HLInstance.java:271)] Initialisation du moduleClass Graphe?[0m
[?[34m14:23:17.699 DATA_HANDLER (DEBUG) on Test worker utils.HLInstance.module(HLInstance.java:285)] Mise à jour de la config du moduleClass Graphe après son initialisation.?[0m
[?[34m14:23:17.700 STDOUT (DEBUG) on Test worker pfg.config.Config.loadInto(Config.java:274)] Set private int data.Graphe.nodeCircleNbr to 14?[0m
[?[34m14:23:17.700 STDOUT (DEBUG) on Test worker pfg.config.Config.loadInto(Config.java:274)] Set private double data.Graphe.spaceCircleParameter to 1.2?[0m
[?[34m14:23:17.700 STDOUT (DEBUG) on Test worker pfg.config.Config.loadInto(Config.java:274)] Set private int data.Graphe.nodeXNbr to 30?[0m
[?[34m14:23:17.700 STDOUT (DEBUG) on Test worker pfg.config.Config.loadInto(Config.java:274)] Set private int data.Graphe.nodeYNbr to 20?[0m
[?[34m14:23:17.700 STDOUT (DEBUG) on Test worker pfg.config.Config.loadInto(Config.java:274)] Set private int data.Graphe.partitioningX to 25?[0m
[?[34m14:23:17.700 STDOUT (DEBUG) on Test worker pfg.config.Config.loadInto(Config.java:274)] Set private int data.Graphe.partitioningY to 25?[0m
[?[34m14:23:17.818 DATA_HANDLER (DEBUG) on Test worker utils.HLInstance.module(HLInstance.java:297)] Module Graphe prêt?[0m
[?[34m14:23:17.818 DATA_HANDLER (DEBUG) on Test worker utils.HLInstance.module(HLInstance.java:271)] Initialisation du moduleClass Pathfinder?[0m
[?[34m14:23:17.819 DATA_HANDLER (DEBUG) on Test worker utils.HLInstance.module(HLInstance.java:285)] Mise à jour de la config du moduleClass Pathfinder après son initialisation.?[0m
[?[34m14:23:17.819 DATA_HANDLER (DEBUG) on Test worker utils.HLInstance.module(HLInstance.java:297)] Module Pathfinder prêt?[0m
[?[34m14:23:17.819 DATA_HANDLER (DEBUG) on Test worker utils.HLInstance.module(HLInstance.java:271)] Initialisation du moduleClass OrderWrapper?[0m
[?[34m14:23:17.820 DATA_HANDLER (DEBUG) on Test worker utils.HLInstance.module(HLInstance.java:285)] Mise à jour de la config du moduleClass OrderWrapper après son initialisation.?[0m
[?[34m14:23:17.820 STDOUT (DEBUG) on Test worker pfg.config.Config.loadInto(Config.java:274)] Set private boolean orders.OrderWrapper.symetry to false?[0m
[?[34m14:23:17.820 STDOUT (DEBUG) on Test worker pfg.config.Config.loadInto(Config.java:274)] Set private boolean orders.OrderWrapper.simulation to false?[0m
[?[34m14:23:17.820 STDOUT (DEBUG) on Test worker pfg.config.Config.loadInto(Config.java:274)] Set private boolean orders.OrderWrapper.usingBaliseImage to false?[0m
[?[34m14:23:17.820 DATA_HANDLER (DEBUG) on Test worker utils.HLInstance.module(HLInstance.java:297)] Module OrderWrapper prêt?[0m
[?[34m14:23:17.820 DATA_HANDLER (DEBUG) on Test worker utils.HLInstance.module(HLInstance.java:271)] Initialisation du moduleClass PathFollower?[0m
[?[34m14:23:17.821 DATA_HANDLER (DEBUG) on Test worker utils.HLInstance.module(HLInstance.java:285)] Mise à jour de la config du moduleClass PathFollower après son initialisation.?[0m
[?[34m14:23:17.821 STDOUT (DEBUG) on Test worker pfg.config.Config.loadInto(Config.java:274)] Set private long locomotion.PathFollower.locomotionLoopDelay to 20?[0m
[?[34m14:23:17.821 STDOUT (DEBUG) on Test worker pfg.config.Config.loadInto(Config.java:274)] Set private int locomotion.PathFollower.locomotionDistanceCheck to 200?[0m
[?[34m14:23:17.822 STDOUT (DEBUG) on Test worker pfg.config.Config.loadInto(Config.java:274)] Set private int locomotion.PathFollower.locomotionRadiusCheck to 200?[0m
[?[34m14:23:17.822 STDOUT (DEBUG) on Test worker pfg.config.Config.loadInto(Config.java:274)] Set private long locomotion.PathFollower.locomotionObstructedTimeout to 2000?[0m
[?[34m14:23:17.822 STDOUT (DEBUG) on Test worker pfg.config.Config.loadInto(Config.java:274)] Set private boolean locomotion.PathFollower.simulation to false?[0m
[?[34m14:23:17.823 DATA_HANDLER (DEBUG) on Test worker utils.HLInstance.module(HLInstance.java:297)] Module PathFollower prêt?[0m
[?[34m14:23:17.824 DATA_HANDLER (DEBUG) on Test worker utils.HLInstance.module(HLInstance.java:271)] Initialisation du moduleClass Locomotion?[0m
[?[34m14:23:17.824 DATA_HANDLER (DEBUG) on Test worker utils.HLInstance.module(HLInstance.java:285)] Mise à jour de la config du moduleClass Locomotion après son initialisation.?[0m
[?[34m14:23:17.824 STDOUT (DEBUG) on Test worker pfg.config.Config.loadInto(Config.java:274)] Set private int locomotion.Locomotion.vectorComparisonThreshold to 5?[0m
[?[34m14:23:17.824 STDOUT (DEBUG) on Test worker pfg.config.Config.loadInto(Config.java:274)] Set private long locomotion.Locomotion.locomotionObstructedTimeout to 2000?[0m
[?[34m14:23:17.825 DATA_HANDLER (DEBUG) on Test worker utils.HLInstance.module(HLInstance.java:297)] Module Locomotion prêt?[0m
[?[34m14:23:17.825 DATA_HANDLER (DEBUG) on Test worker utils.HLInstance.module(HLInstance.java:271)] Initialisation du moduleClass AIModule?[0m
[?[34m14:23:17.826 DATA_HANDLER (DEBUG) on Test worker utils.HLInstance.module(HLInstance.java:285)] Mise à jour de la config du moduleClass AIModule après son initialisation.?[0m
[?[34m14:23:17.826 STDOUT (DEBUG) on Test worker pfg.config.Config.loadInto(Config.java:274)] Set private int data.Graphe.nodeCircleNbr to 14?[0m
[?[34m14:23:17.826 STDOUT (DEBUG) on Test worker pfg.config.Config.loadInto(Config.java:274)] Set private double data.Graphe.spaceCircleParameter to 1.2?[0m
[?[34m14:23:17.826 STDOUT (DEBUG) on Test worker pfg.config.Config.loadInto(Config.java:274)] Set private int data.Graphe.nodeXNbr to 30?[0m
[?[34m14:23:17.827 STDOUT (DEBUG) on Test worker pfg.config.Config.loadInto(Config.java:274)] Set private int data.Graphe.nodeYNbr to 20?[0m
[?[34m14:23:17.827 STDOUT (DEBUG) on Test worker pfg.config.Config.loadInto(Config.java:274)] Set private int data.Graphe.partitioningX to 25?[0m
[?[34m14:23:17.827 STDOUT (DEBUG) on Test worker pfg.config.Config.loadInto(Config.java:274)] Set private int data.Graphe.partitioningY to 25?[0m
[?[34m14:23:17.827 DATA_HANDLER (DEBUG) on Test worker utils.HLInstance.module(HLInstance.java:297)] Module AIModule prêt?[0m
[?[34m14:23:17.827 AI (DEBUG) on AIModule ai.AIModule.run(AIModule.java:69)] Starting AI service?[0m
[?[34m14:23:18.869 STDOUT (DEBUG) on Test worker org.gradle.api.internal.tasks.testing.processors.CaptureTestOutputTestResultProcessor.completed(CaptureTestOutputTestResultProcessor.java:80)] ?[0m
[?[34m14:23:18.870 STDOUT (DEBUG) on Test worker org.gradle.api.internal.tasks.testing.processors.CaptureTestOutputTestResultProcessor.completed(CaptureTestOutputTestResultProcessor.java:80)] ?[0m
]]></system-out>
  <system-err><![CDATA[[?[31m14:23:17.695 STDERR (CRITICAL) on Test worker] ?[0m
[?[31m14:23:17.828 AI (CRITICAL) on AIModule ai.goap.Agent.updateIdleState(Agent.java:113)] Tentative de planification alors qu'il n'y a pas de but donné!?[0m
[?[31m14:23:18.028 AI (CRITICAL) on AIModule ai.goap.Agent.updateIdleState(Agent.java:113)] Tentative de planification alors qu'il n'y a pas de but donné!?[0m
[?[31m14:23:18.228 AI (CRITICAL) on AIModule ai.goap.Agent.updateIdleState(Agent.java:113)] Tentative de planification alors qu'il n'y a pas de but donné!?[0m
[?[31m14:23:18.428 AI (CRITICAL) on AIModule ai.goap.Agent.updateIdleState(Agent.java:113)] Tentative de planification alors qu'il n'y a pas de but donné!?[0m
[?[31m14:23:18.628 AI (CRITICAL) on AIModule ai.goap.Agent.updateIdleState(Agent.java:113)] Tentative de planification alors qu'il n'y a pas de but donné!?[0m
[?[31m14:23:18.869 STDERR (CRITICAL) on AIModule] java.lang.InterruptedException: sleep interrupted?[0m
[?[31m14:23:18.869 STDERR (CRITICAL) on AIModule] 	at java.base/java.lang.Thread.sleep(Native Method)?[0m
[?[31m14:23:18.870 STDERR (CRITICAL) on AIModule] 	at ai.AIModule.run(AIModule.java:74)?[0m
[?[31m14:23:18.870 AI (CRITICAL) on AIModule ai.goap.Agent.updateIdleState(Agent.java:113)] Tentative de planification alors qu'il n'y a pas de but donné!?[0m
[?[31m14:23:18.870 STDERR (CRITICAL) on Test worker] ?[0m
[?[31m14:23:18.870 STDERR (CRITICAL) on Test worker] ?[0m
]]></system-err>
</testsuite>
