<?xml version="1.0" encoding="UTF-8"?>
<testsuite name="unitaires.TestTypeHierarchyModule" tests="1" skipped="0" failures="0" errors="0" timestamp="2021-07-08T16:55:30" hostname="ubuntu" time="0.418">
  <properties/>
  <testcase name="findModuleWithBaseClass" classname="unitaires.TestTypeHierarchyModule" time="0.418"/>
  <system-out><![CDATA[[?[34m16:55:30.699 STDOUT (DEBUG) on Test worker org.gradle.api.internal.tasks.testing.processors.CaptureTestOutputTestResultProcessor.started(CaptureTestOutputTestResultProcessor.java:51)] ?[0m
[?[34m16:55:30.702 STDOUT (DEBUG) on Finalizer utils.HLInstance.printMessage(HLInstance.java:357)] ?[0m
[?[34m16:55:30.708 STDOUT (DEBUG) on Finalizer utils.HLInstance.printMessage(HLInstance.java:357)] ------------------------- TOTORO'S END -------------------------?[0m
[?[34m16:55:30.729 STDOUT (DEBUG) on Test worker utils.HLInstance.printMessage(HLInstance.java:357)] ?[33m                   /*``.           `-:--.`?[0m
[?[34m16:55:30.735 STDOUT (DEBUG) on Test worker utils.HLInstance.printMessage(HLInstance.java:357)] ?[33m                  `.-::::/.        .:::::::y?[0m
[?[34m16:55:30.763 STDOUT (DEBUG) on Test worker utils.HLInstance.printMessage(HLInstance.java:357)] ?[33m                 `::::::::o``````.-::::::/h-?[0m
[?[34m16:55:30.777 STDOUT (DEBUG) on Test worker utils.HLInstance.printMessage(HLInstance.java:357)] ?[33m                 `::::::::::::::::::::::/h.?[0m
[?[34m16:55:30.792 STDOUT (DEBUG) on Test worker utils.HLInstance.printMessage(HLInstance.java:357)] ?[33m                  -::::::://++++//::::::::.?[0m
[?[34m16:55:30.796 STDOUT (DEBUG) on Test worker utils.HLInstance.printMessage(HLInstance.java:357)] ?[33m               `-::::/oso+/:-....--://:::::-.``.---:`?[0m
[?[34m16:55:30.797 STDOUT (DEBUG) on Test worker utils.HLInstance.printMessage(HLInstance.java:357)] ?[33m      ````   .-:::/so/-      ``````  `.:::::::::::::+ ?[34m``````````````````````````````````````````````````````````````````````?[0m
[?[34m16:55:30.799 STDOUT (DEBUG) on Test worker utils.HLInstance.printMessage(HLInstance.java:357)] ?[33m    `-:::::--:::os+.?[34m   `/sssssss`   ./syyyyyys+/y+sssssssssssssssssssssssssssssssssssssssssssssssssssssssssssssssssssssy- `-:::://?[0m
[?[34m16:55:30.801 STDOUT (DEBUG) on Test worker utils.HLInstance.printMessage(HLInstance.java:357)] ?[33m   `-:::::::::+y/`?[34mS   .shhhhhdd:   `/hhhhhhhhhdo:/dddddddddddddddddhhhhhhhdddddddddddddddddddddddddddddddddddddddddddddo`.:////sy.?[0m
[?[34m16:55:30.802 STDOUT (DEBUG) on Test worker utils.HLInstance.printMessage(HLInstance.java:357)] ?[33m   ::::::::::so`?[34m     :yhhhhhmy`   .ohhhhhhhhhhd  `//oooooo+//////+hhhhhhdd+///////+++++++/////////////////+++++++/////-`-////+h+` `?[0m
[?[34m16:55:30.805 STDOUT (DEBUG) on Test worker utils.HLInstance.printMessage(HLInstance.java:357)] ?[33m  `://:::::y/ ?[34mU   `+hhhhhdm+    -yhhhhhdhhhhhm`  `oyyyyyhs     .shhhhhdh-  ``.-:::////:::-.       ``.-::::////::://  `://///o+:::::::-.?[0m
[?[34m16:55:30.807 STDOUT (DEBUG) on Test worker utils.HLInstance.printMessage(HLInstance.java:357)] ?[33m      `::::y/ ?[34m    .shhhhhdh-   `+hhhhhdd+shhhhd- -yhhhhhmo`    /yhhhhhms` .-://+ssso+++/////o   `.:://+ossoo+++o+oy- -/////+ssoo+//////h?[0m
[?[34m16:55:30.809 STDOUT (DEBUG) on Test worker utils.HLInstance.printMessage(HLInstance.java:357)] ?[33m      .:::/y ?[34mU   :yhhhhhms`   .shhhhhdy?[33m::?[34mhhhhhho+hhhhhdd:    `ohhhhhdd/ .:///oyo::-----////oy `-:///oyo:.`      `-``:////oy+-` `:////+h:?[0m
[?[34m16:55:30.811 STDOUT (DEBUG) on Test worker utils.HLInstance.printMessage(HLInstance.java:357)] ?[33m      -:::o: ?[34m  `+hhhhhdm/    :yhhhhddo?[33m:::?[34m+hhhhhhhhhhhms.    -yhhhhhdh. -////yo.`ooooooooooss``:////yo.            -/////yo`   .:////ys.?[0m
[?[34m16:55:30.823 STDOUT (DEBUG) on Test worker utils.HLInstance.printMessage(HLInstance.java:357)] ?[33m   ``.::::+-?[34m S .shhhhhdh-   `+hhhhhdd/?[33m::::?[34m/hhhhhhhhhdd/     /hhhhhhmo` `/////s```..----:+:..  -/////o``````..:.  `:////oh:   `-////+h/?[0m
[?[34m16:55:30.826 STDOUT (DEBUG) on Test worker utils.HLInstance.printMessage(HLInstance.java:357)] ?[33m`.-::::::::+ ?[34m:yhhhhhms`   .shhhhhmy?[33m:::::::?[34mhhhhhhhhdh.    `ohhhhhdd:    :++////:::///+oys`    `/++/////://++yo` .:////ys`   .:////ys.?[0m
[?[34m16:55:30.828 STDOUT (DEBUG) on Test worker utils.HLInstance.printMessage(HLInstance.java:357)] ?[33m-::::::::::/-?[34m/oooooo/     -sssyyyo?[33m:+o/++//?[34mhyssssss+`     .sssssss.      `-/++oooo++//:.        .:/+oooo++/:-   /ooooo:     :ooooo/?[0m
[?[34m16:55:30.845 STDOUT (DEBUG) on Test worker utils.HLInstance.printMessage(HLInstance.java:357)] ?[33m.:::::/o:::::-`               `.--:::os+```.---?[0m
[?[34m16:55:30.847 STDOUT (DEBUG) on Test worker utils.HLInstance.printMessage(HLInstance.java:357)] ?[33m :+ooo/.`::::::-..`````````.--::::+ss:`?[0m
[?[34m16:55:30.850 STDOUT (DEBUG) on Test worker utils.HLInstance.printMessage(HLInstance.java:357)] ?[33m  ``     `-/::::::::::::::::::::::s.?[0m
[?[34m16:55:30.854 STDOUT (DEBUG) on Test worker utils.HLInstance.printMessage(HLInstance.java:357)] ?[33m          `:::::::::::://+::::::::o-?[0m
[?[34m16:55:30.856 STDOUT (DEBUG) on Test worker utils.HLInstance.printMessage(HLInstance.java:357)] ?[33m         `:::::::/h////::.-:::::::y-?[0m
[?[34m16:55:30.857 STDOUT (DEBUG) on Test worker utils.HLInstance.printMessage(HLInstance.java:357)] ?[33m         :::::::ss`        -:/+sso:?[0m
[?[34m16:55:30.865 STDOUT (DEBUG) on Test worker utils.HLInstance.printMessage(HLInstance.java:357)] ?[33m         .:/++sy:          `//*/?[0m
[?[34m16:55:30.867 STDOUT (DEBUG) on Test worker utils.HLInstance.printMessage(HLInstance.java:357)] ______________________________________________________________________________________________________________________________________________?[0m
[?[34m16:55:30.869 STDOUT (DEBUG) on Test worker utils.Log.init(Log.java:292)] ?[32mDémarrage du service de log?[0m
[?[34m16:55:30.876 STDOUT (DEBUG) on Test worker utils.Log.init(Log.java:293)] ?[0m?[0m
Initialisation du compteur...
[?[34m16:55:30.894 STDOUT (DEBUG) on Test worker utils.Log.attemptInitLogOutput(Log.java:413)] Création du fichier de log './../logs/Thu Jul 08 16:55:30 UTC 2021 #43 - everything.log' à '/home/ubuntu/TechTheTiller-HighLevel/logs/Thu Jul 08 16:55:30 UTC 2021 #43 - everything.log'?[0m
[?[34m16:55:30.897 STDOUT (DEBUG) on Test worker utils.Log.attemptInitLogOutput(Log.java:417)] Réussite de la création du fichier de log './../logs/Thu Jul 08 16:55:30 UTC 2021 #43 - everything.log?[0m
[?[34m16:55:30.902 STDOUT (DEBUG) on Test worker utils.Log.attemptInitLogOutput(Log.java:421)] Ouverture du fichier de log './../logs/Thu Jul 08 16:55:30 UTC 2021 #43 - everything.log'?[0m
[?[34m16:55:30.908 STDOUT (DEBUG) on Test worker utils.Log.attemptInitLogOutput(Log.java:413)] Création du fichier de log './../logs/Thu Jul 08 16:55:30 UTC 2021 #43.log' à '/home/ubuntu/TechTheTiller-HighLevel/logs/Thu Jul 08 16:55:30 UTC 2021 #43.log'?[0m
[?[34m16:55:30.914 STDOUT (DEBUG) on Test worker utils.Log.attemptInitLogOutput(Log.java:417)] Réussite de la création du fichier de log './../logs/Thu Jul 08 16:55:30 UTC 2021 #43.log?[0m
[?[34m16:55:30.917 STDOUT (DEBUG) on Test worker utils.Log.attemptInitLogOutput(Log.java:421)] Ouverture du fichier de log './../logs/Thu Jul 08 16:55:30 UTC 2021 #43.log'?[0m
[?[34m16:55:30.921 STDOUT (DEBUG) on Test worker utils.Log.attemptInitLogOutput(Log.java:413)] Création du fichier de log './../logs/Thu Jul 08 16:55:30 UTC 2021 #43 - errors.log' à '/home/ubuntu/TechTheTiller-HighLevel/logs/Thu Jul 08 16:55:30 UTC 2021 #43 - errors.log'?[0m
[?[34m16:55:30.925 STDOUT (DEBUG) on Test worker utils.Log.attemptInitLogOutput(Log.java:417)] Réussite de la création du fichier de log './../logs/Thu Jul 08 16:55:30 UTC 2021 #43 - errors.log?[0m
[?[34m16:55:30.936 STDOUT (DEBUG) on Test worker utils.Log.attemptInitLogOutput(Log.java:421)] Ouverture du fichier de log './../logs/Thu Jul 08 16:55:30 UTC 2021 #43 - errors.log'?[0m
[?[34m16:55:30.982 STDOUT (DEBUG) on Test worker utils.HLInstance.<init>(HLInstance.java:104)] Version : 07e922f on master - [tests]?[0m
[?[34m16:55:30.991 STDOUT (DEBUG) on Test worker utils.HLInstance.<init>(HLInstance.java:112)] System : Linux 5.4.0-1038-raspi aarch64?[0m
[?[34m16:55:31.004 STDOUT (DEBUG) on Test worker utils.HLInstance.<init>(HLInstance.java:114)] Java : Private Build 14.0.2, max memory : 0.5G, available processors : 4?[0m
[?[34m16:55:31.009 STDOUT (DEBUG) on Test worker utils.HLInstance.<init>(HLInstance.java:117)] ?[0m
[?[34m16:55:31.012 STDOUT (DEBUG) on Test worker utils.HLInstance.<init>(HLInstance.java:119)]    Remember, with great power comes great current squared times resistance !
?[0m
[?[34m16:55:31.020 STDOUT (DEBUG) on Test worker utils.HLInstance.<init>(HLInstance.java:122)] Chargement de la config...?[0m
[?[34m16:55:31.028 STDOUT (DEBUG) on Test worker pfg.config.Config.readConfigFile(Config.java:166)] Loading config file : /home/ubuntu/TechTheTiller-HighLevel/T3HL-common/../config/config.txt?[0m
[?[34m16:55:31.067 STDOUT (DEBUG) on Test worker pfg.config.Config.printChangedValues(Config.java:465)] Configuration diff :?[0m
[?[34m16:55:31.070 STDOUT (DEBUG) on Test worker pfg.config.Config.printChangedValues(Config.java:469)]   visualisation = false (default : true)?[0m
[?[34m16:55:31.074 STDOUT (DEBUG) on Test worker pfg.config.Config.printChangedValues(Config.java:469)]   usingBaliseImage = false (default : true)?[0m
[?[34m16:55:31.077 STDOUT (DEBUG) on Test worker pfg.config.Config.printChangedValues(Config.java:469)]   usingPanel = false (default : true)?[0m
[?[34m16:55:31.081 STDOUT (DEBUG) on Test worker pfg.config.Config.printChangedValues(Config.java:469)]   connectToBuddy = false (default : true)?[0m
[?[34m16:55:31.084 STDOUT (DEBUG) on Test worker pfg.config.Config.printChangedValues(Config.java:469)]   buddyRay = 70 (default : 150)?[0m
[?[34m16:55:31.087 STDOUT (DEBUG) on Test worker pfg.config.Config.printChangedValues(Config.java:469)]   ennemyRay = 150 (default : 220)?[0m
[?[34m16:55:31.091 STDOUT (DEBUG) on Test worker pfg.config.Config.printChangedValues(Config.java:469)]   nbrNoeudsX = 30 (default : 45)?[0m
[?[34m16:55:31.094 STDOUT (DEBUG) on Test worker pfg.config.Config.printChangedValues(Config.java:469)]   nbrNoeudsY = 20 (default : 30)?[0m
[?[34m16:55:31.098 STDOUT (DEBUG) on Test worker pfg.config.Config.printChangedValues(Config.java:469)]   nbrNoeudsCircle = 14 (default : 12)?[0m
[?[34m16:55:31.104 DATA_HANDLER (DEBUG) on Test worker utils.HLInstance.module(HLInstance.java:271)] Initialisation du moduleClass MyModule?[0m
[?[34m16:55:31.109 DATA_HANDLER (DEBUG) on Test worker utils.HLInstance.module(HLInstance.java:285)] Mise à jour de la config du moduleClass MyModule après son initialisation.?[0m
[?[34m16:55:31.113 DATA_HANDLER (DEBUG) on Test worker utils.HLInstance.module(HLInstance.java:297)] Module MyModule prêt?[0m
[?[34m16:55:31.117 STDOUT (DEBUG) on Test worker org.gradle.api.internal.tasks.testing.processors.CaptureTestOutputTestResultProcessor.completed(CaptureTestOutputTestResultProcessor.java:80)] ?[0m
[?[34m16:55:31.129 STDOUT (DEBUG) on Test worker org.gradle.api.internal.tasks.testing.processors.CaptureTestOutputTestResultProcessor.completed(CaptureTestOutputTestResultProcessor.java:80)] ?[0m
]]></system-out>
  <system-err><![CDATA[[?[31m16:55:30.701 STDERR (CRITICAL) on Test worker] ?[0m
[?[31m16:55:31.038 STDERR (CRITICAL) on Test worker] Unknown key : RECALAGE_ACC, also tried recalageAcc?[0m
[?[31m16:55:31.047 STDERR (CRITICAL) on Test worker] Unknown key : SECOURS, also tried secours?[0m
[?[31m16:55:31.057 STDERR (CRITICAL) on Test worker] Unknown key : RECALAGE_MECA_ACC, also tried recalageMecaAcc?[0m
[?[31m16:55:31.063 STDERR (CRITICAL) on Test worker] Unknown key : MILIEU_ECUEIL_PRIVE_XBLEU, also tried milieuEcueilPriveXbleu?[0m
[?[31m16:55:31.121 STDERR (CRITICAL) on Test worker] ?[0m
[?[31m16:55:31.134 STDERR (CRITICAL) on Test worker] ?[0m
]]></system-err>
</testsuite>
