<?xml version="1.0" encoding="UTF-8"?>
<testsuite name="unitaires.Test_GOAP" tests="3" skipped="0" failures="0" errors="0" timestamp="2021-06-09T12:23:17" hostname="tsimafei-ZenBook-14-UX410UFR" time="0.054">
  <properties/>
  <testcase name="planning" classname="unitaires.Test_GOAP" time="0.028"/>
  <testcase name="finiteStateMachine" classname="unitaires.Test_GOAP" time="0.013"/>
  <testcase name="movingState" classname="unitaires.Test_GOAP" time="0.013"/>
  <system-out><![CDATA[[?[34m14:23:17.632 STDOUT (DEBUG) on Test worker org.gradle.api.internal.tasks.testing.processors.CaptureTestOutputTestResultProcessor.started(CaptureTestOutputTestResultProcessor.java:51)] ?[0m
[?[34m14:23:17.632 STDOUT (DEBUG) on Test worker utils.Log.init(Log.java:292)] ?[32mDémarrage du service de log?[0m
[?[34m14:23:17.632 STDOUT (DEBUG) on Test worker utils.Log.init(Log.java:293)] ?[0m?[0m
Initialisation du compteur...
[?[34m14:23:17.633 STDOUT (DEBUG) on Test worker utils.Log.attemptInitLogOutput(Log.java:413)] Création du fichier de log './../logs/Wed Jun 09 14:23:17 CEST 2021 #260 - everything.log' à '/home/tsimafei/TechTheTiller-HighLevel/logs/Wed Jun 09 14:23:17 CEST 2021 #260 - everything.log'?[0m
[?[34m14:23:17.633 STDOUT (DEBUG) on Test worker utils.Log.attemptInitLogOutput(Log.java:417)] Réussite de la création du fichier de log './../logs/Wed Jun 09 14:23:17 CEST 2021 #260 - everything.log?[0m
[?[34m14:23:17.633 STDOUT (DEBUG) on Test worker utils.Log.attemptInitLogOutput(Log.java:421)] Ouverture du fichier de log './../logs/Wed Jun 09 14:23:17 CEST 2021 #260 - everything.log'?[0m
[?[34m14:23:17.633 STDOUT (DEBUG) on Test worker utils.Log.attemptInitLogOutput(Log.java:413)] Création du fichier de log './../logs/Wed Jun 09 14:23:17 CEST 2021 #260.log' à '/home/tsimafei/TechTheTiller-HighLevel/logs/Wed Jun 09 14:23:17 CEST 2021 #260.log'?[0m
[?[34m14:23:17.633 STDOUT (DEBUG) on Test worker utils.Log.attemptInitLogOutput(Log.java:417)] Réussite de la création du fichier de log './../logs/Wed Jun 09 14:23:17 CEST 2021 #260.log?[0m
[?[34m14:23:17.634 STDOUT (DEBUG) on Test worker utils.Log.attemptInitLogOutput(Log.java:421)] Ouverture du fichier de log './../logs/Wed Jun 09 14:23:17 CEST 2021 #260.log'?[0m
[?[34m14:23:17.634 STDOUT (DEBUG) on Test worker utils.Log.attemptInitLogOutput(Log.java:413)] Création du fichier de log './../logs/Wed Jun 09 14:23:17 CEST 2021 #260 - errors.log' à '/home/tsimafei/TechTheTiller-HighLevel/logs/Wed Jun 09 14:23:17 CEST 2021 #260 - errors.log'?[0m
[?[34m14:23:17.634 STDOUT (DEBUG) on Test worker utils.Log.attemptInitLogOutput(Log.java:417)] Réussite de la création du fichier de log './../logs/Wed Jun 09 14:23:17 CEST 2021 #260 - errors.log?[0m
[?[34m14:23:17.634 STDOUT (DEBUG) on Test worker utils.Log.attemptInitLogOutput(Log.java:421)] Ouverture du fichier de log './../logs/Wed Jun 09 14:23:17 CEST 2021 #260 - errors.log'?[0m
[?[34m14:23:17.636 AI (DEBUG) on Test worker ai.goap.ActionGraph.plan(ActionGraph.java:169)] Début de la planification?[0m
[?[34m14:23:17.643 AI (DEBUG) on ForkJoinPool-1-worker-7 ai.goap.GoapPathfinder.findPath(GoapPathfinder.java:51)] > Testing getAxe?[0m
[?[34m14:23:17.643 AI (DEBUG) on ForkJoinPool-1-worker-5 ai.goap.GoapPathfinder.findPath(GoapPathfinder.java:51)] > Testing chopLog?[0m
[?[34m14:23:17.645 AI (DEBUG) on ForkJoinPool-1-worker-3 ai.goap.GoapPathfinder.findPath(GoapPathfinder.java:51)] > Testing collectBranches?[0m
[?[34m14:23:17.646 AI (DEBUG) on ForkJoinPool-1-worker-5 ai.goap.Action.arePreconditionsMet(Action.java:48)] failed to meet precondition: axe in inventory?[0m
[?[34m14:23:17.651 AI (DEBUG) on ForkJoinPool-1-worker-7 ai.goap.GoapPathfinder.findPath(GoapPathfinder.java:82)] > 4 for getAxe usableNodes = chopLog, collectBranches, getAxe?[0m
[?[34m14:23:17.651 AI (DEBUG) on ForkJoinPool-1-worker-5 ai.goap.GoapPathfinder.findPath(GoapPathfinder.java:82)] > 4 for chopLog usableNodes = chopLog, collectBranches, getAxe?[0m
[?[34m14:23:17.651 AI (DEBUG) on ForkJoinPool-1-worker-3 ai.goap.GoapPathfinder.findPath(GoapPathfinder.java:82)] > 3 for collectBranches usableNodes = chopLog, collectBranches, getAxe?[0m
[?[34m14:23:17.652 AI (DEBUG) on ForkJoinPool-1-worker-3 ai.goap.ActionGraph.lambda$buildPathToGoal$2(ActionGraph.java:233)] > Finished with collectBranches result is true?[0m
[?[34m14:23:17.652 AI (DEBUG) on ForkJoinPool-1-worker-7 ai.goap.ActionGraph.lambda$buildPathToGoal$2(ActionGraph.java:233)] > Finished with getAxe result is true?[0m
[?[34m14:23:17.652 AI (DEBUG) on ForkJoinPool-1-worker-5 ai.goap.ActionGraph.lambda$buildPathToGoal$2(ActionGraph.java:233)] > Finished with chopLog result is true?[0m
[?[34m14:23:17.652 AI (DEBUG) on ForkJoinPool-1-worker-3 ai.goap.ActionGraph.lambda$buildPathToGoal$2(ActionGraph.java:234)] > Set result true?[0m
[?[34m14:23:17.652 AI (DEBUG) on ForkJoinPool-1-worker-5 ai.goap.ActionGraph.lambda$buildPathToGoal$2(ActionGraph.java:234)] > Set result true?[0m
[?[34m14:23:17.652 AI (DEBUG) on ForkJoinPool-1-worker-7 ai.goap.ActionGraph.lambda$buildPathToGoal$2(ActionGraph.java:234)] > Set result true?[0m
[?[34m14:23:17.655 AI (DEBUG) on Test worker ai.goap.ActionGraph.plan(ActionGraph.java:185)] copyWithEffects: 110312 ns (0ms)?[0m
[?[34m14:23:17.655 AI (DEBUG) on Test worker ai.goap.ActionGraph.plan(ActionGraph.java:188)] checkPrecondsTimeProfiler: 2971477 ns (2ms)?[0m
[?[34m14:23:17.656 AI (DEBUG) on Test worker ai.goap.ActionGraph.plan(ActionGraph.java:191)] pathfinderProfiler: 0 ns (0ms)?[0m
[?[34m14:23:17.656 AI (DEBUG) on Test worker ai.goap.ActionGraph.plan(ActionGraph.java:194)] precondMet: 1343581 ns (1ms)?[0m
[?[34m14:23:17.659 STDOUT (DEBUG) on Test worker org.gradle.api.internal.tasks.testing.processors.CaptureTestOutputTestResultProcessor.completed(CaptureTestOutputTestResultProcessor.java:80)] ?[0m
[?[34m14:23:17.660 STDOUT (DEBUG) on Test worker org.gradle.api.internal.tasks.testing.processors.CaptureTestOutputTestResultProcessor.started(CaptureTestOutputTestResultProcessor.java:51)] ?[0m
[?[34m14:23:17.660 STDOUT (DEBUG) on Test worker utils.Log.init(Log.java:292)] ?[32mDémarrage du service de log?[0m
[?[34m14:23:17.661 STDOUT (DEBUG) on Test worker utils.Log.init(Log.java:293)] ?[0m?[0m
Initialisation du compteur...
[?[34m14:23:17.661 STDOUT (DEBUG) on Test worker utils.Log.attemptInitLogOutput(Log.java:413)] Création du fichier de log './../logs/Wed Jun 09 14:23:17 CEST 2021 #261 - everything.log' à '/home/tsimafei/TechTheTiller-HighLevel/logs/Wed Jun 09 14:23:17 CEST 2021 #261 - everything.log'?[0m
[?[34m14:23:17.661 STDOUT (DEBUG) on Test worker utils.Log.attemptInitLogOutput(Log.java:417)] Réussite de la création du fichier de log './../logs/Wed Jun 09 14:23:17 CEST 2021 #261 - everything.log?[0m
[?[34m14:23:17.661 STDOUT (DEBUG) on Test worker utils.Log.attemptInitLogOutput(Log.java:421)] Ouverture du fichier de log './../logs/Wed Jun 09 14:23:17 CEST 2021 #261 - everything.log'?[0m
[?[34m14:23:17.662 STDOUT (DEBUG) on Test worker utils.Log.attemptInitLogOutput(Log.java:413)] Création du fichier de log './../logs/Wed Jun 09 14:23:17 CEST 2021 #261.log' à '/home/tsimafei/TechTheTiller-HighLevel/logs/Wed Jun 09 14:23:17 CEST 2021 #261.log'?[0m
[?[34m14:23:17.662 STDOUT (DEBUG) on Test worker utils.Log.attemptInitLogOutput(Log.java:417)] Réussite de la création du fichier de log './../logs/Wed Jun 09 14:23:17 CEST 2021 #261.log?[0m
[?[34m14:23:17.662 STDOUT (DEBUG) on Test worker utils.Log.attemptInitLogOutput(Log.java:421)] Ouverture du fichier de log './../logs/Wed Jun 09 14:23:17 CEST 2021 #261.log'?[0m
[?[34m14:23:17.662 STDOUT (DEBUG) on Test worker utils.Log.attemptInitLogOutput(Log.java:413)] Création du fichier de log './../logs/Wed Jun 09 14:23:17 CEST 2021 #261 - errors.log' à '/home/tsimafei/TechTheTiller-HighLevel/logs/Wed Jun 09 14:23:17 CEST 2021 #261 - errors.log'?[0m
[?[34m14:23:17.662 STDOUT (DEBUG) on Test worker utils.Log.attemptInitLogOutput(Log.java:417)] Réussite de la création du fichier de log './../logs/Wed Jun 09 14:23:17 CEST 2021 #261 - errors.log?[0m
[?[34m14:23:17.663 STDOUT (DEBUG) on Test worker utils.Log.attemptInitLogOutput(Log.java:421)] Ouverture du fichier de log './../logs/Wed Jun 09 14:23:17 CEST 2021 #261 - errors.log'?[0m
[?[34m14:23:17.664 AI (DEBUG) on Test worker ai.goap.ActionGraph.plan(ActionGraph.java:169)] Début de la planification?[0m
[?[34m14:23:17.665 AI (DEBUG) on ForkJoinPool-2-worker-3 ai.goap.GoapPathfinder.findPath(GoapPathfinder.java:51)] > Testing chopLog?[0m
[?[34m14:23:17.665 AI (DEBUG) on ForkJoinPool-2-worker-5 ai.goap.GoapPathfinder.findPath(GoapPathfinder.java:51)] > Testing getAxe?[0m
[?[34m14:23:17.666 AI (DEBUG) on ForkJoinPool-2-worker-7 ai.goap.GoapPathfinder.findPath(GoapPathfinder.java:51)] > Testing collectBranches?[0m
[?[34m14:23:17.666 AI (DEBUG) on ForkJoinPool-2-worker-3 ai.goap.Action.arePreconditionsMet(Action.java:48)] failed to meet precondition: axe in inventory?[0m
[?[34m14:23:17.666 AI (DEBUG) on ForkJoinPool-2-worker-5 ai.goap.GoapPathfinder.findPath(GoapPathfinder.java:82)] > 1 for getAxe usableNodes = chopLog, collectBranches, getAxe?[0m
[?[34m14:23:17.666 AI (DEBUG) on ForkJoinPool-2-worker-3 ai.goap.GoapPathfinder.findPath(GoapPathfinder.java:82)] > 1 for chopLog usableNodes = chopLog, collectBranches, getAxe?[0m
[?[34m14:23:17.666 AI (DEBUG) on ForkJoinPool-2-worker-7 ai.goap.GoapPathfinder.findPath(GoapPathfinder.java:82)] > 1 for collectBranches usableNodes = chopLog, collectBranches, getAxe?[0m
[?[34m14:23:17.666 AI (DEBUG) on ForkJoinPool-2-worker-3 ai.goap.ActionGraph.lambda$buildPathToGoal$2(ActionGraph.java:233)] > Finished with chopLog result is true?[0m
[?[34m14:23:17.666 AI (DEBUG) on ForkJoinPool-2-worker-3 ai.goap.ActionGraph.lambda$buildPathToGoal$2(ActionGraph.java:234)] > Set result true?[0m
[?[34m14:23:17.666 AI (DEBUG) on ForkJoinPool-2-worker-5 ai.goap.ActionGraph.lambda$buildPathToGoal$2(ActionGraph.java:233)] > Finished with getAxe result is true?[0m
[?[34m14:23:17.666 AI (DEBUG) on ForkJoinPool-2-worker-5 ai.goap.ActionGraph.lambda$buildPathToGoal$2(ActionGraph.java:234)] > Set result true?[0m
[?[34m14:23:17.666 AI (DEBUG) on ForkJoinPool-2-worker-7 ai.goap.ActionGraph.lambda$buildPathToGoal$2(ActionGraph.java:233)] > Finished with collectBranches result is true?[0m
[?[34m14:23:17.666 AI (DEBUG) on ForkJoinPool-2-worker-7 ai.goap.ActionGraph.lambda$buildPathToGoal$2(ActionGraph.java:234)] > Set result true?[0m
[?[34m14:23:17.666 AI (DEBUG) on Test worker ai.goap.ActionGraph.plan(ActionGraph.java:185)] copyWithEffects: 81962 ns (0ms)?[0m
[?[34m14:23:17.667 AI (DEBUG) on Test worker ai.goap.ActionGraph.plan(ActionGraph.java:188)] checkPrecondsTimeProfiler: 344278 ns (0ms)?[0m
[?[34m14:23:17.667 AI (DEBUG) on Test worker ai.goap.ActionGraph.plan(ActionGraph.java:191)] pathfinderProfiler: 0 ns (0ms)?[0m
[?[34m14:23:17.667 AI (DEBUG) on Test worker ai.goap.ActionGraph.plan(ActionGraph.java:194)] precondMet: 332128 ns (0ms)?[0m
[?[34m14:23:17.669 AI (DEBUG) on Test worker ai.goap.Agent.updateIdleState(Agent.java:127)] Planning took 3ms (0.003s)?[0m
[?[34m14:23:17.669 AI (DEBUG) on Test worker ai.goap.Agent.updatePerformingState(Agent.java:178)] Potentially Performing getAxe?[0m
[?[34m14:23:17.669 AI (DEBUG) on Test worker ai.goap.Agent.updatePerformingState(Agent.java:186)] Fin de getAxe?[0m
[?[34m14:23:17.669 AI (DEBUG) on Test worker ai.goap.Agent.updatePerformingState(Agent.java:178)] Potentially Performing chopLog?[0m
[?[34m14:23:17.669 AI (DEBUG) on Test worker ai.goap.Agent.updatePerformingState(Agent.java:186)] Fin de chopLog?[0m
[?[34m14:23:17.670 AI (DEBUG) on Test worker ai.goap.ActionGraph.plan(ActionGraph.java:169)] Début de la planification?[0m
[?[34m14:23:17.670 AI (DEBUG) on ForkJoinPool-3-worker-3 ai.goap.ActionGraph.lambda$buildPathToGoal$2(ActionGraph.java:233)] > Finished with getAxe result is true?[0m
[?[34m14:23:17.670 AI (DEBUG) on ForkJoinPool-3-worker-3 ai.goap.ActionGraph.lambda$buildPathToGoal$2(ActionGraph.java:234)] > Set result true?[0m
[?[34m14:23:17.671 AI (DEBUG) on ForkJoinPool-3-worker-3 ai.goap.ActionGraph.lambda$buildPathToGoal$2(ActionGraph.java:233)] > Finished with chopLog result is true?[0m
[?[34m14:23:17.671 AI (DEBUG) on ForkJoinPool-3-worker-3 ai.goap.ActionGraph.lambda$buildPathToGoal$2(ActionGraph.java:234)] > Set result true?[0m
[?[34m14:23:17.671 AI (DEBUG) on ForkJoinPool-3-worker-3 ai.goap.ActionGraph.lambda$buildPathToGoal$2(ActionGraph.java:233)] > Finished with collectBranches result is true?[0m
[?[34m14:23:17.671 AI (DEBUG) on ForkJoinPool-3-worker-3 ai.goap.ActionGraph.lambda$buildPathToGoal$2(ActionGraph.java:234)] > Set result true?[0m
[?[34m14:23:17.672 AI (DEBUG) on Test worker ai.goap.ActionGraph.plan(ActionGraph.java:185)] copyWithEffects: 46080 ns (0ms)?[0m
[?[34m14:23:17.672 AI (DEBUG) on Test worker ai.goap.ActionGraph.plan(ActionGraph.java:188)] checkPrecondsTimeProfiler: 0 ns (0ms)?[0m
[?[34m14:23:17.672 AI (DEBUG) on Test worker ai.goap.ActionGraph.plan(ActionGraph.java:191)] pathfinderProfiler: 0 ns (0ms)?[0m
[?[34m14:23:17.672 AI (DEBUG) on Test worker ai.goap.ActionGraph.plan(ActionGraph.java:194)] precondMet: 0 ns (0ms)?[0m
[?[34m14:23:17.672 AI (DEBUG) on Test worker ai.goap.ActionGraph.plan(ActionGraph.java:200)] But déjà atteint!?[0m
[?[34m14:23:17.672 AI (DEBUG) on Test worker ai.goap.Agent.updateIdleState(Agent.java:127)] Planning took 2ms (0.002s)?[0m
[?[34m14:23:17.673 STDOUT (DEBUG) on Test worker org.gradle.api.internal.tasks.testing.processors.CaptureTestOutputTestResultProcessor.completed(CaptureTestOutputTestResultProcessor.java:80)] ?[0m
[?[34m14:23:17.673 STDOUT (DEBUG) on Test worker org.gradle.api.internal.tasks.testing.processors.CaptureTestOutputTestResultProcessor.started(CaptureTestOutputTestResultProcessor.java:51)] ?[0m
[?[34m14:23:17.673 STDOUT (DEBUG) on Test worker utils.Log.init(Log.java:292)] ?[32mDémarrage du service de log?[0m
[?[34m14:23:17.674 STDOUT (DEBUG) on Test worker utils.Log.init(Log.java:293)] ?[0m?[0m
Initialisation du compteur...
[?[34m14:23:17.674 STDOUT (DEBUG) on Test worker utils.Log.attemptInitLogOutput(Log.java:413)] Création du fichier de log './../logs/Wed Jun 09 14:23:17 CEST 2021 #262 - everything.log' à '/home/tsimafei/TechTheTiller-HighLevel/logs/Wed Jun 09 14:23:17 CEST 2021 #262 - everything.log'?[0m
[?[34m14:23:17.674 STDOUT (DEBUG) on Test worker utils.Log.attemptInitLogOutput(Log.java:417)] Réussite de la création du fichier de log './../logs/Wed Jun 09 14:23:17 CEST 2021 #262 - everything.log?[0m
[?[34m14:23:17.674 STDOUT (DEBUG) on Test worker utils.Log.attemptInitLogOutput(Log.java:421)] Ouverture du fichier de log './../logs/Wed Jun 09 14:23:17 CEST 2021 #262 - everything.log'?[0m
[?[34m14:23:17.675 STDOUT (DEBUG) on Test worker utils.Log.attemptInitLogOutput(Log.java:413)] Création du fichier de log './../logs/Wed Jun 09 14:23:17 CEST 2021 #262.log' à '/home/tsimafei/TechTheTiller-HighLevel/logs/Wed Jun 09 14:23:17 CEST 2021 #262.log'?[0m
[?[34m14:23:17.675 STDOUT (DEBUG) on Test worker utils.Log.attemptInitLogOutput(Log.java:417)] Réussite de la création du fichier de log './../logs/Wed Jun 09 14:23:17 CEST 2021 #262.log?[0m
[?[34m14:23:17.675 STDOUT (DEBUG) on Test worker utils.Log.attemptInitLogOutput(Log.java:421)] Ouverture du fichier de log './../logs/Wed Jun 09 14:23:17 CEST 2021 #262.log'?[0m
[?[34m14:23:17.675 STDOUT (DEBUG) on Test worker utils.Log.attemptInitLogOutput(Log.java:413)] Création du fichier de log './../logs/Wed Jun 09 14:23:17 CEST 2021 #262 - errors.log' à '/home/tsimafei/TechTheTiller-HighLevel/logs/Wed Jun 09 14:23:17 CEST 2021 #262 - errors.log'?[0m
[?[34m14:23:17.675 STDOUT (DEBUG) on Test worker utils.Log.attemptInitLogOutput(Log.java:417)] Réussite de la création du fichier de log './../logs/Wed Jun 09 14:23:17 CEST 2021 #262 - errors.log?[0m
[?[34m14:23:17.676 STDOUT (DEBUG) on Test worker utils.Log.attemptInitLogOutput(Log.java:421)] Ouverture du fichier de log './../logs/Wed Jun 09 14:23:17 CEST 2021 #262 - errors.log'?[0m
[?[34m14:23:17.676 AI (DEBUG) on Test worker ai.goap.ActionGraph.plan(ActionGraph.java:169)] Début de la planification?[0m
[?[34m14:23:17.677 AI (DEBUG) on ForkJoinPool-4-worker-3 ai.goap.GoapPathfinder.findPath(GoapPathfinder.java:51)] > Testing chopLog2?[0m
[?[34m14:23:17.677 AI (DEBUG) on ForkJoinPool-4-worker-7 ai.goap.GoapPathfinder.findPath(GoapPathfinder.java:51)] > Testing getAxe2?[0m
[?[34m14:23:17.677 AI (DEBUG) on ForkJoinPool-4-worker-5 ai.goap.GoapPathfinder.findPath(GoapPathfinder.java:51)] > Testing collectBranches?[0m
[?[34m14:23:17.677 AI (DEBUG) on ForkJoinPool-4-worker-3 ai.goap.Action.arePreconditionsMet(Action.java:48)] failed to meet precondition: axe in inventory?[0m
[?[34m14:23:17.677 AI (DEBUG) on ForkJoinPool-4-worker-5 ai.goap.GoapPathfinder.findPath(GoapPathfinder.java:82)] > 0 for collectBranches usableNodes = chopLog2, getAxe2, collectBranches?[0m
[?[34m14:23:17.677 AI (DEBUG) on ForkJoinPool-4-worker-7 ai.goap.GoapPathfinder.findPath(GoapPathfinder.java:82)] > 0 for getAxe2 usableNodes = chopLog2, getAxe2, collectBranches?[0m
[?[34m14:23:17.677 AI (DEBUG) on ForkJoinPool-4-worker-7 ai.goap.ActionGraph.lambda$buildPathToGoal$2(ActionGraph.java:233)] > Finished with getAxe2 result is true?[0m
[?[34m14:23:17.678 AI (DEBUG) on ForkJoinPool-4-worker-7 ai.goap.ActionGraph.lambda$buildPathToGoal$2(ActionGraph.java:234)] > Set result true?[0m
[?[34m14:23:17.678 AI (DEBUG) on ForkJoinPool-4-worker-5 ai.goap.ActionGraph.lambda$buildPathToGoal$2(ActionGraph.java:233)] > Finished with collectBranches result is true?[0m
[?[34m14:23:17.678 AI (DEBUG) on ForkJoinPool-4-worker-3 ai.goap.GoapPathfinder.findPath(GoapPathfinder.java:82)] > 0 for chopLog2 usableNodes = chopLog2, getAxe2, collectBranches?[0m
[?[34m14:23:17.678 AI (DEBUG) on ForkJoinPool-4-worker-5 ai.goap.ActionGraph.lambda$buildPathToGoal$2(ActionGraph.java:234)] > Set result true?[0m
[?[34m14:23:17.678 AI (DEBUG) on ForkJoinPool-4-worker-3 ai.goap.ActionGraph.lambda$buildPathToGoal$2(ActionGraph.java:233)] > Finished with chopLog2 result is true?[0m
[?[34m14:23:17.678 AI (DEBUG) on ForkJoinPool-4-worker-3 ai.goap.ActionGraph.lambda$buildPathToGoal$2(ActionGraph.java:234)] > Set result true?[0m
[?[34m14:23:17.678 AI (DEBUG) on Test worker ai.goap.ActionGraph.plan(ActionGraph.java:185)] copyWithEffects: 90103 ns (0ms)?[0m
[?[34m14:23:17.678 AI (DEBUG) on Test worker ai.goap.ActionGraph.plan(ActionGraph.java:188)] checkPrecondsTimeProfiler: 388921 ns (0ms)?[0m
[?[34m14:23:17.678 AI (DEBUG) on Test worker ai.goap.ActionGraph.plan(ActionGraph.java:191)] pathfinderProfiler: 0 ns (0ms)?[0m
[?[34m14:23:17.678 AI (DEBUG) on Test worker ai.goap.ActionGraph.plan(ActionGraph.java:194)] precondMet: 380747 ns (0ms)?[0m
[?[34m14:23:17.678 AI (DEBUG) on Test worker ai.goap.Agent.updateIdleState(Agent.java:127)] Planning took 2ms (0.002s)?[0m
[?[34m14:23:17.679 AI (DEBUG) on Test worker ai.goap.Agent.updatePerformingState(Agent.java:178)] Potentially Performing getAxe2?[0m
[?[34m14:23:17.680 AI (DEBUG) on Test worker ai.goap.Agent.checkNotInRange(Agent.java:209)] Check range for action getAxe2: (0,0) <-> (-100,-100) => in range = false?[0m
[?[34m14:23:17.680 AI (DEBUG) on Test worker ai.goap.Agent.updatePerformingState(Agent.java:183)] getAxe2 has set target pos: (-100,-100) last = (0,0)?[0m
[?[34m14:23:17.680 AI (DEBUG) on Test worker ai.goap.Agent.updateMovingState(Agent.java:142)] MOVING?[0m
[?[34m14:23:17.681 AI (DEBUG) on Test worker ai.goap.Agent.updateMovingState(Agent.java:157)] try to move (0,0) / (-100,-100) / (0,0)?[0m
[?[34m14:23:17.681 AI (DEBUG) on Test worker ai.goap.Agent.tryToMoveTo(Agent.java:166)] Envoi de l'ordre de déplacement vers la position (-100,-100)?[0m
[?[34m14:23:17.681 AI (DEBUG) on Test worker ai.goap.Agent.updateMovingState(Agent.java:142)] MOVING?[0m
[?[34m14:23:17.681 AI (DEBUG) on Test worker ai.goap.Agent.updateMovingState(Agent.java:144)] MOVING pop?[0m
[?[34m14:23:17.681 AI (DEBUG) on Test worker ai.goap.Agent.updatePerformingState(Agent.java:178)] Potentially Performing getAxe2?[0m
[?[34m14:23:17.681 AI (DEBUG) on Test worker ai.goap.Agent.checkNotInRange(Agent.java:209)] Check range for action getAxe2: (-100,-100) <-> (-100,-100) => in range = true?[0m
[?[34m14:23:17.682 AI (DEBUG) on Test worker ai.goap.Agent.updatePerformingState(Agent.java:186)] Fin de getAxe2?[0m
[?[34m14:23:17.682 AI (DEBUG) on Test worker ai.goap.Agent.updatePerformingState(Agent.java:178)] Potentially Performing chopLog2?[0m
[?[34m14:23:17.682 AI (DEBUG) on Test worker ai.goap.Agent.checkNotInRange(Agent.java:209)] Check range for action chopLog2: (-100,-100) <-> (100,100) => in range = false?[0m
[?[34m14:23:17.682 AI (DEBUG) on Test worker ai.goap.Agent.updatePerformingState(Agent.java:183)] chopLog2 has set target pos: (100,100) last = (-100,-100)?[0m
[?[34m14:23:17.682 AI (DEBUG) on Test worker ai.goap.Agent.updateMovingState(Agent.java:142)] MOVING?[0m
[?[34m14:23:17.682 AI (DEBUG) on Test worker ai.goap.Agent.updateMovingState(Agent.java:157)] try to move (-100,-100) / (100,100) / (-100,-100)?[0m
[?[34m14:23:17.682 AI (DEBUG) on Test worker ai.goap.Agent.tryToMoveTo(Agent.java:166)] Envoi de l'ordre de déplacement vers la position (100,100)?[0m
[?[34m14:23:17.682 AI (DEBUG) on Test worker ai.goap.Agent.updateMovingState(Agent.java:142)] MOVING?[0m
[?[34m14:23:17.682 AI (DEBUG) on Test worker ai.goap.Agent.updateMovingState(Agent.java:144)] MOVING pop?[0m
[?[34m14:23:17.682 AI (DEBUG) on Test worker ai.goap.Agent.updatePerformingState(Agent.java:178)] Potentially Performing chopLog2?[0m
[?[34m14:23:17.683 AI (DEBUG) on Test worker ai.goap.Agent.checkNotInRange(Agent.java:209)] Check range for action chopLog2: (100,100) <-> (100,100) => in range = true?[0m
[?[34m14:23:17.683 AI (DEBUG) on Test worker ai.goap.Agent.updatePerformingState(Agent.java:186)] Fin de chopLog2?[0m
[?[34m14:23:17.683 AI (DEBUG) on Test worker ai.goap.ActionGraph.plan(ActionGraph.java:169)] Début de la planification?[0m
[?[34m14:23:17.683 AI (DEBUG) on ForkJoinPool-5-worker-5 ai.goap.ActionGraph.lambda$buildPathToGoal$2(ActionGraph.java:233)] > Finished with collectBranches result is true?[0m
[?[34m14:23:17.684 AI (DEBUG) on ForkJoinPool-5-worker-7 ai.goap.ActionGraph.lambda$buildPathToGoal$2(ActionGraph.java:233)] > Finished with getAxe2 result is true?[0m
[?[34m14:23:17.684 AI (DEBUG) on ForkJoinPool-5-worker-7 ai.goap.ActionGraph.lambda$buildPathToGoal$2(ActionGraph.java:234)] > Set result true?[0m
[?[34m14:23:17.684 AI (DEBUG) on ForkJoinPool-5-worker-3 ai.goap.ActionGraph.lambda$buildPathToGoal$2(ActionGraph.java:233)] > Finished with chopLog2 result is true?[0m
[?[34m14:23:17.685 AI (DEBUG) on ForkJoinPool-5-worker-3 ai.goap.ActionGraph.lambda$buildPathToGoal$2(ActionGraph.java:234)] > Set result true?[0m
[?[34m14:23:17.685 AI (DEBUG) on ForkJoinPool-5-worker-5 ai.goap.ActionGraph.lambda$buildPathToGoal$2(ActionGraph.java:234)] > Set result true?[0m
[?[34m14:23:17.685 AI (DEBUG) on Test worker ai.goap.ActionGraph.plan(ActionGraph.java:185)] copyWithEffects: 31296 ns (0ms)?[0m
[?[34m14:23:17.686 AI (DEBUG) on Test worker ai.goap.ActionGraph.plan(ActionGraph.java:188)] checkPrecondsTimeProfiler: 0 ns (0ms)?[0m
[?[34m14:23:17.686 AI (DEBUG) on Test worker ai.goap.ActionGraph.plan(ActionGraph.java:191)] pathfinderProfiler: 0 ns (0ms)?[0m
[?[34m14:23:17.686 AI (DEBUG) on Test worker ai.goap.ActionGraph.plan(ActionGraph.java:194)] precondMet: 0 ns (0ms)?[0m
[?[34m14:23:17.686 AI (DEBUG) on Test worker ai.goap.ActionGraph.plan(ActionGraph.java:200)] But déjà atteint!?[0m
[?[34m14:23:17.686 AI (DEBUG) on Test worker ai.goap.Agent.updateIdleState(Agent.java:127)] Planning took 3ms (0.003s)?[0m
[?[34m14:23:17.686 STDOUT (DEBUG) on Test worker org.gradle.api.internal.tasks.testing.processors.CaptureTestOutputTestResultProcessor.completed(CaptureTestOutputTestResultProcessor.java:80)] ?[0m
[?[34m14:23:17.686 STDOUT (DEBUG) on Test worker org.gradle.api.internal.tasks.testing.processors.CaptureTestOutputTestResultProcessor.completed(CaptureTestOutputTestResultProcessor.java:80)] ?[0m
]]></system-out>
  <system-err><![CDATA[[?[31m14:23:17.632 STDERR (CRITICAL) on Test worker] ?[0m
[?[31m14:23:17.660 STDERR (CRITICAL) on Test worker] ?[0m
[?[31m14:23:17.660 STDERR (CRITICAL) on Test worker] ?[0m
[?[31m14:23:17.673 STDERR (CRITICAL) on Test worker] ?[0m
[?[31m14:23:17.673 STDERR (CRITICAL) on Test worker] ?[0m
[?[31m14:23:17.686 STDERR (CRITICAL) on Test worker] ?[0m
[?[31m14:23:17.686 STDERR (CRITICAL) on Test worker] ?[0m
]]></system-err>
</testsuite>
