<?xml version="1.0" encoding="UTF-8"?>
<testsuite name="validation.Test_Graphe" tests="5" skipped="2" failures="0" errors="0" timestamp="2021-06-09T12:23:16" hostname="tsimafei-ZenBook-14-UX410UFR" time="0.534">
  <properties/>
  <testcase name="testRemoveProvisoryNode1" classname="validation.Test_Graphe" time="0.0">
    <skipped/>
  </testcase>
  <testcase name="testRemoveProvisoryNode2" classname="validation.Test_Graphe" time="0.0">
    <skipped/>
  </testcase>
  <testcase name="testInstanciation" classname="validation.Test_Graphe" time="0.203"/>
  <testcase name="testAddProvisoryNode1" classname="validation.Test_Graphe" time="0.161"/>
  <testcase name="testAddProvisoryNode2" classname="validation.Test_Graphe" time="0.167"/>
  <system-out><![CDATA[[?[34m14:23:16.978 STDOUT (DEBUG) on Test worker org.gradle.api.internal.tasks.testing.processors.CaptureTestOutputTestResultProcessor.started(CaptureTestOutputTestResultProcessor.java:51)] ?[0m
[?[34m14:23:16.978 STDOUT (DEBUG) on Test worker org.gradle.api.internal.tasks.testing.processors.CaptureTestOutputTestResultProcessor.completed(CaptureTestOutputTestResultProcessor.java:80)] ?[0m
[?[34m14:23:16.978 STDOUT (DEBUG) on Test worker org.gradle.api.internal.tasks.testing.processors.CaptureTestOutputTestResultProcessor.started(CaptureTestOutputTestResultProcessor.java:51)] ?[0m
[?[34m14:23:16.978 STDOUT (DEBUG) on Test worker org.gradle.api.internal.tasks.testing.processors.CaptureTestOutputTestResultProcessor.completed(CaptureTestOutputTestResultProcessor.java:80)] ?[0m
[?[34m14:23:16.979 STDOUT (DEBUG) on Test worker org.gradle.api.internal.tasks.testing.processors.CaptureTestOutputTestResultProcessor.started(CaptureTestOutputTestResultProcessor.java:51)] ?[0m
[?[34m14:23:16.979 STDOUT (DEBUG) on Test worker utils.HLInstance.printMessage(HLInstance.java:357)] ?[33m                   /*``.           `-:--.`?[0m
[?[34m14:23:16.979 STDOUT (DEBUG) on Test worker utils.HLInstance.printMessage(HLInstance.java:357)] ?[33m                  `.-::::/.        .:::::::y?[0m
[?[34m14:23:16.979 STDOUT (DEBUG) on Test worker utils.HLInstance.printMessage(HLInstance.java:357)] ?[33m                 `::::::::o``````.-::::::/h-?[0m
[?[34m14:23:16.979 STDOUT (DEBUG) on Test worker utils.HLInstance.printMessage(HLInstance.java:357)] ?[33m                 `::::::::::::::::::::::/h.?[0m
[?[34m14:23:16.979 STDOUT (DEBUG) on Test worker utils.HLInstance.printMessage(HLInstance.java:357)] ?[33m                  -::::::://++++//::::::::.?[0m
[?[34m14:23:16.979 STDOUT (DEBUG) on Test worker utils.HLInstance.printMessage(HLInstance.java:357)] ?[33m               `-::::/oso+/:-....--://:::::-.``.---:`?[0m
[?[34m14:23:16.979 STDOUT (DEBUG) on Test worker utils.HLInstance.printMessage(HLInstance.java:357)] ?[33m      ````   .-:::/so/-      ``````  `.:::::::::::::+ ?[34m``````````````````````````````````````````````````````````````````````?[0m
[?[34m14:23:16.979 STDOUT (DEBUG) on Test worker utils.HLInstance.printMessage(HLInstance.java:357)] ?[33m    `-:::::--:::os+.?[34m   `/sssssss`   ./syyyyyys+/y+sssssssssssssssssssssssssssssssssssssssssssssssssssssssssssssssssssssy- `-:::://?[0m
[?[34m14:23:16.979 STDOUT (DEBUG) on Test worker utils.HLInstance.printMessage(HLInstance.java:357)] ?[33m   `-:::::::::+y/`?[34mS   .shhhhhdd:   `/hhhhhhhhhdo:/dddddddddddddddddhhhhhhhdddddddddddddddddddddddddddddddddddddddddddddo`.:////sy.?[0m
[?[34m14:23:16.980 STDOUT (DEBUG) on Test worker utils.HLInstance.printMessage(HLInstance.java:357)] ?[33m   ::::::::::so`?[34m     :yhhhhhmy`   .ohhhhhhhhhhd  `//oooooo+//////+hhhhhhdd+///////+++++++/////////////////+++++++/////-`-////+h+` `?[0m
[?[34m14:23:16.980 STDOUT (DEBUG) on Test worker utils.HLInstance.printMessage(HLInstance.java:357)] ?[33m  `://:::::y/ ?[34mU   `+hhhhhdm+    -yhhhhhdhhhhhm`  `oyyyyyhs     .shhhhhdh-  ``.-:::////:::-.       ``.-::::////::://  `://///o+:::::::-.?[0m
[?[34m14:23:16.980 STDOUT (DEBUG) on Test worker utils.HLInstance.printMessage(HLInstance.java:357)] ?[33m      `::::y/ ?[34m    .shhhhhdh-   `+hhhhhdd+shhhhd- -yhhhhhmo`    /yhhhhhms` .-://+ssso+++/////o   `.:://+ossoo+++o+oy- -/////+ssoo+//////h?[0m
[?[34m14:23:16.980 STDOUT (DEBUG) on Test worker utils.HLInstance.printMessage(HLInstance.java:357)] ?[33m      .:::/y ?[34mU   :yhhhhhms`   .shhhhhdy?[33m::?[34mhhhhhho+hhhhhdd:    `ohhhhhdd/ .:///oyo::-----////oy `-:///oyo:.`      `-``:////oy+-` `:////+h:?[0m
[?[34m14:23:16.980 STDOUT (DEBUG) on Test worker utils.HLInstance.printMessage(HLInstance.java:357)] ?[33m      -:::o: ?[34m  `+hhhhhdm/    :yhhhhddo?[33m:::?[34m+hhhhhhhhhhhms.    -yhhhhhdh. -////yo.`ooooooooooss``:////yo.            -/////yo`   .:////ys.?[0m
[?[34m14:23:16.980 STDOUT (DEBUG) on Test worker utils.HLInstance.printMessage(HLInstance.java:357)] ?[33m   ``.::::+-?[34m S .shhhhhdh-   `+hhhhhdd/?[33m::::?[34m/hhhhhhhhhdd/     /hhhhhhmo` `/////s```..----:+:..  -/////o``````..:.  `:////oh:   `-////+h/?[0m
[?[34m14:23:16.980 STDOUT (DEBUG) on Test worker utils.HLInstance.printMessage(HLInstance.java:357)] ?[33m`.-::::::::+ ?[34m:yhhhhhms`   .shhhhhmy?[33m:::::::?[34mhhhhhhhhdh.    `ohhhhhdd:    :++////:::///+oys`    `/++/////://++yo` .:////ys`   .:////ys.?[0m
[?[34m14:23:16.980 STDOUT (DEBUG) on Test worker utils.HLInstance.printMessage(HLInstance.java:357)] ?[33m-::::::::::/-?[34m/oooooo/     -sssyyyo?[33m:+o/++//?[34mhyssssss+`     .sssssss.      `-/++oooo++//:.        .:/+oooo++/:-   /ooooo:     :ooooo/?[0m
[?[34m14:23:16.980 STDOUT (DEBUG) on Test worker utils.HLInstance.printMessage(HLInstance.java:357)] ?[33m.:::::/o:::::-`               `.--:::os+```.---?[0m
[?[34m14:23:16.980 STDOUT (DEBUG) on Test worker utils.HLInstance.printMessage(HLInstance.java:357)] ?[33m :+ooo/.`::::::-..`````````.--::::+ss:`?[0m
[?[34m14:23:16.980 STDOUT (DEBUG) on Test worker utils.HLInstance.printMessage(HLInstance.java:357)] ?[33m  ``     `-/::::::::::::::::::::::s.?[0m
[?[34m14:23:16.980 STDOUT (DEBUG) on Test worker utils.HLInstance.printMessage(HLInstance.java:357)] ?[33m          `:::::::::::://+::::::::o-?[0m
[?[34m14:23:16.980 STDOUT (DEBUG) on Test worker utils.HLInstance.printMessage(HLInstance.java:357)] ?[33m         `:::::::/h////::.-:::::::y-?[0m
[?[34m14:23:16.980 STDOUT (DEBUG) on Test worker utils.HLInstance.printMessage(HLInstance.java:357)] ?[33m         :::::::ss`        -:/+sso:?[0m
[?[34m14:23:16.980 STDOUT (DEBUG) on Test worker utils.HLInstance.printMessage(HLInstance.java:357)] ?[33m         .:/++sy:          `//*/?[0m
[?[34m14:23:16.981 STDOUT (DEBUG) on Test worker utils.HLInstance.printMessage(HLInstance.java:357)] ______________________________________________________________________________________________________________________________________________?[0m
[?[34m14:23:16.981 STDOUT (DEBUG) on Test worker utils.Log.init(Log.java:292)] ?[32mDémarrage du service de log?[0m
[?[34m14:23:16.981 STDOUT (DEBUG) on Test worker utils.Log.init(Log.java:293)] ?[0m?[0m
Initialisation du compteur...
[?[34m14:23:16.981 STDOUT (DEBUG) on Test worker utils.Log.attemptInitLogOutput(Log.java:413)] Création du fichier de log './../logs/Wed Jun 09 14:23:16 CEST 2021 #253 - everything.log' à '/home/tsimafei/TechTheTiller-HighLevel/logs/Wed Jun 09 14:23:16 CEST 2021 #253 - everything.log'?[0m
[?[34m14:23:16.981 STDOUT (DEBUG) on Test worker utils.Log.attemptInitLogOutput(Log.java:417)] Réussite de la création du fichier de log './../logs/Wed Jun 09 14:23:16 CEST 2021 #253 - everything.log?[0m
[?[34m14:23:16.981 STDOUT (DEBUG) on Test worker utils.Log.attemptInitLogOutput(Log.java:421)] Ouverture du fichier de log './../logs/Wed Jun 09 14:23:16 CEST 2021 #253 - everything.log'?[0m
[?[34m14:23:16.981 STDOUT (DEBUG) on Test worker utils.Log.attemptInitLogOutput(Log.java:413)] Création du fichier de log './../logs/Wed Jun 09 14:23:16 CEST 2021 #253.log' à '/home/tsimafei/TechTheTiller-HighLevel/logs/Wed Jun 09 14:23:16 CEST 2021 #253.log'?[0m
[?[34m14:23:16.982 STDOUT (DEBUG) on Test worker utils.Log.attemptInitLogOutput(Log.java:417)] Réussite de la création du fichier de log './../logs/Wed Jun 09 14:23:16 CEST 2021 #253.log?[0m
[?[34m14:23:16.982 STDOUT (DEBUG) on Test worker utils.Log.attemptInitLogOutput(Log.java:421)] Ouverture du fichier de log './../logs/Wed Jun 09 14:23:16 CEST 2021 #253.log'?[0m
[?[34m14:23:16.982 STDOUT (DEBUG) on Test worker utils.Log.attemptInitLogOutput(Log.java:413)] Création du fichier de log './../logs/Wed Jun 09 14:23:16 CEST 2021 #253 - errors.log' à '/home/tsimafei/TechTheTiller-HighLevel/logs/Wed Jun 09 14:23:16 CEST 2021 #253 - errors.log'?[0m
[?[34m14:23:16.982 STDOUT (DEBUG) on Test worker utils.Log.attemptInitLogOutput(Log.java:417)] Réussite de la création du fichier de log './../logs/Wed Jun 09 14:23:16 CEST 2021 #253 - errors.log?[0m
[?[34m14:23:16.982 STDOUT (DEBUG) on Test worker utils.Log.attemptInitLogOutput(Log.java:421)] Ouverture du fichier de log './../logs/Wed Jun 09 14:23:16 CEST 2021 #253 - errors.log'?[0m
[?[34m14:23:16.985 STDOUT (DEBUG) on Test worker utils.HLInstance.<init>(HLInstance.java:104)] Version : 7ce4239 on dev_lolo - [Update ScriptLoisSlave.java]?[0m
[?[34m14:23:16.986 STDOUT (DEBUG) on Test worker utils.HLInstance.<init>(HLInstance.java:112)] System : Linux 5.8.0-53-generic amd64?[0m
[?[34m14:23:16.986 STDOUT (DEBUG) on Test worker utils.HLInstance.<init>(HLInstance.java:114)] Java : Oracle Corporation 14.0.2, max memory : 0.5G, available processors : 8?[0m
[?[34m14:23:16.986 STDOUT (DEBUG) on Test worker utils.HLInstance.<init>(HLInstance.java:117)] ?[0m
[?[34m14:23:16.986 STDOUT (DEBUG) on Test worker utils.HLInstance.<init>(HLInstance.java:119)]    Remember, with great power comes great current squared times resistance !
?[0m
[?[34m14:23:16.986 STDOUT (DEBUG) on Test worker utils.HLInstance.<init>(HLInstance.java:122)] Chargement de la config...?[0m
[?[34m14:23:16.986 STDOUT (DEBUG) on Test worker pfg.config.Config.readConfigFile(Config.java:166)] Loading config file : /home/tsimafei/TechTheTiller-HighLevel/T3HL-common/../config/config.txt?[0m
[?[34m14:23:16.988 STDOUT (DEBUG) on Test worker pfg.config.Config.printChangedValues(Config.java:465)] Configuration diff :?[0m
[?[34m14:23:16.988 STDOUT (DEBUG) on Test worker pfg.config.Config.printChangedValues(Config.java:469)]   visualisation = false (default : true)?[0m
[?[34m14:23:16.988 STDOUT (DEBUG) on Test worker pfg.config.Config.printChangedValues(Config.java:469)]   usingBaliseImage = false (default : true)?[0m
[?[34m14:23:16.988 STDOUT (DEBUG) on Test worker pfg.config.Config.printChangedValues(Config.java:469)]   usingPanel = false (default : true)?[0m
[?[34m14:23:16.988 STDOUT (DEBUG) on Test worker pfg.config.Config.printChangedValues(Config.java:469)]   connectToBuddy = false (default : true)?[0m
[?[34m14:23:16.988 STDOUT (DEBUG) on Test worker pfg.config.Config.printChangedValues(Config.java:469)]   modeMonthlery = true (default : false)?[0m
[?[34m14:23:16.988 STDOUT (DEBUG) on Test worker pfg.config.Config.printChangedValues(Config.java:469)]   buddyRay = 70 (default : 150)?[0m
[?[34m14:23:16.988 STDOUT (DEBUG) on Test worker pfg.config.Config.printChangedValues(Config.java:469)]   ennemyRay = 150 (default : 220)?[0m
[?[34m14:23:16.988 STDOUT (DEBUG) on Test worker pfg.config.Config.printChangedValues(Config.java:469)]   nbrNoeudsX = 30 (default : 45)?[0m
[?[34m14:23:16.988 STDOUT (DEBUG) on Test worker pfg.config.Config.printChangedValues(Config.java:469)]   nbrNoeudsY = 20 (default : 30)?[0m
[?[34m14:23:16.989 STDOUT (DEBUG) on Test worker pfg.config.Config.printChangedValues(Config.java:469)]   nbrNoeudsCircle = 14 (default : 12)?[0m
[?[34m14:23:16.989 DATA_HANDLER (DEBUG) on Test worker utils.HLInstance.module(HLInstance.java:271)] Initialisation du moduleClass Table?[0m
[?[34m14:23:16.989 DATA_HANDLER (DEBUG) on Test worker utils.HLInstance.module(HLInstance.java:285)] Mise à jour de la config du moduleClass Table après son initialisation.?[0m
[?[34m14:23:16.989 STDOUT (DEBUG) on Test worker pfg.config.Config.loadInto(Config.java:274)] Set private boolean data.Table.symetry to false?[0m
[?[34m14:23:16.989 STDOUT (DEBUG) on Test worker pfg.config.Config.loadInto(Config.java:274)] Set private int data.Table.length to 3000?[0m
[?[34m14:23:16.989 STDOUT (DEBUG) on Test worker pfg.config.Config.loadInto(Config.java:274)] Set private int data.Table.height to 2000?[0m
[?[34m14:23:16.989 STDOUT (DEBUG) on Test worker pfg.config.Config.loadInto(Config.java:274)] Set private int data.Table.robotRay to 190?[0m
[?[34m14:23:16.990 STDOUT (DEBUG) on Test worker pfg.config.Config.loadInto(Config.java:274)] Set private int data.Table.buddyRay to 70?[0m
[?[34m14:23:16.990 STDOUT (DEBUG) on Test worker pfg.config.Config.loadInto(Config.java:274)] Set private int data.Table.ennemyRay to 150?[0m
[?[34m14:23:16.990 STDOUT (DEBUG) on Test worker pfg.config.Config.loadInto(Config.java:274)] Set private int data.Table.compareThreshold to 5?[0m
[?[34m14:23:16.990 STDOUT (DEBUG) on Test worker pfg.config.Config.loadInto(Config.java:274)] Set private boolean data.Table.openTheGate to false?[0m
[?[34m14:23:16.990 DATA_HANDLER (DEBUG) on Test worker utils.HLInstance.module(HLInstance.java:297)] Module Table prêt?[0m
[?[34m14:23:16.991 DATA_HANDLER (DEBUG) on Test worker utils.HLInstance.module(HLInstance.java:271)] Initialisation du moduleClass Graphe?[0m
[?[34m14:23:16.991 DATA_HANDLER (DEBUG) on Test worker utils.HLInstance.module(HLInstance.java:285)] Mise à jour de la config du moduleClass Graphe après son initialisation.?[0m
[?[34m14:23:16.991 STDOUT (DEBUG) on Test worker pfg.config.Config.loadInto(Config.java:274)] Set private int data.Graphe.nodeCircleNbr to 14?[0m
[?[34m14:23:16.991 STDOUT (DEBUG) on Test worker pfg.config.Config.loadInto(Config.java:274)] Set private double data.Graphe.spaceCircleParameter to 1.2?[0m
[?[34m14:23:16.991 STDOUT (DEBUG) on Test worker pfg.config.Config.loadInto(Config.java:274)] Set private int data.Graphe.nodeXNbr to 30?[0m
[?[34m14:23:16.991 STDOUT (DEBUG) on Test worker pfg.config.Config.loadInto(Config.java:274)] Set private int data.Graphe.nodeYNbr to 20?[0m
[?[34m14:23:16.991 STDOUT (DEBUG) on Test worker pfg.config.Config.loadInto(Config.java:274)] Set private int data.Graphe.partitioningX to 25?[0m
[?[34m14:23:16.991 STDOUT (DEBUG) on Test worker pfg.config.Config.loadInto(Config.java:274)] Set private int data.Graphe.partitioningY to 25?[0m
[?[34m14:23:17.116 DATA_HANDLER (DEBUG) on Test worker utils.HLInstance.module(HLInstance.java:297)] Module Graphe prêt?[0m
[?[34m14:23:17.182 STDOUT (DEBUG) on Finalizer utils.Log.close(Log.java:435)] ?[32mFermeture du service de log?[0m
[?[34m14:23:17.182 STDOUT (DEBUG) on Test worker org.gradle.api.internal.tasks.testing.processors.CaptureTestOutputTestResultProcessor.completed(CaptureTestOutputTestResultProcessor.java:80)] ?[32mFermeture du service de log?[0m
[?[34m14:23:17.182 STDOUT (DEBUG) on Finalizer utils.HLInstance.printMessage(HLInstance.java:357)]     	       _____?[0m
[?[34m14:23:17.182 STDOUT (DEBUG) on Finalizer utils.HLInstance.printMessage(HLInstance.java:357)]               /     \?[0m
[?[34m14:23:17.182 STDOUT (DEBUG) on Finalizer utils.HLInstance.printMessage(HLInstance.java:357)]               vvvvvvv  /|__/|?[0m
[?[34m14:23:17.182 STDOUT (DEBUG) on Finalizer utils.HLInstance.printMessage(HLInstance.java:357)]                  I   /O,O   |?[0m
[?[34m14:23:17.182 STDOUT (DEBUG) on Finalizer utils.HLInstance.printMessage(HLInstance.java:357)]                  I /_____   |      /|/|?[0m
[?[34m14:23:17.182 STDOUT (DEBUG) on Finalizer utils.HLInstance.printMessage(HLInstance.java:357)]                 J|/^ ^ ^ \  |    /00  |    _//|?[0m
[?[34m14:23:17.182 STDOUT (DEBUG) on Test worker org.gradle.api.internal.tasks.testing.processors.CaptureTestOutputTestResultProcessor.started(CaptureTestOutputTestResultProcessor.java:51)]                 J|/^ ^ ^ \  |    /00  |    _//|?[0m
[?[34m14:23:17.182 STDOUT (DEBUG) on Finalizer utils.HLInstance.printMessage(HLInstance.java:357)]                  |^ ^ ^ ^ |W|   |/^^\ |   /oo |?[0m
[?[34m14:23:17.182 STDOUT (DEBUG) on Finalizer utils.HLInstance.printMessage(HLInstance.java:357)]                   \m___m__|_|    \m_m_|   \mm_|?[0m
[?[34m14:23:17.182 STDOUT (DEBUG) on Finalizer utils.HLInstance.printMessage(HLInstance.java:357)] ?[0m
[?[34m14:23:17.183 STDOUT (DEBUG) on Finalizer utils.HLInstance.printMessage(HLInstance.java:357)] ------------------------- TOTORO'S END -------------------------?[0m
[?[34m14:23:17.183 STDOUT (DEBUG) on Test worker utils.HLInstance.printMessage(HLInstance.java:357)] ?[33m                   /*``.           `-:--.`?[0m
[?[34m14:23:17.183 STDOUT (DEBUG) on Test worker utils.HLInstance.printMessage(HLInstance.java:357)] ?[33m                  `.-::::/.        .:::::::y?[0m
[?[34m14:23:17.183 STDOUT (DEBUG) on Test worker utils.HLInstance.printMessage(HLInstance.java:357)] ?[33m                 `::::::::o``````.-::::::/h-?[0m
[?[34m14:23:17.183 STDOUT (DEBUG) on Test worker utils.HLInstance.printMessage(HLInstance.java:357)] ?[33m                 `::::::::::::::::::::::/h.?[0m
[?[34m14:23:17.183 STDOUT (DEBUG) on Test worker utils.HLInstance.printMessage(HLInstance.java:357)] ?[33m                  -::::::://++++//::::::::.?[0m
[?[34m14:23:17.183 STDOUT (DEBUG) on Test worker utils.HLInstance.printMessage(HLInstance.java:357)] ?[33m               `-::::/oso+/:-....--://:::::-.``.---:`?[0m
[?[34m14:23:17.183 STDOUT (DEBUG) on Test worker utils.HLInstance.printMessage(HLInstance.java:357)] ?[33m      ````   .-:::/so/-      ``````  `.:::::::::::::+ ?[34m``````````````````````````````````````````````````````````````````````?[0m
[?[34m14:23:17.183 STDOUT (DEBUG) on Test worker utils.HLInstance.printMessage(HLInstance.java:357)] ?[33m    `-:::::--:::os+.?[34m   `/sssssss`   ./syyyyyys+/y+sssssssssssssssssssssssssssssssssssssssssssssssssssssssssssssssssssssy- `-:::://?[0m
[?[34m14:23:17.183 STDOUT (DEBUG) on Test worker utils.HLInstance.printMessage(HLInstance.java:357)] ?[33m   `-:::::::::+y/`?[34mS   .shhhhhdd:   `/hhhhhhhhhdo:/dddddddddddddddddhhhhhhhdddddddddddddddddddddddddddddddddddddddddddddo`.:////sy.?[0m
[?[34m14:23:17.183 STDOUT (DEBUG) on Test worker utils.HLInstance.printMessage(HLInstance.java:357)] ?[33m   ::::::::::so`?[34m     :yhhhhhmy`   .ohhhhhhhhhhd  `//oooooo+//////+hhhhhhdd+///////+++++++/////////////////+++++++/////-`-////+h+` `?[0m
[?[34m14:23:17.184 STDOUT (DEBUG) on Test worker utils.HLInstance.printMessage(HLInstance.java:357)] ?[33m  `://:::::y/ ?[34mU   `+hhhhhdm+    -yhhhhhdhhhhhm`  `oyyyyyhs     .shhhhhdh-  ``.-:::////:::-.       ``.-::::////::://  `://///o+:::::::-.?[0m
[?[34m14:23:17.184 STDOUT (DEBUG) on Test worker utils.HLInstance.printMessage(HLInstance.java:357)] ?[33m      `::::y/ ?[34m    .shhhhhdh-   `+hhhhhdd+shhhhd- -yhhhhhmo`    /yhhhhhms` .-://+ssso+++/////o   `.:://+ossoo+++o+oy- -/////+ssoo+//////h?[0m
[?[34m14:23:17.184 STDOUT (DEBUG) on Test worker utils.HLInstance.printMessage(HLInstance.java:357)] ?[33m      .:::/y ?[34mU   :yhhhhhms`   .shhhhhdy?[33m::?[34mhhhhhho+hhhhhdd:    `ohhhhhdd/ .:///oyo::-----////oy `-:///oyo:.`      `-``:////oy+-` `:////+h:?[0m
[?[34m14:23:17.184 STDOUT (DEBUG) on Test worker utils.HLInstance.printMessage(HLInstance.java:357)] ?[33m      -:::o: ?[34m  `+hhhhhdm/    :yhhhhddo?[33m:::?[34m+hhhhhhhhhhhms.    -yhhhhhdh. -////yo.`ooooooooooss``:////yo.            -/////yo`   .:////ys.?[0m
[?[34m14:23:17.184 STDOUT (DEBUG) on Test worker utils.HLInstance.printMessage(HLInstance.java:357)] ?[33m   ``.::::+-?[34m S .shhhhhdh-   `+hhhhhdd/?[33m::::?[34m/hhhhhhhhhdd/     /hhhhhhmo` `/////s```..----:+:..  -/////o``````..:.  `:////oh:   `-////+h/?[0m
[?[34m14:23:17.184 STDOUT (DEBUG) on Test worker utils.HLInstance.printMessage(HLInstance.java:357)] ?[33m`.-::::::::+ ?[34m:yhhhhhms`   .shhhhhmy?[33m:::::::?[34mhhhhhhhhdh.    `ohhhhhdd:    :++////:::///+oys`    `/++/////://++yo` .:////ys`   .:////ys.?[0m
[?[34m14:23:17.184 STDOUT (DEBUG) on Test worker utils.HLInstance.printMessage(HLInstance.java:357)] ?[33m-::::::::::/-?[34m/oooooo/     -sssyyyo?[33m:+o/++//?[34mhyssssss+`     .sssssss.      `-/++oooo++//:.        .:/+oooo++/:-   /ooooo:     :ooooo/?[0m
[?[34m14:23:17.184 STDOUT (DEBUG) on Test worker utils.HLInstance.printMessage(HLInstance.java:357)] ?[33m.:::::/o:::::-`               `.--:::os+```.---?[0m
[?[34m14:23:17.184 STDOUT (DEBUG) on Test worker utils.HLInstance.printMessage(HLInstance.java:357)] ?[33m :+ooo/.`::::::-..`````````.--::::+ss:`?[0m
[?[34m14:23:17.184 STDOUT (DEBUG) on Test worker utils.HLInstance.printMessage(HLInstance.java:357)] ?[33m  ``     `-/::::::::::::::::::::::s.?[0m
[?[34m14:23:17.184 STDOUT (DEBUG) on Test worker utils.HLInstance.printMessage(HLInstance.java:357)] ?[33m          `:::::::::::://+::::::::o-?[0m
[?[34m14:23:17.184 STDOUT (DEBUG) on Test worker utils.HLInstance.printMessage(HLInstance.java:357)] ?[33m         `:::::::/h////::.-:::::::y-?[0m
[?[34m14:23:17.185 STDOUT (DEBUG) on Test worker utils.HLInstance.printMessage(HLInstance.java:357)] ?[33m         :::::::ss`        -:/+sso:?[0m
[?[34m14:23:17.185 STDOUT (DEBUG) on Test worker utils.HLInstance.printMessage(HLInstance.java:357)] ?[33m         .:/++sy:          `//*/?[0m
[?[34m14:23:17.185 STDOUT (DEBUG) on Test worker utils.HLInstance.printMessage(HLInstance.java:357)] ______________________________________________________________________________________________________________________________________________?[0m
[?[34m14:23:17.185 STDOUT (DEBUG) on Test worker utils.Log.init(Log.java:292)] ?[32mDémarrage du service de log?[0m
[?[34m14:23:17.185 STDOUT (DEBUG) on Test worker utils.Log.init(Log.java:293)] ?[0m?[0m
Initialisation du compteur...
[?[34m14:23:17.185 STDOUT (DEBUG) on Test worker utils.Log.attemptInitLogOutput(Log.java:413)] Création du fichier de log './../logs/Wed Jun 09 14:23:17 CEST 2021 #254 - everything.log' à '/home/tsimafei/TechTheTiller-HighLevel/logs/Wed Jun 09 14:23:17 CEST 2021 #254 - everything.log'?[0m
[?[34m14:23:17.185 STDOUT (DEBUG) on Test worker utils.Log.attemptInitLogOutput(Log.java:417)] Réussite de la création du fichier de log './../logs/Wed Jun 09 14:23:17 CEST 2021 #254 - everything.log?[0m
[?[34m14:23:17.186 STDOUT (DEBUG) on Test worker utils.Log.attemptInitLogOutput(Log.java:421)] Ouverture du fichier de log './../logs/Wed Jun 09 14:23:17 CEST 2021 #254 - everything.log'?[0m
[?[34m14:23:17.186 STDOUT (DEBUG) on Test worker utils.Log.attemptInitLogOutput(Log.java:413)] Création du fichier de log './../logs/Wed Jun 09 14:23:17 CEST 2021 #254.log' à '/home/tsimafei/TechTheTiller-HighLevel/logs/Wed Jun 09 14:23:17 CEST 2021 #254.log'?[0m
[?[34m14:23:17.186 STDOUT (DEBUG) on Test worker utils.Log.attemptInitLogOutput(Log.java:417)] Réussite de la création du fichier de log './../logs/Wed Jun 09 14:23:17 CEST 2021 #254.log?[0m
[?[34m14:23:17.186 STDOUT (DEBUG) on Test worker utils.Log.attemptInitLogOutput(Log.java:421)] Ouverture du fichier de log './../logs/Wed Jun 09 14:23:17 CEST 2021 #254.log'?[0m
[?[34m14:23:17.186 STDOUT (DEBUG) on Test worker utils.Log.attemptInitLogOutput(Log.java:413)] Création du fichier de log './../logs/Wed Jun 09 14:23:17 CEST 2021 #254 - errors.log' à '/home/tsimafei/TechTheTiller-HighLevel/logs/Wed Jun 09 14:23:17 CEST 2021 #254 - errors.log'?[0m
[?[34m14:23:17.186 STDOUT (DEBUG) on Test worker utils.Log.attemptInitLogOutput(Log.java:417)] Réussite de la création du fichier de log './../logs/Wed Jun 09 14:23:17 CEST 2021 #254 - errors.log?[0m
[?[34m14:23:17.186 STDOUT (DEBUG) on Test worker utils.Log.attemptInitLogOutput(Log.java:421)] Ouverture du fichier de log './../logs/Wed Jun 09 14:23:17 CEST 2021 #254 - errors.log'?[0m
[?[34m14:23:17.189 STDOUT (DEBUG) on Test worker utils.HLInstance.<init>(HLInstance.java:104)] Version : 7ce4239 on dev_lolo - [Update ScriptLoisSlave.java]?[0m
[?[34m14:23:17.189 STDOUT (DEBUG) on Test worker utils.HLInstance.<init>(HLInstance.java:112)] System : Linux 5.8.0-53-generic amd64?[0m
[?[34m14:23:17.189 STDOUT (DEBUG) on Test worker utils.HLInstance.<init>(HLInstance.java:114)] Java : Oracle Corporation 14.0.2, max memory : 0.5G, available processors : 8?[0m
[?[34m14:23:17.189 STDOUT (DEBUG) on Test worker utils.HLInstance.<init>(HLInstance.java:117)] ?[0m
[?[34m14:23:17.190 STDOUT (DEBUG) on Test worker utils.HLInstance.<init>(HLInstance.java:119)]    Remember, with great power comes great current squared times resistance !
?[0m
[?[34m14:23:17.190 STDOUT (DEBUG) on Test worker utils.HLInstance.<init>(HLInstance.java:122)] Chargement de la config...?[0m
[?[34m14:23:17.190 STDOUT (DEBUG) on Test worker pfg.config.Config.readConfigFile(Config.java:166)] Loading config file : /home/tsimafei/TechTheTiller-HighLevel/T3HL-common/../config/config.txt?[0m
[?[34m14:23:17.191 STDOUT (DEBUG) on Test worker pfg.config.Config.printChangedValues(Config.java:465)] Configuration diff :?[0m
[?[34m14:23:17.191 STDOUT (DEBUG) on Test worker pfg.config.Config.printChangedValues(Config.java:469)]   visualisation = false (default : true)?[0m
[?[34m14:23:17.191 STDOUT (DEBUG) on Test worker pfg.config.Config.printChangedValues(Config.java:469)]   usingBaliseImage = false (default : true)?[0m
[?[34m14:23:17.191 STDOUT (DEBUG) on Test worker pfg.config.Config.printChangedValues(Config.java:469)]   usingPanel = false (default : true)?[0m
[?[34m14:23:17.191 STDOUT (DEBUG) on Test worker pfg.config.Config.printChangedValues(Config.java:469)]   connectToBuddy = false (default : true)?[0m
[?[34m14:23:17.191 STDOUT (DEBUG) on Test worker pfg.config.Config.printChangedValues(Config.java:469)]   modeMonthlery = true (default : false)?[0m
[?[34m14:23:17.191 STDOUT (DEBUG) on Test worker pfg.config.Config.printChangedValues(Config.java:469)]   buddyRay = 70 (default : 150)?[0m
[?[34m14:23:17.192 STDOUT (DEBUG) on Test worker pfg.config.Config.printChangedValues(Config.java:469)]   ennemyRay = 150 (default : 220)?[0m
[?[34m14:23:17.192 STDOUT (DEBUG) on Test worker pfg.config.Config.printChangedValues(Config.java:469)]   nbrNoeudsX = 30 (default : 45)?[0m
[?[34m14:23:17.192 STDOUT (DEBUG) on Test worker pfg.config.Config.printChangedValues(Config.java:469)]   nbrNoeudsY = 20 (default : 30)?[0m
[?[34m14:23:17.192 STDOUT (DEBUG) on Test worker pfg.config.Config.printChangedValues(Config.java:469)]   nbrNoeudsCircle = 14 (default : 12)?[0m
[?[34m14:23:17.192 DATA_HANDLER (DEBUG) on Test worker utils.HLInstance.module(HLInstance.java:271)] Initialisation du moduleClass Table?[0m
[?[34m14:23:17.192 DATA_HANDLER (DEBUG) on Test worker utils.HLInstance.module(HLInstance.java:285)] Mise à jour de la config du moduleClass Table après son initialisation.?[0m
[?[34m14:23:17.192 STDOUT (DEBUG) on Test worker pfg.config.Config.loadInto(Config.java:274)] Set private boolean data.Table.symetry to false?[0m
[?[34m14:23:17.192 STDOUT (DEBUG) on Test worker pfg.config.Config.loadInto(Config.java:274)] Set private int data.Table.length to 3000?[0m
[?[34m14:23:17.192 STDOUT (DEBUG) on Test worker pfg.config.Config.loadInto(Config.java:274)] Set private int data.Table.height to 2000?[0m
[?[34m14:23:17.193 STDOUT (DEBUG) on Test worker pfg.config.Config.loadInto(Config.java:274)] Set private int data.Table.robotRay to 190?[0m
[?[34m14:23:17.193 STDOUT (DEBUG) on Test worker pfg.config.Config.loadInto(Config.java:274)] Set private int data.Table.buddyRay to 70?[0m
[?[34m14:23:17.193 STDOUT (DEBUG) on Test worker pfg.config.Config.loadInto(Config.java:274)] Set private int data.Table.ennemyRay to 150?[0m
[?[34m14:23:17.193 STDOUT (DEBUG) on Test worker pfg.config.Config.loadInto(Config.java:274)] Set private int data.Table.compareThreshold to 5?[0m
[?[34m14:23:17.193 STDOUT (DEBUG) on Test worker pfg.config.Config.loadInto(Config.java:274)] Set private boolean data.Table.openTheGate to false?[0m
[?[34m14:23:17.193 DATA_HANDLER (DEBUG) on Test worker utils.HLInstance.module(HLInstance.java:297)] Module Table prêt?[0m
[?[34m14:23:17.193 DATA_HANDLER (DEBUG) on Test worker utils.HLInstance.module(HLInstance.java:271)] Initialisation du moduleClass Graphe?[0m
[?[34m14:23:17.193 DATA_HANDLER (DEBUG) on Test worker utils.HLInstance.module(HLInstance.java:285)] Mise à jour de la config du moduleClass Graphe après son initialisation.?[0m
[?[34m14:23:17.193 STDOUT (DEBUG) on Test worker pfg.config.Config.loadInto(Config.java:274)] Set private int data.Graphe.nodeCircleNbr to 14?[0m
[?[34m14:23:17.193 STDOUT (DEBUG) on Test worker pfg.config.Config.loadInto(Config.java:274)] Set private double data.Graphe.spaceCircleParameter to 1.2?[0m
[?[34m14:23:17.194 STDOUT (DEBUG) on Test worker pfg.config.Config.loadInto(Config.java:274)] Set private int data.Graphe.nodeXNbr to 30?[0m
[?[34m14:23:17.194 STDOUT (DEBUG) on Test worker pfg.config.Config.loadInto(Config.java:274)] Set private int data.Graphe.nodeYNbr to 20?[0m
[?[34m14:23:17.194 STDOUT (DEBUG) on Test worker pfg.config.Config.loadInto(Config.java:274)] Set private int data.Graphe.partitioningX to 25?[0m
[?[34m14:23:17.194 STDOUT (DEBUG) on Test worker pfg.config.Config.loadInto(Config.java:274)] Set private int data.Graphe.partitioningY to 25?[0m
[?[34m14:23:17.303 DATA_HANDLER (DEBUG) on Test worker utils.HLInstance.module(HLInstance.java:297)] Module Graphe prêt?[0m
[?[34m14:23:17.344 STDOUT (DEBUG) on Finalizer utils.Log.close(Log.java:435)] ?[32mFermeture du service de log?[0m
[?[34m14:23:17.344 STDOUT (DEBUG) on Test worker org.gradle.api.internal.tasks.testing.processors.CaptureTestOutputTestResultProcessor.completed(CaptureTestOutputTestResultProcessor.java:80)] ?[32mFermeture du service de log?[0m
[?[34m14:23:17.344 STDOUT (DEBUG) on Finalizer utils.HLInstance.printMessage(HLInstance.java:357)]     	       _____?[0m
[?[34m14:23:17.345 STDOUT (DEBUG) on Finalizer utils.HLInstance.printMessage(HLInstance.java:357)]               /     \?[0m
[?[34m14:23:17.345 STDOUT (DEBUG) on Finalizer utils.HLInstance.printMessage(HLInstance.java:357)]               vvvvvvv  /|__/|?[0m
[?[34m14:23:17.345 STDOUT (DEBUG) on Finalizer utils.HLInstance.printMessage(HLInstance.java:357)]                  I   /O,O   |?[0m
[?[34m14:23:17.345 STDOUT (DEBUG) on Finalizer utils.HLInstance.printMessage(HLInstance.java:357)]                  I /_____   |      /|/|?[0m
[?[34m14:23:17.345 STDOUT (DEBUG) on Finalizer utils.HLInstance.printMessage(HLInstance.java:357)]                 J|/^ ^ ^ \  |    /00  |    _//|?[0m
[?[34m14:23:17.345 STDOUT (DEBUG) on Test worker org.gradle.api.internal.tasks.testing.processors.CaptureTestOutputTestResultProcessor.started(CaptureTestOutputTestResultProcessor.java:51)]                  I /_____   |      /|/|?[0m
[?[34m14:23:17.345 STDOUT (DEBUG) on Finalizer utils.HLInstance.printMessage(HLInstance.java:357)]                  |^ ^ ^ ^ |W|   |/^^\ |   /oo |?[0m
[?[34m14:23:17.345 STDOUT (DEBUG) on Finalizer utils.HLInstance.printMessage(HLInstance.java:357)]                   \m___m__|_|    \m_m_|   \mm_|?[0m
[?[34m14:23:17.345 STDOUT (DEBUG) on Finalizer utils.HLInstance.printMessage(HLInstance.java:357)] ?[0m
[?[34m14:23:17.345 STDOUT (DEBUG) on Finalizer utils.HLInstance.printMessage(HLInstance.java:357)] ------------------------- TOTORO'S END -------------------------?[0m
[?[34m14:23:17.345 STDOUT (DEBUG) on Test worker utils.HLInstance.printMessage(HLInstance.java:357)] ------------------------- TOTORO'S END -------------------------
?[33m                   /*``.           `-:--.`?[0m
[?[34m14:23:17.345 STDOUT (DEBUG) on Test worker utils.HLInstance.printMessage(HLInstance.java:357)] ?[33m                  `.-::::/.        .:::::::y?[0m
[?[34m14:23:17.345 STDOUT (DEBUG) on Test worker utils.HLInstance.printMessage(HLInstance.java:357)] ?[33m                 `::::::::o``````.-::::::/h-?[0m
[?[34m14:23:17.346 STDOUT (DEBUG) on Test worker utils.HLInstance.printMessage(HLInstance.java:357)] ?[33m                 `::::::::::::::::::::::/h.?[0m
[?[34m14:23:17.346 STDOUT (DEBUG) on Test worker utils.HLInstance.printMessage(HLInstance.java:357)] ?[33m                  -::::::://++++//::::::::.?[0m
[?[34m14:23:17.346 STDOUT (DEBUG) on Test worker utils.HLInstance.printMessage(HLInstance.java:357)] ?[33m               `-::::/oso+/:-....--://:::::-.``.---:`?[0m
[?[34m14:23:17.346 STDOUT (DEBUG) on Test worker utils.HLInstance.printMessage(HLInstance.java:357)] ?[33m      ````   .-:::/so/-      ``````  `.:::::::::::::+ ?[34m``````````````````````````````````````````````````````````````````````?[0m
[?[34m14:23:17.346 STDOUT (DEBUG) on Test worker utils.HLInstance.printMessage(HLInstance.java:357)] ?[33m    `-:::::--:::os+.?[34m   `/sssssss`   ./syyyyyys+/y+sssssssssssssssssssssssssssssssssssssssssssssssssssssssssssssssssssssy- `-:::://?[0m
[?[34m14:23:17.346 STDOUT (DEBUG) on Test worker utils.HLInstance.printMessage(HLInstance.java:357)] ?[33m   `-:::::::::+y/`?[34mS   .shhhhhdd:   `/hhhhhhhhhdo:/dddddddddddddddddhhhhhhhdddddddddddddddddddddddddddddddddddddddddddddo`.:////sy.?[0m
[?[34m14:23:17.346 STDOUT (DEBUG) on Test worker utils.HLInstance.printMessage(HLInstance.java:357)] ?[33m   ::::::::::so`?[34m     :yhhhhhmy`   .ohhhhhhhhhhd  `//oooooo+//////+hhhhhhdd+///////+++++++/////////////////+++++++/////-`-////+h+` `?[0m
[?[34m14:23:17.346 STDOUT (DEBUG) on Test worker utils.HLInstance.printMessage(HLInstance.java:357)] ?[33m  `://:::::y/ ?[34mU   `+hhhhhdm+    -yhhhhhdhhhhhm`  `oyyyyyhs     .shhhhhdh-  ``.-:::////:::-.       ``.-::::////::://  `://///o+:::::::-.?[0m
[?[34m14:23:17.346 STDOUT (DEBUG) on Test worker utils.HLInstance.printMessage(HLInstance.java:357)] ?[33m      `::::y/ ?[34m    .shhhhhdh-   `+hhhhhdd+shhhhd- -yhhhhhmo`    /yhhhhhms` .-://+ssso+++/////o   `.:://+ossoo+++o+oy- -/////+ssoo+//////h?[0m
[?[34m14:23:17.346 STDOUT (DEBUG) on Test worker utils.HLInstance.printMessage(HLInstance.java:357)] ?[33m      .:::/y ?[34mU   :yhhhhhms`   .shhhhhdy?[33m::?[34mhhhhhho+hhhhhdd:    `ohhhhhdd/ .:///oyo::-----////oy `-:///oyo:.`      `-``:////oy+-` `:////+h:?[0m
[?[34m14:23:17.347 STDOUT (DEBUG) on Test worker utils.HLInstance.printMessage(HLInstance.java:357)] ?[33m      -:::o: ?[34m  `+hhhhhdm/    :yhhhhddo?[33m:::?[34m+hhhhhhhhhhhms.    -yhhhhhdh. -////yo.`ooooooooooss``:////yo.            -/////yo`   .:////ys.?[0m
[?[34m14:23:17.347 STDOUT (DEBUG) on Test worker utils.HLInstance.printMessage(HLInstance.java:357)] ?[33m   ``.::::+-?[34m S .shhhhhdh-   `+hhhhhdd/?[33m::::?[34m/hhhhhhhhhdd/     /hhhhhhmo` `/////s```..----:+:..  -/////o``````..:.  `:////oh:   `-////+h/?[0m
[?[34m14:23:17.347 STDOUT (DEBUG) on Test worker utils.HLInstance.printMessage(HLInstance.java:357)] ?[33m`.-::::::::+ ?[34m:yhhhhhms`   .shhhhhmy?[33m:::::::?[34mhhhhhhhhdh.    `ohhhhhdd:    :++////:::///+oys`    `/++/////://++yo` .:////ys`   .:////ys.?[0m
[?[34m14:23:17.347 STDOUT (DEBUG) on Test worker utils.HLInstance.printMessage(HLInstance.java:357)] ?[33m-::::::::::/-?[34m/oooooo/     -sssyyyo?[33m:+o/++//?[34mhyssssss+`     .sssssss.      `-/++oooo++//:.        .:/+oooo++/:-   /ooooo:     :ooooo/?[0m
[?[34m14:23:17.347 STDOUT (DEBUG) on Test worker utils.HLInstance.printMessage(HLInstance.java:357)] ?[33m.:::::/o:::::-`               `.--:::os+```.---?[0m
[?[34m14:23:17.347 STDOUT (DEBUG) on Test worker utils.HLInstance.printMessage(HLInstance.java:357)] ?[33m :+ooo/.`::::::-..`````````.--::::+ss:`?[0m
[?[34m14:23:17.347 STDOUT (DEBUG) on Test worker utils.HLInstance.printMessage(HLInstance.java:357)] ?[33m  ``     `-/::::::::::::::::::::::s.?[0m
[?[34m14:23:17.347 STDOUT (DEBUG) on Test worker utils.HLInstance.printMessage(HLInstance.java:357)] ?[33m          `:::::::::::://+::::::::o-?[0m
[?[34m14:23:17.347 STDOUT (DEBUG) on Test worker utils.HLInstance.printMessage(HLInstance.java:357)] ?[33m         `:::::::/h////::.-:::::::y-?[0m
[?[34m14:23:17.347 STDOUT (DEBUG) on Test worker utils.HLInstance.printMessage(HLInstance.java:357)] ?[33m         :::::::ss`        -:/+sso:?[0m
[?[34m14:23:17.347 STDOUT (DEBUG) on Test worker utils.HLInstance.printMessage(HLInstance.java:357)] ?[33m         .:/++sy:          `//*/?[0m
[?[34m14:23:17.348 STDOUT (DEBUG) on Test worker utils.HLInstance.printMessage(HLInstance.java:357)] ______________________________________________________________________________________________________________________________________________?[0m
[?[34m14:23:17.348 STDOUT (DEBUG) on Test worker utils.Log.init(Log.java:292)] ?[32mDémarrage du service de log?[0m
[?[34m14:23:17.348 STDOUT (DEBUG) on Test worker utils.Log.init(Log.java:293)] ?[0m?[0m
Initialisation du compteur...
[?[34m14:23:17.348 STDOUT (DEBUG) on Test worker utils.Log.attemptInitLogOutput(Log.java:413)] Création du fichier de log './../logs/Wed Jun 09 14:23:17 CEST 2021 #255 - everything.log' à '/home/tsimafei/TechTheTiller-HighLevel/logs/Wed Jun 09 14:23:17 CEST 2021 #255 - everything.log'?[0m
[?[34m14:23:17.348 STDOUT (DEBUG) on Test worker utils.Log.attemptInitLogOutput(Log.java:417)] Réussite de la création du fichier de log './../logs/Wed Jun 09 14:23:17 CEST 2021 #255 - everything.log?[0m
[?[34m14:23:17.349 STDOUT (DEBUG) on Test worker utils.Log.attemptInitLogOutput(Log.java:421)] Ouverture du fichier de log './../logs/Wed Jun 09 14:23:17 CEST 2021 #255 - everything.log'?[0m
[?[34m14:23:17.349 STDOUT (DEBUG) on Test worker utils.Log.attemptInitLogOutput(Log.java:413)] Création du fichier de log './../logs/Wed Jun 09 14:23:17 CEST 2021 #255.log' à '/home/tsimafei/TechTheTiller-HighLevel/logs/Wed Jun 09 14:23:17 CEST 2021 #255.log'?[0m
[?[34m14:23:17.349 STDOUT (DEBUG) on Test worker utils.Log.attemptInitLogOutput(Log.java:417)] Réussite de la création du fichier de log './../logs/Wed Jun 09 14:23:17 CEST 2021 #255.log?[0m
[?[34m14:23:17.349 STDOUT (DEBUG) on Test worker utils.Log.attemptInitLogOutput(Log.java:421)] Ouverture du fichier de log './../logs/Wed Jun 09 14:23:17 CEST 2021 #255.log'?[0m
[?[34m14:23:17.349 STDOUT (DEBUG) on Test worker utils.Log.attemptInitLogOutput(Log.java:413)] Création du fichier de log './../logs/Wed Jun 09 14:23:17 CEST 2021 #255 - errors.log' à '/home/tsimafei/TechTheTiller-HighLevel/logs/Wed Jun 09 14:23:17 CEST 2021 #255 - errors.log'?[0m
[?[34m14:23:17.349 STDOUT (DEBUG) on Test worker utils.Log.attemptInitLogOutput(Log.java:417)] Réussite de la création du fichier de log './../logs/Wed Jun 09 14:23:17 CEST 2021 #255 - errors.log?[0m
[?[34m14:23:17.350 STDOUT (DEBUG) on Test worker utils.Log.attemptInitLogOutput(Log.java:421)] Ouverture du fichier de log './../logs/Wed Jun 09 14:23:17 CEST 2021 #255 - errors.log'?[0m
[?[34m14:23:17.352 STDOUT (DEBUG) on Test worker utils.HLInstance.<init>(HLInstance.java:104)] Version : 7ce4239 on dev_lolo - [Update ScriptLoisSlave.java]?[0m
[?[34m14:23:17.353 STDOUT (DEBUG) on Test worker utils.HLInstance.<init>(HLInstance.java:112)] System : Linux 5.8.0-53-generic amd64?[0m
[?[34m14:23:17.353 STDOUT (DEBUG) on Test worker utils.HLInstance.<init>(HLInstance.java:114)] Java : Oracle Corporation 14.0.2, max memory : 0.5G, available processors : 8?[0m
[?[34m14:23:17.353 STDOUT (DEBUG) on Test worker utils.HLInstance.<init>(HLInstance.java:117)] ?[0m
[?[34m14:23:17.353 STDOUT (DEBUG) on Test worker utils.HLInstance.<init>(HLInstance.java:119)]    Remember, with great power comes great current squared times resistance !
?[0m
[?[34m14:23:17.353 STDOUT (DEBUG) on Test worker utils.HLInstance.<init>(HLInstance.java:122)] Chargement de la config...?[0m
[?[34m14:23:17.353 STDOUT (DEBUG) on Test worker pfg.config.Config.readConfigFile(Config.java:166)] Loading config file : /home/tsimafei/TechTheTiller-HighLevel/T3HL-common/../config/config.txt?[0m
[?[34m14:23:17.355 STDOUT (DEBUG) on Test worker pfg.config.Config.printChangedValues(Config.java:465)] Configuration diff :?[0m
[?[34m14:23:17.355 STDOUT (DEBUG) on Test worker pfg.config.Config.printChangedValues(Config.java:469)]   visualisation = false (default : true)?[0m
[?[34m14:23:17.355 STDOUT (DEBUG) on Test worker pfg.config.Config.printChangedValues(Config.java:469)]   usingBaliseImage = false (default : true)?[0m
[?[34m14:23:17.355 STDOUT (DEBUG) on Test worker pfg.config.Config.printChangedValues(Config.java:469)]   usingPanel = false (default : true)?[0m
[?[34m14:23:17.355 STDOUT (DEBUG) on Test worker pfg.config.Config.printChangedValues(Config.java:469)]   connectToBuddy = false (default : true)?[0m
[?[34m14:23:17.355 STDOUT (DEBUG) on Test worker pfg.config.Config.printChangedValues(Config.java:469)]   modeMonthlery = true (default : false)?[0m
[?[34m14:23:17.355 STDOUT (DEBUG) on Test worker pfg.config.Config.printChangedValues(Config.java:469)]   buddyRay = 70 (default : 150)?[0m
[?[34m14:23:17.355 STDOUT (DEBUG) on Test worker pfg.config.Config.printChangedValues(Config.java:469)]   ennemyRay = 150 (default : 220)?[0m
[?[34m14:23:17.355 STDOUT (DEBUG) on Test worker pfg.config.Config.printChangedValues(Config.java:469)]   nbrNoeudsX = 30 (default : 45)?[0m
[?[34m14:23:17.356 STDOUT (DEBUG) on Test worker pfg.config.Config.printChangedValues(Config.java:469)]   nbrNoeudsY = 20 (default : 30)?[0m
[?[34m14:23:17.356 STDOUT (DEBUG) on Test worker pfg.config.Config.printChangedValues(Config.java:469)]   nbrNoeudsCircle = 14 (default : 12)?[0m
[?[34m14:23:17.356 DATA_HANDLER (DEBUG) on Test worker utils.HLInstance.module(HLInstance.java:271)] Initialisation du moduleClass Table?[0m
[?[34m14:23:17.356 DATA_HANDLER (DEBUG) on Test worker utils.HLInstance.module(HLInstance.java:285)] Mise à jour de la config du moduleClass Table après son initialisation.?[0m
[?[34m14:23:17.356 STDOUT (DEBUG) on Test worker pfg.config.Config.loadInto(Config.java:274)] Set private boolean data.Table.symetry to false?[0m
[?[34m14:23:17.356 STDOUT (DEBUG) on Test worker pfg.config.Config.loadInto(Config.java:274)] Set private int data.Table.length to 3000?[0m
[?[34m14:23:17.357 STDOUT (DEBUG) on Test worker pfg.config.Config.loadInto(Config.java:274)] Set private int data.Table.height to 2000?[0m
[?[34m14:23:17.357 STDOUT (DEBUG) on Test worker pfg.config.Config.loadInto(Config.java:274)] Set private int data.Table.robotRay to 190?[0m
[?[34m14:23:17.357 STDOUT (DEBUG) on Test worker pfg.config.Config.loadInto(Config.java:274)] Set private int data.Table.buddyRay to 70?[0m
[?[34m14:23:17.357 STDOUT (DEBUG) on Test worker pfg.config.Config.loadInto(Config.java:274)] Set private int data.Table.ennemyRay to 150?[0m
[?[34m14:23:17.357 STDOUT (DEBUG) on Test worker pfg.config.Config.loadInto(Config.java:274)] Set private int data.Table.compareThreshold to 5?[0m
[?[34m14:23:17.357 STDOUT (DEBUG) on Test worker pfg.config.Config.loadInto(Config.java:274)] Set private boolean data.Table.openTheGate to false?[0m
[?[34m14:23:17.357 DATA_HANDLER (DEBUG) on Test worker utils.HLInstance.module(HLInstance.java:297)] Module Table prêt?[0m
[?[34m14:23:17.358 DATA_HANDLER (DEBUG) on Test worker utils.HLInstance.module(HLInstance.java:271)] Initialisation du moduleClass Graphe?[0m
[?[34m14:23:17.358 DATA_HANDLER (DEBUG) on Test worker utils.HLInstance.module(HLInstance.java:285)] Mise à jour de la config du moduleClass Graphe après son initialisation.?[0m
[?[34m14:23:17.358 STDOUT (DEBUG) on Test worker pfg.config.Config.loadInto(Config.java:274)] Set private int data.Graphe.nodeCircleNbr to 14?[0m
[?[34m14:23:17.358 STDOUT (DEBUG) on Test worker pfg.config.Config.loadInto(Config.java:274)] Set private double data.Graphe.spaceCircleParameter to 1.2?[0m
[?[34m14:23:17.358 STDOUT (DEBUG) on Test worker pfg.config.Config.loadInto(Config.java:274)] Set private int data.Graphe.nodeXNbr to 30?[0m
[?[34m14:23:17.358 STDOUT (DEBUG) on Test worker pfg.config.Config.loadInto(Config.java:274)] Set private int data.Graphe.nodeYNbr to 20?[0m
[?[34m14:23:17.358 STDOUT (DEBUG) on Test worker pfg.config.Config.loadInto(Config.java:274)] Set private int data.Graphe.partitioningX to 25?[0m
[?[34m14:23:17.359 STDOUT (DEBUG) on Test worker pfg.config.Config.loadInto(Config.java:274)] Set private int data.Graphe.partitioningY to 25?[0m
[?[34m14:23:17.469 DATA_HANDLER (DEBUG) on Test worker utils.HLInstance.module(HLInstance.java:297)] Module Graphe prêt?[0m
[?[34m14:23:17.511 STDOUT (DEBUG) on Finalizer utils.Log.close(Log.java:435)] ?[32mFermeture du service de log?[0m
[?[34m14:23:17.511 STDOUT (DEBUG) on Test worker org.gradle.api.internal.tasks.testing.processors.CaptureTestOutputTestResultProcessor.completed(CaptureTestOutputTestResultProcessor.java:80)] ?[32mFermeture du service de log?[0m
[?[34m14:23:17.512 STDOUT (DEBUG) on Finalizer utils.HLInstance.printMessage(HLInstance.java:357)]     	       _____?[0m
[?[34m14:23:17.512 STDOUT (DEBUG) on Finalizer utils.HLInstance.printMessage(HLInstance.java:357)]               /     \?[0m
[?[34m14:23:17.512 STDOUT (DEBUG) on Finalizer utils.HLInstance.printMessage(HLInstance.java:357)]               vvvvvvv  /|__/|?[0m
[?[34m14:23:17.512 STDOUT (DEBUG) on Finalizer utils.HLInstance.printMessage(HLInstance.java:357)]                  I   /O,O   |?[0m
[?[34m14:23:17.512 STDOUT (DEBUG) on Finalizer utils.HLInstance.printMessage(HLInstance.java:357)]                  I /_____   |      /|/|?[0m
[?[34m14:23:17.512 STDOUT (DEBUG) on Finalizer utils.HLInstance.printMessage(HLInstance.java:357)]                 J|/^ ^ ^ \  |    /00  |    _//|?[0m
[?[34m14:23:17.512 STDOUT (DEBUG) on Finalizer utils.HLInstance.printMessage(HLInstance.java:357)]                  |^ ^ ^ ^ |W|   |/^^\ |   /oo |?[0m
[?[34m14:23:17.512 STDOUT (DEBUG) on Test worker org.gradle.api.internal.tasks.testing.processors.CaptureTestOutputTestResultProcessor.completed(CaptureTestOutputTestResultProcessor.java:80)]               vvvvvvv  /|__/|?[0m
[?[34m14:23:17.512 STDOUT (DEBUG) on Finalizer utils.HLInstance.printMessage(HLInstance.java:357)]                   \m___m__|_|    \m_m_|   \mm_|?[0m
]]></system-out>
  <system-err><![CDATA[[?[31m14:23:16.978 STDERR (CRITICAL) on Test worker] ?[0m
[?[31m14:23:16.978 STDERR (CRITICAL) on Test worker] ?[0m
[?[31m14:23:16.978 STDERR (CRITICAL) on Test worker] ?[0m
[?[31m14:23:16.978 STDERR (CRITICAL) on Test worker] ?[0m
[?[31m14:23:16.979 STDERR (CRITICAL) on Test worker] ?[0m
[?[31m14:23:16.987 STDERR (CRITICAL) on Test worker] Unknown key : RECALAGE_ACC, also tried recalageAcc?[0m
[?[31m14:23:16.987 STDERR (CRITICAL) on Test worker] Unknown key : SECOURS, also tried secours?[0m
[?[31m14:23:16.987 STDERR (CRITICAL) on Test worker] Unknown key : RECALAGE_MECA_ACC, also tried recalageMecaAcc?[0m
[?[31m14:23:16.987 STDERR (CRITICAL) on Test worker] Unknown key : MILIEU_ECUEIL_PRIVE_XBLEU, also tried milieuEcueilPriveXbleu?[0m
[?[31m14:23:16.992 GRAPHE (CRITICAL) on Test worker data.Graphe.addNode(Graphe.java:213)] Impossible d'ajouter un noeud dans les partitions à la position (233,-300)! Ca déborde de la table :(?[0m
[?[31m14:23:16.992 GRAPHE (CRITICAL) on Test worker data.Graphe.addNode(Graphe.java:213)] Impossible d'ajouter un noeud dans les partitions à la position (209,-196)! Ca déborde de la table :(?[0m
[?[31m14:23:16.992 GRAPHE (CRITICAL) on Test worker data.Graphe.addNode(Graphe.java:213)] Impossible d'ajouter un noeud dans les partitions à la position (143,-112)! Ca déborde de la table :(?[0m
[?[31m14:23:16.993 GRAPHE (CRITICAL) on Test worker data.Graphe.addNode(Graphe.java:213)] Impossible d'ajouter un noeud dans les partitions à la position (-157,-112)! Ca déborde de la table :(?[0m
[?[31m14:23:16.993 GRAPHE (CRITICAL) on Test worker data.Graphe.addNode(Graphe.java:213)] Impossible d'ajouter un noeud dans les partitions à la position (-223,-196)! Ca déborde de la table :(?[0m
[?[31m14:23:16.993 GRAPHE (CRITICAL) on Test worker data.Graphe.addNode(Graphe.java:213)] Impossible d'ajouter un noeud dans les partitions à la position (-247,-300)! Ca déborde de la table :(?[0m
[?[31m14:23:16.993 GRAPHE (CRITICAL) on Test worker data.Graphe.addNode(Graphe.java:213)] Impossible d'ajouter un noeud dans les partitions à la position (-223,-404)! Ca déborde de la table :(?[0m
[?[31m14:23:16.993 GRAPHE (CRITICAL) on Test worker data.Graphe.addNode(Graphe.java:213)] Impossible d'ajouter un noeud dans les partitions à la position (-157,-488)! Ca déborde de la table :(?[0m
[?[31m14:23:16.994 GRAPHE (CRITICAL) on Test worker data.Graphe.addNode(Graphe.java:213)] Impossible d'ajouter un noeud dans les partitions à la position (143,-488)! Ca déborde de la table :(?[0m
[?[31m14:23:16.994 GRAPHE (CRITICAL) on Test worker data.Graphe.addNode(Graphe.java:213)] Impossible d'ajouter un noeud dans les partitions à la position (209,-404)! Ca déborde de la table :(?[0m
[?[31m14:23:17.182 STDERR (CRITICAL) on Test worker] ?[0m
[?[31m14:23:17.182 STDERR (CRITICAL) on Test worker] ?[0m
[?[31m14:23:17.190 STDERR (CRITICAL) on Test worker] Unknown key : RECALAGE_ACC, also tried recalageAcc?[0m
[?[31m14:23:17.191 STDERR (CRITICAL) on Test worker] Unknown key : SECOURS, also tried secours?[0m
[?[31m14:23:17.191 STDERR (CRITICAL) on Test worker] Unknown key : RECALAGE_MECA_ACC, also tried recalageMecaAcc?[0m
[?[31m14:23:17.191 STDERR (CRITICAL) on Test worker] Unknown key : MILIEU_ECUEIL_PRIVE_XBLEU, also tried milieuEcueilPriveXbleu?[0m
[?[31m14:23:17.344 STDERR (CRITICAL) on Test worker] ?[0m
[?[31m14:23:17.345 STDERR (CRITICAL) on Test worker] ?[0m
[?[31m14:23:17.354 STDERR (CRITICAL) on Test worker] Unknown key : RECALAGE_ACC, also tried recalageAcc?[0m
[?[31m14:23:17.354 STDERR (CRITICAL) on Test worker] Unknown key : SECOURS, also tried secours?[0m
[?[31m14:23:17.354 STDERR (CRITICAL) on Test worker] Unknown key : RECALAGE_MECA_ACC, also tried recalageMecaAcc?[0m
[?[31m14:23:17.354 STDERR (CRITICAL) on Test worker] Unknown key : MILIEU_ECUEIL_PRIVE_XBLEU, also tried milieuEcueilPriveXbleu?[0m
[?[31m14:23:17.512 STDERR (CRITICAL) on Test worker] ?[0m
[?[31m14:23:17.512 STDERR (CRITICAL) on Test worker] ?[0m
]]></system-err>
</testsuite>
