<?xml version="1.0" encoding="UTF-8"?>
<testsuite name="embedded.Test_Listener" tests="1" skipped="1" failures="0" errors="0" timestamp="2021-07-08T16:55:37" hostname="ubuntu" time="0.004">
  <properties/>
  <testcase name="testInitialisation" classname="embedded.Test_Listener" time="0.004">
    <skipped/>
  </testcase>
  <system-out><![CDATA[[?[34m16:55:37.065 STDOUT (DEBUG) on Test worker org.gradle.api.internal.tasks.testing.processors.CaptureTestOutputTestResultProcessor.started(CaptureTestOutputTestResultProcessor.java:51)] ?[0m
[?[34m16:55:37.071 STDOUT (DEBUG) on Test worker org.gradle.api.internal.tasks.testing.processors.CaptureTestOutputTestResultProcessor.completed(CaptureTestOutputTestResultProcessor.java:80)] ?[0m
[?[34m16:55:37.073 STDOUT (DEBUG) on Test worker org.gradle.api.internal.tasks.testing.processors.CaptureTestOutputTestResultProcessor.completed(CaptureTestOutputTestResultProcessor.java:80)] ?[0m
]]></system-out>
  <system-err><![CDATA[[?[31m16:55:37.067 STDERR (CRITICAL) on Test worker] ?[0m
[?[31m16:55:37.072 STDERR (CRITICAL) on Test worker] ?[0m
[?[31m16:55:37.080 STDERR (CRITICAL) on Test worker] ?[0m
]]></system-err>
</testsuite>
