<?xml version="1.0" encoding="UTF-8"?>
<testsuite name="validation.Test_Obstacle" tests="3" skipped="0" failures="0" errors="0" timestamp="2021-06-09T12:23:16" hostname="tsimafei-ZenBook-14-UX410UFR" time="0.001">
  <properties/>
  <testcase name="testIsInObstacle" classname="validation.Test_Obstacle" time="0.0"/>
  <testcase name="testIntersect" classname="validation.Test_Obstacle" time="0.0"/>
  <testcase name="testUpdateMobileObstacle" classname="validation.Test_Obstacle" time="0.0"/>
  <system-out><![CDATA[[?[34m14:23:16.972 STDOUT (DEBUG) on Finalizer utils.HLInstance.printMessage(HLInstance.java:357)] ?[0m
[?[34m14:23:16.973 STDOUT (DEBUG) on Finalizer utils.HLInstance.printMessage(HLInstance.java:357)] ------------------------- TOTORO'S END -------------------------?[0m
[?[34m14:23:16.973 STDOUT (DEBUG) on Test worker org.gradle.api.internal.tasks.testing.processors.CaptureTestOutputTestResultProcessor.started(CaptureTestOutputTestResultProcessor.java:51)] ?[0m
[?[34m14:23:16.974 STDOUT (DEBUG) on Test worker org.gradle.api.internal.tasks.testing.processors.CaptureTestOutputTestResultProcessor.completed(CaptureTestOutputTestResultProcessor.java:80)] ?[0m
[?[34m14:23:16.974 STDOUT (DEBUG) on Test worker org.gradle.api.internal.tasks.testing.processors.CaptureTestOutputTestResultProcessor.started(CaptureTestOutputTestResultProcessor.java:51)] ?[0m
[?[34m14:23:16.974 STDOUT (DEBUG) on Test worker org.gradle.api.internal.tasks.testing.processors.CaptureTestOutputTestResultProcessor.completed(CaptureTestOutputTestResultProcessor.java:80)] ?[0m
[?[34m14:23:16.974 STDOUT (DEBUG) on Test worker org.gradle.api.internal.tasks.testing.processors.CaptureTestOutputTestResultProcessor.started(CaptureTestOutputTestResultProcessor.java:51)] ?[0m
[?[34m14:23:16.975 STDOUT (DEBUG) on Test worker org.gradle.api.internal.tasks.testing.processors.CaptureTestOutputTestResultProcessor.completed(CaptureTestOutputTestResultProcessor.java:80)] ?[0m
[?[34m14:23:16.975 STDOUT (DEBUG) on Test worker org.gradle.api.internal.tasks.testing.processors.CaptureTestOutputTestResultProcessor.completed(CaptureTestOutputTestResultProcessor.java:80)] ?[0m
]]></system-out>
  <system-err><![CDATA[[?[31m14:23:16.973 STDERR (CRITICAL) on Test worker] ?[0m
[?[31m14:23:16.974 STDERR (CRITICAL) on Test worker] ?[0m
[?[31m14:23:16.974 STDERR (CRITICAL) on Test worker] ?[0m
[?[31m14:23:16.974 STDERR (CRITICAL) on Test worker] ?[0m
[?[31m14:23:16.974 STDERR (CRITICAL) on Test worker] ?[0m
[?[31m14:23:16.975 STDERR (CRITICAL) on Test worker] ?[0m
[?[31m14:23:16.975 STDERR (CRITICAL) on Test worker] ?[0m
]]></system-err>
</testsuite>
