<?xml version="1.0" encoding="UTF-8"?>
<testsuite name="unitaires.Test_Math" tests="25" skipped="0" failures="0" errors="0" timestamp="2021-06-09T12:23:17" hostname="tsimafei-ZenBook-14-UX410UFR" time="0.016">
  <properties/>
  <testcase name="circleIntersect" classname="unitaires.Test_Math" time="0.0"/>
  <testcase name="circleIsInShape" classname="unitaires.Test_Math" time="0.0"/>
  <testcase name="circleIntersectsWithCircle" classname="unitaires.Test_Math" time="0.0"/>
  <testcase name="circleClosestPointToShape" classname="unitaires.Test_Math" time="0.0"/>
  <testcase name="circleEquals" classname="unitaires.Test_Math" time="0.0"/>
  <testcase name="rectangleIntersect" classname="unitaires.Test_Math" time="0.0"/>
  <testcase name="rectangleIsInShape" classname="unitaires.Test_Math" time="0.0"/>
  <testcase name="rectangleGetDiagonalsAndPoints" classname="unitaires.Test_Math" time="0.0"/>
  <testcase name="rectangleEquals" classname="unitaires.Test_Math" time="0.0"/>
  <testcase name="circularRectangleInit" classname="unitaires.Test_Math" time="0.001"/>
  <testcase name="circularRectangleIsInShape" classname="unitaires.Test_Math" time="0.001"/>
  <testcase name="circularRectangleIntersect" classname="unitaires.Test_Math" time="0.0"/>
  <testcase name="circularRectangleEquals" classname="unitaires.Test_Math" time="0.0"/>
  <testcase name="circularRectangleClosest" classname="unitaires.Test_Math" time="0.001"/>
  <testcase name="vec2DistanceTo" classname="unitaires.Test_Math" time="0.001"/>
  <testcase name="vec2Symetrize" classname="unitaires.Test_Math" time="0.001"/>
  <testcase name="vec2Equals" classname="unitaires.Test_Math" time="0.0"/>
  <testcase name="segmentIntersect" classname="unitaires.Test_Math" time="0.001"/>
  <testcase name="segmentDistanceTo" classname="unitaires.Test_Math" time="0.0"/>
  <testcase name="segmentVecteurDirecteur" classname="unitaires.Test_Math" time="0.0"/>
  <testcase name="segmentIntersectionPoint" classname="unitaires.Test_Math" time="0.001"/>
  <testcase name="segmentEquals" classname="unitaires.Test_Math" time="0.0"/>
  <testcase name="vec2Init" classname="unitaires.Test_Math" time="0.001"/>
  <testcase name="vec2PlusMinus" classname="unitaires.Test_Math" time="0.0"/>
  <testcase name="vec2DotCross" classname="unitaires.Test_Math" time="0.0"/>
  <system-out><![CDATA[[?[34m14:23:17.514 STDOUT (DEBUG) on Test worker org.gradle.api.internal.tasks.testing.processors.CaptureTestOutputTestResultProcessor.started(CaptureTestOutputTestResultProcessor.java:51)] ?[0m
[?[34m14:23:17.515 STDOUT (DEBUG) on Test worker org.gradle.api.internal.tasks.testing.processors.CaptureTestOutputTestResultProcessor.completed(CaptureTestOutputTestResultProcessor.java:80)] ?[0m
[?[34m14:23:17.515 STDOUT (DEBUG) on Test worker org.gradle.api.internal.tasks.testing.processors.CaptureTestOutputTestResultProcessor.started(CaptureTestOutputTestResultProcessor.java:51)] ?[0m
[?[34m14:23:17.515 STDOUT (DEBUG) on Test worker org.gradle.api.internal.tasks.testing.processors.CaptureTestOutputTestResultProcessor.completed(CaptureTestOutputTestResultProcessor.java:80)] ?[0m
[?[34m14:23:17.515 STDOUT (DEBUG) on Test worker org.gradle.api.internal.tasks.testing.processors.CaptureTestOutputTestResultProcessor.started(CaptureTestOutputTestResultProcessor.java:51)] ?[0m
[?[34m14:23:17.516 STDOUT (DEBUG) on Test worker org.gradle.api.internal.tasks.testing.processors.CaptureTestOutputTestResultProcessor.completed(CaptureTestOutputTestResultProcessor.java:80)] ?[0m
[?[34m14:23:17.516 STDOUT (DEBUG) on Test worker org.gradle.api.internal.tasks.testing.processors.CaptureTestOutputTestResultProcessor.started(CaptureTestOutputTestResultProcessor.java:51)] ?[0m
[?[34m14:23:17.517 STDOUT (DEBUG) on Test worker org.gradle.api.internal.tasks.testing.processors.CaptureTestOutputTestResultProcessor.completed(CaptureTestOutputTestResultProcessor.java:80)] ?[0m
[?[34m14:23:17.517 STDOUT (DEBUG) on Test worker org.gradle.api.internal.tasks.testing.processors.CaptureTestOutputTestResultProcessor.started(CaptureTestOutputTestResultProcessor.java:51)] ?[0m
[?[34m14:23:17.517 STDOUT (DEBUG) on Test worker org.gradle.api.internal.tasks.testing.processors.CaptureTestOutputTestResultProcessor.completed(CaptureTestOutputTestResultProcessor.java:80)] ?[0m
[?[34m14:23:17.518 STDOUT (DEBUG) on Test worker org.gradle.api.internal.tasks.testing.processors.CaptureTestOutputTestResultProcessor.started(CaptureTestOutputTestResultProcessor.java:51)] ?[0m
[?[34m14:23:17.518 STDOUT (DEBUG) on Test worker org.gradle.api.internal.tasks.testing.processors.CaptureTestOutputTestResultProcessor.completed(CaptureTestOutputTestResultProcessor.java:80)] ?[0m
[?[34m14:23:17.518 STDOUT (DEBUG) on Test worker org.gradle.api.internal.tasks.testing.processors.CaptureTestOutputTestResultProcessor.started(CaptureTestOutputTestResultProcessor.java:51)] ?[0m
[?[34m14:23:17.519 STDOUT (DEBUG) on Test worker org.gradle.api.internal.tasks.testing.processors.CaptureTestOutputTestResultProcessor.completed(CaptureTestOutputTestResultProcessor.java:80)] ?[0m
[?[34m14:23:17.519 STDOUT (DEBUG) on Test worker org.gradle.api.internal.tasks.testing.processors.CaptureTestOutputTestResultProcessor.started(CaptureTestOutputTestResultProcessor.java:51)] ?[0m
[?[34m14:23:17.519 STDOUT (DEBUG) on Test worker org.gradle.api.internal.tasks.testing.processors.CaptureTestOutputTestResultProcessor.completed(CaptureTestOutputTestResultProcessor.java:80)] ?[0m
[?[34m14:23:17.519 STDOUT (DEBUG) on Test worker org.gradle.api.internal.tasks.testing.processors.CaptureTestOutputTestResultProcessor.started(CaptureTestOutputTestResultProcessor.java:51)] ?[0m
[?[34m14:23:17.520 STDOUT (DEBUG) on Test worker org.gradle.api.internal.tasks.testing.processors.CaptureTestOutputTestResultProcessor.completed(CaptureTestOutputTestResultProcessor.java:80)] ?[0m
[?[34m14:23:17.520 STDOUT (DEBUG) on Test worker org.gradle.api.internal.tasks.testing.processors.CaptureTestOutputTestResultProcessor.started(CaptureTestOutputTestResultProcessor.java:51)] ?[0m
[?[34m14:23:17.521 STDOUT (DEBUG) on Test worker org.gradle.api.internal.tasks.testing.processors.CaptureTestOutputTestResultProcessor.completed(CaptureTestOutputTestResultProcessor.java:80)] ?[0m
[?[34m14:23:17.521 STDOUT (DEBUG) on Test worker org.gradle.api.internal.tasks.testing.processors.CaptureTestOutputTestResultProcessor.started(CaptureTestOutputTestResultProcessor.java:51)] ?[0m
[?[34m14:23:17.521 STDOUT (DEBUG) on Test worker org.gradle.api.internal.tasks.testing.processors.CaptureTestOutputTestResultProcessor.completed(CaptureTestOutputTestResultProcessor.java:80)] ?[0m
[?[34m14:23:17.522 STDOUT (DEBUG) on Test worker org.gradle.api.internal.tasks.testing.processors.CaptureTestOutputTestResultProcessor.started(CaptureTestOutputTestResultProcessor.java:51)] ?[0m
[?[34m14:23:17.522 STDOUT (DEBUG) on Test worker org.gradle.api.internal.tasks.testing.processors.CaptureTestOutputTestResultProcessor.completed(CaptureTestOutputTestResultProcessor.java:80)] ?[0m
[?[34m14:23:17.522 STDOUT (DEBUG) on Test worker org.gradle.api.internal.tasks.testing.processors.CaptureTestOutputTestResultProcessor.started(CaptureTestOutputTestResultProcessor.java:51)] ?[0m
[?[34m14:23:17.523 STDOUT (DEBUG) on Test worker org.gradle.api.internal.tasks.testing.processors.CaptureTestOutputTestResultProcessor.completed(CaptureTestOutputTestResultProcessor.java:80)] ?[0m
[?[34m14:23:17.523 STDOUT (DEBUG) on Test worker org.gradle.api.internal.tasks.testing.processors.CaptureTestOutputTestResultProcessor.started(CaptureTestOutputTestResultProcessor.java:51)] ?[0m
[?[34m14:23:17.524 STDOUT (DEBUG) on Test worker org.gradle.api.internal.tasks.testing.processors.CaptureTestOutputTestResultProcessor.completed(CaptureTestOutputTestResultProcessor.java:80)] ?[0m
[?[34m14:23:17.524 STDOUT (DEBUG) on Test worker org.gradle.api.internal.tasks.testing.processors.CaptureTestOutputTestResultProcessor.started(CaptureTestOutputTestResultProcessor.java:51)] ?[0m
[?[34m14:23:17.524 STDOUT (DEBUG) on Test worker org.gradle.api.internal.tasks.testing.processors.CaptureTestOutputTestResultProcessor.completed(CaptureTestOutputTestResultProcessor.java:80)] ?[0m
[?[34m14:23:17.525 STDOUT (DEBUG) on Test worker org.gradle.api.internal.tasks.testing.processors.CaptureTestOutputTestResultProcessor.started(CaptureTestOutputTestResultProcessor.java:51)] ?[0m
[?[34m14:23:17.525 STDOUT (DEBUG) on Test worker org.gradle.api.internal.tasks.testing.processors.CaptureTestOutputTestResultProcessor.completed(CaptureTestOutputTestResultProcessor.java:80)] ?[0m
[?[34m14:23:17.525 STDOUT (DEBUG) on Test worker org.gradle.api.internal.tasks.testing.processors.CaptureTestOutputTestResultProcessor.started(CaptureTestOutputTestResultProcessor.java:51)] ?[0m
[?[34m14:23:17.526 STDOUT (DEBUG) on Test worker org.gradle.api.internal.tasks.testing.processors.CaptureTestOutputTestResultProcessor.completed(CaptureTestOutputTestResultProcessor.java:80)] ?[0m
[?[34m14:23:17.526 STDOUT (DEBUG) on Test worker org.gradle.api.internal.tasks.testing.processors.CaptureTestOutputTestResultProcessor.started(CaptureTestOutputTestResultProcessor.java:51)] ?[0m
[?[34m14:23:17.526 STDOUT (DEBUG) on Test worker org.gradle.api.internal.tasks.testing.processors.CaptureTestOutputTestResultProcessor.completed(CaptureTestOutputTestResultProcessor.java:80)] ?[0m
[?[34m14:23:17.527 STDOUT (DEBUG) on Test worker org.gradle.api.internal.tasks.testing.processors.CaptureTestOutputTestResultProcessor.started(CaptureTestOutputTestResultProcessor.java:51)] ?[0m
[?[34m14:23:17.527 STDOUT (DEBUG) on Test worker org.gradle.api.internal.tasks.testing.processors.CaptureTestOutputTestResultProcessor.completed(CaptureTestOutputTestResultProcessor.java:80)] ?[0m
[?[34m14:23:17.527 STDOUT (DEBUG) on Test worker org.gradle.api.internal.tasks.testing.processors.CaptureTestOutputTestResultProcessor.started(CaptureTestOutputTestResultProcessor.java:51)] ?[0m
[?[34m14:23:17.528 STDOUT (DEBUG) on Test worker org.gradle.api.internal.tasks.testing.processors.CaptureTestOutputTestResultProcessor.completed(CaptureTestOutputTestResultProcessor.java:80)] ?[0m
[?[34m14:23:17.528 STDOUT (DEBUG) on Test worker org.gradle.api.internal.tasks.testing.processors.CaptureTestOutputTestResultProcessor.started(CaptureTestOutputTestResultProcessor.java:51)] ?[0m
[?[34m14:23:17.528 STDOUT (DEBUG) on Test worker org.gradle.api.internal.tasks.testing.processors.CaptureTestOutputTestResultProcessor.completed(CaptureTestOutputTestResultProcessor.java:80)] ?[0m
[?[34m14:23:17.529 STDOUT (DEBUG) on Test worker org.gradle.api.internal.tasks.testing.processors.CaptureTestOutputTestResultProcessor.started(CaptureTestOutputTestResultProcessor.java:51)] ?[0m
[?[34m14:23:17.529 STDOUT (DEBUG) on Test worker org.gradle.api.internal.tasks.testing.processors.CaptureTestOutputTestResultProcessor.completed(CaptureTestOutputTestResultProcessor.java:80)] ?[0m
[?[34m14:23:17.529 STDOUT (DEBUG) on Test worker org.gradle.api.internal.tasks.testing.processors.CaptureTestOutputTestResultProcessor.started(CaptureTestOutputTestResultProcessor.java:51)] ?[0m
[?[34m14:23:17.529 STDOUT (DEBUG) on Test worker org.gradle.api.internal.tasks.testing.processors.CaptureTestOutputTestResultProcessor.completed(CaptureTestOutputTestResultProcessor.java:80)] ?[0m
[?[34m14:23:17.530 STDOUT (DEBUG) on Test worker org.gradle.api.internal.tasks.testing.processors.CaptureTestOutputTestResultProcessor.started(CaptureTestOutputTestResultProcessor.java:51)] ?[0m
[?[34m14:23:17.530 STDOUT (DEBUG) on Test worker org.gradle.api.internal.tasks.testing.processors.CaptureTestOutputTestResultProcessor.completed(CaptureTestOutputTestResultProcessor.java:80)] ?[0m
[?[34m14:23:17.530 STDOUT (DEBUG) on Test worker org.gradle.api.internal.tasks.testing.processors.CaptureTestOutputTestResultProcessor.started(CaptureTestOutputTestResultProcessor.java:51)] ?[0m
[?[34m14:23:17.531 STDOUT (DEBUG) on Test worker org.gradle.api.internal.tasks.testing.processors.CaptureTestOutputTestResultProcessor.completed(CaptureTestOutputTestResultProcessor.java:80)] ?[0m
[?[34m14:23:17.531 STDOUT (DEBUG) on Test worker org.gradle.api.internal.tasks.testing.processors.CaptureTestOutputTestResultProcessor.completed(CaptureTestOutputTestResultProcessor.java:80)] ?[0m
]]></system-out>
  <system-err><![CDATA[[?[31m14:23:17.514 STDERR (CRITICAL) on Test worker] ?[0m
[?[31m14:23:17.515 STDERR (CRITICAL) on Test worker] ?[0m
[?[31m14:23:17.515 STDERR (CRITICAL) on Test worker] ?[0m
[?[31m14:23:17.515 STDERR (CRITICAL) on Test worker] ?[0m
[?[31m14:23:17.516 STDERR (CRITICAL) on Test worker] ?[0m
[?[31m14:23:17.516 STDERR (CRITICAL) on Test worker] ?[0m
[?[31m14:23:17.516 STDERR (CRITICAL) on Test worker] ?[0m
[?[31m14:23:17.517 STDERR (CRITICAL) on Test worker] ?[0m
[?[31m14:23:17.517 STDERR (CRITICAL) on Test worker] ?[0m
[?[31m14:23:17.518 STDERR (CRITICAL) on Test worker] ?[0m
[?[31m14:23:17.518 STDERR (CRITICAL) on Test worker] ?[0m
[?[31m14:23:17.518 STDERR (CRITICAL) on Test worker] ?[0m
[?[31m14:23:17.518 STDERR (CRITICAL) on Test worker] ?[0m
[?[31m14:23:17.519 STDERR (CRITICAL) on Test worker] ?[0m
[?[31m14:23:17.519 STDERR (CRITICAL) on Test worker] ?[0m
[?[31m14:23:17.519 STDERR (CRITICAL) on Test worker] ?[0m
[?[31m14:23:17.519 STDERR (CRITICAL) on Test worker] ?[0m
[?[31m14:23:17.520 STDERR (CRITICAL) on Test worker] ?[0m
[?[31m14:23:17.520 STDERR (CRITICAL) on Test worker] ?[0m
[?[31m14:23:17.521 STDERR (CRITICAL) on Test worker] ?[0m
[?[31m14:23:17.521 STDERR (CRITICAL) on Test worker] ?[0m
[?[31m14:23:17.521 STDERR (CRITICAL) on Test worker] ?[0m
[?[31m14:23:17.522 STDERR (CRITICAL) on Test worker] ?[0m
[?[31m14:23:17.522 STDERR (CRITICAL) on Test worker] ?[0m
[?[31m14:23:17.522 STDERR (CRITICAL) on Test worker] ?[0m
[?[31m14:23:17.523 STDERR (CRITICAL) on Test worker] ?[0m
[?[31m14:23:17.523 STDERR (CRITICAL) on Test worker] ?[0m
[?[31m14:23:17.524 STDERR (CRITICAL) on Test worker] ?[0m
[?[31m14:23:17.524 STDERR (CRITICAL) on Test worker] ?[0m
[?[31m14:23:17.524 STDERR (CRITICAL) on Test worker] ?[0m
[?[31m14:23:17.525 STDERR (CRITICAL) on Test worker] ?[0m
[?[31m14:23:17.525 STDERR (CRITICAL) on Test worker] ?[0m
[?[31m14:23:17.526 STDERR (CRITICAL) on Test worker] ?[0m
[?[31m14:23:17.526 STDERR (CRITICAL) on Test worker] ?[0m
[?[31m14:23:17.526 STDERR (CRITICAL) on Test worker] ?[0m
[?[31m14:23:17.526 STDERR (CRITICAL) on Test worker] ?[0m
[?[31m14:23:17.527 STDERR (CRITICAL) on Test worker] ?[0m
[?[31m14:23:17.527 STDERR (CRITICAL) on Test worker] ?[0m
[?[31m14:23:17.527 STDERR (CRITICAL) on Test worker] ?[0m
[?[31m14:23:17.528 STDERR (CRITICAL) on Test worker] ?[0m
[?[31m14:23:17.528 STDERR (CRITICAL) on Test worker] ?[0m
[?[31m14:23:17.528 STDERR (CRITICAL) on Test worker] ?[0m
[?[31m14:23:17.529 STDERR (CRITICAL) on Test worker] ?[0m
[?[31m14:23:17.529 STDERR (CRITICAL) on Test worker] ?[0m
[?[31m14:23:17.529 STDERR (CRITICAL) on Test worker] ?[0m
[?[31m14:23:17.529 STDERR (CRITICAL) on Test worker] ?[0m
[?[31m14:23:17.530 STDERR (CRITICAL) on Test worker] ?[0m
[?[31m14:23:17.530 STDERR (CRITICAL) on Test worker] ?[0m
[?[31m14:23:17.530 STDERR (CRITICAL) on Test worker] ?[0m
[?[31m14:23:17.531 STDERR (CRITICAL) on Test worker] ?[0m
[?[31m14:23:17.531 STDERR (CRITICAL) on Test worker] ?[0m
]]></system-err>
</testsuite>
