<?xml version="1.0" encoding="UTF-8"?>
<testsuite name="unitaires.Test_Math" tests="25" skipped="0" failures="0" errors="0" timestamp="2021-07-08T16:55:31" hostname="ubuntu" time="0.617">
  <properties/>
  <testcase name="circularRectangleInit" classname="unitaires.Test_Math" time="0.036"/>
  <testcase name="circularRectangleIsInShape" classname="unitaires.Test_Math" time="0.009"/>
  <testcase name="circularRectangleIntersect" classname="unitaires.Test_Math" time="0.014"/>
  <testcase name="circularRectangleEquals" classname="unitaires.Test_Math" time="0.008"/>
  <testcase name="circularRectangleClosest" classname="unitaires.Test_Math" time="0.008"/>
  <testcase name="vec2Init" classname="unitaires.Test_Math" time="0.009"/>
  <testcase name="vec2PlusMinus" classname="unitaires.Test_Math" time="0.014"/>
  <testcase name="vec2DotCross" classname="unitaires.Test_Math" time="0.022"/>
  <testcase name="vec2DistanceTo" classname="unitaires.Test_Math" time="0.009"/>
  <testcase name="vec2Symetrize" classname="unitaires.Test_Math" time="0.01"/>
  <testcase name="vec2Equals" classname="unitaires.Test_Math" time="0.013"/>
  <testcase name="segmentIntersect" classname="unitaires.Test_Math" time="0.014"/>
  <testcase name="segmentDistanceTo" classname="unitaires.Test_Math" time="0.019"/>
  <testcase name="segmentVecteurDirecteur" classname="unitaires.Test_Math" time="0.014"/>
  <testcase name="segmentIntersectionPoint" classname="unitaires.Test_Math" time="0.009"/>
  <testcase name="segmentEquals" classname="unitaires.Test_Math" time="0.011"/>
  <testcase name="circleIntersect" classname="unitaires.Test_Math" time="0.007"/>
  <testcase name="circleIsInShape" classname="unitaires.Test_Math" time="0.007"/>
  <testcase name="circleIntersectsWithCircle" classname="unitaires.Test_Math" time="0.022"/>
  <testcase name="circleClosestPointToShape" classname="unitaires.Test_Math" time="0.007"/>
  <testcase name="circleEquals" classname="unitaires.Test_Math" time="0.007"/>
  <testcase name="rectangleIntersect" classname="unitaires.Test_Math" time="0.022"/>
  <testcase name="rectangleIsInShape" classname="unitaires.Test_Math" time="0.009"/>
  <testcase name="rectangleGetDiagonalsAndPoints" classname="unitaires.Test_Math" time="0.004"/>
  <testcase name="rectangleEquals" classname="unitaires.Test_Math" time="0.003"/>
  <system-out><![CDATA[[?[34m16:55:31.894 STDOUT (DEBUG) on Test worker org.gradle.api.internal.tasks.testing.processors.CaptureTestOutputTestResultProcessor.started(CaptureTestOutputTestResultProcessor.java:51)] ?[0m
[?[34m16:55:31.929 STDOUT (DEBUG) on Test worker org.gradle.api.internal.tasks.testing.processors.CaptureTestOutputTestResultProcessor.completed(CaptureTestOutputTestResultProcessor.java:80)] ?[0m
[?[34m16:55:31.936 STDOUT (DEBUG) on Test worker org.gradle.api.internal.tasks.testing.processors.CaptureTestOutputTestResultProcessor.started(CaptureTestOutputTestResultProcessor.java:51)] ?[0m
[?[34m16:55:31.944 STDOUT (DEBUG) on Test worker org.gradle.api.internal.tasks.testing.processors.CaptureTestOutputTestResultProcessor.completed(CaptureTestOutputTestResultProcessor.java:80)] ?[0m
[?[34m16:55:31.982 STDOUT (DEBUG) on Test worker org.gradle.api.internal.tasks.testing.processors.CaptureTestOutputTestResultProcessor.started(CaptureTestOutputTestResultProcessor.java:51)] ?[0m
[?[34m16:55:31.992 STDOUT (DEBUG) on Test worker org.gradle.api.internal.tasks.testing.processors.CaptureTestOutputTestResultProcessor.completed(CaptureTestOutputTestResultProcessor.java:80)] ?[0m
[?[34m16:55:32.013 STDOUT (DEBUG) on Test worker org.gradle.api.internal.tasks.testing.processors.CaptureTestOutputTestResultProcessor.started(CaptureTestOutputTestResultProcessor.java:51)] ?[0m
[?[34m16:55:32.020 STDOUT (DEBUG) on Test worker org.gradle.api.internal.tasks.testing.processors.CaptureTestOutputTestResultProcessor.completed(CaptureTestOutputTestResultProcessor.java:80)] ?[0m
[?[34m16:55:32.040 STDOUT (DEBUG) on Test worker org.gradle.api.internal.tasks.testing.processors.CaptureTestOutputTestResultProcessor.started(CaptureTestOutputTestResultProcessor.java:51)] ?[0m
[?[34m16:55:32.048 STDOUT (DEBUG) on Test worker org.gradle.api.internal.tasks.testing.processors.CaptureTestOutputTestResultProcessor.completed(CaptureTestOutputTestResultProcessor.java:80)] ?[0m
[?[34m16:55:32.057 STDOUT (DEBUG) on Test worker org.gradle.api.internal.tasks.testing.processors.CaptureTestOutputTestResultProcessor.started(CaptureTestOutputTestResultProcessor.java:51)] ?[0m
[?[34m16:55:32.064 STDOUT (DEBUG) on Test worker org.gradle.api.internal.tasks.testing.processors.CaptureTestOutputTestResultProcessor.completed(CaptureTestOutputTestResultProcessor.java:80)] ?[0m
[?[34m16:55:32.074 STDOUT (DEBUG) on Test worker org.gradle.api.internal.tasks.testing.processors.CaptureTestOutputTestResultProcessor.started(CaptureTestOutputTestResultProcessor.java:51)] ?[0m
[?[34m16:55:32.086 STDOUT (DEBUG) on Test worker org.gradle.api.internal.tasks.testing.processors.CaptureTestOutputTestResultProcessor.completed(CaptureTestOutputTestResultProcessor.java:80)] ?[0m
[?[34m16:55:32.113 STDOUT (DEBUG) on Test worker org.gradle.api.internal.tasks.testing.processors.CaptureTestOutputTestResultProcessor.started(CaptureTestOutputTestResultProcessor.java:51)] ?[0m
[?[34m16:55:32.123 STDOUT (DEBUG) on Test worker org.gradle.api.internal.tasks.testing.processors.CaptureTestOutputTestResultProcessor.completed(CaptureTestOutputTestResultProcessor.java:80)] ?[0m
[?[34m16:55:32.142 STDOUT (DEBUG) on Test worker org.gradle.api.internal.tasks.testing.processors.CaptureTestOutputTestResultProcessor.started(CaptureTestOutputTestResultProcessor.java:51)] ?[0m
[?[34m16:55:32.150 STDOUT (DEBUG) on Test worker org.gradle.api.internal.tasks.testing.processors.CaptureTestOutputTestResultProcessor.completed(CaptureTestOutputTestResultProcessor.java:80)] ?[0m
[?[34m16:55:32.178 STDOUT (DEBUG) on Test worker org.gradle.api.internal.tasks.testing.processors.CaptureTestOutputTestResultProcessor.started(CaptureTestOutputTestResultProcessor.java:51)] ?[0m
[?[34m16:55:32.184 STDOUT (DEBUG) on Test worker org.gradle.api.internal.tasks.testing.processors.CaptureTestOutputTestResultProcessor.completed(CaptureTestOutputTestResultProcessor.java:80)] ?[0m
[?[34m16:55:32.199 STDOUT (DEBUG) on Test worker org.gradle.api.internal.tasks.testing.processors.CaptureTestOutputTestResultProcessor.started(CaptureTestOutputTestResultProcessor.java:51)] ?[0m
[?[34m16:55:32.209 STDOUT (DEBUG) on Test worker org.gradle.api.internal.tasks.testing.processors.CaptureTestOutputTestResultProcessor.completed(CaptureTestOutputTestResultProcessor.java:80)] ?[0m
[?[34m16:55:32.221 STDOUT (DEBUG) on Test worker org.gradle.api.internal.tasks.testing.processors.CaptureTestOutputTestResultProcessor.started(CaptureTestOutputTestResultProcessor.java:51)] ?[0m
[?[34m16:55:32.234 STDOUT (DEBUG) on Test worker org.gradle.api.internal.tasks.testing.processors.CaptureTestOutputTestResultProcessor.completed(CaptureTestOutputTestResultProcessor.java:80)] ?[0m
[?[34m16:55:32.263 STDOUT (DEBUG) on Test worker org.gradle.api.internal.tasks.testing.processors.CaptureTestOutputTestResultProcessor.started(CaptureTestOutputTestResultProcessor.java:51)] ?[0m
[?[34m16:55:32.267 STDOUT (DEBUG) on Test worker org.gradle.api.internal.tasks.testing.processors.CaptureTestOutputTestResultProcessor.completed(CaptureTestOutputTestResultProcessor.java:80)] ?[0m
[?[34m16:55:32.275 STDOUT (DEBUG) on Test worker org.gradle.api.internal.tasks.testing.processors.CaptureTestOutputTestResultProcessor.started(CaptureTestOutputTestResultProcessor.java:51)] ?[0m
[?[34m16:55:32.284 STDOUT (DEBUG) on Test worker org.gradle.api.internal.tasks.testing.processors.CaptureTestOutputTestResultProcessor.completed(CaptureTestOutputTestResultProcessor.java:80)] ?[0m
[?[34m16:55:32.295 STDOUT (DEBUG) on Test worker org.gradle.api.internal.tasks.testing.processors.CaptureTestOutputTestResultProcessor.started(CaptureTestOutputTestResultProcessor.java:51)] ?[0m
[?[34m16:55:32.301 STDOUT (DEBUG) on Test worker org.gradle.api.internal.tasks.testing.processors.CaptureTestOutputTestResultProcessor.completed(CaptureTestOutputTestResultProcessor.java:80)] ?[0m
[?[34m16:55:32.308 STDOUT (DEBUG) on Test worker org.gradle.api.internal.tasks.testing.processors.CaptureTestOutputTestResultProcessor.started(CaptureTestOutputTestResultProcessor.java:51)] ?[0m
[?[34m16:55:32.319 STDOUT (DEBUG) on Test worker org.gradle.api.internal.tasks.testing.processors.CaptureTestOutputTestResultProcessor.completed(CaptureTestOutputTestResultProcessor.java:80)] ?[0m
[?[34m16:55:32.335 STDOUT (DEBUG) on Test worker org.gradle.api.internal.tasks.testing.processors.CaptureTestOutputTestResultProcessor.started(CaptureTestOutputTestResultProcessor.java:51)] ?[0m
[?[34m16:55:32.341 STDOUT (DEBUG) on Test worker org.gradle.api.internal.tasks.testing.processors.CaptureTestOutputTestResultProcessor.completed(CaptureTestOutputTestResultProcessor.java:80)] ?[0m
[?[34m16:55:32.348 STDOUT (DEBUG) on Test worker org.gradle.api.internal.tasks.testing.processors.CaptureTestOutputTestResultProcessor.started(CaptureTestOutputTestResultProcessor.java:51)] ?[0m
[?[34m16:55:32.356 STDOUT (DEBUG) on Test worker org.gradle.api.internal.tasks.testing.processors.CaptureTestOutputTestResultProcessor.completed(CaptureTestOutputTestResultProcessor.java:80)] ?[0m
[?[34m16:55:32.379 STDOUT (DEBUG) on Test worker org.gradle.api.internal.tasks.testing.processors.CaptureTestOutputTestResultProcessor.started(CaptureTestOutputTestResultProcessor.java:51)] ?[0m
[?[34m16:55:32.386 STDOUT (DEBUG) on Test worker org.gradle.api.internal.tasks.testing.processors.CaptureTestOutputTestResultProcessor.completed(CaptureTestOutputTestResultProcessor.java:80)] ?[0m
[?[34m16:55:32.396 STDOUT (DEBUG) on Test worker org.gradle.api.internal.tasks.testing.processors.CaptureTestOutputTestResultProcessor.started(CaptureTestOutputTestResultProcessor.java:51)] ?[0m
[?[34m16:55:32.401 STDOUT (DEBUG) on Test worker org.gradle.api.internal.tasks.testing.processors.CaptureTestOutputTestResultProcessor.completed(CaptureTestOutputTestResultProcessor.java:80)] ?[0m
[?[34m16:55:32.408 STDOUT (DEBUG) on Test worker org.gradle.api.internal.tasks.testing.processors.CaptureTestOutputTestResultProcessor.started(CaptureTestOutputTestResultProcessor.java:51)] ?[0m
[?[34m16:55:32.414 STDOUT (DEBUG) on Test worker org.gradle.api.internal.tasks.testing.processors.CaptureTestOutputTestResultProcessor.completed(CaptureTestOutputTestResultProcessor.java:80)] ?[0m
[?[34m16:55:32.463 STDOUT (DEBUG) on Test worker org.gradle.api.internal.tasks.testing.processors.CaptureTestOutputTestResultProcessor.started(CaptureTestOutputTestResultProcessor.java:51)] ?[0m
[?[34m16:55:32.474 STDOUT (DEBUG) on Test worker org.gradle.api.internal.tasks.testing.processors.CaptureTestOutputTestResultProcessor.completed(CaptureTestOutputTestResultProcessor.java:80)] ?[0m
[?[34m16:55:32.488 STDOUT (DEBUG) on Test worker org.gradle.api.internal.tasks.testing.processors.CaptureTestOutputTestResultProcessor.started(CaptureTestOutputTestResultProcessor.java:51)] ?[0m
[?[34m16:55:32.495 STDOUT (DEBUG) on Test worker org.gradle.api.internal.tasks.testing.processors.CaptureTestOutputTestResultProcessor.completed(CaptureTestOutputTestResultProcessor.java:80)] ?[0m
[?[34m16:55:32.499 STDOUT (DEBUG) on Test worker org.gradle.api.internal.tasks.testing.processors.CaptureTestOutputTestResultProcessor.started(CaptureTestOutputTestResultProcessor.java:51)] ?[0m
[?[34m16:55:32.503 STDOUT (DEBUG) on Test worker org.gradle.api.internal.tasks.testing.processors.CaptureTestOutputTestResultProcessor.completed(CaptureTestOutputTestResultProcessor.java:80)] ?[0m
[?[34m16:55:32.506 STDOUT (DEBUG) on Test worker org.gradle.api.internal.tasks.testing.processors.CaptureTestOutputTestResultProcessor.started(CaptureTestOutputTestResultProcessor.java:51)] ?[0m
[?[34m16:55:32.510 STDOUT (DEBUG) on Test worker org.gradle.api.internal.tasks.testing.processors.CaptureTestOutputTestResultProcessor.completed(CaptureTestOutputTestResultProcessor.java:80)] ?[0m
[?[34m16:55:32.513 STDOUT (DEBUG) on Test worker org.gradle.api.internal.tasks.testing.processors.CaptureTestOutputTestResultProcessor.completed(CaptureTestOutputTestResultProcessor.java:80)] ?[0m
]]></system-out>
  <system-err><![CDATA[[?[31m16:55:31.902 STDERR (CRITICAL) on Test worker] ?[0m
[?[31m16:55:31.932 STDERR (CRITICAL) on Test worker] ?[0m
[?[31m16:55:31.939 STDERR (CRITICAL) on Test worker] ?[0m
[?[31m16:55:31.967 STDERR (CRITICAL) on Test worker] ?[0m
[?[31m16:55:31.985 STDERR (CRITICAL) on Test worker] ?[0m
[?[31m16:55:32.008 STDERR (CRITICAL) on Test worker] ?[0m
[?[31m16:55:32.015 STDERR (CRITICAL) on Test worker] ?[0m
[?[31m16:55:32.028 STDERR (CRITICAL) on Test worker] ?[0m
[?[31m16:55:32.044 STDERR (CRITICAL) on Test worker] ?[0m
[?[31m16:55:32.050 STDERR (CRITICAL) on Test worker] ?[0m
[?[31m16:55:32.060 STDERR (CRITICAL) on Test worker] ?[0m
[?[31m16:55:32.067 STDERR (CRITICAL) on Test worker] ?[0m
[?[31m16:55:32.082 STDERR (CRITICAL) on Test worker] ?[0m
[?[31m16:55:32.094 STDERR (CRITICAL) on Test worker] ?[0m
[?[31m16:55:32.116 STDERR (CRITICAL) on Test worker] ?[0m
[?[31m16:55:32.131 STDERR (CRITICAL) on Test worker] ?[0m
[?[31m16:55:32.146 STDERR (CRITICAL) on Test worker] ?[0m
[?[31m16:55:32.154 STDERR (CRITICAL) on Test worker] ?[0m
[?[31m16:55:32.181 STDERR (CRITICAL) on Test worker] ?[0m
[?[31m16:55:32.188 STDERR (CRITICAL) on Test worker] ?[0m
[?[31m16:55:32.203 STDERR (CRITICAL) on Test worker] ?[0m
[?[31m16:55:32.213 STDERR (CRITICAL) on Test worker] ?[0m
[?[31m16:55:32.224 STDERR (CRITICAL) on Test worker] ?[0m
[?[31m16:55:32.239 STDERR (CRITICAL) on Test worker] ?[0m
[?[31m16:55:32.265 STDERR (CRITICAL) on Test worker] ?[0m
[?[31m16:55:32.268 STDERR (CRITICAL) on Test worker] ?[0m
[?[31m16:55:32.279 STDERR (CRITICAL) on Test worker] ?[0m
[?[31m16:55:32.286 STDERR (CRITICAL) on Test worker] ?[0m
[?[31m16:55:32.297 STDERR (CRITICAL) on Test worker] ?[0m
[?[31m16:55:32.303 STDERR (CRITICAL) on Test worker] ?[0m
[?[31m16:55:32.309 STDERR (CRITICAL) on Test worker] ?[0m
[?[31m16:55:32.322 STDERR (CRITICAL) on Test worker] ?[0m
[?[31m16:55:32.337 STDERR (CRITICAL) on Test worker] ?[0m
[?[31m16:55:32.343 STDERR (CRITICAL) on Test worker] ?[0m
[?[31m16:55:32.351 STDERR (CRITICAL) on Test worker] ?[0m
[?[31m16:55:32.358 STDERR (CRITICAL) on Test worker] ?[0m
[?[31m16:55:32.383 STDERR (CRITICAL) on Test worker] ?[0m
[?[31m16:55:32.389 STDERR (CRITICAL) on Test worker] ?[0m
[?[31m16:55:32.399 STDERR (CRITICAL) on Test worker] ?[0m
[?[31m16:55:32.403 STDERR (CRITICAL) on Test worker] ?[0m
[?[31m16:55:32.411 STDERR (CRITICAL) on Test worker] ?[0m
[?[31m16:55:32.417 STDERR (CRITICAL) on Test worker] ?[0m
[?[31m16:55:32.469 STDERR (CRITICAL) on Test worker] ?[0m
[?[31m16:55:32.481 STDERR (CRITICAL) on Test worker] ?[0m
[?[31m16:55:32.491 STDERR (CRITICAL) on Test worker] ?[0m
[?[31m16:55:32.496 STDERR (CRITICAL) on Test worker] ?[0m
[?[31m16:55:32.500 STDERR (CRITICAL) on Test worker] ?[0m
[?[31m16:55:32.504 STDERR (CRITICAL) on Test worker] ?[0m
[?[31m16:55:32.508 STDERR (CRITICAL) on Test worker] ?[0m
[?[31m16:55:32.512 STDERR (CRITICAL) on Test worker] ?[0m
[?[31m16:55:32.514 STDERR (CRITICAL) on Test worker] ?[0m
]]></system-err>
</testsuite>
