<?xml version="1.0" encoding="UTF-8"?>
<testsuite name="embedded.Test_DataController" tests="1" skipped="0" failures="0" errors="0" timestamp="2021-06-09T12:23:17" hostname="tsimafei-ZenBook-14-UX410UFR" time="0.002">
  <properties/>
  <testcase name="run" classname="embedded.Test_DataController" time="0.002"/>
  <system-out><![CDATA[[?[34m14:23:17.689 STDOUT (DEBUG) on Test worker org.gradle.api.internal.tasks.testing.processors.CaptureTestOutputTestResultProcessor.started(CaptureTestOutputTestResultProcessor.java:51)] ?[0m
[?[34m14:23:17.691 STDOUT (DEBUG) on Test worker org.gradle.api.internal.tasks.testing.processors.CaptureTestOutputTestResultProcessor.completed(CaptureTestOutputTestResultProcessor.java:80)] ?[0m
[?[34m14:23:17.691 STDOUT (DEBUG) on Test worker org.gradle.api.internal.tasks.testing.processors.CaptureTestOutputTestResultProcessor.completed(CaptureTestOutputTestResultProcessor.java:80)] ?[0m
]]></system-out>
  <system-err><![CDATA[[?[31m14:23:17.689 STDERR (CRITICAL) on Test worker] ?[0m
[?[31m14:23:17.691 STDERR (CRITICAL) on Test worker] ?[0m
[?[31m14:23:17.692 STDERR (CRITICAL) on Test worker] ?[0m
]]></system-err>
</testsuite>
